selscan --xpehh --hap example2.pop1.hap --ref example2.pop2.hap --map example2.map --out example2 --threads 20 

Calculating XP-EHH.
Haplotypes filename: example2.pop1.hap
Reference haplotypes filename: example2.pop2.hap
Map filename: example2.map
Output file: example2.xpehh.out
Threads: 20
Scale parameter: 20000
Max gap parameter: 200000
EHH cutoff value: 0.05
Alt flag set: no
WARNING: Reached chromosome edge before EHH decayed below 0.05. Skipping calculation at Locus2
WARNING: Reached chromosome edge before EHH decayed below 0.05. Skipping calculation at Locus0
WARNING: Reached chromosome edge before EHH decayed below 0.05. Skipping calculation at Locus1
WARNING: Reached chromosome edge before EHH decayed below 0.05. Skipping calculation at Locus3
WARNING: Reached chromosome edge before EHH decayed below 0.05. Skipping calculation at Locus4
WARNING: Reached chromosome edge before EHH decayed below 0.05. Skipping calculation at Locus6
WARNING: Reached chromosome edge before EHH decayed below 0.05. Skipping calculation at Locus7
WARNING: Reached chromosome edge before EHH decayed below 0.05. Skipping calculation at Locus5
WARNING: Reached chromosome edge before EHH decayed below 0.05. Skipping calculation at Locus10
WARNING: Reached chromosome edge before EHH decayed below 0.05. Skipping calculation at Locus9
WARNING: Reached chromosome edge before EHH decayed below 0.05. Skipping calculation at Locus8
WARNING: Reached chromosome edge before EHH decayed below 0.05. Skipping calculation at Locus11
WARNING: Reached chromosome edge before EHH decayed below 0.05. Skipping calculation at Locus12
WARNING: Reached chromosome edge before EHH decayed below 0.05. Skipping calculation at Locus13
WARNING: Reached chromosome edge before EHH decayed below 0.05. Skipping calculation at Locus15
WARNING: Reached chromosome edge before EHH decayed below 0.05. Skipping calculation at Locus16
WARNING: Reached chromosome edge before EHH decayed below 0.05. Skipping calculation at Locus18
WARNING: Reached chromosome edge before EHH decayed below 0.05. Skipping calculation at Locus20
WARNING: Reached chromosome edge before EHH decayed below 0.05. Skipping calculation at Locus17
WARNING: Reached chromosome edge before EHH decayed below 0.05. Skipping calculation at Locus19
WARNING: Reached chromosome edge before EHH decayed below 0.05. Skipping calculation at Locus22
WARNING: Reached chromosome edge before EHH decayed below 0.05. Skipping calculation at Locus23
WARNING: Reached chromosome edge before EHH decayed below 0.05. Skipping calculation at Locus24
WARNING: Reached chromosome edge before EHH decayed below 0.05. Skipping calculation at Locus26
WARNING: Reached chromosome edge before EHH decayed below 0.05. Skipping calculation at Locus25
WARNING: Reached chromosome edge before EHH decayed below 0.05. Skipping calculation at Locus21
WARNING: Reached chromosome edge before EHH decayed below 0.05. Skipping calculation at Locus27
WARNING: Reached chromosome edge before EHH decayed below 0.05. Skipping calculation at Locus28
WARNING: Reached chromosome edge before EHH decayed below 0.05. Skipping calculation at Locus29
WARNING: Reached chromosome edge before EHH decayed below 0.05. Skipping calculation at Locus14
WARNING: Reached chromosome edge before EHH decayed below 0.05. Skipping calculation at Locus30
WARNING: Reached chromosome edge before EHH decayed below 0.05. Skipping calculation at Locus31
WARNING: Reached chromosome edge before EHH decayed below 0.05. Skipping calculation at Locus33
WARNING: Reached chromosome edge before EHH decayed below 0.05. Skipping calculation at Locus32
WARNING: Reached chromosome edge before EHH decayed below 0.05. Skipping calculation at Locus36
WARNING: Reached chromosome edge before EHH decayed below 0.05. Skipping calculation at Locus37
WARNING: Reached chromosome edge before EHH decayed below 0.05. Skipping calculation at Locus38
WARNING: Reached chromosome edge before EHH decayed below 0.05. Skipping calculation at Locus40
WARNING: Reached chromosome edge before EHH decayed below 0.05. Skipping calculation at Locus42
WARNING: Reached chromosome edge before EHH decayed below 0.05. Skipping calculation at Locus39
WARNING: Reached chromosome edge before EHH decayed below 0.05. Skipping calculation at Locus35
WARNING: Reached chromosome edge before EHH decayed below 0.05. Skipping calculation at Locus43
WARNING: Reached chromosome edge before EHH decayed below 0.05. Skipping calculation at Locus44
WARNING: Reached chromosome edge before EHH decayed below 0.05. Skipping calculation at Locus41
WARNING: Reached chromosome edge before EHH decayed below 0.05. Skipping calculation at Locus45
WARNING: Reached chromosome edge before EHH decayed below 0.05. Skipping calculation at Locus34
WARNING: Reached chromosome edge before EHH decayed below 0.05. Skipping calculation at Locus47
WARNING: Reached chromosome edge before EHH decayed below 0.05. Skipping calculation at Locus48
WARNING: Reached chromosome edge before EHH decayed below 0.05. Skipping calculation at Locus49
WARNING: Reached chromosome edge before EHH decayed below 0.05. Skipping calculation at Locus51
WARNING: Reached chromosome edge before EHH decayed below 0.05. Skipping calculation at Locus50
WARNING: Reached chromosome edge before EHH decayed below 0.05. Skipping calculation at Locus46
WARNING: Reached chromosome edge before EHH decayed below 0.05. Skipping calculation at Locus12842
WARNING: Reached chromosome edge before EHH decayed below 0.05. Skipping calculation at Locus12824
WARNING: Reached chromosome edge before EHH decayed below 0.05. Skipping calculation at Locus12862
WARNING: Reached chromosome edge before EHH decayed below 0.05. Skipping calculation at Locus12825
WARNING: Reached chromosome edge before EHH decayed below 0.05. Skipping calculation at Locus12882
WARNING: Reached chromosome edge before EHH decayed below 0.05. Skipping calculation at Locus12844
WARNING: Reached chromosome edge before EHH decayed below 0.05. Skipping calculation at Locus12843
WARNING: Reached chromosome edge before EHH decayed below 0.05. Skipping calculation at Locus12902
WARNING: Reached chromosome edge before EHH decayed below 0.05. Skipping calculation at Locus12845
WARNING: Reached chromosome edge before EHH decayed below 0.05. Skipping calculation at Locus12864
WARNING: Reached chromosome edge before EHH decayed below 0.05. Skipping calculation at Locus12863
WARNING: Reached chromosome edge before EHH decayed below 0.05. Skipping calculation at Locus12841
WARNING: Reached chromosome edge before EHH decayed below 0.05. Skipping calculation at Locus12827
WARNING: Reached chromosome edge before EHH decayed below 0.05. Skipping calculation at Locus12865
WARNING: Reached chromosome edge before EHH decayed below 0.05. Skipping calculation at Locus12884
WARNING: Reached chromosome edge before EHH decayed below 0.05. Skipping calculation at Locus12883
WARNING: Reached chromosome edge before EHH decayed below 0.05. Skipping calculation at Locus12836
WARNING: Reached chromosome edge before EHH decayed below 0.05. Skipping calculation at Locus12830
WARNING: Reached chromosome edge before EHH decayed below 0.05. Skipping calculation at Locus12861
WARNING: Reached chromosome edge before EHH decayed below 0.05. Skipping calculation at Locus12885
WARNING: Reached chromosome edge before EHH decayed below 0.05. Skipping calculation at Locus12831
WARNING: Reached chromosome edge before EHH decayed below 0.05. Skipping calculation at Locus12904
WARNING: Reached chromosome edge before EHH decayed below 0.05. Skipping calculation at Locus12847
WARNING: Reached chromosome edge before EHH decayed below 0.05. Skipping calculation at Locus12829
WARNING: Reached chromosome edge before EHH decayed below 0.05. Skipping calculation at Locus12903
WARNING: Reached chromosome edge before EHH decayed below 0.05. Skipping calculation at Locus12856
WARNING: Reached chromosome edge before EHH decayed below 0.05. Skipping calculation at Locus12881
WARNING: Reached chromosome edge before EHH decayed below 0.05. Skipping calculation at Locus12850
WARNING: Reached chromosome edge before EHH decayed below 0.05. Skipping calculation at Locus12905
WARNING: Reached chromosome edge before EHH decayed below 0.05. Skipping calculation at Locus12826
WARNING: Reached chromosome edge before EHH decayed below 0.05. Skipping calculation at Locus12833
WARNING: Reached chromosome edge before EHH decayed below 0.05. Skipping calculation at Locus12851
WARNING: Reached chromosome edge before EHH decayed below 0.05. Skipping calculation at Locus12837
WARNING: Reached chromosome edge before EHH decayed below 0.05. Skipping calculation at Locus12867
WARNING: Reached chromosome edge before EHH decayed below 0.05. Skipping calculation at Locus12849
WARNING: Reached chromosome edge before EHH decayed below 0.05. Skipping calculation at Locus12838
WARNING: Reached chromosome edge before EHH decayed below 0.05. Skipping calculation at Locus12876
WARNING: Reached chromosome edge before EHH decayed below 0.05. Skipping calculation at Locus12828
WARNING: Reached chromosome edge before EHH decayed below 0.05. Skipping calculation at Locus12901
WARNING: Reached chromosome edge before EHH decayed below 0.05. Skipping calculation at Locus12846
WARNING: Reached chromosome edge before EHH decayed below 0.05. Skipping calculation at Locus12887
WARNING: Reached chromosome edge before EHH decayed below 0.05. Skipping calculation at Locus12870
WARNING: Reached chromosome edge before EHH decayed below 0.05. Skipping calculation at Locus12858
WARNING: Reached chromosome edge before EHH decayed below 0.05. Skipping calculation at Locus12869
WARNING: Reached chromosome edge before EHH decayed below 0.05. Skipping calculation at Locus12853
WARNING: Reached chromosome edge before EHH decayed below 0.05. Skipping calculation at Locus12857
WARNING: Reached chromosome edge before EHH decayed below 0.05. Skipping calculation at Locus12871
WARNING: Reached chromosome edge before EHH decayed below 0.05. Skipping calculation at Locus12896
WARNING: Reached chromosome edge before EHH decayed below 0.05. Skipping calculation at Locus12832
WARNING: Reached chromosome edge before EHH decayed below 0.05. Skipping calculation at Locus12848
WARNING: Reached chromosome edge before EHH decayed below 0.05. Skipping calculation at Locus12834
WARNING: Reached chromosome edge before EHH decayed below 0.05. Skipping calculation at Locus12907
WARNING: Reached chromosome edge before EHH decayed below 0.05. Skipping calculation at Locus12840
WARNING: Reached chromosome edge before EHH decayed below 0.05. Skipping calculation at Locus12866
WARNING: Reached chromosome edge before EHH decayed below 0.05. Skipping calculation at Locus12890
WARNING: Reached chromosome edge before EHH decayed below 0.05. Skipping calculation at Locus12878
WARNING: Reached chromosome edge before EHH decayed below 0.05. Skipping calculation at Locus12889
WARNING: Reached chromosome edge before EHH decayed below 0.05. Skipping calculation at Locus12877
WARNING: Reached chromosome edge before EHH decayed below 0.05. Skipping calculation at Locus12891
WARNING: Reached chromosome edge before EHH decayed below 0.05. Skipping calculation at Locus12873
WARNING: Reached chromosome edge before EHH decayed below 0.05. Skipping calculation at Locus12868
WARNING: Reached chromosome edge before EHH decayed below 0.05. Skipping calculation at Locus12916
WARNING: Reached chromosome edge before EHH decayed below 0.05. Skipping calculation at Locus12854
WARNING: Reached chromosome edge before EHH decayed below 0.05. Skipping calculation at Locus12835
WARNING: Reached chromosome edge before EHH decayed below 0.05. Skipping calculation at Locus12852
WARNING: Reached chromosome edge before EHH decayed below 0.05. Skipping calculation at Locus12897
WARNING: Reached chromosome edge before EHH decayed below 0.05. Skipping calculation at Locus12886
WARNING: Reached chromosome edge before EHH decayed below 0.05. Skipping calculation at Locus12888
WARNING: Reached chromosome edge before EHH decayed below 0.05. Skipping calculation at Locus12839
WARNING: Reached chromosome edge before EHH decayed below 0.05. Skipping calculation at Locus12898
WARNING: Reached chromosome edge before EHH decayed below 0.05. Skipping calculation at Locus12910
WARNING: Reached chromosome edge before EHH decayed below 0.05. Skipping calculation at Locus12860
WARNING: Reached chromosome edge before EHH decayed below 0.05. Skipping calculation at Locus12893
WARNING: Reached chromosome edge before EHH decayed below 0.05. Skipping calculation at Locus12909
WARNING: Reached chromosome edge before EHH decayed below 0.05. Skipping calculation at Locus12911
WARNING: Reached chromosome edge before EHH decayed below 0.05. Skipping calculation at Locus12874
WARNING: Reached chromosome edge before EHH decayed below 0.05. Skipping calculation at Locus12855
WARNING: Reached chromosome edge before EHH decayed below 0.05. Skipping calculation at Locus12908
WARNING: Reached chromosome edge before EHH decayed below 0.05. Skipping calculation at Locus12872
WARNING: Reached chromosome edge before EHH decayed below 0.05. Skipping calculation at Locus12906
WARNING: Reached chromosome edge before EHH decayed below 0.05. Skipping calculation at Locus12918
WARNING: Reached chromosome edge before EHH decayed below 0.05. Skipping calculation at Locus12913
WARNING: Reached chromosome edge before EHH decayed below 0.05. Skipping calculation at Locus12880
WARNING: Reached chromosome edge before EHH decayed below 0.05. Skipping calculation at Locus12917
WARNING: Reached chromosome edge before EHH decayed below 0.05. Skipping calculation at Locus12859
WARNING: Reached chromosome edge before EHH decayed below 0.05. Skipping calculation at Locus12894
WARNING: Reached chromosome edge before EHH decayed below 0.05. Skipping calculation at Locus12875
WARNING: Reached chromosome edge before EHH decayed below 0.05. Skipping calculation at Locus12892
WARNING: Reached chromosome edge before EHH decayed below 0.05. Skipping calculation at Locus12900
WARNING: Reached chromosome edge before EHH decayed below 0.05. Skipping calculation at Locus12879
WARNING: Reached chromosome edge before EHH decayed below 0.05. Skipping calculation at Locus12914
WARNING: Reached chromosome edge before EHH decayed below 0.05. Skipping calculation at Locus12895
WARNING: Reached chromosome edge before EHH decayed below 0.05. Skipping calculation at Locus12912
WARNING: Reached chromosome edge before EHH decayed below 0.05. Skipping calculation at Locus12899
WARNING: Reached chromosome edge before EHH decayed below 0.05. Skipping calculation at Locus12915
WARNING: Reached chromosome edge before EHH decayed below 0.05. Skipping calculation at Locus12919
