chr1:15543 15543 97 0.100000 0.023076 0.010269 0.351625
chr1:16955 16955 113 0.100000 0.023076 0.011251 0.311973
chr1:18359 18359 124 0.100000 0.023076 0.012263 0.274589
chr1:19695 19695 136 0.100000 0.022785 0.010895 0.320405
chr1:19996 19996 138 0.900000 0.010895 0.022785 -0.320405
chr1:20523 20523 141 0.100000 0.022785 0.010612 0.331861
chr1:20725 20725 143 0.900000 0.011045 0.022785 -0.314465
chr1:21602 21602 148 0.100000 0.022785 0.011207 0.308157
chr1:21753 21753 149 0.100000 0.022785 0.011207 0.308157
chr1:22781 22781 158 0.100000 0.026953 0.012915 0.319520
chr1:23376 23376 163 0.100000 0.021869 0.008947 0.388169
chr1:24318 24318 172 0.100000 0.038765 0.011009 0.546708
chr1:24983 24983 181 0.100000 0.026953 0.012443 0.335660
chr1:27952 27952 205 0.100000 0.026953 0.013617 0.296519
chr1:31635 31635 232 0.100000 0.032299 0.013824 0.368557
chr1:34134 34134 249 0.100000 0.032299 0.013022 0.394509
chr1:58767 58767 426 0.500000 0.050234 0.012322 0.610331
chr1:61169 61169 447 0.150000 0.014035 0.019149 -0.134920
chr1:61358 61358 449 0.150000 0.014035 0.019832 -0.150142
chr1:61452 61452 450 0.100000 0.194029 0.016561 1.068771
chr1:61612 61612 451 0.150000 0.015919 0.017901 -0.050963
chr1:62077 62077 453 0.150000 0.015919 0.016991 -0.028307
chr1:62180 62180 456 0.150000 0.015919 0.017156 -0.032515
chr1:64610 64610 468 0.150000 0.242865 0.017767 1.135741
chr1:67026 67026 486 0.100000 0.038003 0.020518 0.267689
chr1:70924 70924 508 0.450000 0.072271 0.012113 0.775706
chr1:77241 77241 545 0.500000 0.062097 0.018597 0.523638
chr1:95878 95878 678 0.500000 0.054616 0.017222 0.501242
chr1:96796 96796 685 0.500000 0.054616 0.017109 0.504091
chr1:98633 98633 696 0.500000 0.054616 0.017477 0.494852
chr1:99285 99285 698 0.100000 0.038785 0.017258 0.351690
chr1:99874 99874 702 0.100000 0.050147 0.017692 0.452462
chr1:102672 102672 725 0.100000 0.028977 0.016633 0.241087
chr1:103225 103225 728 0.800000 0.017512 0.028977 -0.218721
chr1:103271 103271 729 0.100000 0.023157 0.013658 0.229315
chr1:103451 103451 732 0.100000 0.023157 0.013658 0.229315
chr1:103717 103717 734 0.900000 0.014487 0.026620 -0.264223
chr1:104200 104200 736 0.100000 0.026620 0.014487 0.264223
chr1:104372 104372 739 0.900000 0.013488 0.026164 -0.287774
chr1:105059 105059 744 0.100000 0.026164 0.013488 0.287774
chr1:105123 105123 745 0.100000 0.036428 0.012649 0.459368
chr1:105266 105266 746 0.900000 0.012681 0.026164 -0.314575
chr1:105685 105685 749 0.800000 0.015745 0.026164 -0.220564
chr1:106391 106391 756 0.100000 0.025999 0.013194 0.294572
chr1:106520 106520 760 0.100000 0.025999 0.013322 0.290380
chr1:106721 106721 764 0.100000 0.025999 0.013449 0.286284
chr1:107102 107102 766 0.100000 0.025999 0.013449 0.286284
chr1:108107 108107 774 0.100000 0.042829 0.012826 0.523652
chr1:108340 108340 777 0.100000 0.027262 0.013725 0.298063
chr1:108532 108532 778 0.100000 0.027262 0.013725 0.298063
chr1:108615 108615 780 0.900000 0.013466 0.027262 -0.306328
chr1:116469 116469 852 0.500000 0.054172 0.015100 0.554796
chr1:117319 117319 856 0.100000 0.029624 0.017042 0.240111
chr1:118154 118154 860 0.100000 0.029624 0.016651 0.250189
chr1:118358 118358 866 0.550000 0.043659 0.021426 0.309136
chr1:120312 120312 880 0.900000 0.020640 0.035213 -0.231983
chr1:120406 120406 882 0.900000 0.020640 0.035213 -0.231983
chr1:127443 127443 924 0.900000 0.023017 0.037030 -0.206497
chr1:127690 127690 926 0.900000 0.023017 0.037030 -0.206497
chr1:127997 127997 930 0.100000 0.037030 0.023629 0.195107
chr1:128548 128548 934 0.100000 0.037030 0.023569 0.196207
chr1:128843 128843 937 0.850000 0.026584 0.013324 0.299986
chr1:129261 129261 939 0.850000 0.017762 0.014389 0.091488
chr1:130936 130936 948 0.150000 0.187970 0.020200 0.968744
chr1:131882 131882 957 0.150000 0.016632 0.020800 -0.097118
chr1:131883 131883 959 0.450000 0.064568 0.015859 0.609748
chr1:134910 134910 988 0.150000 0.016632 0.027400 -0.216816
chr1:135543 135543 994 0.150000 0.015142 0.025193 -0.221094
chr1:135781 135781 995 0.850000 0.023430 0.016632 0.148831
chr1:135961 135961 997 0.850000 0.023430 0.016632 0.148831
chr1:136368 136368 999 0.150000 0.016632 0.023430 -0.148831
chr1:136631 136631 1003 0.150000 0.016632 0.023430 -0.148831
chr1:137283 137283 1009 0.850000 0.023430 0.018263 0.108194
chr1:137668 137668 1012 0.100000 0.052304 0.017881 0.466136
chr1:138193 138193 1013 0.150000 0.018263 0.024856 -0.133861
chr1:138383 138383 1014 0.850000 0.024856 0.018263 0.133861
chr1:138425 138425 1016 0.850000 0.024856 0.018263 0.133861
chr1:138440 138440 1017 0.850000 0.024856 0.018263 0.133861
chr1:138783 138783 1020 0.850000 0.024856 0.018263 0.133861
chr1:138785 138785 1021 0.150000 0.018263 0.024856 -0.133861
chr1:139275 139275 1024 0.150000 0.018263 0.024856 -0.133861
chr1:139579 139579 1026 0.100000 0.035338 0.022192 0.202047
chr1:139680 139680 1028 0.850000 0.024856 0.019090 0.114620
chr1:140368 140368 1033 0.150000 0.019090 0.024856 -0.114620
chr1:140595 140595 1036 0.850000 0.024856 0.019090 0.114620
chr1:140662 140662 1037 0.850000 0.024856 0.019090 0.114620
chr1:140791 140791 1040 0.100000 0.035383 0.023081 0.185534
chr1:140813 140813 1041 0.900000 0.023081 0.035383 -0.185534
chr1:141473 141473 1046 0.100000 0.030688 0.023081 0.123707
chr1:142048 142048 1050 0.800000 0.024274 0.030688 -0.101825
chr1:142556 142556 1054 0.900000 0.025089 0.030688 -0.087476
chr1:142579 142579 1055 0.100000 0.030688 0.025089 0.087476
chr1:142899 142899 1058 0.100000 0.030688 0.025089 0.087476
chr1:143174 143174 1061 0.900000 0.025089 0.030688 -0.087476
chr1:143275 143275 1063 0.800000 0.025417 0.031432 -0.092233
chr1:143460 143460 1066 0.050000 0.000000 0.030114 -inf
chr1:144132 144132 1074 0.100000 0.037722 0.027959 0.130072
chr1:144378 144378 1076 0.100000 0.037722 0.027959 0.130072
chr1:144719 144719 1082 0.100000 0.033857 0.025738 0.119073
chr1:144726 144726 1083 0.100000 0.037722 0.028242 0.125700
chr1:144847 144847 1086 0.900000 0.028242 0.037722 -0.125700
chr1:145031 145031 1087 0.100000 0.037722 0.028242 0.125700
chr1:145166 145166 1089 0.100000 0.037722 0.028242 0.125700
chr1:145167 145167 1090 0.900000 0.028242 0.037722 -0.125700
chr1:147378 147378 1104 0.100000 0.037163 0.027887 0.124705
chr1:150067 150067 1128 0.100000 0.082858 0.021648 0.582926
chr1:150210 150210 1130 0.500000 0.058002 0.023265 0.396740
chr1:154544 154544 1176 0.050000 0.000000 0.030260 -inf
chr1:155113 155113 1181 0.500000 0.058002 0.022180 0.417475
chr1:155425 155425 1182 0.150000 0.187970 0.029821 0.799572
chr1:161181 161181 1224 0.500000 0.063547 0.021910 0.462464
chr1:165932 165932 1265 0.200000 0.037307 0.029688 0.099211
chr1:167450 167450 1281 0.100000 0.047225 0.029897 0.198550
chr1:168770 168770 1290 0.200000 0.037307 0.028281 0.120301
chr1:169358 169358 1296 0.800000 0.024988 0.037307 -0.174061
chr1:169780 169780 1301 0.150000 0.044957 0.027627 0.211463
chr1:170252 170252 1305 0.050000 0.000000 0.035148 -inf
chr1:171302 171302 1312 0.200000 0.070126 0.030212 0.365701
chr1:172046 172046 1315 0.250000 0.054064 0.034880 0.190331
chr1:172113 172113 1316 0.250000 0.052021 0.032196 0.208379
chr1:172839 172839 1321 0.100000 0.050116 0.020923 0.379351
chr1:173367 173367 1325 0.100000 0.050116 0.020206 0.394491
chr1:173505 173505 1327 0.500000 0.058450 0.017181 0.531731
chr1:174356 174356 1332 0.150000 0.018025 0.022971 -0.105293
chr1:176242 176242 1347 0.400000 0.084874 0.013688 0.792436
chr1:176319 176319 1348 0.100000 0.058301 0.018211 0.505351
chr1:176667 176667 1351 0.850000 0.020605 0.019071 0.033603
chr1:177179 177179 1355 0.100000 0.058301 0.018998 0.486977
chr1:177837 177837 1368 0.100000 0.058301 0.018998 0.486977
chr1:178178 178178 1370 0.100000 0.050083 0.019298 0.414178
chr1:178629 178629 1373 0.900000 0.019298 0.050083 -0.414178
chr1:178741 178741 1374 0.100000 0.050083 0.019298 0.414178
chr1:179173 179173 1378 0.100000 0.058301 0.018927 0.488585
chr1:179744 179744 1384 0.350000 0.023342 0.017880 0.115778
chr1:180377 180377 1389 0.550000 0.044720 0.017410 0.409690
chr1:180586 180586 1391 0.100000 0.051833 0.018910 0.437910
chr1:180901 180901 1395 0.100000 0.051833 0.018910 0.437910
chr1:181004 181004 1396 0.350000 0.026565 0.030948 -0.066322
chr1:181105 181105 1397 0.100000 0.058301 0.017879 0.513336
chr1:181619 181619 1401 0.350000 0.026565 0.031053 -0.067804
chr1:182055 182055 1404 0.400000 0.022212 0.035728 -0.206428
chr1:182382 182382 1408 0.400000 0.022212 0.035786 -0.207134
chr1:182566 182566 1409 0.550000 0.044949 0.018642 0.382222
chr1:182684 182684 1411 0.400000 0.022212 0.035793 -0.207212
chr1:183063 183063 1416 0.450000 0.067749 0.015689 0.635316
chr1:183264 183264 1418 0.400000 0.022212 0.036184 -0.211938
chr1:183407 183407 1422 0.400000 0.022212 0.036079 -0.210672
chr1:183561 183561 1423 0.550000 0.045414 0.018627 0.387038
chr1:184151 184151 1426 0.400000 0.022212 0.036203 -0.212164
chr1:184416 184416 1429 0.400000 0.066431 0.011705 0.754001
chr1:184610 184610 1431 0.500000 0.044303 0.021517 0.313662
chr1:184626 184626 1432 0.400000 0.021517 0.038019 -0.247223
chr1:184839 184839 1436 0.400000 0.021517 0.038019 -0.247223
chr1:185020 185020 1437 0.550000 0.045347 0.017011 0.425815
chr1:185180 185180 1439 0.550000 0.045347 0.017011 0.425815
chr1:186109 186109 1442 0.450000 0.017113 0.045347 -0.423227
chr1:195424 195424 1515 0.650000 0.039957 0.015424 0.413392
chr1:195722 195722 1519 0.900000 0.020591 0.040381 -0.292491
chr1:196506 196506 1522 0.900000 0.020277 0.040381 -0.299178
chr1:197388 197388 1528 0.650000 0.039957 0.016381 0.387252
chr1:197755 197755 1530 0.850000 0.022659 0.016262 0.144082
chr1:197771 197771 1531 0.150000 0.016262 0.022659 -0.144082
chr1:198438 198438 1538 0.150000 0.102225 0.022475 0.657856
chr1:198534 198534 1540 0.850000 0.023134 0.016262 0.153083
chr1:198566 198566 1541 0.850000 0.023134 0.016262 0.153083
chr1:198709 198709 1543 0.750000 0.027043 0.016262 0.220883
chr1:198940 198940 1544 0.850000 0.021487 0.016262 0.121021
chr1:199126 199126 1546 0.200000 0.022927 0.025705 -0.049672
chr1:199587 199587 1548 0.150000 0.042107 0.023069 0.261327
chr1:199870 199870 1550 0.200000 0.027422 0.025705 0.028073
chr1:200034 200034 1552 0.100000 0.037845 0.019783 0.281706
chr1:200066 200066 1553 0.150000 0.017032 0.022411 -0.119193
chr1:200520 200520 1556 0.150000 0.102225 0.022604 0.655364
chr1:201185 201185 1561 0.300000 0.013120 0.033415 -0.406012
chr1:201758 201758 1565 0.050000 0.000000 0.029888 -inf
chr1:202140 202140 1568 0.300000 0.013120 0.033712 -0.409859
chr1:202608 202608 1569 0.200000 0.027422 0.026999 0.006759
chr1:202765 202765 1571 0.700000 0.033712 0.013309 0.403645
chr1:203297 203297 1573 0.450000 0.068879 0.012918 0.726888
chr1:203512 203512 1575 0.150000 0.102225 0.023217 0.643751
chr1:203709 203709 1578 0.450000 0.017008 0.051039 -0.477255
chr1:203780 203780 1579 0.050000 0.000000 0.028370 -inf
chr1:203898 203898 1580 0.050000 0.000000 0.028370 -inf
chr1:204805 204805 1582 0.050000 0.000000 0.028688 -inf
chr1:205518 205518 1585 0.450000 0.017452 0.052565 -0.478854
chr1:205583 205583 1587 0.050000 0.000000 0.028997 -inf
chr1:205795 205795 1590 0.350000 0.028378 0.038850 -0.136412
chr1:205796 205796 1591 0.450000 0.019128 0.052565 -0.439027
chr1:205880 205880 1592 0.550000 0.052565 0.019128 0.439027
chr1:205891 205891 1593 0.550000 0.052565 0.019128 0.439027
chr1:206047 206047 1594 0.450000 0.019128 0.052565 -0.439027
chr1:206067 206067 1595 0.550000 0.052565 0.019128 0.439027
chr1:206505 206505 1599 0.450000 0.019128 0.052565 -0.439027
chr1:206569 206569 1600 0.350000 0.028378 0.037512 -0.121186
chr1:206788 206788 1602 0.450000 0.018631 0.052565 -0.450448
chr1:207208 207208 1603 0.450000 0.018631 0.052565 -0.450448
chr1:207264 207264 1605 0.550000 0.052565 0.018631 0.450448
chr1:207385 207385 1606 0.550000 0.052565 0.018631 0.450448
chr1:207451 207451 1608 0.550000 0.052565 0.018631 0.450448
chr1:207515 207515 1609 0.550000 0.052565 0.018631 0.450448
chr1:208428 208428 1615 0.050000 0.000000 0.025262 -inf
chr1:210056 210056 1631 0.050000 0.000000 0.026902 -inf
chr1:210507 210507 1634 0.900000 0.022429 0.051817 -0.363663
chr1:210785 210785 1635 0.550000 0.054786 0.020432 0.428358
chr1:211203 211203 1639 0.050000 0.000000 0.028133 -inf
chr1:214547 214547 1648 0.750000 0.031662 0.023826 0.123487
chr1:214853 214853 1651 0.150000 0.024699 0.028215 -0.057798
chr1:214980 214980 1652 0.100000 0.054802 0.025610 0.330381
chr1:215182 215182 1656 0.100000 0.054802 0.025610 0.330381
chr1:215387 215387 1657 0.150000 0.102225 0.027906 0.563854
chr1:215488 215488 1659 0.100000 0.054802 0.024572 0.348348
chr1:215853 215853 1663 0.850000 0.027228 0.021162 0.109467
chr1:216475 216475 1667 0.150000 0.021162 0.027228 -0.109467
chr1:216669 216669 1668 0.750000 0.029254 0.022500 0.114012
chr1:217909 217909 1673 0.100000 0.035486 0.020919 0.229518
chr1:217938 217938 1674 0.100000 0.035486 0.020919 0.229518
chr1:218009 218009 1675 0.100000 0.032884 0.015799 0.318349
chr1:218262 218262 1677 0.950000 0.027634 0.000000 inf
chr1:218444 218444 1680 0.100000 0.035549 0.020828 0.232183
chr1:218504 218504 1681 0.150000 0.102225 0.025585 0.601569
chr1:219404 219404 1686 0.050000 0.000000 0.025834 -inf
chr1:219476 219476 1688 0.050000 0.000000 0.027407 -inf
chr1:220233 220233 1693 0.600000 0.046970 0.013512 0.541090
chr1:220249 220249 1694 0.050000 0.000000 0.031515 -inf
chr1:220658 220658 1701 0.950000 0.029308 0.000000 inf
chr1:220775 220775 1702 0.950000 0.029308 0.000000 inf
chr1:220844 220844 1703 0.200000 0.053102 0.030282 0.243924
chr1:221176 221176 1704 0.050000 0.000000 0.028706 -inf
chr1:221740 221740 1708 0.050000 0.000000 0.028706 -inf
chr1:221756 221756 1709 0.550000 0.048266 0.011992 0.604731
chr1:221769 221769 1710 0.050000 0.000000 0.023919 -inf
chr1:221945 221945 1711 0.950000 0.023919 0.000000 inf
chr1:221968 221968 1712 0.600000 0.039938 0.013998 0.455332
chr1:222047 222047 1713 0.050000 0.000000 0.024139 -inf
chr1:222069 222069 1714 0.050000 0.000000 0.024139 -inf
chr1:222139 222139 1716 0.050000 0.000000 0.023892 -inf
chr1:222550 222550 1720 0.850000 0.025195 0.000000 inf
chr1:222643 222643 1722 0.850000 0.027154 0.000000 inf
chr1:222742 222742 1725 0.200000 0.070777 0.025962 0.435554
chr1:223242 223242 1730 0.550000 0.051693 0.016614 0.492957
chr1:223258 223258 1731 0.950000 0.027778 0.000000 inf
chr1:223462 223462 1732 0.950000 0.027778 0.000000 inf
chr1:223467 223467 1733 0.850000 0.023295 0.000000 inf
chr1:223767 223767 1736 0.950000 0.025851 0.000000 inf
chr1:224702 224702 1741 0.050000 0.000000 0.025851 -inf
chr1:225989 225989 1749 0.150000 0.033756 0.021754 0.190814
chr1:226102 226102 1750 0.200000 0.070777 0.025446 0.444272
chr1:226159 226159 1751 0.050000 0.000000 0.024739 -inf
chr1:226500 226500 1752 0.050000 0.000000 0.027166 -inf
chr1:226632 226632 1753 0.350000 0.015245 0.036425 -0.378272
chr1:226666 226666 1754 0.050000 0.000000 0.023899 -inf
chr1:226669 226669 1755 0.150000 0.015194 0.020820 -0.136830
chr1:227612 227612 1763 0.650000 0.035890 0.018251 0.293691
chr1:227757 227757 1765 0.050000 0.000000 0.024504 -inf
chr1:228018 228018 1771 0.300000 0.025936 0.029616 -0.057618
chr1:229749 229749 1782 0.850000 0.030123 0.020661 0.163753
chr1:233643 233643 1800 0.850000 0.030123 0.020661 0.163753
chr1:233868 233868 1801 0.050000 0.000000 0.033819 -inf
chr1:235466 235466 1810 0.150000 0.018129 0.030123 -0.220531
chr1:235550 235550 1811 0.700000 0.041763 0.012581 0.521082
chr1:235974 235974 1812 0.150000 0.018129 0.028539 -0.197067
chr1:237195 237195 1818 0.100000 0.047638 0.025934 0.264074
chr1:237371 237371 1819 0.050000 0.000000 0.029910 -inf
chr1:237387 237387 1820 0.100000 0.047638 0.025887 0.264869
chr1:237871 237871 1823 0.050000 0.000000 0.030335 -inf
chr1:239339 239339 1829 0.050000 0.000000 0.030695 -inf
chr1:240013 240013 1832 0.050000 0.000000 0.030808 -inf
chr1:240365 240365 1835 0.050000 0.000000 0.030758 -inf
chr1:240383 240383 1837 0.050000 0.000000 0.030831 -inf
chr1:240578 240578 1841 0.900000 0.026676 0.042352 -0.200752
chr1:241082 241082 1843 0.050000 0.000000 0.030833 -inf
chr1:241086 241086 1844 0.050000 0.000000 0.030898 -inf
chr1:241099 241099 1845 0.050000 0.000000 0.030898 -inf
chr1:241185 241185 1846 0.050000 0.000000 0.030898 -inf
chr1:241197 241197 1847 0.850000 0.035490 0.000000 inf
chr1:241203 241203 1848 0.050000 0.000000 0.031839 -inf
chr1:241271 241271 1849 0.050000 0.000000 0.031839 -inf
chr1:241321 241321 1850 0.050000 0.000000 0.031340 -inf
chr1:241404 241404 1851 0.050000 0.000000 0.031497 -inf
chr1:241777 241777 1855 0.050000 0.000000 0.031519 -inf
chr1:242325 242325 1858 0.950000 0.031721 0.000000 inf
chr1:242703 242703 1859 0.950000 0.031721 0.000000 inf
chr1:242965 242965 1861 0.050000 0.000000 0.031559 -inf
chr1:242997 242997 1863 0.950000 0.031831 0.000000 inf
chr1:243165 243165 1864 0.050000 0.000000 0.031715 -inf
chr1:243226 243226 1865 0.050000 0.000000 0.031843 -inf
chr1:243434 243434 1866 0.050000 0.000000 0.031843 -inf
chr1:243980 243980 1869 0.050000 0.000000 0.030048 -inf
chr1:243991 243991 1870 0.050000 0.000000 0.031660 -inf
chr1:244029 244029 1871 0.050000 0.000000 0.031449 -inf
chr1:244032 244032 1872 0.050000 0.000000 0.031004 -inf
chr1:244445 244445 1875 0.050000 0.000000 0.031065 -inf
chr1:244696 244696 1876 0.050000 0.000000 0.031065 -inf
chr1:244711 244711 1877 0.050000 0.000000 0.030385 -inf
chr1:245027 245027 1881 0.900000 0.024852 0.042830 -0.236379
chr1:245315 245315 1884 0.750000 0.035498 0.006767 0.719825
chr1:245877 245877 1886 0.050000 0.000000 0.031524 -inf
chr1:246762 246762 1889 0.900000 0.026046 0.042830 -0.216013
chr1:247072 247072 1893 0.050000 0.000000 0.031908 -inf
chr1:248145 248145 1899 0.050000 0.000000 0.028291 -inf
chr1:248309 248309 1901 0.950000 0.032076 0.000000 inf
chr1:248402 248402 1902 0.200000 0.074585 0.022404 0.522324
chr1:248623 248623 1904 0.050000 0.000000 0.025456 -inf
chr1:248684 248684 1905 0.050000 0.000000 0.025504 -inf
chr1:248834 248834 1907 0.950000 0.025504 0.000000 inf
chr1:249534 249534 1908 0.750000 0.028572 0.007277 0.593960
chr1:249709 249709 1909 0.150000 0.015721 0.021366 -0.133242
chr1:249835 249835 1910 0.050000 0.000000 0.024186 -inf
chr1:250000 250000 1911 0.700000 0.033123 0.004326 0.884010
chr1:250079 250079 1912 0.050000 0.000000 0.023854 -inf
chr1:250100 250100 1913 0.050000 0.000000 0.023854 -inf
chr1:250143 250143 1914 0.750000 0.028132 0.005620 0.699466
chr1:250288 250288 1915 0.050000 0.000000 0.023842 -inf
chr1:250306 250306 1916 0.050000 0.000000 0.023842 -inf
chr1:250313 250313 1917 0.200000 0.008266 0.023671 -0.456891
chr1:250436 250436 1920 0.050000 0.000000 0.026375 -inf
chr1:250621 250621 1922 0.050000 0.000000 0.024164 -inf
chr1:251351 251351 1932 0.050000 0.000000 0.024599 -inf
chr1:251454 251454 1933 0.750000 0.030084 0.007997 0.575422
chr1:251469 251469 1934 0.900000 0.021059 0.042909 -0.309102
chr1:251475 251475 1935 0.100000 0.042909 0.021059 0.309102
chr1:251502 251502 1936 0.900000 0.021059 0.042909 -0.309102
chr1:251527 251527 1937 0.100000 0.042909 0.021059 0.309102
chr1:251770 251770 1939 0.050000 0.000000 0.026411 -inf
chr1:252845 252845 1944 0.100000 0.042909 0.021310 0.303964
chr1:253402 253402 1947 0.900000 0.021310 0.042909 -0.303964
chr1:253623 253623 1951 0.100000 0.076318 0.018035 0.626517
chr1:254212 254212 1954 0.050000 0.000000 0.028797 -inf
chr1:254286 254286 1955 0.050000 0.000000 0.028928 -inf
chr1:254854 254854 1959 0.900000 0.024981 0.044036 -0.246193
chr1:255156 255156 1962 0.100000 0.044036 0.024981 0.246193
chr1:255242 255242 1964 0.100000 0.040634 0.022638 0.254049
chr1:255621 255621 1968 0.050000 0.000000 0.029258 -inf
chr1:256222 256222 1972 0.100000 0.044036 0.025428 0.238485
chr1:256737 256737 1976 0.900000 0.025428 0.044036 -0.238485
chr1:257121 257121 1979 0.900000 0.025428 0.044036 -0.238485
chr1:257558 257558 1985 0.050000 0.000000 0.029461 -inf
chr1:259628 259628 1994 0.750000 0.037886 0.013788 0.438970
chr1:260796 260796 2002 0.050000 0.000000 0.033755 -inf
chr1:262055 262055 2007 0.050000 0.000000 0.034303 -inf
chr1:262190 262190 2009 0.100000 0.047316 0.028776 0.215978
chr1:262524 262524 2011 0.050000 0.000000 0.034665 -inf
chr1:263874 263874 2024 0.700000 0.040913 0.016310 0.399417
chr1:264650 264650 2031 0.900000 0.030112 0.047316 -0.196273
chr1:265194 265194 2035 0.100000 0.047316 0.030112 0.196273
chr1:265351 265351 2037 0.800000 0.032560 0.047316 -0.162320
chr1:266462 266462 2045 0.150000 0.026298 0.033653 -0.107104
chr1:266570 266570 2047 0.900000 0.032236 0.047316 -0.166668
chr1:267733 267733 2054 0.100000 0.047316 0.032236 0.166668
chr1:267866 267866 2055 0.050000 0.000000 0.036151 -inf
chr1:268030 268030 2056 0.050000 0.000000 0.035056 -inf
chr1:269093 269093 2067 0.050000 0.000000 0.033557 -inf
chr1:270393 270393 2072 0.700000 0.038838 0.017216 0.353309
chr1:270824 270824 2076 0.100000 0.043914 0.029775 0.168747
chr1:274310 274310 2101 0.100000 0.040957 0.030307 0.130790
chr1:275171 275171 2107 0.600000 0.038765 0.021715 0.251671
chr1:275206 275206 2108 0.700000 0.030465 0.021715 0.147041
chr1:275498 275498 2110 0.150000 0.170912 0.028766 0.773895
chr1:275917 275917 2111 0.150000 0.079101 0.030157 0.418800
chr1:276891 276891 2117 0.050000 0.000000 0.026972 -inf
chr1:277068 277068 2119 0.150000 0.035472 0.019644 0.256648
chr1:277165 277165 2122 0.200000 0.043663 0.028436 0.186247
chr1:277234 277234 2124 0.050000 0.000000 0.027847 -inf
chr1:278539 278539 2133 0.050000 0.000000 0.028249 -inf
chr1:278669 278669 2134 0.800000 0.029102 0.043664 -0.176191
chr1:278754 278754 2136 0.200000 0.043664 0.029102 0.176191
chr1:279463 279463 2139 0.500000 0.038031 0.014914 0.406551
chr1:279589 279589 2140 0.800000 0.030119 0.043664 -0.161273
chr1:280049 280049 2142 0.050000 0.000000 0.026439 -inf
chr1:280668 280668 2144 0.850000 0.023273 0.170912 -0.865927
chr1:280925 280925 2145 0.100000 0.172437 0.023925 0.857780
chr1:281585 281585 2148 0.200000 0.043345 0.028376 0.183996
chr1:281628 281628 2149 0.200000 0.043345 0.028376 0.183996
chr1:281996 281996 2153 0.050000 0.000000 0.025487 -inf
chr1:282250 282250 2157 0.150000 0.170912 0.021882 0.892691
chr1:282658 282658 2162 0.200000 0.043345 0.028777 0.177902
chr1:282886 282886 2163 0.350000 0.036931 0.014817 0.396648
chr1:283495 283495 2166 0.050000 0.000000 0.018875 -inf
chr1:283767 283767 2167 0.850000 0.020451 0.170912 -0.922057
chr1:284028 284028 2169 0.050000 0.000000 0.019092 -inf
chr1:284557 284557 2174 0.850000 0.020394 0.170912 -0.923274
chr1:284600 284600 2176 0.150000 0.170912 0.020394 0.923274
chr1:286268 286268 2182 0.050000 0.000000 0.020824 -inf
chr1:287605 287605 2193 0.200000 0.070013 0.017663 0.598108
chr1:287667 287667 2195 0.200000 0.070013 0.017340 0.606134
chr1:287956 287956 2198 0.050000 0.000000 0.020857 -inf
chr1:288225 288225 2200 0.450000 0.025555 0.019720 0.112576
chr1:288505 288505 2205 0.200000 0.070013 0.018243 0.584070
chr1:288548 288548 2206 0.050000 0.000000 0.022665 -inf
chr1:289282 289282 2215 0.200000 0.070013 0.016677 0.623065
chr1:289547 289547 2218 0.150000 0.170912 0.020512 0.920772
chr1:289741 289741 2219 0.200000 0.070013 0.016948 0.616055
chr1:290133 290133 2221 0.150000 0.044745 0.011241 0.599932
chr1:290238 290238 2222 0.350000 0.038304 0.015124 0.403560
chr1:290334 290334 2223 0.200000 0.070013 0.016300 0.632994
chr1:290601 290601 2225 0.200000 0.070013 0.016300 0.632994
chr1:290681 290681 2226 0.200000 0.070013 0.016300 0.632994
chr1:291156 291156 2231 0.450000 0.034138 0.021324 0.204370
chr1:291325 291325 2232 0.700000 0.017788 0.070013 -0.595047
chr1:292504 292504 2238 0.050000 0.000000 0.018668 -inf
chr1:293643 293643 2243 0.100000 0.054991 0.012000 0.661129
chr1:293670 293670 2244 0.500000 0.030327 0.019455 0.192799
chr1:293933 293933 2246 0.300000 0.032707 0.016802 0.289285
chr1:294073 294073 2247 0.200000 0.070013 0.015388 0.657984
chr1:294342 294342 2250 0.200000 0.070013 0.015388 0.657984
chr1:294882 294882 2253 0.100000 0.054991 0.011184 0.691713
chr1:294963 294963 2255 0.050000 0.000000 0.017602 -inf
chr1:295178 295178 2256 0.200000 0.070013 0.015657 0.650462
chr1:295370 295370 2259 0.550000 0.025481 0.018753 0.133147
chr1:295433 295433 2260 0.100000 0.032362 0.012831 0.401793
chr1:295467 295467 2261 0.050000 0.000000 0.017595 -inf
chr1:295799 295799 2263 0.200000 0.070013 0.014606 0.680658
chr1:295888 295888 2264 0.100000 0.025524 0.012476 0.310889
chr1:296168 296168 2268 0.550000 0.025481 0.014457 0.246149
chr1:296289 296289 2270 0.200000 0.070013 0.015235 0.662324
chr1:296760 296760 2276 0.050000 0.000000 0.018716 -inf
chr1:296765 296765 2277 0.050000 0.000000 0.018716 -inf
chr1:297361 297361 2280 0.500000 0.030326 0.018144 0.223090
chr1:298519 298519 2290 0.200000 0.070013 0.016726 0.621779
chr1:298876 298876 2292 0.050000 0.000000 0.019051 -inf
chr1:298910 298910 2293 0.800000 0.016899 0.070013 -0.617311
chr1:299017 299017 2294 0.050000 0.000000 0.017954 -inf
chr1:299250 299250 2295 0.200000 0.070013 0.015610 0.651780
chr1:300219 300219 2302 0.100000 0.040713 0.011972 0.531575
chr1:300232 300232 2303 0.800000 0.015976 0.070013 -0.641714
chr1:300393 300393 2305 0.050000 0.000000 0.017280 -inf
chr1:300455 300455 2306 0.050000 0.000000 0.017365 -inf
chr1:300530 300530 2308 0.200000 0.070013 0.015059 0.667392
chr1:300562 300562 2309 0.200000 0.070013 0.015059 0.667392
chr1:300632 300632 2310 0.200000 0.070013 0.015059 0.667392
chr1:301073 301073 2313 0.200000 0.070013 0.015059 0.667392
chr1:301173 301173 2314 0.100000 0.030237 0.012038 0.400009
chr1:301657 301657 2316 0.250000 0.042719 0.015431 0.442218
chr1:302242 302242 2320 0.100000 0.040713 0.011593 0.545549
chr1:302324 302324 2321 0.750000 0.016129 0.042719 -0.422998
chr1:302425 302425 2322 0.200000 0.070013 0.014590 0.681115
chr1:302837 302837 2326 0.750000 0.016129 0.042612 -0.421917
chr1:303257 303257 2329 0.350000 0.033808 0.011245 0.478061
chr1:303930 303930 2338 0.050000 0.000000 0.019358 -inf
chr1:304673 304673 2342 0.050000 0.000000 0.019284 -inf
chr1:304705 304705 2344 0.750000 0.019332 0.043191 -0.349123
chr1:305347 305347 2347 0.050000 0.000000 0.020060 -inf
chr1:305474 305474 2349 0.050000 0.000000 0.018990 -inf
chr1:305596 305596 2350 0.150000 0.093005 0.017687 0.720860
chr1:305765 305765 2352 0.050000 0.000000 0.019639 -inf
chr1:305787 305787 2353 0.800000 0.018300 0.048192 -0.420521
chr1:305871 305871 2354 0.200000 0.048192 0.018300 0.420521
chr1:305926 305926 2355 0.750000 0.019905 0.029457 -0.170232
chr1:306725 306725 2358 0.750000 0.019905 0.029457 -0.170232
chr1:307017 307017 2359 0.250000 0.029457 0.019905 0.170232
chr1:307197 307197 2363 0.800000 0.017954 0.048192 -0.428804
chr1:307709 307709 2365 0.100000 0.030527 0.011128 0.438258
chr1:307757 307757 2366 0.050000 0.000000 0.020386 -inf
chr1:308308 308308 2368 0.800000 0.019093 0.048192 -0.402105
chr1:308531 308531 2369 0.200000 0.048192 0.019093 0.402105
chr1:308671 308671 2370 0.750000 0.020936 0.029218 -0.144751
chr1:308735 308735 2373 0.150000 0.156942 0.020675 0.880305
chr1:309094 309094 2374 0.850000 0.021384 0.000000 inf
chr1:309362 309362 2376 0.050000 0.000000 0.020240 -inf
chr1:309418 309418 2377 0.150000 0.156942 0.017932 0.942106
chr1:309868 309868 2378 0.050000 0.000000 0.020282 -inf
chr1:310049 310049 2380 0.050000 0.000000 0.020282 -inf
chr1:310116 310116 2381 0.050000 0.000000 0.020282 -inf
chr1:310166 310166 2382 0.100000 0.033786 0.011986 0.450075
chr1:310252 310252 2383 0.050000 0.000000 0.019607 -inf
chr1:310304 310304 2384 0.050000 0.000000 0.019527 -inf
chr1:310356 310356 2385 0.950000 0.019806 0.000000 inf
chr1:310558 310558 2387 0.950000 0.019806 0.000000 inf
chr1:310933 310933 2389 0.050000 0.000000 0.017344 -inf
chr1:312829 312829 2399 0.300000 0.047212 0.013897 0.531127
chr1:313212 313212 2403 0.050000 0.000000 0.018924 -inf
chr1:313225 313225 2404 0.050000 0.000000 0.021949 -inf
chr1:313433 313433 2405 0.100000 0.025932 0.014256 0.259840
chr1:313946 313946 2410 0.050000 0.000000 0.021635 -inf
chr1:314110 314110 2411 0.050000 0.000000 0.022213 -inf
chr1:315053 315053 2416 0.050000 0.000000 0.022225 -inf
chr1:315463 315463 2419 0.300000 0.047212 0.016817 0.448305
chr1:316177 316177 2422 0.050000 0.000000 0.024351 -inf
chr1:316244 316244 2423 0.050000 0.000000 0.025391 -inf
chr1:316506 316506 2425 0.050000 0.000000 0.024130 -inf
chr1:317767 317767 2431 0.100000 0.031789 0.015554 0.310447
chr1:318358 318358 2436 0.100000 0.027849 0.017209 0.209047
chr1:319180 319180 2440 0.350000 0.032863 0.015353 0.330498
chr1:319888 319888 2444 0.400000 0.028964 0.017960 0.207543
chr1:319919 319919 2445 0.400000 0.028964 0.017960 0.207543
chr1:320454 320454 2449 0.050000 0.000000 0.017274 -inf
chr1:320606 320606 2452 0.350000 0.032863 0.012300 0.426797
chr1:320674 320674 2453 0.650000 0.012300 0.032863 -0.426797
chr1:321680 321680 2463 0.950000 0.018460 0.000000 inf
chr1:322071 322071 2469 0.850000 0.018859 0.000000 inf
chr1:322432 322432 2474 0.050000 0.000000 0.019586 -inf
chr1:322466 322466 2475 0.050000 0.000000 0.019824 -inf
chr1:323072 323072 2479 0.050000 0.000000 0.019824 -inf
chr1:323105 323105 2480 0.400000 0.035563 0.017698 0.303068
chr1:323500 323500 2483 0.950000 0.019073 0.000000 inf
chr1:323663 323663 2484 0.050000 0.000000 0.019073 -inf
chr1:323679 323679 2485 0.950000 0.019073 0.000000 inf
chr1:324080 324080 2488 0.500000 0.019522 0.021273 -0.037316
chr1:324090 324090 2489 0.200000 0.027480 0.011830 0.366020
chr1:324425 324425 2491 0.050000 0.000000 0.015628 -inf
chr1:324743 324743 2495 0.450000 0.016297 0.018191 -0.047744
chr1:325262 325262 2498 0.500000 0.021272 0.012586 0.227938
chr1:325395 325395 2499 0.050000 0.000000 0.017848 -inf
chr1:325475 325475 2501 0.500000 0.023270 0.012586 0.266915
chr1:326203 326203 2503 0.250000 0.066269 0.022543 0.468300
chr1:326213 326213 2504 0.050000 0.000000 0.018619 -inf
chr1:326270 326270 2505 0.050000 0.000000 0.018419 -inf
chr1:326719 326719 2506 0.500000 0.021531 0.012641 0.231273
chr1:326754 326754 2507 0.250000 0.066269 0.019299 0.535782
chr1:327023 327023 2508 0.050000 0.000000 0.017369 -inf
chr1:327525 327525 2510 0.500000 0.012445 0.024021 -0.285585
chr1:327673 327673 2511 0.500000 0.012445 0.024021 -0.285585
chr1:327903 327903 2514 0.050000 0.000000 0.017798 -inf
chr1:327907 327907 2515 0.200000 0.027480 0.013064 0.322933
chr1:328354 328354 2519 0.050000 0.000000 0.017971 -inf
chr1:328684 328684 2521 0.500000 0.024332 0.012418 0.292128
chr1:328787 328787 2523 0.500000 0.012418 0.024332 -0.292128
chr1:328997 328997 2525 0.200000 0.028146 0.013611 0.315507
chr1:329441 329441 2529 0.100000 0.024616 0.010538 0.368461
chr1:329647 329647 2530 0.050000 0.000000 0.021655 -inf
chr1:329705 329705 2531 0.150000 0.023197 0.011645 0.299300
chr1:329761 329761 2534 0.400000 0.040010 0.011469 0.542630
chr1:329931 329931 2538 0.200000 0.013404 0.013764 -0.011520
chr1:330099 330099 2540 0.050000 0.000000 0.019108 -inf
chr1:330153 330153 2541 0.050000 0.000000 0.018796 -inf
chr1:331343 331343 2551 0.400000 0.040010 0.012367 0.509895
chr1:331461 331461 2552 0.050000 0.000000 0.019899 -inf
chr1:331604 331604 2556 0.050000 0.000000 0.018859 -inf
chr1:332681 332681 2563 0.500000 0.014723 0.024786 -0.226217
chr1:333529 333529 2572 0.050000 0.000000 0.021909 -inf
chr1:333699 333699 2574 0.250000 0.066269 0.023662 0.447262
chr1:333782 333782 2576 0.050000 0.000000 0.020907 -inf
chr1:334080 334080 2579 0.150000 0.156942 0.021842 0.856453
chr1:334330 334330 2580 0.900000 0.011862 0.018811 -0.200254
chr1:334424 334424 2581 0.100000 0.018811 0.011862 0.200254
chr1:334482 334482 2582 0.150000 0.042720 0.013052 0.514942
chr1:335513 335513 2592 0.250000 0.025376 0.015104 0.225328
chr1:336842 336842 2597 0.050000 0.000000 0.020969 -inf
chr1:337253 337253 2600 0.050000 0.000000 0.021395 -inf
chr1:337557 337557 2603 0.050000 0.000000 0.021284 -inf
chr1:337814 337814 2605 0.050000 0.000000 0.021290 -inf
chr1:337865 337865 2606 0.950000 0.021611 0.000000 inf
chr1:337919 337919 2607 0.950000 0.021611 0.000000 inf
chr1:338006 338006 2608 0.050000 0.000000 0.021611 -inf
chr1:338118 338118 2609 0.850000 0.017324 0.000000 inf
chr1:339012 339012 2616 0.050000 0.000000 0.019869 -inf
chr1:339200 339200 2618 0.050000 0.000000 0.019869 -inf
chr1:339213 339213 2619 0.050000 0.000000 0.019869 -inf
chr1:339327 339327 2622 0.050000 0.000000 0.019869 -inf
chr1:339580 339580 2624 0.950000 0.019869 0.000000 inf
chr1:339589 339589 2625 0.950000 0.019869 0.000000 inf
chr1:340200 340200 2633 0.250000 0.024834 0.013350 0.269585
chr1:340415 340415 2636 0.400000 0.034916 0.016210 0.333232
chr1:343311 343311 2658 0.950000 0.022702 0.000000 inf
chr1:343958 343958 2663 0.050000 0.000000 0.022702 -inf
chr1:344138 344138 2665 0.950000 0.022702 0.000000 inf
chr1:344396 344396 2667 0.950000 0.022702 0.000000 inf
chr1:344695 344695 2669 0.100000 0.029632 0.015142 0.291584
chr1:345389 345389 2674 0.300000 0.054713 0.018078 0.480953
chr1:345621 345621 2676 0.050000 0.000000 0.025459 -inf
chr1:345646 345646 2677 0.150000 0.011398 0.016179 -0.152148
chr1:345700 345700 2678 0.100000 0.022196 0.014410 0.187610
chr1:345878 345878 2680 0.100000 0.022196 0.014410 0.187610
chr1:345896 345896 2681 0.150000 0.008057 0.016179 -0.302793
chr1:345928 345928 2682 0.850000 0.016179 0.008057 0.302793
chr1:346024 346024 2684 0.050000 0.000000 0.019853 -inf
chr1:346213 346213 2686 0.250000 0.027418 0.012423 0.343793
chr1:346773 346773 2690 0.150000 0.011513 0.015885 -0.139789
chr1:347302 347302 2693 0.350000 0.042105 0.012942 0.512343
chr1:347655 347655 2697 0.300000 0.054713 0.015405 0.550422
chr1:347702 347702 2698 0.800000 0.018606 0.007068 0.420366
chr1:347928 347928 2701 0.200000 0.007068 0.018606 -0.420366
chr1:348336 348336 2704 0.450000 0.021827 0.017519 0.095494
chr1:348414 348414 2705 0.050000 0.000000 0.021719 -inf
chr1:348535 348535 2707 0.700000 0.021011 0.014055 0.174619
chr1:348831 348831 2708 0.250000 0.027418 0.012536 0.339885
chr1:348839 348839 2709 0.700000 0.016031 0.014055 0.057135
chr1:349228 349228 2714 0.250000 0.051440 0.010880 0.674680
chr1:349381 349381 2715 0.050000 0.000000 0.017380 -inf
chr1:349767 349767 2719 0.450000 0.020063 0.012013 0.222732
chr1:349843 349843 2720 0.700000 0.016678 0.014404 0.063668
chr1:350639 350639 2721 0.500000 0.008567 0.020761 -0.384446
chr1:351261 351261 2729 0.200000 0.031355 0.012340 0.404974
chr1:351323 351323 2730 0.250000 0.022377 0.012394 0.256581
chr1:351529 351529 2731 0.300000 0.025144 0.011048 0.357142
chr1:351587 351587 2733 0.300000 0.025144 0.011048 0.357142
chr1:351757 351757 2734 0.450000 0.018705 0.008701 0.332381
chr1:352121 352121 2736 0.300000 0.025144 0.011563 0.337359
chr1:352168 352168 2737 0.700000 0.011563 0.025144 -0.337359
chr1:352434 352434 2739 0.050000 0.000000 0.012772 -inf
chr1:352515 352515 2740 0.050000 0.000000 0.013790 -inf
chr1:352640 352640 2741 0.300000 0.025144 0.011587 0.336461
chr1:352725 352725 2742 0.050000 0.000000 0.014493 -inf
chr1:353621 353621 2747 0.150000 0.056178 0.009935 0.752409
chr1:353981 353981 2750 0.550000 0.015616 0.015318 0.008367
chr1:354045 354045 2752 0.250000 0.036321 0.010903 0.522595
chr1:354098 354098 2753 0.100000 0.035364 0.007252 0.688119
chr1:354261 354261 2755 0.300000 0.024919 0.013223 0.275181
chr1:354377 354377 2756 0.150000 0.056178 0.011531 0.687700
chr1:354671 354671 2760 0.150000 0.056178 0.011531 0.687700
chr1:354800 354800 2762 0.050000 0.000000 0.015594 -inf
chr1:355107 355107 2767 0.550000 0.018352 0.015393 0.076378
chr1:355210 355210 2768 0.550000 0.018352 0.015393 0.076378
chr1:355268 355268 2769 0.100000 0.153412 0.010137 1.179967
chr1:355735 355735 2772 0.250000 0.036321 0.012440 0.465338
chr1:355743 355743 2773 0.550000 0.018352 0.017789 0.013532
chr1:355933 355933 2775 0.550000 0.018352 0.017789 0.013532
chr1:356342 356342 2776 0.200000 0.042558 0.012322 0.538287
chr1:356374 356374 2777 0.800000 0.012322 0.042558 -0.538287
chr1:356478 356478 2778 0.800000 0.012322 0.042558 -0.538287
chr1:356700 356700 2781 0.200000 0.037046 0.011406 0.511591
chr1:356893 356893 2783 0.050000 0.000000 0.016211 -inf
chr1:357113 357113 2785 0.150000 0.083033 0.012657 0.816916
chr1:357854 357854 2789 0.050000 0.000000 0.016475 -inf
chr1:358009 358009 2792 0.150000 0.083033 0.013001 0.805286
chr1:358405 358405 2793 0.550000 0.019328 0.021303 -0.042246
chr1:358714 358714 2797 0.150000 0.083033 0.012436 0.824586
chr1:358862 358862 2798 0.050000 0.000000 0.017135 -inf
chr1:359268 359268 2802 0.050000 0.000000 0.016573 -inf
chr1:359316 359316 2803 0.900000 0.010218 0.024379 -0.377663
chr1:359832 359832 2805 0.500000 0.018426 0.016276 0.053879
chr1:360821 360821 2818 0.300000 0.021550 0.012781 0.226889
chr1:361567 361567 2823 0.300000 0.021550 0.012781 0.226889
chr1:361623 361623 2825 0.100000 0.024379 0.012439 0.292234
chr1:362346 362346 2830 0.150000 0.083033 0.014091 0.770305
chr1:362377 362377 2831 0.500000 0.021150 0.017148 0.091085
chr1:363039 363039 2836 0.250000 0.049123 0.014045 0.543759
chr1:363334 363334 2839 0.050000 0.000000 0.016871 -inf
chr1:363816 363816 2842 0.250000 0.055690 0.014045 0.598247
chr1:364081 364081 2845 0.050000 0.000000 0.018423 -inf
chr1:364353 364353 2847 0.600000 0.018804 0.033137 -0.246049
chr1:364506 364506 2848 0.550000 0.022026 0.027051 -0.089243
chr1:365066 365066 2853 0.050000 0.000000 0.018973 -inf
chr1:365622 365622 2856 0.150000 0.083033 0.014684 0.752415
chr1:366196 366196 2857 0.150000 0.166948 0.017196 0.987158
chr1:366728 366728 2861 0.600000 0.015812 0.034063 -0.333296
chr1:366828 366828 2862 0.050000 0.000000 0.017029 -inf
chr1:367247 367247 2865 0.250000 0.055690 0.012980 0.632504
chr1:367833 367833 2870 0.050000 0.000000 0.017946 -inf
chr1:368109 368109 2871 0.150000 0.083033 0.014363 0.762020
chr1:368798 368798 2876 0.100000 0.025121 0.010886 0.363162
chr1:369583 369583 2883 0.150000 0.083033 0.015001 0.743121
chr1:370300 370300 2886 0.600000 0.016427 0.030625 -0.270525
chr1:370792 370792 2890 0.600000 0.016684 0.031456 -0.275385
chr1:371261 371261 2892 0.400000 0.030625 0.016427 0.270525
chr1:372271 372271 2898 0.100000 0.023935 0.011897 0.303594
chr1:372339 372339 2899 0.850000 0.013385 0.083033 -0.792628
chr1:372442 372442 2900 0.050000 0.000000 0.017843 -inf
chr1:372545 372545 2901 0.050000 0.000000 0.016789 -inf
chr1:373276 373276 2908 0.300000 0.016197 0.013013 0.095083
chr1:373708 373708 2910 0.600000 0.012808 0.026901 -0.322285
chr1:373770 373770 2911 0.600000 0.012808 0.026901 -0.322285
chr1:373810 373810 2912 0.050000 0.000000 0.014703 -inf
chr1:373952 373952 2913 0.100000 0.018558 0.007610 0.387146
chr1:374711 374711 2917 0.600000 0.012586 0.026901 -0.329881
chr1:375402 375402 2923 0.250000 0.042053 0.011123 0.577578
chr1:375902 375902 2928 0.150000 0.166948 0.013933 1.078551
chr1:376365 376365 2931 0.150000 0.083033 0.011311 0.865769
chr1:376451 376451 2933 0.750000 0.012042 0.042053 -0.543087
chr1:376781 376781 2935 0.250000 0.042053 0.012042 0.543087
chr1:377002 377002 2936 0.200000 0.093671 0.016288 0.759723
chr1:377350 377350 2941 0.150000 0.083033 0.010613 0.893417
chr1:378027 378027 2944 0.100000 0.018558 0.009044 0.312185
chr1:378945 378945 2953 0.200000 0.093671 0.016963 0.742104
chr1:379490 379490 2957 0.400000 0.029328 0.013092 0.350292
chr1:379665 379665 2958 0.050000 0.000000 0.017732 -inf
chr1:379741 379741 2959 0.200000 0.045563 0.012554 0.559830
chr1:379772 379772 2960 0.200000 0.045563 0.012554 0.559830
chr1:379992 379992 2964 0.050000 0.000000 0.014858 -inf
chr1:380159 380159 2967 0.250000 0.027568 0.013333 0.315459
chr1:380396 380396 2969 0.050000 0.000000 0.014985 -inf
chr1:380400 380400 2970 0.050000 0.000000 0.015326 -inf
chr1:380551 380551 2971 0.250000 0.025690 0.013333 0.284826
chr1:380726 380726 2972 0.200000 0.042336 0.011997 0.547653
chr1:381640 381640 2977 0.750000 0.013333 0.025872 -0.287881
chr1:381879 381879 2980 0.050000 0.000000 0.015066 -inf
chr1:381905 381905 2981 0.250000 0.026142 0.013333 0.292394
chr1:381981 381981 2982 0.250000 0.026142 0.013333 0.292394
chr1:381989 381989 2983 0.150000 0.018605 0.006969 0.426453
chr1:382084 382084 2984 0.050000 0.000000 0.013509 -inf
chr1:382115 382115 2985 0.750000 0.011446 0.026637 -0.366831
chr1:382272 382272 2987 0.250000 0.026637 0.011446 0.366831
chr1:382665 382665 2990 0.050000 0.000000 0.014271 -inf
chr1:382814 382814 2991 0.200000 0.045821 0.009282 0.693431
chr1:382879 382879 2992 0.500000 0.012119 0.010969 0.043294
chr1:385002 385002 3006 0.200000 0.093671 0.012986 0.858120
chr1:385115 385115 3009 0.500000 0.012960 0.020462 -0.198335
chr1:385201 385201 3010 0.200000 0.093671 0.013641 0.836753
chr1:385649 385649 3012 0.350000 0.026232 0.008929 0.468043
chr1:385705 385705 3013 0.050000 0.000000 0.013458 -inf
chr1:385746 385746 3014 0.050000 0.000000 0.013347 -inf
chr1:385833 385833 3015 0.350000 0.026232 0.008668 0.480927
chr1:385951 385951 3018 0.050000 0.000000 0.012726 -inf
chr1:386252 386252 3019 0.150000 0.083033 0.008845 0.972548
chr1:386309 386309 3021 0.050000 0.000000 0.013320 -inf
chr1:386861 386861 3022 0.050000 0.000000 0.013717 -inf
chr1:386963 386963 3023 0.700000 0.008946 0.039098 -0.640543
chr1:386981 386981 3024 0.700000 0.008946 0.039098 -0.640543
chr1:387205 387205 3025 0.150000 0.166948 0.012113 1.139329
chr1:387226 387226 3026 0.050000 0.000000 0.011877 -inf
chr1:387289 387289 3027 0.400000 0.020915 0.009392 0.347698
chr1:387373 387373 3028 0.100000 0.022256 0.005417 0.613705
chr1:387509 387509 3029 0.200000 0.022764 0.006847 0.521781
chr1:387605 387605 3031 0.400000 0.025131 0.009966 0.401712
chr1:387965 387965 3035 0.400000 0.025131 0.009966 0.401712
chr1:388559 388559 3039 0.050000 0.000000 0.014891 -inf
chr1:389446 389446 3043 0.200000 0.093072 0.018165 0.709583
chr1:389718 389718 3044 0.200000 0.093072 0.018165 0.709583
chr1:389970 389970 3046 0.300000 0.040109 0.019872 0.304989
chr1:392842 392842 3063 0.700000 0.019872 0.040109 -0.304989
chr1:393228 393228 3066 0.050000 0.000000 0.017746 -inf
chr1:394494 394494 3075 0.150000 0.035133 0.012233 0.458170
chr1:395165 395165 3080 0.750000 0.023661 0.058102 -0.390156
chr1:395211 395211 3081 0.050000 0.000000 0.020670 -inf
chr1:395248 395248 3082 0.050000 0.000000 0.020913 -inf
chr1:396154 396154 3089 0.200000 0.093072 0.022109 0.624248
chr1:396498 396498 3090 0.050000 0.000000 0.021081 -inf
chr1:397408 397408 3096 0.050000 0.000000 0.021161 -inf
chr1:397909 397909 3101 0.050000 0.000000 0.021224 -inf
chr1:398488 398488 3103 0.050000 0.000000 0.022294 -inf
chr1:398528 398528 3104 0.050000 0.000000 0.021780 -inf
chr1:399972 399972 3110 0.100000 0.377184 0.023039 1.214097
chr1:400031 400031 3112 0.200000 0.119602 0.023828 0.700658
chr1:400262 400262 3114 0.050000 0.000000 0.024026 -inf
chr1:400653 400653 3122 0.200000 0.119602 0.024754 0.684085
chr1:400901 400901 3124 0.800000 0.024754 0.119602 -0.684085
chr1:401214 401214 3125 0.250000 0.077690 0.025531 0.483292
chr1:403041 403041 3133 0.050000 0.000000 0.021085 -inf
chr1:403125 403125 3134 0.100000 0.153412 0.015489 0.995839
chr1:403378 403378 3136 0.750000 0.024759 0.077690 -0.496628
chr1:404451 404451 3143 0.200000 0.119602 0.023911 0.699142
chr1:405333 405333 3150 0.750000 0.024759 0.078154 -0.499213
chr1:405469 405469 3152 0.750000 0.024759 0.078154 -0.499213
chr1:405598 405598 3154 0.050000 0.000000 0.021680 -inf
chr1:405832 405832 3156 0.050000 0.000000 0.021680 -inf
chr1:406605 406605 3163 0.950000 0.021680 0.000000 inf
chr1:407109 407109 3164 0.050000 0.000000 0.021680 -inf
chr1:407251 407251 3165 0.100000 0.014724 0.013719 0.030705
chr1:407417 407417 3167 0.900000 0.013719 0.014724 -0.030705
chr1:407532 407532 3168 0.700000 0.026197 0.049060 -0.272485
chr1:408678 408678 3175 0.100000 0.014724 0.012304 0.077987
chr1:409723 409723 3180 0.550000 0.024532 0.019808 0.092886
chr1:409913 409913 3182 0.550000 0.024532 0.019808 0.092886
chr1:410063 410063 3183 0.200000 0.119602 0.026457 0.655202
chr1:411106 411106 3188 0.200000 0.119602 0.026457 0.655202
chr1:411111 411111 3189 0.550000 0.024532 0.019659 0.096176
chr1:411383 411383 3191 0.500000 0.022743 0.024213 -0.027191
chr1:411385 411385 3192 0.100000 0.153412 0.014274 1.031299
chr1:412339 412339 3199 0.850000 0.020810 0.000000 inf
chr1:412876 412876 3203 0.050000 0.000000 0.019273 -inf
chr1:413433 413433 3206 0.050000 0.000000 0.020367 -inf
chr1:413873 413873 3208 0.050000 0.000000 0.020704 -inf
chr1:414521 414521 3209 0.050000 0.000000 0.019711 -inf
chr1:415452 415452 3215 0.050000 0.000000 0.018709 -inf
chr1:415606 415606 3217 0.600000 0.023684 0.027075 -0.058113
chr1:416033 416033 3219 0.050000 0.000000 0.020716 -inf
chr1:416219 416219 3222 0.050000 0.000000 0.021489 -inf
chr1:417052 417052 3225 0.050000 0.000000 0.021266 -inf
chr1:417759 417759 3228 0.150000 0.049057 0.013436 0.562422
chr1:418667 418667 3233 0.050000 0.000000 0.023278 -inf
chr1:418941 418941 3235 0.050000 0.000000 0.023168 -inf
chr1:419019 419019 3236 0.050000 0.000000 0.022655 -inf
chr1:419147 419147 3237 0.300000 0.020566 0.022102 -0.031272
chr1:419261 419261 3238 0.050000 0.000000 0.019179 -inf
chr1:419447 419447 3239 0.200000 0.106833 0.025119 0.628702
chr1:420170 420170 3245 0.150000 0.008736 0.013112 -0.176392
chr1:420333 420333 3246 0.050000 0.000000 0.018944 -inf
chr1:420787 420787 3251 0.050000 0.000000 0.018791 -inf
chr1:421085 421085 3253 0.950000 0.018791 0.000000 inf
chr1:421358 421358 3257 0.050000 0.000000 0.018897 -inf
chr1:421902 421902 3263 0.050000 0.000000 0.018994 -inf
chr1:422045 422045 3265 0.300000 0.021947 0.020883 0.021587
chr1:422282 422282 3268 0.250000 0.065530 0.023359 0.447996
chr1:422840 422840 3272 0.450000 0.036823 0.013246 0.444036
chr1:423019 423019 3273 0.050000 0.000000 0.021038 -inf
chr1:423735 423735 3274 0.150000 0.017889 0.012536 0.154417
chr1:424148 424148 3275 0.350000 0.012525 0.014672 -0.068705
chr1:424323 424323 3277 0.350000 0.012525 0.014672 -0.068705
chr1:425139 425139 3281 0.200000 0.014559 0.009435 0.188387
chr1:425625 425625 3283 0.300000 0.033496 0.007626 0.642681
chr1:425804 425804 3284 0.200000 0.009512 0.010821 -0.056003
chr1:426380 426380 3287 0.150000 0.207213 0.014870 1.144121
chr1:426818 426818 3290 0.100000 0.028995 0.007315 0.598082
chr1:426838 426838 3291 0.350000 0.022347 0.010317 0.335677
chr1:426921 426921 3292 0.200000 0.011147 0.007597 0.166551
chr1:427001 427001 3294 0.300000 0.033496 0.005998 0.746975
chr1:427736 427736 3299 0.050000 0.000000 0.014470 -inf
chr1:427736 427736 3300 0.350000 0.022347 0.011011 0.307370
chr1:428224 428224 3302 0.150000 0.012667 0.008764 0.159975
chr1:428264 428264 3303 0.300000 0.043746 0.016141 0.432998
chr1:428493 428493 3304 0.050000 0.000000 0.014091 -inf
chr1:428898 428898 3306 0.400000 0.014909 0.015406 -0.014255
chr1:429390 429390 3312 0.100000 0.057566 0.007339 0.894526
chr1:429681 429681 3314 0.700000 0.006881 0.034802 -0.703926
chr1:429870 429870 3316 0.300000 0.034802 0.007745 0.652562
chr1:429878 429878 3317 0.350000 0.007618 0.014809 -0.288699
chr1:429901 429901 3318 0.300000 0.049262 0.015934 0.490185
chr1:430303 430303 3322 0.400000 0.006513 0.013045 -0.301627
chr1:430352 430352 3323 0.100000 0.021091 0.006969 0.480899
chr1:430771 430771 3327 0.150000 0.207213 0.012923 1.205069
chr1:431589 431589 3332 0.050000 0.000000 0.013898 -inf
chr1:431707 431707 3333 0.250000 0.033893 0.005889 0.760072
chr1:431945 431945 3335 0.350000 0.008994 0.008910 0.004101
chr1:431987 431987 3336 0.150000 0.049062 0.004903 1.000265
chr1:432114 432114 3338 0.600000 0.006745 0.009268 -0.138056
chr1:432165 432165 3339 0.250000 0.009840 0.006643 0.170647
chr1:432372 432372 3340 0.250000 0.019685 0.005184 0.579470
chr1:432468 432468 3341 0.600000 0.005047 0.008602 -0.231545
chr1:432729 432729 3342 0.350000 0.011149 0.006727 0.219428
chr1:432754 432754 3343 0.150000 0.207213 0.013854 1.174856
chr1:433768 433768 3350 0.250000 0.019685 0.005734 0.535646
chr1:433924 433924 3351 0.050000 0.000000 0.011676 -inf
chr1:434122 434122 3352 0.250000 0.019685 0.005702 0.538082
chr1:434219 434219 3353 0.500000 0.011809 0.007794 0.180462
chr1:434410 434410 3355 0.050000 0.000000 0.011094 -inf
chr1:434553 434553 3356 0.050000 0.000000 0.011392 -inf
chr1:434607 434607 3357 0.250000 0.020929 0.005499 0.580504
chr1:435383 435383 3363 0.500000 0.009858 0.011665 -0.073080
chr1:435935 435935 3366 0.100000 0.012554 0.004348 0.460486
chr1:436033 436033 3367 0.100000 0.028749 0.004457 0.809595
chr1:436147 436147 3369 0.050000 0.000000 0.012307 -inf
chr1:436428 436428 3372 0.500000 0.012275 0.011076 0.044635
chr1:436710 436710 3376 0.300000 0.013333 0.008512 0.194912
chr1:436860 436860 3377 0.050000 0.000000 0.013662 -inf
chr1:436960 436960 3379 0.050000 0.000000 0.013602 -inf
chr1:437877 437877 3382 0.150000 0.207213 0.013199 1.195870
chr1:437966 437966 3384 0.100000 0.014589 0.006457 0.353969
chr1:438142 438142 3385 0.650000 0.011761 0.010640 0.043482
chr1:438602 438602 3388 0.350000 0.010640 0.011761 -0.043482
chr1:438636 438636 3389 0.050000 0.000000 0.013467 -inf
chr1:438914 438914 3390 0.050000 0.000000 0.007335 -inf
chr1:438915 438915 3391 0.600000 0.010462 0.007619 0.137690
chr1:439548 439548 3395 0.500000 0.006623 0.013580 -0.311847
chr1:439703 439703 3398 0.500000 0.013580 0.006623 0.311847
chr1:440192 440192 3400 0.200000 0.023890 0.007627 0.495853
chr1:441172 441172 3404 0.450000 0.008911 0.011880 -0.124892
chr1:442252 442252 3407 0.150000 0.030556 0.008233 0.569520
chr1:442457 442457 3410 0.050000 0.000000 0.010102 -inf
chr1:443523 443523 3424 0.300000 0.026032 0.010863 0.379545
chr1:443632 443632 3426 0.100000 0.044092 0.008571 0.711329
chr1:443705 443705 3428 0.100000 0.014782 0.008442 0.243259
chr1:444046 444046 3430 0.350000 0.011183 0.011264 -0.003143
chr1:444786 444786 3435 0.300000 0.012625 0.010568 0.077233
chr1:444798 444798 3436 0.200000 0.023890 0.011348 0.323290
chr1:445100 445100 3437 0.100000 0.044092 0.007478 0.770558
chr1:445192 445192 3438 0.400000 0.013136 0.007643 0.235198
chr1:445208 445208 3440 0.200000 0.023890 0.006515 0.564321
chr1:445311 445311 3441 0.600000 0.008129 0.013931 -0.233909
chr1:445484 445484 3443 0.050000 0.000000 0.005200 -inf
chr1:445797 445797 3445 0.400000 0.013931 0.008779 0.200525
chr1:446044 446044 3447 0.400000 0.013931 0.008779 0.200525
chr1:446068 446068 3448 0.600000 0.008779 0.013931 -0.200525
chr1:446274 446274 3450 0.500000 0.009822 0.008985 0.038651
chr1:447031 447031 3453 0.300000 0.018132 0.006958 0.415988
chr1:447136 447136 3454 0.200000 0.029127 0.007574 0.584945
chr1:447427 447427 3457 0.100000 0.018065 0.006709 0.430195
chr1:448142 448142 3459 0.700000 0.008964 0.018132 -0.305936
chr1:448162 448162 3460 0.300000 0.018132 0.008964 0.305936
chr1:448324 448324 3462 0.500000 0.013189 0.012189 0.034245
chr1:448959 448959 3465 0.100000 0.044092 0.007334 0.779001
chr1:448985 448985 3466 0.700000 0.010998 0.018132 -0.217150
chr1:449045 449045 3467 0.300000 0.018132 0.010998 0.217150
chr1:449089 449089 3468 0.700000 0.010998 0.018132 -0.217150
chr1:449443 449443 3472 0.250000 0.021826 0.009695 0.352404
chr1:449724 449724 3473 0.300000 0.019126 0.010998 0.240320
chr1:449741 449741 3474 0.100000 0.044092 0.008289 0.725880
chr1:449752 449752 3475 0.250000 0.013582 0.010079 0.129545
chr1:450211 450211 3479 0.100000 0.019844 0.009581 0.316225
chr1:450441 450441 3480 0.050000 0.000000 0.011162 -inf
chr1:450901 450901 3482 0.100000 0.013150 0.009581 0.137510
chr1:451321 451321 3484 0.100000 0.013150 0.009581 0.137510
chr1:451586 451586 3488 0.100000 0.013150 0.009581 0.137510
chr1:451929 451929 3491 0.050000 0.000000 0.011110 -inf
chr1:452090 452090 3492 0.150000 0.027057 0.010536 0.409631
chr1:452390 452390 3493 0.900000 0.010333 0.018437 -0.251457
chr1:452428 452428 3494 0.050000 0.000000 0.011371 -inf
chr1:453430 453430 3502 0.100000 0.035272 0.008959 0.595184
chr1:453795 453795 3505 0.100000 0.018437 0.010455 0.246349
chr1:454156 454156 3509 0.050000 0.000000 0.012686 -inf
chr1:454547 454547 3511 0.050000 0.000000 0.012349 -inf
chr1:454877 454877 3514 0.650000 0.016017 0.016987 -0.025544
chr1:455078 455078 3515 0.050000 0.000000 0.014439 -inf
chr1:457354 457354 3528 0.250000 0.030399 0.013653 0.347621
chr1:457866 457866 3532 0.250000 0.030399 0.013653 0.347621
chr1:458356 458356 3533 0.100000 0.018437 0.013501 0.135322
chr1:459430 459430 3539 0.600000 0.018462 0.012439 0.171494
chr1:459715 459715 3542 0.100000 0.018437 0.014167 0.114401
chr1:459821 459821 3543 0.650000 0.015138 0.030449 -0.303514
chr1:460564 460564 3549 0.750000 0.012374 0.030336 -0.389437
chr1:461010 461010 3553 0.750000 0.012374 0.030336 -0.389437
chr1:461160 461160 3554 0.250000 0.030336 0.012374 0.389437
chr1:461346 461346 3555 0.050000 0.000000 0.010580 -inf
chr1:461528 461528 3557 0.100000 0.018290 0.009112 0.302583
chr1:461713 461713 3558 0.550000 0.017258 0.009989 0.237469
chr1:462359 462359 3566 0.100000 0.020646 0.008483 0.386290
chr1:462855 462855 3571 0.150000 0.038475 0.008018 0.681133
chr1:463000 463000 3573 0.250000 0.032671 0.009879 0.519429
chr1:463032 463032 3574 0.200000 0.007901 0.010880 -0.138947
chr1:463356 463356 3577 0.100000 0.020646 0.008747 0.372942
chr1:463645 463645 3580 0.250000 0.032671 0.009687 0.527988
chr1:463662 463662 3581 0.250000 0.032671 0.009687 0.527988
chr1:463884 463884 3583 0.550000 0.017258 0.010279 0.225029
chr1:463971 463971 3584 0.250000 0.032671 0.010290 0.501735
chr1:464343 464343 3586 0.250000 0.032671 0.010290 0.501735
chr1:464762 464762 3589 0.100000 0.017466 0.008383 0.318758
chr1:465294 465294 3594 0.100000 0.020646 0.009130 0.354333
chr1:465416 465416 3596 0.200000 0.010074 0.011002 -0.038256
chr1:465555 465555 3598 0.150000 0.055488 0.007924 0.845256
chr1:465558 465558 3599 0.250000 0.032671 0.011467 0.454718
chr1:465916 465916 3600 0.550000 0.018991 0.010957 0.238843
chr1:466628 466628 3602 0.100000 0.020646 0.009096 0.355962
chr1:466707 466707 3603 0.150000 0.038475 0.008698 0.645742
chr1:466877 466877 3605 0.550000 0.018991 0.006383 0.473554
chr1:467129 467129 3607 0.550000 0.018991 0.006383 0.473554
chr1:467323 467323 3608 0.450000 0.023951 0.005119 0.670168
chr1:467357 467357 3609 0.050000 0.000000 0.008795 -inf
chr1:467490 467490 3611 0.200000 0.010762 0.008263 0.114784
chr1:467959 467959 3615 0.100000 0.017035 0.006831 0.396834
chr1:468040 468040 3617 0.250000 0.013307 0.009456 0.148368
chr1:468083 468083 3618 0.050000 0.000000 0.008941 -inf
chr1:468244 468244 3620 0.550000 0.016620 0.005211 0.503666
chr1:468254 468254 3621 0.100000 0.011587 0.007239 0.204306
chr1:468289 468289 3623 0.150000 0.055488 0.005597 0.996220
chr1:468500 468500 3625 0.100000 0.019653 0.008471 0.365462
chr1:469133 469133 3629 0.050000 0.000000 0.006928 -inf
chr1:469601 469601 3636 0.550000 0.013736 0.006345 0.335405
chr1:469629 469629 3637 0.200000 0.005849 0.007686 -0.118610
chr1:470030 470030 3640 0.550000 0.013870 0.006704 0.315725
chr1:471190 471190 3645 0.550000 0.013870 0.007332 0.276873
chr1:471491 471491 3647 0.100000 0.023119 0.006959 0.521427
chr1:471879 471879 3650 0.100000 0.016475 0.007064 0.367787
chr1:472093 472093 3651 0.200000 0.006836 0.008346 -0.086669
chr1:472105 472105 3652 0.100000 0.017921 0.005356 0.524547
chr1:472386 472386 3656 0.500000 0.010604 0.008309 0.105934
chr1:472629 472629 3657 0.100000 0.012936 0.004244 0.483998
chr1:472710 472710 3658 0.550000 0.009766 0.007817 0.096675
chr1:472851 472851 3659 0.450000 0.013277 0.005501 0.382699
chr1:473624 473624 3663 0.100000 0.015280 0.005287 0.460908
chr1:473736 473736 3665 0.100000 0.014467 0.005599 0.412291
chr1:473823 473823 3667 0.400000 0.016673 0.006968 0.378938
chr1:474228 474228 3670 0.400000 0.016673 0.006968 0.378938
chr1:474549 474549 3671 0.400000 0.016673 0.006968 0.378938
chr1:474607 474607 3672 0.400000 0.016673 0.006968 0.378938
chr1:474707 474707 3675 0.600000 0.006968 0.016673 -0.378938
chr1:475150 475150 3681 0.600000 0.007043 0.016673 -0.374276
chr1:475239 475239 3682 0.500000 0.009761 0.010745 -0.041737
chr1:475360 475360 3684 0.600000 0.006426 0.016673 -0.414100
chr1:475695 475695 3685 0.100000 0.014895 0.005304 0.448430
chr1:475710 475710 3686 0.600000 0.006666 0.016673 -0.398173
chr1:476979 476979 3696 0.600000 0.006722 0.017671 -0.419794
chr1:477003 477003 3697 0.600000 0.006722 0.017671 -0.419794
chr1:477010 477010 3698 0.500000 0.009974 0.011007 -0.042808
chr1:477048 477048 3699 0.400000 0.017671 0.006450 0.437706
chr1:477244 477244 3701 0.100000 0.011249 0.005415 0.317493
chr1:477292 477292 3703 0.600000 0.005992 0.017671 -0.469683
chr1:477822 477822 3709 0.600000 0.006595 0.017671 -0.428025
chr1:477916 477916 3710 0.400000 0.017671 0.006595 0.428025
chr1:477985 477985 3711 0.100000 0.014741 0.005588 0.421268
chr1:478496 478496 3715 0.550000 0.008754 0.013916 -0.201294
chr1:478509 478509 3716 0.400000 0.017671 0.007140 0.393561
chr1:478743 478743 3720 0.400000 0.017671 0.007140 0.393561
chr1:479643 479643 3729 0.400000 0.017671 0.007343 0.381378
chr1:480043 480043 3732 0.500000 0.010139 0.014037 -0.141264
chr1:480260 480260 3735 0.400000 0.017671 0.007620 0.365297
chr1:480433 480433 3737 0.100000 0.018915 0.006838 0.441888
chr1:480468 480468 3739 0.250000 0.027838 0.008113 0.535441
chr1:480755 480755 3743 0.700000 0.007291 0.019500 -0.427237
chr1:481302 481302 3745 0.100000 0.017513 0.005374 0.513046
chr1:481756 481756 3749 0.600000 0.009297 0.019524 -0.322236
chr1:481848 481848 3753 0.650000 0.009374 0.013554 -0.160136
chr1:481960 481960 3754 0.700000 0.008803 0.019524 -0.345948
chr1:482174 482174 3755 0.100000 0.058480 0.007006 0.921537
chr1:482814 482814 3761 0.700000 0.008672 0.009891 -0.057098
chr1:483050 483050 3762 0.300000 0.009891 0.008672 0.057098
chr1:483102 483102 3763 0.300000 0.009891 0.008672 0.057098
chr1:484792 484792 3773 0.200000 0.017899 0.007495 0.378051
chr1:485884 485884 3781 0.300000 0.009117 0.009236 -0.005620
chr1:485958 485958 3782 0.700000 0.009236 0.009117 0.005620
chr1:486071 486071 3785 0.700000 0.009236 0.009117 0.005620
chr1:486087 486087 3786 0.300000 0.009117 0.009236 -0.005620
chr1:486770 486770 3792 0.100000 0.014532 0.004696 0.490582
chr1:486967 486967 3793 0.600000 0.008943 0.010082 -0.052045
chr1:487055 487055 3794 0.300000 0.010151 0.007627 0.124153
chr1:487637 487637 3803 0.750000 0.006258 0.013797 -0.343368
chr1:488439 488439 3812 0.250000 0.013813 0.006831 0.305813
chr1:488612 488612 3813 0.750000 0.006831 0.013813 -0.305813
chr1:488764 488764 3814 0.250000 0.013813 0.006831 0.305813
chr1:488830 488830 3815 0.250000 0.013813 0.006831 0.305813
