chr1:20523 20523 141 0.100000 0.021413 0.009802 0.339370
chr1:20725 20725 143 0.900000 0.009515 0.021413 -0.352258
chr1:21013 21013 146 0.900000 0.009515 0.021413 -0.352258
chr1:21602 21602 148 0.100000 0.021413 0.010545 0.307627
chr1:21753 21753 149 0.100000 0.021413 0.009471 0.354312
chr1:22781 22781 158 0.100000 0.021413 0.009734 0.342386
chr1:22830 22830 159 0.100000 0.074601 0.009699 0.885995
chr1:22899 22899 160 0.900000 0.009699 0.074601 -0.885995
chr1:24765 24765 178 0.100000 0.074601 0.009463 0.896736
chr1:24850 24850 179 0.400000 0.009202 0.016550 -0.254885
chr1:24983 24983 181 0.100000 0.026434 0.010369 0.406406
chr1:26165 26165 192 0.100000 0.074601 0.010120 0.867568
chr1:26709 26709 196 0.400000 0.012507 0.016458 -0.119199
chr1:27952 27952 205 0.100000 0.026434 0.010379 0.405987
chr1:29243 29243 215 0.400000 0.012596 0.017869 -0.151864
chr1:29273 29273 216 0.400000 0.012596 0.020228 -0.205725
chr1:31635 31635 232 0.100000 0.031676 0.010979 0.460153
chr1:31928 31928 235 0.400000 0.008221 0.021035 -0.408009
chr1:32412 32412 239 0.600000 0.019483 0.008221 0.374718
chr1:33643 33643 245 0.500000 0.021035 0.008221 0.408009
chr1:33749 33749 246 0.400000 0.008221 0.021802 -0.423578
chr1:33805 33805 247 0.600000 0.021802 0.008221 0.423578
chr1:34134 34134 249 0.100000 0.031676 0.010920 0.462517
chr1:37651 37651 278 0.350000 0.015554 0.020179 -0.113065
chr1:37695 37695 279 0.650000 0.020944 0.015411 0.133248
chr1:42650 42650 310 0.500000 0.027672 0.010316 0.428527
chr1:47645 47645 342 0.650000 0.026012 0.013241 0.293257
chr1:49399 49399 359 0.650000 0.020615 0.015122 0.134584
chr1:52945 52945 375 0.700000 0.019391 0.022189 -0.058549
chr1:54509 54509 392 0.650000 0.023432 0.014189 0.217837
chr1:55888 55888 401 0.550000 0.023886 0.010518 0.356194
chr1:57917 57917 418 0.350000 0.035452 0.014248 0.395880
chr1:58767 58767 426 0.350000 0.045866 0.014527 0.499322
chr1:59200 59200 428 0.150000 0.033104 0.019603 0.227560
chr1:59236 59236 429 0.350000 0.019524 0.024843 -0.104641
chr1:59275 59275 430 0.250000 0.023025 0.024843 -0.033011
chr1:59564 59564 434 0.500000 0.034459 0.012204 0.450791
chr1:59771 59771 435 0.400000 0.012204 0.028381 -0.366515
chr1:59788 59788 436 0.450000 0.032867 0.013353 0.391175
chr1:60048 60048 437 0.350000 0.013270 0.017834 -0.128362
chr1:60208 60208 438 0.650000 0.017834 0.013270 0.128362
chr1:60311 60311 439 0.650000 0.017834 0.013270 0.128362
chr1:61169 61169 447 0.150000 0.009056 0.011099 -0.088352
chr1:61253 61253 448 0.550000 0.023082 0.008419 0.438029
chr1:61358 61358 449 0.150000 0.009056 0.011283 -0.095508
chr1:61452 61452 450 0.100000 0.034396 0.006856 0.700443
chr1:61612 61612 451 0.150000 0.009062 0.009391 -0.015467
chr1:62017 62017 452 0.650000 0.010109 0.005576 0.258429
chr1:62077 62077 453 0.150000 0.009986 0.008956 0.047311
chr1:62171 62171 455 0.100000 0.070507 0.006279 1.050328
chr1:62180 62180 456 0.100000 0.029642 0.010045 0.469960
chr1:64414 64414 466 0.750000 0.010465 0.009579 0.038433
chr1:64610 64610 468 0.150000 0.142048 0.013894 1.009623
chr1:65943 65943 478 0.700000 0.012434 0.014820 -0.076237
chr1:67026 67026 486 0.100000 0.015597 0.008332 0.272290
chr1:67223 67223 488 0.800000 0.011918 0.015491 -0.113886
chr1:70924 70924 508 0.450000 0.028661 0.010422 0.439330
chr1:72374 72374 514 0.550000 0.016472 0.008829 0.270808
chr1:77241 77241 545 0.500000 0.018634 0.013750 0.131997
chr1:79432 79432 567 0.550000 0.013649 0.012356 0.043198
chr1:80267 80267 571 0.400000 0.017847 0.008773 0.308429
chr1:82390 82390 589 0.100000 0.021981 0.009903 0.346280
chr1:82472 82472 590 0.200000 0.019434 0.010606 0.262987
chr1:82970 82970 591 0.600000 0.016656 0.009180 0.258744
chr1:84256 84256 599 0.050000 0.000000 0.020299 -inf
chr1:87827 87827 625 0.050000 0.000000 0.021231 -inf
chr1:92243 92243 654 0.350000 0.014666 0.019644 -0.126912
chr1:92350 92350 656 0.350000 0.014666 0.019644 -0.126912
chr1:92685 92685 657 0.050000 0.000000 0.021561 -inf
chr1:93317 93317 662 0.650000 0.017167 0.014666 0.068374
chr1:94051 94051 664 0.450000 0.012624 0.020605 -0.212775
chr1:94706 94706 667 0.450000 0.012624 0.020605 -0.212775
chr1:94732 94732 668 0.450000 0.012624 0.020605 -0.212775
chr1:94845 94845 670 0.550000 0.020605 0.015033 0.136929
chr1:95158 95158 672 0.050000 0.000000 0.017840 -inf
chr1:95878 95878 678 0.500000 0.023865 0.010199 0.369203
chr1:95907 95907 679 0.450000 0.010663 0.020439 -0.282556
chr1:96796 96796 685 0.400000 0.028200 0.008085 0.542582
chr1:98381 98381 694 0.450000 0.009566 0.017923 -0.272666
chr1:98633 98633 696 0.500000 0.021687 0.010637 0.309399
chr1:99285 99285 698 0.100000 0.023331 0.010024 0.366888
chr1:99874 99874 702 0.100000 0.016813 0.010212 0.216536
chr1:100520 100520 707 0.500000 0.021293 0.010177 0.320617
chr1:100683 100683 708 0.050000 0.000000 0.020110 -inf
chr1:101346 101346 709 0.100000 0.030073 0.011191 0.429297
chr1:101616 101616 711 0.150000 0.014112 0.013096 0.032451
chr1:101636 101636 713 0.600000 0.018439 0.007417 0.395501
chr1:102020 102020 717 0.400000 0.007417 0.018439 -0.395501
chr1:102672 102672 725 0.100000 0.009027 0.005824 0.190320
chr1:103225 103225 728 0.900000 0.007035 0.014841 -0.324185
chr1:103271 103271 729 0.100000 0.014841 0.007035 0.324185
chr1:103451 103451 732 0.100000 0.014841 0.007035 0.324185
chr1:103671 103671 733 0.550000 0.014810 0.006101 0.385125
chr1:103717 103717 734 0.900000 0.006306 0.014841 -0.371701
chr1:104200 104200 736 0.100000 0.014841 0.006931 0.330698
chr1:104322 104322 738 0.550000 0.014067 0.006061 0.365626
chr1:104372 104372 739 0.800000 0.004906 0.008548 -0.241112
chr1:105059 105059 744 0.100000 0.008548 0.004243 0.304202
chr1:105123 105123 745 0.100000 0.016919 0.004546 0.570759
chr1:105266 105266 746 0.900000 0.003881 0.008548 -0.342963
chr1:105541 105541 748 0.350000 0.005997 0.006548 -0.038174
chr1:105685 105685 749 0.800000 0.005263 0.008548 -0.210649
chr1:106391 106391 756 0.100000 0.007720 0.005194 0.172129
chr1:106402 106402 758 0.050000 0.000000 0.015942 -inf
chr1:107102 107102 766 0.100000 0.008476 0.005067 0.223455
chr1:107799 107799 772 0.450000 0.016858 0.006182 0.435698
chr1:108107 108107 774 0.100000 0.016905 0.004628 0.562639
chr1:108340 108340 777 0.100000 0.012151 0.006829 0.250254
chr1:108532 108532 778 0.100000 0.012008 0.005396 0.347399
chr1:108610 108610 779 0.100000 0.024432 0.005422 0.653841
chr1:108615 108615 780 0.700000 0.007594 0.020320 -0.427445
chr1:108904 108904 783 0.100000 0.024432 0.004664 0.719234
chr1:109809 109809 791 0.100000 0.024432 0.005894 0.617547
chr1:112485 112485 811 0.100000 0.036739 0.008539 0.633706
chr1:113267 113267 822 0.100000 0.036739 0.009066 0.607724
chr1:113872 113872 826 0.700000 0.010778 0.037908 -0.546193
chr1:114602 114602 835 0.650000 0.015806 0.017067 -0.033346
chr1:114943 114943 837 0.600000 0.017795 0.013216 0.129206
chr1:116319 116319 850 0.400000 0.013782 0.017795 -0.110975
chr1:116391 116391 851 0.600000 0.017795 0.013782 0.110975
chr1:116469 116469 852 0.500000 0.023169 0.009618 0.381822
chr1:117319 117319 856 0.100000 0.014848 0.008286 0.253346
chr1:117521 117521 857 0.600000 0.015903 0.014185 0.049656
chr1:118154 118154 860 0.100000 0.014848 0.009380 0.199455
chr1:118358 118358 866 0.500000 0.023252 0.013498 0.236195
chr1:118795 118795 870 0.400000 0.012748 0.017014 -0.125379
chr1:118956 118956 872 0.500000 0.019475 0.013749 0.151199
chr1:120312 120312 880 0.900000 0.008799 0.013459 -0.184572
chr1:120406 120406 882 0.700000 0.010401 0.013459 -0.111902
chr1:120870 120870 885 0.600000 0.018555 0.013225 0.147062
chr1:121135 121135 887 0.200000 0.025823 0.012971 0.299036
chr1:121829 121829 890 0.600000 0.018555 0.015710 0.072281
chr1:122448 122448 893 0.050000 0.000000 0.022891 -inf
chr1:126674 126674 920 0.050000 0.000000 0.022201 -inf
chr1:127443 127443 924 0.900000 0.008679 0.010354 -0.076662
chr1:127997 127997 930 0.100000 0.010354 0.010179 0.007404
chr1:128069 128069 931 0.050000 0.000000 0.020563 -inf
chr1:128843 128843 937 0.850000 0.011288 0.004784 0.372823
chr1:129261 129261 939 0.750000 0.007245 0.007978 -0.041851
chr1:130936 130936 948 0.150000 0.130110 0.014576 0.950680
chr1:131882 131882 957 0.150000 0.011430 0.010116 0.053040
chr1:131883 131883 959 0.450000 0.025112 0.010649 0.372588
chr1:132149 132149 963 0.050000 0.000000 0.020487 -inf
chr1:134423 134423 985 0.100000 0.022525 0.011831 0.279644
chr1:134910 134910 988 0.150000 0.011564 0.014377 -0.094563
chr1:135543 135543 994 0.150000 0.011564 0.014594 -0.101055
chr1:135781 135781 995 0.650000 0.017992 0.011564 0.191977
chr1:135961 135961 997 0.800000 0.015867 0.021411 -0.130142
chr1:136368 136368 999 0.150000 0.012946 0.016024 -0.092645
chr1:136631 136631 1003 0.150000 0.012946 0.016024 -0.092645
chr1:137208 137208 1008 0.050000 0.000000 0.023361 -inf
chr1:137283 137283 1009 0.850000 0.016024 0.014577 0.041103
chr1:137668 137668 1012 0.100000 0.037434 0.011707 0.504842
chr1:138193 138193 1013 0.150000 0.012969 0.016084 -0.093485
chr1:138383 138383 1014 0.850000 0.013683 0.012969 0.023293
chr1:138425 138425 1016 0.850000 0.013683 0.012969 0.023293
chr1:138440 138440 1017 0.850000 0.013683 0.012969 0.023293
chr1:138783 138783 1020 0.850000 0.013683 0.012969 0.023293
chr1:138785 138785 1021 0.150000 0.012879 0.014067 -0.038324
chr1:139275 139275 1024 0.150000 0.013911 0.012895 0.032963
chr1:139579 139579 1026 0.100000 0.019455 0.012260 0.200530
chr1:139680 139680 1028 0.850000 0.013683 0.013796 -0.003565
chr1:140368 140368 1033 0.150000 0.013796 0.013683 0.003565
chr1:140595 140595 1036 0.850000 0.013683 0.013796 -0.003565
chr1:140662 140662 1037 0.850000 0.013683 0.013796 -0.003565
chr1:140768 140768 1039 0.050000 0.000000 0.020584 -inf
chr1:140791 140791 1040 0.100000 0.019500 0.013611 0.156148
chr1:140813 140813 1041 0.900000 0.013611 0.019500 -0.156148
chr1:140932 140932 1042 0.050000 0.000000 0.021563 -inf
chr1:141473 141473 1046 0.100000 0.014805 0.013611 0.036522
chr1:142048 142048 1050 0.900000 0.013611 0.014805 -0.036522
chr1:142119 142119 1052 0.700000 0.015796 0.006970 0.355332
chr1:142556 142556 1054 0.900000 0.014683 0.014805 -0.003583
chr1:142579 142579 1055 0.100000 0.014805 0.014683 0.003583
chr1:142899 142899 1058 0.100000 0.014805 0.014683 0.003583
chr1:143174 143174 1061 0.800000 0.015036 0.016500 -0.040344
chr1:143275 143275 1063 0.800000 0.018990 0.016803 0.053139
chr1:143460 143460 1066 0.050000 0.000000 0.027072 -inf
chr1:144132 144132 1074 0.100000 0.019228 0.018484 0.017133
chr1:144378 144378 1076 0.100000 0.019228 0.018484 0.017133
chr1:144711 144711 1081 0.050000 0.000000 0.025803 -inf
chr1:144719 144719 1082 0.100000 0.016893 0.018767 -0.045704
chr1:144726 144726 1083 0.100000 0.016893 0.018767 -0.045704
chr1:144847 144847 1086 0.900000 0.018767 0.016893 0.045704
chr1:145031 145031 1087 0.100000 0.016893 0.018767 -0.045704
chr1:145166 145166 1089 0.100000 0.016893 0.018767 -0.045704
chr1:145167 145167 1090 0.900000 0.018767 0.016893 0.045704
chr1:147126 147126 1102 0.150000 0.022551 0.019506 0.062992
chr1:147378 147378 1104 0.100000 0.022303 0.017589 0.103141
chr1:147577 147577 1106 0.050000 0.000000 0.028891 -inf
chr1:147793 147793 1107 0.150000 0.028345 0.016704 0.229648
chr1:149102 149102 1117 0.050000 0.000000 0.020052 -inf
chr1:150067 150067 1128 0.050000 0.000000 0.020189 -inf
chr1:150210 150210 1130 0.450000 0.034326 0.016529 0.317381
chr1:150914 150914 1137 0.050000 0.000000 0.021210 -inf
chr1:152462 152462 1157 0.050000 0.000000 0.021074 -inf
chr1:153068 153068 1162 0.050000 0.000000 0.020870 -inf
chr1:153259 153259 1165 0.050000 0.000000 0.022738 -inf
chr1:153760 153760 1168 0.050000 0.000000 0.020120 -inf
chr1:154035 154035 1171 0.850000 0.018036 0.000000 inf
chr1:154544 154544 1176 0.050000 0.000000 0.022493 -inf
chr1:155113 155113 1181 0.450000 0.033353 0.018014 0.267513
chr1:155425 155425 1182 0.150000 0.157951 0.025046 0.799792
chr1:156324 156324 1187 0.050000 0.000000 0.025606 -inf
chr1:156485 156485 1188 0.050000 0.000000 0.025167 -inf
chr1:156799 156799 1189 0.150000 0.023444 0.020043 0.068065
chr1:157504 157504 1192 0.050000 0.000000 0.029635 -inf
chr1:158975 158975 1206 0.050000 0.000000 0.024159 -inf
chr1:160845 160845 1219 0.250000 0.011659 0.022074 -0.277234
chr1:161181 161181 1224 0.400000 0.044872 0.016864 0.425015
chr1:161589 161589 1227 0.050000 0.000000 0.026508 -inf
chr1:162403 162403 1231 0.050000 0.000000 0.022295 -inf
chr1:162420 162420 1232 0.050000 0.000000 0.027428 -inf
chr1:163483 163483 1240 0.750000 0.022580 0.015937 0.151323
chr1:164690 164690 1251 0.050000 0.000000 0.030410 -inf
chr1:164862 164862 1252 0.050000 0.000000 0.031227 -inf
chr1:165085 165085 1255 0.050000 0.000000 0.027846 -inf
chr1:165250 165250 1260 0.050000 0.000000 0.027426 -inf
chr1:165698 165698 1262 0.050000 0.000000 0.028559 -inf
chr1:165932 165932 1265 0.200000 0.024627 0.017256 0.154466
chr1:166541 166541 1271 0.150000 0.028508 0.023482 0.084218
chr1:167432 167432 1279 0.150000 0.028609 0.027329 0.019875
chr1:167450 167450 1281 0.100000 0.027818 0.022741 0.087517
chr1:167456 167456 1282 0.050000 0.000000 0.031857 -inf
chr1:167497 167497 1284 0.650000 0.032689 0.030317 0.032718
chr1:168770 168770 1290 0.200000 0.026779 0.022289 0.079702
chr1:168860 168860 1291 0.150000 0.028508 0.024309 0.069190
chr1:169358 169358 1296 0.800000 0.018996 0.026779 -0.149126
chr1:169440 169440 1297 0.150000 0.028508 0.024504 0.065720
chr1:169611 169611 1299 0.100000 0.041566 0.022199 0.272413
chr1:169780 169780 1301 0.200000 0.026779 0.019055 0.147790
chr1:169853 169853 1302 0.150000 0.033012 0.025064 0.119627
chr1:169947 169947 1303 0.150000 0.033012 0.025064 0.119627
chr1:170252 170252 1305 0.050000 0.000000 0.031228 -inf
chr1:170360 170360 1307 0.150000 0.033012 0.025282 0.115853
chr1:170643 170643 1309 0.150000 0.033012 0.025282 0.115853
chr1:171302 171302 1312 0.200000 0.026779 0.020151 0.123501
chr1:172046 172046 1315 0.200000 0.035961 0.016396 0.341092
chr1:172113 172113 1316 0.200000 0.021367 0.019491 0.039905
chr1:172407 172407 1317 0.050000 0.000000 0.026446 -inf
chr1:172839 172839 1321 0.100000 0.027312 0.017253 0.199477
chr1:172967 172967 1322 0.050000 0.000000 0.024547 -inf
chr1:173346 173346 1324 0.150000 0.032959 0.016253 0.307048
chr1:173367 173367 1325 0.050000 0.000000 0.023713 -inf
chr1:173505 173505 1327 0.500000 0.035867 0.009893 0.559348
chr1:174356 174356 1332 0.150000 0.011612 0.017585 -0.180231
chr1:175008 175008 1337 0.850000 0.017714 0.032959 -0.269653
chr1:175387 175387 1340 0.050000 0.000000 0.025848 -inf
chr1:175650 175650 1341 0.150000 0.032959 0.017833 0.266757
chr1:176160 176160 1346 0.150000 0.032959 0.017833 0.266757
chr1:176242 176242 1347 0.400000 0.055272 0.011116 0.696568
chr1:176319 176319 1348 0.100000 0.026975 0.012004 0.351657
chr1:176341 176341 1349 0.100000 0.032867 0.010779 0.484171
chr1:176420 176420 1350 0.700000 0.015245 0.004425 0.537205
chr1:176667 176667 1351 0.850000 0.010577 0.009440 0.049386
chr1:177130 177130 1353 0.050000 0.000000 0.020565 -inf
chr1:177179 177179 1355 0.100000 0.019239 0.009950 0.286339
chr1:177837 177837 1368 0.050000 0.000000 0.019615 -inf
chr1:178178 178178 1370 0.100000 0.022632 0.013875 0.212483
chr1:178629 178629 1373 0.900000 0.010231 0.021432 -0.321173
chr1:178741 178741 1374 0.100000 0.022632 0.011116 0.308778
chr1:179169 179169 1377 0.100000 0.021432 0.010231 0.321173
chr1:179173 179173 1378 0.100000 0.027704 0.009862 0.448565
chr1:179672 179672 1382 0.100000 0.019821 0.009481 0.320298
chr1:179744 179744 1384 0.350000 0.014667 0.015868 -0.034183
chr1:179880 179880 1386 0.100000 0.019789 0.007818 0.403346
chr1:180377 180377 1389 0.550000 0.021724 0.011113 0.291124
chr1:180586 180586 1391 0.100000 0.021432 0.010915 0.293044
chr1:180901 180901 1395 0.100000 0.021432 0.010915 0.293044
chr1:181004 181004 1396 0.350000 0.017441 0.016254 0.030623
chr1:181105 181105 1397 0.100000 0.027704 0.009250 0.476401
chr1:181619 181619 1401 0.350000 0.017441 0.016208 0.031843
chr1:181809 181809 1402 0.050000 0.000000 0.017312 -inf
chr1:182055 182055 1404 0.350000 0.014304 0.021183 -0.170512
chr1:182147 182147 1406 0.050000 0.000000 0.017696 -inf
chr1:182382 182382 1408 0.350000 0.019534 0.019426 0.002418
chr1:182566 182566 1409 0.500000 0.024441 0.013397 0.261122
chr1:182684 182684 1411 0.400000 0.018297 0.017799 0.011981
chr1:183063 183063 1416 0.450000 0.036416 0.012267 0.472565
chr1:183264 183264 1418 0.400000 0.018297 0.015630 0.068435
chr1:183326 183326 1419 0.050000 0.000000 0.019444 -inf
chr1:183407 183407 1422 0.400000 0.018297 0.018972 -0.015742
chr1:183561 183561 1423 0.550000 0.022729 0.014421 0.197599
chr1:184151 184151 1426 0.400000 0.018297 0.019116 -0.019023
chr1:184284 184284 1427 0.050000 0.000000 0.018056 -inf
chr1:184416 184416 1429 0.400000 0.040633 0.012232 0.521399
chr1:184610 184610 1431 0.550000 0.020951 0.013799 0.181370
chr1:184626 184626 1432 0.400000 0.017363 0.017689 -0.008076
chr1:184839 184839 1436 0.400000 0.017363 0.017689 -0.008076
chr1:185020 185020 1437 0.550000 0.020777 0.013508 0.186977
chr1:185180 185180 1439 0.550000 0.020951 0.013781 0.181940
chr1:185941 185941 1441 0.050000 0.000000 0.017203 -inf
chr1:186109 186109 1442 0.450000 0.013882 0.020951 -0.178748
chr1:186374 186374 1444 0.050000 0.000000 0.019899 -inf
chr1:187568 187568 1451 0.650000 0.016140 0.017874 -0.044313
chr1:188507 188507 1456 0.600000 0.020936 0.013252 0.198597
chr1:188746 188746 1457 0.250000 0.017553 0.016691 0.021866
chr1:188837 188837 1461 0.050000 0.000000 0.020963 -inf
chr1:190207 190207 1467 0.050000 0.000000 0.021003 -inf
chr1:190294 190294 1468 0.650000 0.020726 0.014389 0.158488
chr1:190703 190703 1471 0.050000 0.000000 0.020010 -inf
chr1:190762 190762 1472 0.050000 0.000000 0.020037 -inf
chr1:190842 190842 1473 0.050000 0.000000 0.012643 -inf
chr1:191395 191395 1475 0.750000 0.016118 0.014853 0.035495
chr1:191449 191449 1476 0.250000 0.014820 0.013152 0.051844
chr1:192054 192054 1480 0.250000 0.014853 0.016118 -0.035495
chr1:192384 192384 1484 0.150000 0.033218 0.019132 0.239604
chr1:192526 192526 1486 0.250000 0.014750 0.013152 0.049784
chr1:193010 193010 1488 0.050000 0.000000 0.020461 -inf
chr1:193263 193263 1490 0.150000 0.032148 0.014531 0.344863
chr1:193314 193314 1492 0.650000 0.021243 0.014921 0.153429
chr1:193525 193525 1494 0.050000 0.000000 0.021657 -inf
chr1:194160 194160 1497 0.050000 0.000000 0.020559 -inf
chr1:194295 194295 1502 0.050000 0.000000 0.022527 -inf
chr1:194301 194301 1503 0.250000 0.016382 0.017535 -0.029515
chr1:194751 194751 1510 0.150000 0.032244 0.013867 0.366483
chr1:195424 195424 1515 0.650000 0.022360 0.010266 0.338061
chr1:195620 195620 1517 0.600000 0.022459 0.012687 0.248039
chr1:195722 195722 1519 0.900000 0.013189 0.025148 -0.280293
chr1:195910 195910 1520 0.700000 0.019968 0.012786 0.193596
chr1:196506 196506 1522 0.800000 0.013343 0.025437 -0.280213
chr1:197388 197388 1528 0.650000 0.023973 0.011223 0.329605
chr1:197755 197755 1530 0.850000 0.015393 0.011892 0.112074
chr1:197771 197771 1531 0.150000 0.011892 0.015393 -0.112074
chr1:198438 198438 1538 0.150000 0.047559 0.013370 0.551116
chr1:198534 198534 1540 0.850000 0.015751 0.011892 0.122072
chr1:198566 198566 1541 0.750000 0.013999 0.011280 0.093767
chr1:198709 198709 1543 0.800000 0.011045 0.020352 -0.265444
chr1:198940 198940 1544 0.700000 0.013270 0.028358 -0.329789
chr1:199126 199126 1546 0.200000 0.011720 0.013230 -0.052634
chr1:199587 199587 1548 0.150000 0.019692 0.011943 0.217191
chr1:199870 199870 1550 0.200000 0.014650 0.013230 0.044284
chr1:200034 200034 1552 0.100000 0.022280 0.010964 0.307938
chr1:200066 200066 1553 0.150000 0.010998 0.012180 -0.044304
chr1:200520 200520 1556 0.150000 0.047559 0.010030 0.675924
chr1:201185 201185 1561 0.300000 0.007984 0.016210 -0.307550
chr1:201758 201758 1565 0.050000 0.000000 0.021559 -inf
chr1:202140 202140 1568 0.250000 0.010603 0.015690 -0.170188
chr1:202608 202608 1569 0.200000 0.014688 0.013216 0.045877
chr1:202765 202765 1571 0.700000 0.016510 0.009213 0.253355
chr1:203297 203297 1573 0.500000 0.021111 0.006849 0.488877
chr1:203512 203512 1575 0.150000 0.047559 0.009471 0.700821
chr1:203709 203709 1578 0.450000 0.010255 0.017944 -0.243000
chr1:203780 203780 1579 0.050000 0.000000 0.015773 -inf
chr1:203898 203898 1580 0.050000 0.000000 0.019671 -inf
chr1:204805 204805 1582 0.050000 0.000000 0.019700 -inf
chr1:205518 205518 1585 0.450000 0.010809 0.017897 -0.219009
chr1:205583 205583 1587 0.050000 0.000000 0.019025 -inf
chr1:205795 205795 1590 0.300000 0.020552 0.013674 0.176973
chr1:205796 205796 1591 0.450000 0.011983 0.017897 -0.174208
chr1:205880 205880 1592 0.550000 0.017897 0.011983 0.174208
chr1:205891 205891 1593 0.500000 0.017836 0.010159 0.244457
chr1:206047 206047 1594 0.450000 0.009080 0.015691 -0.237555
chr1:206067 206067 1595 0.450000 0.025987 0.015213 0.232539
chr1:206505 206505 1599 0.450000 0.009095 0.015516 -0.231987
chr1:206569 206569 1600 0.350000 0.012043 0.011971 0.002614
chr1:206788 206788 1602 0.400000 0.009584 0.015842 -0.218270
chr1:207208 207208 1603 0.450000 0.009105 0.015516 -0.231506
chr1:207264 207264 1605 0.550000 0.015516 0.009105 0.231506
chr1:207385 207385 1606 0.550000 0.015516 0.009105 0.231506
chr1:207451 207451 1608 0.500000 0.016215 0.008084 0.302310
chr1:207515 207515 1609 0.550000 0.014915 0.009121 0.213599
chr1:208428 208428 1615 0.050000 0.000000 0.016833 -inf
chr1:210056 210056 1631 0.050000 0.000000 0.017735 -inf
chr1:210507 210507 1634 0.800000 0.007988 0.024041 -0.478536
chr1:210785 210785 1635 0.550000 0.016105 0.010840 0.171925
chr1:211203 211203 1639 0.050000 0.000000 0.013154 -inf
chr1:214547 214547 1648 0.750000 0.012300 0.016584 -0.129776
chr1:214853 214853 1651 0.100000 0.012436 0.009982 0.095484
chr1:214980 214980 1652 0.100000 0.011854 0.010699 0.044555
chr1:215182 215182 1656 0.100000 0.011854 0.010699 0.044555
chr1:215387 215387 1657 0.150000 0.016582 0.009986 0.220259
chr1:215488 215488 1659 0.100000 0.014766 0.010392 0.152586
chr1:215853 215853 1663 0.750000 0.008660 0.006250 0.141599
chr1:216475 216475 1667 0.150000 0.008687 0.009984 -0.060420
chr1:216669 216669 1668 0.750000 0.006926 0.006250 0.044555
chr1:217909 217909 1673 0.100000 0.015223 0.009183 0.219492
chr1:217938 217938 1674 0.100000 0.009452 0.007773 0.084921
chr1:218009 218009 1675 0.100000 0.009452 0.007786 0.084212
chr1:218262 218262 1677 0.850000 0.013203 0.000000 inf
chr1:218444 218444 1680 0.100000 0.009515 0.007429 0.107493
chr1:218504 218504 1681 0.150000 0.016582 0.009497 0.242033
chr1:219404 219404 1686 0.050000 0.000000 0.017475 -inf
chr1:219476 219476 1688 0.050000 0.000000 0.017640 -inf
chr1:220233 220233 1693 0.600000 0.016715 0.006576 0.405175
chr1:220249 220249 1694 0.050000 0.000000 0.017898 -inf
chr1:220658 220658 1701 0.750000 0.018517 0.000000 inf
chr1:220775 220775 1702 0.650000 0.012401 0.000000 inf
chr1:220844 220844 1703 0.200000 0.015730 0.010668 0.168617
chr1:221176 221176 1704 0.050000 0.000000 0.015027 -inf
chr1:221740 221740 1708 0.050000 0.000000 0.015027 -inf
chr1:221756 221756 1709 0.500000 0.017370 0.006773 0.408985
chr1:221769 221769 1710 0.050000 0.000000 0.018646 -inf
chr1:221945 221945 1711 0.850000 0.016738 0.000000 inf
chr1:221968 221968 1712 0.600000 0.010724 0.005451 0.293912
chr1:222047 222047 1713 0.050000 0.000000 0.017859 -inf
chr1:222069 222069 1714 0.050000 0.000000 0.016685 -inf
chr1:222090 222090 1715 0.950000 0.016685 0.000000 inf
chr1:222139 222139 1716 0.050000 0.000000 0.016685 -inf
chr1:222550 222550 1720 0.950000 0.016685 0.000000 inf
chr1:222643 222643 1722 0.850000 0.016723 0.000000 inf
chr1:222742 222742 1725 0.200000 0.016959 0.008120 0.319827
chr1:223242 223242 1730 0.450000 0.023729 0.013183 0.255264
chr1:223258 223258 1731 0.950000 0.017166 0.000000 inf
chr1:223462 223462 1732 0.950000 0.017166 0.000000 inf
chr1:223467 223467 1733 0.950000 0.017166 0.000000 inf
chr1:223767 223767 1736 0.850000 0.017981 0.000000 inf
chr1:225989 225989 1749 0.150000 0.013679 0.010085 0.132357
chr1:226102 226102 1750 0.200000 0.015349 0.011455 0.127098
chr1:226159 226159 1751 0.050000 0.000000 0.018024 -inf
chr1:226500 226500 1752 0.050000 0.000000 0.018024 -inf
chr1:226632 226632 1753 0.350000 0.005999 0.014042 -0.369334
chr1:226666 226666 1754 0.050000 0.000000 0.016743 -inf
chr1:226669 226669 1755 0.150000 0.007679 0.007350 0.018998
chr1:227612 227612 1763 0.600000 0.016054 0.010586 0.180844
chr1:227757 227757 1765 0.050000 0.000000 0.017539 -inf
chr1:228018 228018 1771 0.300000 0.014276 0.015080 -0.023782
chr1:229749 229749 1782 0.800000 0.017256 0.019540 -0.053970
chr1:233643 233643 1800 0.850000 0.017514 0.011295 0.190515
chr1:233868 233868 1801 0.050000 0.000000 0.024928 -inf
chr1:235466 235466 1810 0.150000 0.008763 0.017514 -0.300750
chr1:235550 235550 1811 0.550000 0.025043 0.008075 0.491538
chr1:235974 235974 1812 0.150000 0.008324 0.015756 -0.277118
chr1:237195 237195 1818 0.100000 0.018223 0.014729 0.092456
chr1:237371 237371 1819 0.050000 0.000000 0.021252 -inf
chr1:237387 237387 1820 0.100000 0.021414 0.017068 0.098521
chr1:237871 237871 1823 0.050000 0.000000 0.025356 -inf
chr1:239339 239339 1829 0.050000 0.000000 0.022248 -inf
chr1:240013 240013 1832 0.050000 0.000000 0.022361 -inf
chr1:240365 240365 1835 0.050000 0.000000 0.022311 -inf
chr1:240383 240383 1837 0.050000 0.000000 0.022764 -inf
chr1:240578 240578 1841 0.900000 0.015328 0.012938 0.073641
chr1:241082 241082 1843 0.050000 0.000000 0.025909 -inf
chr1:241086 241086 1844 0.050000 0.000000 0.022450 -inf
chr1:241099 241099 1845 0.050000 0.000000 0.027176 -inf
chr1:241185 241185 1846 0.050000 0.000000 0.022450 -inf
chr1:241197 241197 1847 0.950000 0.022009 0.000000 inf
chr1:241271 241271 1849 0.050000 0.000000 0.022009 -inf
chr1:241321 241321 1850 0.050000 0.000000 0.021294 -inf
chr1:241404 241404 1851 0.050000 0.000000 0.018371 -inf
chr1:241777 241777 1855 0.050000 0.000000 0.021468 -inf
chr1:242325 242325 1858 0.950000 0.021675 0.000000 inf
chr1:242703 242703 1859 0.950000 0.021675 0.000000 inf
chr1:242965 242965 1861 0.050000 0.000000 0.021046 -inf
chr1:242997 242997 1863 0.950000 0.021785 0.000000 inf
chr1:243165 243165 1864 0.050000 0.000000 0.021547 -inf
chr1:243226 243226 1865 0.050000 0.000000 0.021531 -inf
chr1:243434 243434 1866 0.050000 0.000000 0.021531 -inf
chr1:243980 243980 1869 0.050000 0.000000 0.021531 -inf
chr1:243991 243991 1870 0.050000 0.000000 0.022221 -inf
chr1:244029 244029 1871 0.050000 0.000000 0.021052 -inf
chr1:244032 244032 1872 0.050000 0.000000 0.017631 -inf
chr1:244445 244445 1875 0.050000 0.000000 0.017942 -inf
chr1:244696 244696 1876 0.050000 0.000000 0.025658 -inf
chr1:244711 244711 1877 0.050000 0.000000 0.020199 -inf
chr1:245027 245027 1881 0.900000 0.013273 0.013447 -0.005629
chr1:245315 245315 1884 0.650000 0.018433 0.004210 0.641363
chr1:245877 245877 1886 0.050000 0.000000 0.018770 -inf
chr1:246762 246762 1889 0.800000 0.013989 0.014345 -0.010924
chr1:247072 247072 1893 0.050000 0.000000 0.022693 -inf
chr1:248145 248145 1899 0.050000 0.000000 0.022856 -inf
chr1:248309 248309 1901 0.850000 0.025457 0.000000 inf
chr1:248402 248402 1902 0.150000 0.035187 0.010888 0.509453
chr1:248623 248623 1904 0.050000 0.000000 0.019398 -inf
chr1:248684 248684 1905 0.050000 0.000000 0.019415 -inf
chr1:248834 248834 1907 0.950000 0.019415 0.000000 inf
chr1:249534 249534 1908 0.750000 0.016202 0.005033 0.507771
chr1:249709 249709 1909 0.100000 0.016990 0.010812 0.196270
chr1:249835 249835 1910 0.050000 0.000000 0.018039 -inf
chr1:250000 250000 1911 0.650000 0.018795 0.002514 0.873666
chr1:250079 250079 1912 0.050000 0.000000 0.017109 -inf
chr1:250100 250100 1913 0.050000 0.000000 0.016490 -inf
chr1:250143 250143 1914 0.750000 0.010621 0.002852 0.571057
chr1:250288 250288 1915 0.050000 0.000000 0.014521 -inf
chr1:250306 250306 1916 0.050000 0.000000 0.014521 -inf
chr1:250313 250313 1917 0.150000 0.008800 0.008541 0.012957
chr1:250436 250436 1920 0.050000 0.000000 0.016559 -inf
chr1:250621 250621 1922 0.050000 0.000000 0.015477 -inf
chr1:251351 251351 1932 0.050000 0.000000 0.015898 -inf
chr1:251454 251454 1933 0.600000 0.011193 0.007170 0.193419
chr1:251469 251469 1934 0.800000 0.008810 0.034817 -0.596827
chr1:251475 251475 1935 0.100000 0.036022 0.010145 0.550288
chr1:251502 251502 1936 0.900000 0.010145 0.036022 -0.550288
chr1:251527 251527 1937 0.100000 0.036022 0.010145 0.550288
chr1:251770 251770 1939 0.050000 0.000000 0.016928 -inf
chr1:252845 252845 1944 0.100000 0.036022 0.010396 0.539691
chr1:253402 253402 1947 0.900000 0.010396 0.036022 -0.539691
chr1:253623 253623 1951 0.100000 0.043805 0.009327 0.671795
chr1:254212 254212 1954 0.050000 0.000000 0.018898 -inf
chr1:254286 254286 1955 0.050000 0.000000 0.019022 -inf
chr1:254854 254854 1959 0.900000 0.012623 0.037148 -0.468772
chr1:255156 255156 1962 0.100000 0.035943 0.012611 0.454867
chr1:255242 255242 1964 0.100000 0.037148 0.012623 0.468772
chr1:255621 255621 1968 0.050000 0.000000 0.018180 -inf
chr1:256222 256222 1972 0.100000 0.037148 0.012973 0.456893
chr1:256737 256737 1976 0.800000 0.014742 0.037148 -0.401365
chr1:257121 257121 1979 0.750000 0.022581 0.000000 inf
chr1:257558 257558 1985 0.050000 0.000000 0.025770 -inf
chr1:259628 259628 1994 0.700000 0.025744 0.013151 0.291723
chr1:260796 260796 2002 0.050000 0.000000 0.027415 -inf
chr1:262055 262055 2007 0.050000 0.000000 0.027932 -inf
chr1:262190 262190 2009 0.100000 0.037859 0.020413 0.268272
chr1:262524 262524 2011 0.050000 0.000000 0.026978 -inf
chr1:263874 263874 2024 0.700000 0.025266 0.015437 0.213970
chr1:264650 264650 2031 0.900000 0.021866 0.037859 -0.238404
chr1:265194 265194 2035 0.100000 0.037859 0.021866 0.238404
chr1:265351 265351 2037 0.800000 0.023472 0.037859 -0.207613
chr1:266462 266462 2045 0.150000 0.020899 0.023842 -0.057229
chr1:266570 266570 2047 0.900000 0.024361 0.037859 -0.191475
chr1:267733 267733 2054 0.100000 0.037859 0.024361 0.191475
chr1:267866 267866 2055 0.050000 0.000000 0.031692 -inf
chr1:268030 268030 2056 0.050000 0.000000 0.030359 -inf
chr1:269093 269093 2067 0.050000 0.000000 0.029432 -inf
chr1:270393 270393 2072 0.700000 0.027207 0.016345 0.221299
chr1:270824 270824 2076 0.100000 0.037985 0.024099 0.197603
chr1:274310 274310 2101 0.050000 0.000000 0.031449 -inf
chr1:275171 275171 2107 0.700000 0.027207 0.020604 0.120735
chr1:275206 275206 2108 0.650000 0.028379 0.019891 0.154336
chr1:275498 275498 2110 0.150000 0.155073 0.021679 0.854496
chr1:275917 275917 2111 0.200000 0.016113 0.016349 -0.006317
chr1:276891 276891 2117 0.050000 0.000000 0.020377 -inf
chr1:277068 277068 2119 0.150000 0.029553 0.012730 0.365759
chr1:277165 277165 2122 0.200000 0.012758 0.016626 -0.115004
chr1:277234 277234 2124 0.050000 0.000000 0.020834 -inf
chr1:278539 278539 2133 0.050000 0.000000 0.021712 -inf
chr1:278669 278669 2134 0.800000 0.015932 0.012758 0.096483
chr1:278754 278754 2136 0.200000 0.012758 0.015932 -0.096483
chr1:279463 279463 2139 0.500000 0.035490 0.008051 0.644271
chr1:279589 279589 2140 0.700000 0.018685 0.013875 0.129250
chr1:280049 280049 2142 0.050000 0.000000 0.020763 -inf
chr1:280668 280668 2144 0.850000 0.010568 0.000000 inf
chr1:280925 280925 2145 0.100000 0.064497 0.009902 0.813813
chr1:281585 281585 2148 0.200000 0.012390 0.011689 0.025319
chr1:281628 281628 2149 0.200000 0.012390 0.011689 0.025319
chr1:281996 281996 2153 0.050000 0.000000 0.016708 -inf
chr1:282250 282250 2157 0.150000 0.136808 0.013628 1.001685
chr1:282658 282658 2162 0.150000 0.012631 0.009427 0.127037
chr1:282886 282886 2163 0.250000 0.020509 0.007856 0.416717
chr1:283495 283495 2166 0.050000 0.000000 0.015673 -inf
chr1:283767 283767 2167 0.750000 0.016938 0.136808 -0.907243
chr1:284028 284028 2169 0.050000 0.000000 0.008604 -inf
chr1:284557 284557 2174 0.800000 0.018507 0.377184 -1.309211
chr1:284600 284600 2176 0.150000 0.136808 0.017354 0.896720
chr1:287605 287605 2193 0.200000 0.019627 0.010356 0.277666
chr1:287667 287667 2195 0.200000 0.019627 0.010356 0.277666
chr1:287956 287956 2198 0.050000 0.000000 0.017188 -inf
chr1:288225 288225 2200 0.450000 0.016376 0.010394 0.197404
chr1:288505 288505 2205 0.150000 0.018672 0.009731 0.283051
chr1:288548 288548 2206 0.050000 0.000000 0.018184 -inf
chr1:289282 289282 2215 0.150000 0.018954 0.009408 0.304217
chr1:289547 289547 2218 0.150000 0.136808 0.017870 0.883974
chr1:289741 289741 2219 0.150000 0.019618 0.009416 0.318789
chr1:290133 290133 2221 0.150000 0.011582 0.006990 0.219295
chr1:290238 290238 2222 0.350000 0.023082 0.007612 0.481795
chr1:290334 290334 2223 0.200000 0.013139 0.008042 0.213191
chr1:290601 290601 2225 0.200000 0.013139 0.008042 0.213191
chr1:290681 290681 2226 0.150000 0.019614 0.009701 0.305740
chr1:291156 291156 2231 0.500000 0.016620 0.007052 0.372320
chr1:291325 291325 2232 0.800000 0.010157 0.020603 -0.307157
chr1:292504 292504 2238 0.050000 0.000000 0.015191 -inf
chr1:293643 293643 2243 0.050000 0.000000 0.018397 -inf
chr1:293670 293670 2244 0.500000 0.016620 0.008435 0.294552
chr1:293933 293933 2246 0.300000 0.011103 0.012036 -0.035040
chr1:294073 294073 2247 0.200000 0.020602 0.009707 0.326848
chr1:294342 294342 2250 0.200000 0.020533 0.009184 0.349427
chr1:294882 294882 2253 0.050000 0.000000 0.014602 -inf
chr1:294963 294963 2255 0.050000 0.000000 0.015600 -inf
chr1:295178 295178 2256 0.200000 0.016670 0.009904 0.226148
chr1:295370 295370 2259 0.550000 0.014202 0.006812 0.319064
chr1:295433 295433 2260 0.100000 0.013736 0.007691 0.251902
chr1:295467 295467 2261 0.050000 0.000000 0.014655 -inf
chr1:295799 295799 2263 0.200000 0.016670 0.009501 0.244171
chr1:295888 295888 2264 0.100000 0.009947 0.006780 0.166447
chr1:296168 296168 2268 0.400000 0.015617 0.005734 0.435175
chr1:296289 296289 2270 0.200000 0.016670 0.010949 0.182590
chr1:296760 296760 2276 0.050000 0.000000 0.015366 -inf
chr1:296765 296765 2277 0.050000 0.000000 0.015366 -inf
chr1:297361 297361 2280 0.500000 0.019974 0.007877 0.404067
chr1:298519 298519 2290 0.200000 0.016670 0.012216 0.135021
chr1:298876 298876 2292 0.050000 0.000000 0.015893 -inf
chr1:298910 298910 2293 0.700000 0.012391 0.016670 -0.128857
chr1:299017 299017 2294 0.050000 0.000000 0.015120 -inf
chr1:299250 299250 2295 0.150000 0.025354 0.008087 0.496264
chr1:300219 300219 2302 0.100000 0.016858 0.005399 0.494523
chr1:300232 300232 2303 0.700000 0.006734 0.013342 -0.296910
chr1:300393 300393 2305 0.050000 0.000000 0.013777 -inf
chr1:300455 300455 2306 0.050000 0.000000 0.012475 -inf
chr1:300530 300530 2308 0.200000 0.013466 0.007869 0.233312
chr1:300562 300562 2309 0.150000 0.025271 0.007040 0.555060
chr1:300632 300632 2310 0.200000 0.018997 0.007869 0.382742
chr1:301073 301073 2313 0.200000 0.018997 0.007869 0.382742
chr1:301173 301173 2314 0.100000 0.014097 0.006602 0.329479
chr1:301657 301657 2316 0.250000 0.012153 0.008436 0.158562
chr1:302242 302242 2320 0.100000 0.018126 0.005608 0.509481
chr1:302324 302324 2321 0.700000 0.009574 0.007371 0.113565
chr1:302425 302425 2322 0.200000 0.015792 0.007927 0.299307
chr1:302837 302837 2326 0.700000 0.009574 0.007222 0.122478
chr1:303257 303257 2329 0.350000 0.018868 0.006458 0.465656
chr1:303930 303930 2338 0.050000 0.000000 0.008807 -inf
chr1:304673 304673 2342 0.050000 0.000000 0.015086 -inf
chr1:304705 304705 2344 0.650000 0.012158 0.011312 0.031331
chr1:305474 305474 2349 0.050000 0.000000 0.015947 -inf
chr1:305596 305596 2350 0.200000 0.015792 0.012193 0.112317
chr1:305765 305765 2352 0.050000 0.000000 0.017528 -inf
chr1:305787 305787 2353 0.800000 0.009453 0.015792 -0.222856
chr1:305871 305871 2354 0.200000 0.015792 0.009453 0.222856
chr1:305926 305926 2355 0.750000 0.010454 0.010015 0.018634
chr1:306725 306725 2358 0.750000 0.010454 0.010015 0.018634
chr1:307017 307017 2359 0.200000 0.013000 0.008962 0.161508
chr1:307197 307197 2363 0.800000 0.009185 0.020064 -0.339332
chr1:307709 307709 2365 0.100000 0.016707 0.006871 0.385868
chr1:307757 307757 2366 0.050000 0.000000 0.013277 -inf
chr1:308308 308308 2368 0.800000 0.010311 0.020064 -0.289109
chr1:308531 308531 2369 0.200000 0.020064 0.010311 0.289109
chr1:308671 308671 2370 0.750000 0.011320 0.012265 -0.034821
chr1:308735 308735 2373 0.150000 0.146390 0.015524 0.974516
chr1:309094 309094 2374 0.950000 0.013119 0.000000 inf
chr1:309362 309362 2376 0.050000 0.000000 0.013119 -inf
chr1:309418 309418 2377 0.150000 0.146390 0.013707 1.028567
chr1:309868 309868 2378 0.050000 0.000000 0.012756 -inf
chr1:310049 310049 2380 0.050000 0.000000 0.012756 -inf
chr1:310116 310116 2381 0.050000 0.000000 0.012756 -inf
chr1:310166 310166 2382 0.050000 0.000000 0.006288 -inf
chr1:310252 310252 2383 0.050000 0.000000 0.012359 -inf
chr1:310304 310304 2384 0.050000 0.000000 0.012236 -inf
chr1:310356 310356 2385 0.850000 0.014280 0.000000 inf
chr1:310558 310558 2387 0.850000 0.015159 0.000000 inf
chr1:310933 310933 2389 0.050000 0.000000 0.013834 -inf
chr1:312829 312829 2399 0.200000 0.020112 0.010173 0.296010
chr1:313212 313212 2403 0.050000 0.000000 0.015558 -inf
chr1:313433 313433 2405 0.100000 0.009840 0.009208 0.028841
chr1:313946 313946 2410 0.050000 0.000000 0.016914 -inf
chr1:314110 314110 2411 0.050000 0.000000 0.011096 -inf
chr1:315053 315053 2416 0.050000 0.000000 0.017112 -inf
chr1:315463 315463 2419 0.300000 0.016062 0.010676 0.177401
chr1:316177 316177 2422 0.050000 0.000000 0.018977 -inf
chr1:316244 316244 2423 0.050000 0.000000 0.019907 -inf
chr1:316506 316506 2425 0.050000 0.000000 0.018274 -inf
chr1:317767 317767 2431 0.100000 0.014777 0.011176 0.121295
chr1:318358 318358 2436 0.100000 0.010522 0.012436 -0.072579
chr1:319180 319180 2440 0.350000 0.016885 0.012975 0.114385
chr1:319888 319888 2444 0.400000 0.021357 0.013236 0.207784
chr1:319919 319919 2445 0.400000 0.021357 0.013236 0.207784
chr1:320454 320454 2449 0.050000 0.000000 0.015344 -inf
chr1:320606 320606 2452 0.300000 0.017966 0.009719 0.266823
chr1:320674 320674 2453 0.600000 0.009697 0.021170 -0.339061
chr1:321680 321680 2463 0.950000 0.015078 0.000000 inf
chr1:322071 322071 2469 0.950000 0.015078 0.000000 inf
chr1:322432 322432 2474 0.050000 0.000000 0.016967 -inf
chr1:323072 323072 2479 0.050000 0.000000 0.017481 -inf
chr1:323105 323105 2480 0.400000 0.018954 0.010458 0.258240
chr1:323500 323500 2483 0.850000 0.013762 0.000000 inf
chr1:323663 323663 2484 0.050000 0.000000 0.014898 -inf
chr1:323679 323679 2485 0.950000 0.014898 0.000000 inf
chr1:324080 324080 2488 0.450000 0.015995 0.014089 0.055109
chr1:324090 324090 2489 0.200000 0.014793 0.007723 0.282261
chr1:324425 324425 2491 0.050000 0.000000 0.012956 -inf
chr1:324743 324743 2495 0.350000 0.012752 0.011894 0.030264
chr1:325262 325262 2498 0.500000 0.014729 0.009193 0.204724
chr1:325395 325395 2499 0.050000 0.000000 0.013112 -inf
chr1:325475 325475 2501 0.400000 0.015909 0.009301 0.233142
chr1:326203 326203 2503 0.150000 0.027386 0.008722 0.496922
chr1:326213 326213 2504 0.050000 0.000000 0.007487 -inf
chr1:326270 326270 2505 0.050000 0.000000 0.015604 -inf
chr1:326719 326719 2506 0.400000 0.012619 0.010473 0.080941
chr1:326754 326754 2507 0.250000 0.065240 0.014901 0.641296
chr1:327023 327023 2508 0.050000 0.000000 0.013519 -inf
chr1:327525 327525 2510 0.500000 0.010349 0.014777 -0.154698
chr1:327673 327673 2511 0.450000 0.012943 0.013947 -0.032432
chr1:327903 327903 2514 0.050000 0.000000 0.013032 -inf
chr1:327907 327907 2515 0.200000 0.005333 0.007901 -0.170756
chr1:328354 328354 2519 0.050000 0.000000 0.014286 -inf
chr1:328684 328684 2521 0.500000 0.015088 0.009899 0.183046
chr1:328787 328787 2523 0.500000 0.009899 0.015088 -0.183046
chr1:328997 328997 2525 0.200000 0.005998 0.008448 -0.148760
chr1:329441 329441 2529 0.100000 0.015164 0.007107 0.329099
chr1:329647 329647 2530 0.050000 0.000000 0.013677 -inf
chr1:329705 329705 2531 0.150000 0.010021 0.007655 0.116961
chr1:329761 329761 2534 0.400000 0.020947 0.006042 0.539902
chr1:329931 329931 2538 0.150000 0.005717 0.009075 -0.200711
chr1:330099 330099 2540 0.050000 0.000000 0.014851 -inf
chr1:330153 330153 2541 0.050000 0.000000 0.014796 -inf
chr1:331343 331343 2551 0.400000 0.020947 0.007736 0.432617
chr1:331461 331461 2552 0.050000 0.000000 0.016524 -inf
chr1:331521 331521 2553 0.050000 0.000000 0.015070 -inf
chr1:331604 331604 2556 0.050000 0.000000 0.016341 -inf
chr1:332681 332681 2563 0.500000 0.011505 0.014368 -0.096515
chr1:333529 333529 2572 0.050000 0.000000 0.015874 -inf
chr1:333699 333699 2574 0.250000 0.065240 0.016372 0.600423
chr1:333782 333782 2576 0.050000 0.000000 0.016987 -inf
chr1:334080 334080 2579 0.150000 0.164752 0.015399 1.029339
chr1:334330 334330 2580 0.850000 0.018098 0.000000 inf
chr1:334424 334424 2581 0.100000 0.009704 0.008929 0.036157
chr1:334482 334482 2582 0.150000 0.011182 0.010943 0.009403
chr1:335513 335513 2592 0.250000 0.010943 0.013385 -0.087470
chr1:336842 336842 2597 0.050000 0.000000 0.010822 -inf
chr1:337253 337253 2600 0.050000 0.000000 0.018520 -inf
chr1:337557 337557 2603 0.050000 0.000000 0.018520 -inf
chr1:337919 337919 2607 0.950000 0.018520 0.000000 inf
chr1:338006 338006 2608 0.050000 0.000000 0.018520 -inf
chr1:338118 338118 2609 0.850000 0.018122 0.000000 inf
chr1:339200 339200 2618 0.050000 0.000000 0.018489 -inf
chr1:339213 339213 2619 0.050000 0.000000 0.008902 -inf
chr1:339327 339327 2622 0.050000 0.000000 0.017682 -inf
chr1:339580 339580 2624 0.950000 0.017216 0.000000 inf
chr1:339589 339589 2625 0.950000 0.017216 0.000000 inf
chr1:340200 340200 2633 0.200000 0.014343 0.012854 0.047592
chr1:340415 340415 2636 0.350000 0.018895 0.013708 0.139376
chr1:343311 343311 2658 0.850000 0.021292 0.000000 inf
chr1:343958 343958 2663 0.050000 0.000000 0.021213 -inf
chr1:344138 344138 2665 0.950000 0.021213 0.000000 inf
chr1:344396 344396 2667 0.950000 0.021213 0.000000 inf
chr1:344695 344695 2669 0.100000 0.043679 0.012949 0.528039
chr1:345389 345389 2674 0.250000 0.025652 0.014133 0.258882
chr1:345621 345621 2676 0.050000 0.000000 0.021693 -inf
chr1:345646 345646 2677 0.150000 0.021025 0.017196 0.087303
chr1:345700 345700 2678 0.100000 0.043679 0.012932 0.528610
chr1:345878 345878 2680 0.100000 0.043679 0.012932 0.528610
chr1:345896 345896 2681 0.150000 0.015218 0.014479 0.021605
chr1:345928 345928 2682 0.850000 0.014479 0.015218 -0.021605
chr1:346024 346024 2684 0.050000 0.000000 0.017910 -inf
chr1:346213 346213 2686 0.250000 0.018725 0.011179 0.224034
chr1:346773 346773 2690 0.150000 0.019699 0.014131 0.144256
chr1:347302 347302 2693 0.350000 0.028128 0.010808 0.415382
chr1:347655 347655 2697 0.250000 0.034516 0.012263 0.449422
chr1:347702 347702 2698 0.700000 0.014092 0.011161 0.101283
chr1:347928 347928 2701 0.200000 0.011161 0.014092 -0.101283
chr1:348336 348336 2704 0.450000 0.016571 0.010327 0.205375
chr1:348414 348414 2705 0.050000 0.000000 0.019568 -inf
chr1:348535 348535 2707 0.700000 0.014259 0.007352 0.287720
chr1:348831 348831 2708 0.250000 0.018525 0.010357 0.252532
chr1:348839 348839 2709 0.650000 0.011507 0.009404 0.087623
chr1:349228 349228 2714 0.250000 0.026849 0.005376 0.698465
chr1:349381 349381 2715 0.050000 0.000000 0.014998 -inf
chr1:349767 349767 2719 0.450000 0.012050 0.006440 0.272084
chr1:349843 349843 2720 0.700000 0.008831 0.007620 0.064076
chr1:350639 350639 2721 0.450000 0.008417 0.012300 -0.164746
chr1:351261 351261 2729 0.250000 0.011952 0.007108 0.225680
chr1:351323 351323 2730 0.250000 0.012150 0.007731 0.196350
chr1:351529 351529 2731 0.300000 0.016042 0.007069 0.355875
chr1:351587 351587 2733 0.300000 0.016042 0.007069 0.355875
chr1:351757 351757 2734 0.450000 0.012050 0.006333 0.279383
chr1:352121 352121 2736 0.250000 0.022818 0.007064 0.509226
chr1:352168 352168 2737 0.700000 0.007123 0.016242 -0.357970
chr1:352434 352434 2739 0.050000 0.000000 0.005196 -inf
chr1:352515 352515 2740 0.050000 0.000000 0.011742 -inf
chr1:352640 352640 2741 0.300000 0.016242 0.007193 0.353710
chr1:352725 352725 2742 0.050000 0.000000 0.005088 -inf
chr1:353621 353621 2747 0.150000 0.014883 0.004676 0.502778
chr1:353981 353981 2750 0.550000 0.008024 0.007913 0.006033
chr1:354045 354045 2752 0.250000 0.022818 0.006608 0.538227
chr1:354098 354098 2753 0.100000 0.043679 0.004868 0.952914
chr1:354261 354261 2755 0.300000 0.015916 0.006565 0.384621
chr1:354377 354377 2756 0.150000 0.015451 0.006048 0.407321
chr1:354671 354671 2760 0.150000 0.015451 0.006048 0.407321
chr1:354800 354800 2762 0.050000 0.000000 0.012343 -inf
chr1:355107 355107 2767 0.550000 0.009210 0.007988 0.061831
chr1:355210 355210 2768 0.550000 0.009210 0.007988 0.061831
chr1:355268 355268 2769 0.100000 0.034021 0.005120 0.822463
chr1:355735 355735 2772 0.250000 0.022818 0.006164 0.568428
chr1:355743 355743 2773 0.550000 0.009210 0.009171 0.001849
chr1:355933 355933 2775 0.400000 0.012562 0.007814 0.206196
chr1:356342 356342 2776 0.200000 0.014947 0.006903 0.335506
chr1:356374 356374 2777 0.800000 0.006386 0.014947 -0.369300
chr1:356478 356478 2778 0.800000 0.006386 0.014947 -0.369300
chr1:356700 356700 2781 0.200000 0.033546 0.006152 0.736617
chr1:356893 356893 2783 0.050000 0.000000 0.006753 -inf
chr1:357113 357113 2785 0.150000 0.028422 0.008638 0.517238
chr1:357854 357854 2789 0.050000 0.000000 0.013966 -inf
chr1:358009 358009 2792 0.150000 0.027811 0.007243 0.584271
chr1:358405 358405 2793 0.500000 0.010736 0.015849 -0.169152
chr1:358714 358714 2797 0.150000 0.026764 0.006921 0.587354
chr1:359268 359268 2802 0.050000 0.000000 0.013833 -inf
chr1:359316 359316 2803 0.900000 0.006843 0.014896 -0.337855
chr1:359832 359832 2805 0.500000 0.011030 0.014314 -0.113194
chr1:360821 360821 2818 0.250000 0.019398 0.008975 0.334707
chr1:361567 361567 2823 0.250000 0.017669 0.010127 0.241743
chr1:361623 361623 2825 0.100000 0.014896 0.008909 0.223265
chr1:362346 362346 2830 0.150000 0.026764 0.008925 0.476929
chr1:362377 362377 2831 0.500000 0.014155 0.013262 0.028304
chr1:363039 363039 2836 0.250000 0.036078 0.008859 0.609867
chr1:363334 363334 2839 0.050000 0.000000 0.015236 -inf
chr1:363816 363816 2842 0.250000 0.037635 0.008859 0.628210
chr1:364081 364081 2845 0.050000 0.000000 0.008709 -inf
chr1:364353 364353 2847 0.600000 0.011441 0.020626 -0.255958
chr1:364506 364506 2848 0.400000 0.014337 0.018546 -0.111784
chr1:365066 365066 2853 0.050000 0.000000 0.016020 -inf
chr1:365622 365622 2856 0.150000 0.026664 0.008047 0.520309
chr1:366196 366196 2857 0.150000 0.144865 0.015126 0.981230
chr1:366728 366728 2861 0.600000 0.010357 0.021638 -0.319961
chr1:367247 367247 2865 0.200000 0.051433 0.009166 0.749064
chr1:367833 367833 2870 0.050000 0.000000 0.010970 -inf
chr1:368109 368109 2871 0.150000 0.026664 0.009925 0.429188
chr1:368798 368798 2876 0.100000 0.014894 0.007879 0.276522
chr1:369583 369583 2883 0.150000 0.026664 0.010564 0.402099
chr1:370300 370300 2886 0.600000 0.011649 0.019904 -0.232656
chr1:370792 370792 2890 0.600000 0.011649 0.019904 -0.232656
chr1:371261 371261 2892 0.400000 0.019904 0.011649 0.232656
chr1:372271 372271 2898 0.100000 0.016395 0.010342 0.200103
chr1:372339 372339 2899 0.850000 0.011978 0.026664 -0.347534
chr1:372442 372442 2900 0.050000 0.000000 0.018667 -inf
chr1:372545 372545 2901 0.050000 0.000000 0.017282 -inf
chr1:373276 373276 2908 0.300000 0.011460 0.009741 0.070566
chr1:373708 373708 2910 0.450000 0.010092 0.014880 -0.168630
chr1:373770 373770 2911 0.600000 0.008420 0.019192 -0.357824
chr1:373810 373810 2912 0.050000 0.000000 0.014536 -inf
chr1:373952 373952 2913 0.100000 0.015043 0.007236 0.317837
chr1:374711 374711 2917 0.600000 0.008933 0.019192 -0.332126
chr1:375402 375402 2923 0.250000 0.042645 0.007713 0.742635
chr1:375902 375902 2928 0.150000 0.144865 0.016439 0.945074
chr1:376365 376365 2931 0.150000 0.026664 0.009023 0.470552
chr1:376451 376451 2933 0.700000 0.008796 0.042574 -0.684854
chr1:376781 376781 2935 0.250000 0.042645 0.009102 0.670744
chr1:377002 377002 2936 0.200000 0.082629 0.017450 0.675347
chr1:377350 377350 2941 0.150000 0.027686 0.008482 0.513771
chr1:378027 378027 2944 0.100000 0.015043 0.008673 0.239130
chr1:378945 378945 2953 0.200000 0.082629 0.020551 0.604294
chr1:379490 379490 2957 0.350000 0.024489 0.010341 0.374393
chr1:379665 379665 2958 0.050000 0.000000 0.017597 -inf
chr1:379741 379741 2959 0.200000 0.021773 0.011620 0.272705
chr1:379772 379772 2960 0.200000 0.021773 0.010900 0.300496
chr1:379992 379992 2964 0.050000 0.000000 0.008829 -inf
chr1:380159 380159 2967 0.250000 0.013294 0.010788 0.090689
chr1:380396 380396 2969 0.050000 0.000000 0.014728 -inf
chr1:380400 380400 2970 0.050000 0.000000 0.014593 -inf
chr1:380551 380551 2971 0.150000 0.017674 0.010655 0.219779
chr1:380726 380726 2972 0.200000 0.010933 0.009510 0.060545
chr1:381640 381640 2977 0.750000 0.010655 0.007206 0.169852
chr1:381879 381879 2980 0.050000 0.000000 0.014060 -inf
chr1:381905 381905 2981 0.250000 0.007476 0.010655 -0.153863
chr1:381981 381981 2982 0.250000 0.007476 0.010655 -0.153863
chr1:381989 381989 2983 0.150000 0.022684 0.005846 0.588882
chr1:382084 382084 2984 0.050000 0.000000 0.012978 -inf
chr1:382115 382115 2985 0.650000 0.011891 0.020559 -0.237769
chr1:382272 382272 2987 0.250000 0.008147 0.009500 -0.066699
chr1:382665 382665 2990 0.050000 0.000000 0.014303 -inf
chr1:382814 382814 2991 0.200000 0.051433 0.005985 0.934165
chr1:382879 382879 2992 0.550000 0.010367 0.012535 -0.082483
chr1:385002 385002 3006 0.200000 0.082629 0.012859 0.807930
chr1:385115 385115 3009 0.600000 0.009698 0.015129 -0.193119
chr1:385201 385201 3010 0.200000 0.082629 0.017464 0.674983
chr1:385649 385649 3012 0.300000 0.025793 0.008500 0.482083
chr1:385746 385746 3014 0.050000 0.000000 0.012909 -inf
chr1:385833 385833 3015 0.350000 0.020164 0.007565 0.425744
chr1:386252 386252 3019 0.150000 0.027120 0.006659 0.609892
chr1:386309 386309 3021 0.050000 0.000000 0.012254 -inf
chr1:386861 386861 3022 0.050000 0.000000 0.012739 -inf
chr1:386963 386963 3023 0.600000 0.006922 0.026573 -0.584194
chr1:386981 386981 3024 0.700000 0.006068 0.026573 -0.641389
chr1:387205 387205 3025 0.150000 0.134341 0.011747 1.058267
chr1:387226 387226 3026 0.050000 0.000000 0.011226 -inf
chr1:387289 387289 3027 0.400000 0.013761 0.005905 0.367386
chr1:387373 387373 3028 0.100000 0.015511 0.004214 0.565970
chr1:387509 387509 3029 0.250000 0.019198 0.004930 0.590403
chr1:387605 387605 3031 0.400000 0.017798 0.006967 0.407309
chr1:387965 387965 3035 0.400000 0.017798 0.006967 0.407309
chr1:388559 388559 3039 0.050000 0.000000 0.013980 -inf
chr1:389446 389446 3043 0.200000 0.076768 0.016841 0.658816
chr1:389718 389718 3044 0.200000 0.076768 0.016841 0.658816
chr1:389970 389970 3046 0.300000 0.033587 0.019060 0.246059
chr1:392842 392842 3063 0.700000 0.019060 0.033587 -0.246059
chr1:393228 393228 3066 0.050000 0.000000 0.016086 -inf
chr1:394494 394494 3075 0.150000 0.031928 0.009904 0.508361
chr1:395165 395165 3080 0.650000 0.021201 0.048320 -0.357762
chr1:395211 395211 3081 0.050000 0.000000 0.019197 -inf
chr1:395248 395248 3082 0.050000 0.000000 0.019024 -inf
chr1:396154 396154 3089 0.200000 0.076768 0.019361 0.598263
chr1:396498 396498 3090 0.050000 0.000000 0.018751 -inf
chr1:397408 397408 3096 0.050000 0.000000 0.018616 -inf
chr1:397909 397909 3101 0.050000 0.000000 0.019760 -inf
chr1:398488 398488 3103 0.050000 0.000000 0.020002 -inf
chr1:398528 398528 3104 0.050000 0.000000 0.019488 -inf
chr1:399972 399972 3110 0.100000 0.377184 0.020390 1.267144
chr1:400031 400031 3112 0.200000 0.092788 0.020390 0.658081
chr1:400262 400262 3114 0.050000 0.000000 0.021796 -inf
chr1:400653 400653 3122 0.200000 0.092788 0.020936 0.646598
chr1:400901 400901 3124 0.700000 0.022340 0.092788 -0.618413
chr1:401214 401214 3125 0.250000 0.061602 0.022234 0.442578
chr1:403125 403125 3134 0.050000 0.000000 0.017794 -inf
chr1:403378 403378 3136 0.750000 0.023790 0.061602 -0.413205
chr1:404451 404451 3143 0.200000 0.092788 0.023123 0.603445
chr1:405333 405333 3150 0.650000 0.027109 0.061982 -0.359158
chr1:405379 405379 3151 0.050000 0.000000 0.020198 -inf
chr1:405469 405469 3152 0.750000 0.024267 0.055756 -0.361271
chr1:405598 405598 3154 0.050000 0.000000 0.019596 -inf
chr1:405832 405832 3156 0.050000 0.000000 0.021327 -inf
chr1:406605 406605 3163 0.850000 0.019606 0.000000 inf
chr1:407109 407109 3164 0.050000 0.000000 0.015747 -inf
chr1:407251 407251 3165 0.100000 0.016268 0.012466 0.115612
chr1:407417 407417 3167 0.800000 0.014183 0.016268 -0.059554
chr1:407532 407532 3168 0.600000 0.026511 0.064925 -0.388980
chr1:408678 408678 3175 0.100000 0.016268 0.013402 0.084176
chr1:409723 409723 3180 0.550000 0.020552 0.011208 0.263299
chr1:409913 409913 3182 0.450000 0.021351 0.011208 0.279869
chr1:410063 410063 3183 0.200000 0.092788 0.022412 0.617004
chr1:411106 411106 3188 0.200000 0.092788 0.023337 0.599452
chr1:411111 411111 3189 0.550000 0.022077 0.010076 0.340657
chr1:411383 411383 3191 0.600000 0.018796 0.012163 0.189029
chr1:411385 411385 3192 0.100000 0.054627 0.012507 0.640257
chr1:412339 412339 3199 0.800000 0.012059 0.016101 -0.125528
chr1:412876 412876 3203 0.050000 0.000000 0.019109 -inf
chr1:413433 413433 3206 0.050000 0.000000 0.019881 -inf
chr1:413873 413873 3208 0.050000 0.000000 0.013883 -inf
chr1:414521 414521 3209 0.050000 0.000000 0.019547 -inf
chr1:415606 415606 3217 0.600000 0.019889 0.015434 0.110116
chr1:416033 416033 3219 0.050000 0.000000 0.020231 -inf
chr1:416219 416219 3222 0.050000 0.000000 0.020660 -inf
chr1:417052 417052 3225 0.050000 0.000000 0.019983 -inf
chr1:417759 417759 3228 0.150000 0.051787 0.012899 0.603661
chr1:418667 418667 3233 0.050000 0.000000 0.022711 -inf
chr1:418941 418941 3235 0.050000 0.000000 0.020733 -inf
chr1:419019 419019 3236 0.050000 0.000000 0.022077 -inf
chr1:419147 419147 3237 0.300000 0.013836 0.017781 -0.108949
chr1:419261 419261 3238 0.050000 0.000000 0.016728 -inf
chr1:419447 419447 3239 0.200000 0.077818 0.018891 0.614837
chr1:420170 420170 3245 0.100000 0.024092 0.011028 0.339385
chr1:420333 420333 3246 0.050000 0.000000 0.015991 -inf
chr1:420787 420787 3251 0.050000 0.000000 0.017368 -inf
chr1:421085 421085 3253 0.850000 0.018115 0.000000 inf
chr1:421358 421358 3257 0.050000 0.000000 0.017930 -inf
chr1:421902 421902 3263 0.050000 0.000000 0.018062 -inf
chr1:422045 422045 3265 0.300000 0.015597 0.017169 -0.041693
chr1:422282 422282 3268 0.250000 0.049442 0.022845 0.335300
chr1:422840 422840 3272 0.450000 0.034272 0.009895 0.539530
chr1:423019 423019 3273 0.050000 0.000000 0.019703 -inf
chr1:423735 423735 3274 0.200000 0.022835 0.011420 0.300927
chr1:424148 424148 3275 0.350000 0.013302 0.011715 0.055187
chr1:424323 424323 3277 0.350000 0.013302 0.012095 0.041326
chr1:425139 425139 3281 0.200000 0.022835 0.007644 0.475284
chr1:425625 425625 3283 0.300000 0.033953 0.008154 0.619519
chr1:425804 425804 3284 0.200000 0.012207 0.009508 0.108491
chr1:426380 426380 3287 0.150000 0.153585 0.013593 1.053029
chr1:426818 426818 3290 0.100000 0.033509 0.007889 0.628136
chr1:426838 426838 3291 0.350000 0.011171 0.009700 0.061316
chr1:426921 426921 3292 0.200000 0.014790 0.008840 0.223510
chr1:427001 427001 3294 0.300000 0.033953 0.006156 0.741603
chr1:427736 427736 3299 0.050000 0.000000 0.013210 -inf
chr1:427736 427736 3300 0.350000 0.011171 0.010281 0.036030
chr1:428224 428224 3302 0.200000 0.014574 0.007393 0.294779
chr1:428264 428264 3303 0.300000 0.032281 0.017155 0.274552
chr1:428493 428493 3304 0.050000 0.000000 0.012177 -inf
chr1:428898 428898 3306 0.400000 0.009970 0.014509 -0.162957
chr1:429390 429390 3312 0.100000 0.054627 0.006601 0.917765
chr1:429681 429681 3314 0.700000 0.006710 0.035265 -0.720608
chr1:429870 429870 3316 0.300000 0.035265 0.006710 0.720608
chr1:429878 429878 3317 0.400000 0.009713 0.011453 -0.071586
chr1:429901 429901 3318 0.300000 0.035625 0.013145 0.433002
chr1:430303 430303 3322 0.400000 0.009831 0.014480 -0.168181
chr1:430352 430352 3323 0.100000 0.033906 0.006465 0.719711
chr1:430771 430771 3327 0.150000 0.132075 0.013535 0.989366
chr1:431589 431589 3332 0.050000 0.000000 0.012988 -inf
chr1:431707 431707 3333 0.250000 0.033915 0.006169 0.740205
chr1:431945 431945 3335 0.350000 0.010031 0.008811 0.056300
chr1:431987 431987 3336 0.100000 0.038037 0.004491 0.927916
chr1:432114 432114 3338 0.600000 0.006179 0.008924 -0.159611
chr1:432165 432165 3339 0.300000 0.012421 0.005038 0.391892
chr1:432372 432372 3340 0.250000 0.015584 0.005313 0.467376
chr1:432468 432468 3341 0.600000 0.005270 0.009431 -0.252727
chr1:432729 432729 3342 0.300000 0.011992 0.005111 0.370385
chr1:432754 432754 3343 0.150000 0.132075 0.010127 1.115344
chr1:433768 433768 3350 0.250000 0.015584 0.005971 0.416654
chr1:433924 433924 3351 0.050000 0.000000 0.011533 -inf
chr1:434122 434122 3352 0.150000 0.008088 0.004328 0.271567
chr1:434219 434219 3353 0.500000 0.006228 0.003859 0.207865
chr1:434410 434410 3355 0.050000 0.000000 0.010643 -inf
chr1:434553 434553 3356 0.050000 0.000000 0.010561 -inf
chr1:434607 434607 3357 0.250000 0.007587 0.004359 0.240639
chr1:435383 435383 3363 0.400000 0.005527 0.006144 -0.045933
chr1:435935 435935 3366 0.100000 0.017060 0.003788 0.653540
chr1:436033 436033 3367 0.050000 0.000000 0.011717 -inf
chr1:436147 436147 3369 0.050000 0.000000 0.012213 -inf
chr1:436428 436428 3372 0.300000 0.028674 0.013251 0.335237
chr1:436710 436710 3376 0.200000 0.012357 0.004985 0.394277
chr1:436860 436860 3377 0.050000 0.000000 0.011927 -inf
chr1:436960 436960 3379 0.050000 0.000000 0.012020 -inf
chr1:437877 437877 3382 0.150000 0.133893 0.012500 1.029836
chr1:437966 437966 3384 0.050000 0.000000 0.012306 -inf
chr1:438142 438142 3385 0.400000 0.004740 0.006363 -0.127920
chr1:438602 438602 3388 0.250000 0.009092 0.005940 0.184843
chr1:438636 438636 3389 0.050000 0.000000 0.012564 -inf
chr1:438914 438914 3390 0.050000 0.000000 0.004911 -inf
chr1:438915 438915 3391 0.500000 0.006261 0.006879 -0.040915
chr1:439548 439548 3395 0.350000 0.004807 0.007223 -0.176849
chr1:439703 439703 3398 0.500000 0.007726 0.006976 0.044343
chr1:440192 440192 3400 0.200000 0.035663 0.007020 0.705911
chr1:441172 441172 3404 0.450000 0.009641 0.007283 0.121810
chr1:442252 442252 3407 0.150000 0.018151 0.007149 0.404639
chr1:442457 442457 3410 0.050000 0.000000 0.008267 -inf
chr1:443523 443523 3424 0.250000 0.012570 0.007400 0.230125
chr1:443632 443632 3426 0.100000 0.018164 0.007454 0.386796
chr1:443705 443705 3428 0.100000 0.013444 0.007752 0.239126
chr1:444046 444046 3430 0.350000 0.009503 0.011046 -0.065329
chr1:444786 444786 3435 0.300000 0.010368 0.008957 0.063542
chr1:444798 444798 3436 0.200000 0.035663 0.010426 0.534097
chr1:445100 445100 3437 0.100000 0.018164 0.006005 0.480700
chr1:445192 445192 3438 0.400000 0.010471 0.005201 0.303906
chr1:445208 445208 3440 0.200000 0.035663 0.006312 0.752069
chr1:445311 445311 3441 0.600000 0.006825 0.007860 -0.061326
chr1:445797 445797 3445 0.300000 0.009173 0.006829 0.128183
chr1:446044 446044 3447 0.400000 0.011483 0.007085 0.209711
chr1:446068 446068 3448 0.600000 0.007085 0.011483 -0.209711
chr1:446274 446274 3450 0.500000 0.009211 0.008727 0.023450
chr1:447031 447031 3453 0.200000 0.015019 0.005022 0.475725
chr1:447136 447136 3454 0.150000 0.028838 0.006264 0.663089
chr1:447427 447427 3457 0.100000 0.015915 0.005829 0.436252
chr1:448142 448142 3459 0.650000 0.007500 0.015152 -0.305426
chr1:448162 448162 3460 0.300000 0.012275 0.007633 0.206328
chr1:448324 448324 3462 0.600000 0.009664 0.011168 -0.062797
chr1:448959 448959 3465 0.100000 0.020425 0.005639 0.558993
chr1:448985 448985 3466 0.700000 0.008274 0.012275 -0.171320
chr1:449045 449045 3467 0.300000 0.012275 0.008274 0.171320
chr1:449089 449089 3468 0.700000 0.008274 0.012275 -0.171320
chr1:449443 449443 3472 0.250000 0.013994 0.007221 0.287312
chr1:449724 449724 3473 0.300000 0.013269 0.008274 0.205126
chr1:449741 449741 3474 0.100000 0.020425 0.006387 0.504898
chr1:449752 449752 3475 0.250000 0.008942 0.007868 0.055582
chr1:450211 450211 3479 0.100000 0.016520 0.006654 0.394970
chr1:450441 450441 3480 0.050000 0.000000 0.006962 -inf
chr1:450901 450901 3482 0.050000 0.000000 0.007354 -inf
chr1:451321 451321 3484 0.100000 0.009842 0.006654 0.170031
chr1:451586 451586 3488 0.100000 0.009842 0.006654 0.170031
chr1:451929 451929 3491 0.050000 0.000000 0.007022 -inf
chr1:452090 452090 3492 0.150000 0.019087 0.007539 0.403416
chr1:452390 452390 3493 0.800000 0.008101 0.015851 -0.291502
chr1:452428 452428 3494 0.050000 0.000000 0.007058 -inf
chr1:453430 453430 3502 0.100000 0.026347 0.006264 0.623908
chr1:453795 453795 3505 0.100000 0.015660 0.007748 0.305589
chr1:454156 454156 3509 0.050000 0.000000 0.008182 -inf
chr1:454547 454547 3511 0.050000 0.000000 0.008608 -inf
chr1:454877 454877 3514 0.550000 0.011867 0.013300 -0.049502
chr1:455078 455078 3515 0.050000 0.000000 0.010720 -inf
chr1:457354 457354 3528 0.250000 0.021972 0.011710 0.273318
chr1:457866 457866 3532 0.250000 0.021972 0.011710 0.273318
chr1:458356 458356 3533 0.100000 0.017176 0.011850 0.161201
chr1:459430 459430 3539 0.550000 0.015760 0.008186 0.284491
chr1:459715 459715 3542 0.100000 0.017176 0.010302 0.222006
chr1:459821 459821 3543 0.750000 0.010405 0.013951 -0.127358
chr1:460564 460564 3549 0.750000 0.010405 0.013951 -0.127358
chr1:461010 461010 3553 0.700000 0.011516 0.009595 0.079249
chr1:461160 461160 3554 0.250000 0.006930 0.010542 -0.182165
chr1:461346 461346 3555 0.050000 0.000000 0.006681 -inf
chr1:461528 461528 3557 0.100000 0.020382 0.007604 0.428218
chr1:461713 461713 3558 0.550000 0.014039 0.003838 0.563269
chr1:462359 462359 3566 0.100000 0.010113 0.006786 0.173307
chr1:462855 462855 3571 0.050000 0.000000 0.007047 -inf
chr1:463000 463000 3573 0.250000 0.008071 0.009811 -0.084762
chr1:463032 463032 3574 0.200000 0.007644 0.007708 -0.003616
chr1:463356 463356 3577 0.050000 0.000000 0.007326 -inf
chr1:463645 463645 3580 0.200000 0.007379 0.007110 0.016178
chr1:463662 463662 3581 0.250000 0.006516 0.007951 -0.086456
chr1:463884 463884 3583 0.550000 0.014039 0.003777 0.570166
chr1:463971 463971 3584 0.200000 0.008790 0.008040 0.038730
chr1:464343 464343 3586 0.250000 0.006480 0.008555 -0.120608
chr1:464762 464762 3589 0.100000 0.012423 0.004668 0.425097
chr1:465294 465294 3594 0.100000 0.012921 0.006560 0.294429
chr1:465416 465416 3596 0.200000 0.010065 0.007766 0.112627
chr1:465555 465555 3598 0.150000 0.012503 0.005144 0.385704
chr1:465558 465558 3599 0.250000 0.006736 0.012039 -0.252203
chr1:465916 465916 3600 0.550000 0.015230 0.004126 0.567215
chr1:466628 466628 3602 0.100000 0.013139 0.007000 0.273464
chr1:466707 466707 3603 0.150000 0.012997 0.006621 0.292953
chr1:466877 466877 3605 0.500000 0.015141 0.004374 0.539278
chr1:467129 467129 3607 0.550000 0.015602 0.003916 0.600336
chr1:467323 467323 3608 0.450000 0.019854 0.003397 0.766804
chr1:467357 467357 3609 0.050000 0.000000 0.007067 -inf
chr1:467490 467490 3611 0.200000 0.010970 0.007039 0.192718
chr1:467959 467959 3615 0.100000 0.020216 0.005818 0.540908
chr1:468040 468040 3617 0.250000 0.005919 0.009394 -0.200606
chr1:468083 468083 3618 0.050000 0.000000 0.006197 -inf
chr1:468244 468244 3620 0.550000 0.014013 0.003567 0.594270
chr1:468254 468254 3621 0.100000 0.008386 0.006360 0.120152
chr1:468289 468289 3623 0.100000 0.020063 0.004951 0.607708
chr1:468500 468500 3625 0.100000 0.020216 0.006581 0.487445
chr1:469133 469133 3629 0.050000 0.000000 0.006643 -inf
chr1:469146 469146 3630 0.150000 0.015732 0.007523 0.320416
chr1:469580 469580 3635 0.050000 0.000000 0.006610 -inf
chr1:469601 469601 3636 0.500000 0.015014 0.003917 0.583494
chr1:469629 469629 3637 0.200000 0.006135 0.006370 -0.016334
chr1:469697 469697 3638 0.050000 0.000000 0.004640 -inf
chr1:470019 470019 3639 0.150000 0.015589 0.005741 0.433836
chr1:470030 470030 3640 0.550000 0.013196 0.003775 0.543508
chr1:470110 470110 3641 0.050000 0.000000 0.005425 -inf
chr1:470964 470964 3643 0.250000 0.007736 0.007617 0.006711
chr1:471190 471190 3645 0.450000 0.011993 0.004142 0.461738
chr1:471491 471491 3647 0.100000 0.025425 0.006695 0.579511
chr1:471879 471879 3650 0.100000 0.012950 0.006900 0.273393
chr1:472093 472093 3651 0.200000 0.007221 0.008240 -0.057371
chr1:472105 472105 3652 0.100000 0.036931 0.005430 0.832585
chr1:472300 472300 3654 0.050000 0.000000 0.004745 -inf
chr1:472356 472356 3655 0.250000 0.008967 0.003822 0.370394
chr1:472386 472386 3656 0.550000 0.006062 0.004039 0.176365
chr1:472629 472629 3657 0.100000 0.009451 0.002781 0.531248
chr1:472710 472710 3658 0.450000 0.006308 0.004431 0.153368
chr1:472851 472851 3659 0.400000 0.006959 0.003107 0.350182
chr1:473624 473624 3663 0.100000 0.008788 0.002632 0.523518
chr1:473636 473636 3664 0.050000 0.000000 0.003285 -inf
chr1:473736 473736 3665 0.050000 0.000000 0.003374 -inf
chr1:473823 473823 3667 0.400000 0.008228 0.003715 0.345311
chr1:474228 474228 3670 0.400000 0.008228 0.003715 0.345311
chr1:474549 474549 3671 0.400000 0.008228 0.003715 0.345311
chr1:474607 474607 3672 0.400000 0.008228 0.003715 0.345311
chr1:474707 474707 3675 0.600000 0.003715 0.008228 -0.345311
chr1:474874 474874 3678 0.050000 0.000000 0.003152 -inf
chr1:475150 475150 3681 0.500000 0.004373 0.008228 -0.274563
chr1:475239 475239 3682 0.500000 0.004589 0.005256 -0.058930
chr1:475360 475360 3684 0.550000 0.004156 0.008606 -0.316088
chr1:475695 475695 3685 0.100000 0.007948 0.003044 0.416764
chr1:475710 475710 3686 0.450000 0.005254 0.009936 -0.276690
chr1:476282 476282 3689 0.050000 0.000000 0.003130 -inf
chr1:476386 476386 3691 0.050000 0.000000 0.003552 -inf
chr1:476416 476416 3692 0.050000 0.000000 0.004327 -inf
chr1:476979 476979 3696 0.600000 0.003846 0.009015 -0.369933
chr1:477003 477003 3697 0.600000 0.003846 0.009015 -0.369933
chr1:477010 477010 3698 0.500000 0.004764 0.005366 -0.051603
chr1:477048 477048 3699 0.300000 0.010259 0.003639 0.450155
chr1:477244 477244 3701 0.100000 0.004212 0.002397 0.244820
chr1:477274 477274 3702 0.050000 0.000000 0.002785 -inf
chr1:477292 477292 3703 0.600000 0.002836 0.006934 -0.388199
chr1:477301 477301 3704 0.300000 0.007719 0.003380 0.358656
chr1:477822 477822 3709 0.400000 0.006100 0.007652 -0.098485
chr1:477916 477916 3710 0.400000 0.005202 0.005747 -0.043282
chr1:477985 477985 3711 0.100000 0.020169 0.003425 0.770004
chr1:478496 478496 3715 0.550000 0.007326 0.004219 0.239664
chr1:478509 478509 3716 0.400000 0.005202 0.006596 -0.103126
chr1:478743 478743 3720 0.350000 0.004559 0.006719 -0.168397
chr1:479643 479643 3729 0.400000 0.005740 0.006596 -0.060365
chr1:480043 480043 3732 0.550000 0.007326 0.004853 0.178868
chr1:480260 480260 3735 0.400000 0.005740 0.005799 -0.004435
chr1:480433 480433 3737 0.100000 0.007628 0.004794 0.201714
chr1:480444 480444 3738 0.050000 0.000000 0.005148 -inf
chr1:480468 480468 3739 0.250000 0.006199 0.004993 0.093934
chr1:480755 480755 3743 0.700000 0.005799 0.005141 0.052295
chr1:481302 481302 3745 0.100000 0.019876 0.004079 0.687762
chr1:481666 481666 3748 0.050000 0.000000 0.004985 -inf
chr1:481756 481756 3749 0.650000 0.007466 0.006976 0.029438
chr1:481848 481848 3753 0.600000 0.008572 0.002232 0.584400
chr1:481960 481960 3754 0.650000 0.008339 0.005705 0.164845
chr1:482174 482174 3755 0.150000 0.005974 0.004664 0.107477
chr1:482814 482814 3761 0.700000 0.007530 0.003676 0.311372
chr1:483050 483050 3762 0.300000 0.001894 0.007530 -0.599354
chr1:483102 483102 3763 0.150000 0.005262 0.007540 -0.156184
chr1:483654 483654 3767 0.050000 0.000000 0.004548 -inf
chr1:484308 484308 3772 0.050000 0.000000 0.005206 -inf
chr1:484792 484792 3773 0.200000 0.004661 0.006418 -0.138903
chr1:484975 484975 3774 0.050000 0.000000 0.005103 -inf
chr1:485035 485035 3775 0.050000 0.000000 0.004702 -inf
chr1:485430 485430 3778 0.300000 0.008552 0.004867 0.244795
chr1:485630 485630 3780 0.050000 0.000000 0.006810 -inf
chr1:485884 485884 3781 0.300000 0.002889 0.008039 -0.444453
chr1:485958 485958 3782 0.650000 0.008820 0.002780 0.501401
chr1:486071 486071 3785 0.700000 0.007748 0.002891 0.428176
chr1:486087 486087 3786 0.300000 0.002913 0.006954 -0.377959
chr1:486386 486386 3791 0.050000 0.000000 0.004820 -inf
chr1:486770 486770 3792 0.100000 0.019876 0.004210 0.674061
chr1:486967 486967 3793 0.700000 0.006662 0.003854 0.237716
chr1:487055 487055 3794 0.300000 0.003854 0.006662 -0.237716
chr1:487086 487086 3795 0.150000 0.009308 0.003461 0.429645
chr1:487105 487105 3796 0.050000 0.000000 0.003765 -inf
chr1:487394 487394 3800 0.050000 0.000000 0.004282 -inf
chr1:487637 487637 3803 0.750000 0.005641 0.004686 0.080562
chr1:487809 487809 3805 0.050000 0.000000 0.004648 -inf
chr1:488439 488439 3812 0.250000 0.004686 0.006126 -0.116323
chr1:488612 488612 3813 0.750000 0.006126 0.004686 0.116323
chr1:488764 488764 3814 0.250000 0.004710 0.005547 -0.070980
chr1:488830 488830 3815 0.250000 0.004686 0.006126 -0.116323
chr1:488981 488981 3816 0.050000 0.000000 0.004223 -inf
chr1:489142 489142 3818 0.050000 0.000000 0.004121 -inf
chr1:489181 489181 3819 0.200000 0.004566 0.006760 -0.170377
chr1:489755 489755 3824 0.050000 0.000000 0.004032 -inf
chr1:489926 489926 3825 0.750000 0.005004 0.003221 0.191358
chr1:490182 490182 3826 0.200000 0.003442 0.005197 -0.178875
chr1:490261 490261 3827 0.700000 0.004948 0.001533 0.509014
chr1:490286 490286 3828 0.150000 0.004286 0.005362 -0.097257
chr1:490818 490818 3833 0.300000 0.004700 0.004118 0.057361
chr1:490952 490952 3835 0.200000 0.004304 0.003972 0.034909
chr1:492254 492254 3847 0.150000 0.016917 0.002266 0.873085
chr1:492522 492522 3853 0.150000 0.016917 0.002334 0.860236
