chr1:10249 10249 63 0.100000 0.004982 0.004668 0.028291
chr1:11648 11648 72 0.100000 0.006049 0.003708 0.212545
chr1:12804 12804 81 0.100000 0.003771 0.003930 -0.017927
chr1:13728 13728 87 0.450000 0.006256 0.005482 0.057347
chr1:14204 14204 93 0.100000 0.008589 0.003338 0.410474
chr1:14875 14875 94 0.350000 0.008884 0.005509 0.207544
chr1:15543 15543 97 0.100000 0.007131 0.004126 0.237641
chr1:16455 16455 108 0.500000 0.006076 0.005855 0.016041
chr1:16955 16955 113 0.100000 0.007443 0.005020 0.171056
chr1:18359 18359 124 0.100000 0.007131 0.005522 0.111093
chr1:18542 18542 125 0.400000 0.005713 0.006524 -0.057645
chr1:18694 18694 128 0.450000 0.005617 0.005301 0.025163
chr1:18969 18969 131 0.300000 0.014649 0.008129 0.255785
chr1:19544 19544 135 0.350000 0.009367 0.007508 0.096105
chr1:19996 19996 138 0.600000 0.003314 0.004897 -0.169611
chr1:20169 20169 139 0.350000 0.008877 0.007518 0.072153
chr1:20523 20523 141 0.100000 0.006524 0.002971 0.341579
chr1:20670 20670 142 0.450000 0.005700 0.006125 -0.031250
chr1:20725 20725 143 0.800000 0.002456 0.004483 -0.261389
chr1:21602 21602 148 0.100000 0.007017 0.003994 0.244757
chr1:21753 21753 149 0.100000 0.004920 0.003284 0.175601
chr1:22705 22705 157 0.500000 0.007746 0.004023 0.284569
chr1:22830 22830 159 0.100000 0.017642 0.007307 0.382832
chr1:22899 22899 160 0.800000 0.002654 0.006955 -0.418396
chr1:23376 23376 163 0.100000 0.006147 0.003257 0.275821
chr1:24059 24059 170 0.450000 0.013306 0.004687 0.453155
chr1:24318 24318 172 0.100000 0.029183 0.003945 0.869088
chr1:24339 24339 173 0.150000 0.012067 0.005719 0.324261
chr1:24983 24983 181 0.100000 0.005724 0.004120 0.142835
chr1:26709 26709 196 0.350000 0.007790 0.008788 -0.052336
chr1:26994 26994 198 0.450000 0.015554 0.006814 0.358443
chr1:27012 27012 199 0.500000 0.010425 0.004958 0.322779
chr1:29243 29243 215 0.400000 0.006338 0.009054 -0.154881
chr1:29462 29462 218 0.400000 0.017072 0.006589 0.413453
chr1:29637 29637 220 0.400000 0.010852 0.006183 0.244307
chr1:33643 33643 245 0.500000 0.008097 0.003048 0.424243
chr1:33805 33805 247 0.350000 0.008341 0.004614 0.257143
chr1:34134 34134 249 0.100000 0.012884 0.004417 0.464930
chr1:34341 34341 251 0.350000 0.008363 0.012313 -0.167986
chr1:34426 34426 254 0.450000 0.013146 0.007746 0.229735
chr1:34590 34590 257 0.500000 0.006415 0.010445 -0.211728
chr1:35089 35089 260 0.500000 0.008762 0.005743 0.183451
chr1:35202 35202 261 0.350000 0.018625 0.008419 0.344818
chr1:36495 36495 268 0.400000 0.009219 0.008293 0.045927
chr1:36876 36876 270 0.450000 0.013646 0.007160 0.280060
chr1:37647 37647 277 0.550000 0.009680 0.007005 0.140470
chr1:37651 37651 278 0.200000 0.009173 0.006246 0.166917
chr1:37695 37695 279 0.450000 0.009290 0.008164 0.056098
chr1:42650 42650 310 0.500000 0.014471 0.008055 0.254425
chr1:46844 46844 335 0.050000 0.000000 0.010461 -inf
chr1:47480 47480 341 0.450000 0.015257 0.010676 0.155039
chr1:47645 47645 342 0.600000 0.010291 0.010227 0.002721
chr1:47873 47873 343 0.450000 0.011334 0.007433 0.183195
chr1:48545 48545 347 0.050000 0.000000 0.008263 -inf
chr1:49399 49399 359 0.550000 0.011401 0.012237 -0.030736
chr1:54509 54509 392 0.600000 0.013697 0.013604 0.002974
chr1:55888 55888 401 0.400000 0.011591 0.007023 0.217588
chr1:57917 57917 418 0.550000 0.015804 0.008000 0.295671
chr1:58767 58767 426 0.450000 0.016974 0.009832 0.237159
chr1:59200 59200 428 0.100000 0.012779 0.008373 0.183603
chr1:59564 59564 434 0.600000 0.014628 0.003964 0.567060
chr1:60048 60048 437 0.250000 0.004273 0.006451 -0.178895
chr1:60311 60311 439 0.650000 0.004927 0.004155 0.073963
chr1:61013 61013 445 0.200000 0.004932 0.003382 0.163870
chr1:61169 61169 447 0.150000 0.005743 0.004110 0.145267
chr1:61253 61253 448 0.550000 0.006826 0.004478 0.183102
chr1:61358 61358 449 0.150000 0.004343 0.003306 0.118470
chr1:61452 61452 450 0.100000 0.001404 0.002027 -0.159721
chr1:61612 61612 451 0.150000 0.001807 0.002297 -0.104100
chr1:62017 62017 452 0.500000 0.004109 0.001560 0.420548
chr1:62171 62171 455 0.100000 0.009884 0.002462 0.603698
chr1:62180 62180 456 0.150000 0.003789 0.003528 0.030981
chr1:64414 64414 466 0.650000 0.004549 0.003757 0.083114
chr1:64494 64494 467 0.050000 0.000000 0.006433 -inf
chr1:64610 64610 468 0.150000 0.130046 0.013688 0.977766
chr1:64898 64898 471 0.100000 0.007961 0.003764 0.325279
chr1:65943 65943 478 0.550000 0.008260 0.008303 -0.002283
chr1:67026 67026 486 0.100000 0.008696 0.006902 0.100329
chr1:67223 67223 488 0.700000 0.005392 0.007117 -0.120540
chr1:70924 70924 508 0.300000 0.020431 0.008775 0.367042
chr1:72374 72374 514 0.350000 0.011844 0.007000 0.228417
chr1:77241 77241 545 0.400000 0.017341 0.011757 0.168775
chr1:79107 79107 561 0.050000 0.000000 0.020216 -inf
chr1:79422 79422 566 0.150000 0.011423 0.010330 0.043660
chr1:79486 79486 568 0.150000 0.008346 0.009678 -0.064303
chr1:80267 80267 571 0.450000 0.017103 0.019878 -0.065293
chr1:82472 82472 590 0.200000 0.005783 0.007729 -0.125954
chr1:82970 82970 591 0.500000 0.009124 0.004751 0.283420
chr1:86656 86656 614 0.450000 0.017214 0.022299 -0.112406
chr1:87675 87675 623 0.050000 0.000000 0.023898 -inf
chr1:92243 92243 654 0.350000 0.010099 0.014985 -0.171365
chr1:92685 92685 657 0.050000 0.000000 0.016077 -inf
chr1:93317 93317 662 0.600000 0.013162 0.008802 0.174718
chr1:94051 94051 664 0.450000 0.009645 0.017368 -0.255450
chr1:94706 94706 667 0.350000 0.013417 0.025166 -0.273175
chr1:94732 94732 668 0.400000 0.009175 0.017320 -0.275947
chr1:94845 94845 670 0.500000 0.019788 0.009966 0.297864
chr1:95878 95878 678 0.400000 0.024395 0.012755 0.281636
chr1:95907 95907 679 0.400000 0.006790 0.018240 -0.429154
chr1:96789 96789 684 0.050000 0.000000 0.019149 -inf
chr1:96796 96796 685 0.300000 0.032560 0.009920 0.516182
chr1:98633 98633 696 0.500000 0.014824 0.008558 0.238611
chr1:99285 99285 698 0.100000 0.011621 0.007277 0.203317
chr1:99874 99874 702 0.050000 0.000000 0.019352 -inf
chr1:100520 100520 707 0.450000 0.017513 0.009362 0.271972
chr1:101616 101616 711 0.150000 0.006348 0.007640 -0.080447
chr1:102020 102020 717 0.400000 0.005813 0.012936 -0.347408
chr1:102509 102509 723 0.100000 0.012574 0.007753 0.210043
chr1:102672 102672 725 0.100000 0.009872 0.005213 0.277340
chr1:103271 103271 729 0.100000 0.010182 0.006010 0.228935
chr1:103451 103451 732 0.100000 0.012871 0.006968 0.266504
chr1:103671 103671 733 0.550000 0.009801 0.004271 0.360710
chr1:104200 104200 736 0.100000 0.012871 0.007338 0.244078
chr1:104322 104322 738 0.450000 0.015171 0.005473 0.442753
chr1:104372 104372 739 0.700000 0.004227 0.009230 -0.339144
chr1:105059 105059 744 0.100000 0.006340 0.003187 0.298732
chr1:105123 105123 745 0.050000 0.000000 0.006818 -inf
chr1:105266 105266 746 0.650000 0.012978 0.000000 inf
chr1:105541 105541 748 0.350000 0.002389 0.004560 -0.280726
chr1:105685 105685 749 0.800000 0.003320 0.004665 -0.147657
chr1:106391 106391 756 0.100000 0.004799 0.003291 0.163770
chr1:106402 106402 758 0.050000 0.000000 0.013841 -inf
chr1:106520 106520 760 0.100000 0.004799 0.003398 0.149956
chr1:106533 106533 761 0.100000 0.008791 0.004140 0.327044
chr1:106721 106721 764 0.100000 0.033419 0.009699 0.537261
chr1:107799 107799 772 0.550000 0.008165 0.005485 0.172740
chr1:108107 108107 774 0.100000 0.005483 0.004239 0.111770
chr1:108532 108532 778 0.100000 0.003921 0.004193 -0.029093
chr1:108610 108610 779 0.100000 0.010179 0.004106 0.394337
chr1:108904 108904 783 0.100000 0.004771 0.004022 0.074094
chr1:109762 109762 790 0.100000 0.013679 0.003364 0.609230
chr1:109928 109928 792 0.100000 0.007439 0.004763 0.193601
chr1:109938 109938 793 0.450000 0.004494 0.005132 -0.057682
chr1:111971 111971 809 0.050000 0.000000 0.016072 -inf
chr1:112485 112485 811 0.100000 0.010298 0.006214 0.219410
chr1:113267 113267 822 0.100000 0.008777 0.006132 0.155726
chr1:114943 114943 837 0.550000 0.011190 0.010068 0.045894
chr1:115904 115904 848 0.150000 0.018225 0.009969 0.262021
chr1:116319 116319 850 0.300000 0.008737 0.011331 -0.112910
chr1:116391 116391 851 0.250000 0.016497 0.017724 -0.031165
chr1:116469 116469 852 0.350000 0.012133 0.008571 0.150924
chr1:117319 117319 856 0.050000 0.000000 0.013732 -inf
chr1:117521 117521 857 0.500000 0.004687 0.009527 -0.308110
chr1:118358 118358 866 0.600000 0.005493 0.008426 -0.185787
chr1:120312 120312 880 0.700000 0.005742 0.010485 -0.261449
chr1:120406 120406 882 0.800000 0.006647 0.010485 -0.197898
chr1:127443 127443 924 0.900000 0.008127 0.011863 -0.164280
chr1:127690 127690 926 0.450000 0.020949 0.000000 inf
chr1:127997 127997 930 0.100000 0.012269 0.009669 0.103420
chr1:128548 128548 934 0.100000 0.012269 0.010259 0.077679
chr1:129261 129261 939 0.550000 0.013685 0.000000 inf
chr1:131882 131882 957 0.150000 0.008462 0.012470 -0.168375
chr1:131883 131883 959 0.400000 0.026153 0.015358 0.231193
chr1:132149 132149 963 0.050000 0.000000 0.027656 -inf
chr1:132690 132690 971 0.050000 0.000000 0.023386 -inf
chr1:134423 134423 985 0.100000 0.014123 0.012300 0.060021
chr1:134910 134910 988 0.100000 0.016971 0.015157 0.049099
chr1:135425 135425 991 0.100000 0.017303 0.014275 0.083564
chr1:135543 135543 994 0.150000 0.009480 0.015109 -0.202391
chr1:135781 135781 995 0.500000 0.011559 0.015441 -0.125724
chr1:135961 135961 997 0.750000 0.012972 0.009246 0.147072
chr1:136368 136368 999 0.150000 0.009668 0.008120 0.075775
chr1:136631 136631 1003 0.100000 0.013609 0.013346 0.008468
chr1:137208 137208 1008 0.050000 0.000000 0.012735 -inf
chr1:137283 137283 1009 0.600000 0.009061 0.019582 -0.334703
chr1:138193 138193 1013 0.150000 0.005807 0.010089 -0.239866
chr1:138383 138383 1014 0.800000 0.008064 0.011900 -0.169012
chr1:138425 138425 1016 0.500000 0.006770 0.016853 -0.396108
chr1:138440 138440 1017 0.850000 0.004326 0.005976 -0.140336
chr1:138783 138783 1020 0.600000 0.005983 0.012734 -0.328032
chr1:138785 138785 1021 0.100000 0.010494 0.005136 0.310351
chr1:139275 139275 1024 0.150000 0.004916 0.005135 -0.018882
chr1:139579 139579 1026 0.100000 0.010415 0.004294 0.384840
chr1:139680 139680 1028 0.750000 0.006063 0.005143 0.071478
chr1:140368 140368 1033 0.050000 0.000000 0.015447 -inf
chr1:140595 140595 1036 0.800000 0.005486 0.012353 -0.352518
chr1:140662 140662 1037 0.750000 0.005788 0.005844 -0.004233
chr1:140768 140768 1039 0.050000 0.000000 0.007339 -inf
chr1:140791 140791 1040 0.100000 0.013898 0.006002 0.364667
chr1:140813 140813 1041 0.800000 0.003931 0.006534 -0.220630
chr1:140932 140932 1042 0.050000 0.000000 0.017968 -inf
chr1:141473 141473 1046 0.100000 0.012724 0.005260 0.383632
chr1:142048 142048 1050 0.900000 0.005092 0.012724 -0.397749
chr1:142119 142119 1052 0.700000 0.006202 0.003795 0.213339
chr1:142556 142556 1054 0.600000 0.006745 0.012724 -0.275640
chr1:142899 142899 1058 0.050000 0.000000 0.009818 -inf
chr1:143174 143174 1061 0.750000 0.017337 0.000000 inf
chr1:143275 143275 1063 0.700000 0.011816 0.016273 -0.138993
chr1:143460 143460 1066 0.050000 0.000000 0.022970 -inf
chr1:144132 144132 1074 0.050000 0.000000 0.022073 -inf
chr1:144378 144378 1076 0.100000 0.019006 0.011788 0.207460
chr1:144711 144711 1081 0.050000 0.000000 0.022009 -inf
chr1:144719 144719 1082 0.050000 0.000000 0.012415 -inf
chr1:144726 144726 1083 0.100000 0.010358 0.010189 0.007146
chr1:144847 144847 1086 0.850000 0.020757 0.000000 inf
chr1:145031 145031 1087 0.050000 0.000000 0.027612 -inf
chr1:145166 145166 1089 0.100000 0.016156 0.012814 0.100652
chr1:145167 145167 1090 0.900000 0.009105 0.010648 -0.067991
chr1:147126 147126 1102 0.050000 0.000000 0.013158 -inf
chr1:147378 147378 1104 0.050000 0.000000 0.018298 -inf
chr1:147577 147577 1106 0.050000 0.000000 0.018179 -inf
chr1:147793 147793 1107 0.150000 0.014327 0.008387 0.232526
chr1:149102 149102 1117 0.050000 0.000000 0.015849 -inf
chr1:150067 150067 1128 0.100000 0.029172 0.006324 0.663948
chr1:150210 150210 1130 0.450000 0.024468 0.014316 0.232777
chr1:150914 150914 1137 0.050000 0.000000 0.019951 -inf
chr1:152370 152370 1156 0.050000 0.000000 0.019330 -inf
chr1:152462 152462 1157 0.050000 0.000000 0.019617 -inf
chr1:153178 153178 1164 0.050000 0.000000 0.018909 -inf
chr1:153259 153259 1165 0.050000 0.000000 0.015762 -inf
chr1:153760 153760 1168 0.050000 0.000000 0.018624 -inf
chr1:155113 155113 1181 0.300000 0.022142 0.013164 0.225836
chr1:155425 155425 1182 0.150000 0.131199 0.022467 0.766384
chr1:156485 156485 1188 0.050000 0.000000 0.022356 -inf
chr1:156799 156799 1189 0.150000 0.028120 0.017715 0.200673
chr1:157504 157504 1192 0.050000 0.000000 0.009305 -inf
chr1:158975 158975 1206 0.050000 0.000000 0.022268 -inf
chr1:160845 160845 1219 0.250000 0.011340 0.014923 -0.119253
chr1:161181 161181 1224 0.450000 0.028920 0.018031 0.205167
chr1:161589 161589 1227 0.050000 0.000000 0.022265 -inf
chr1:162403 162403 1231 0.050000 0.000000 0.024534 -inf
chr1:162420 162420 1232 0.050000 0.000000 0.023358 -inf
chr1:163483 163483 1240 0.700000 0.013168 0.007946 0.219371
chr1:164690 164690 1251 0.050000 0.000000 0.022209 -inf
chr1:164862 164862 1252 0.050000 0.000000 0.021676 -inf
chr1:165085 165085 1255 0.050000 0.000000 0.021096 -inf
chr1:165250 165250 1260 0.050000 0.000000 0.019554 -inf
chr1:165698 165698 1262 0.050000 0.000000 0.023415 -inf
chr1:165932 165932 1265 0.100000 0.017962 0.014264 0.100111
chr1:166541 166541 1271 0.150000 0.013156 0.016168 -0.089517
chr1:167432 167432 1279 0.150000 0.012752 0.015015 -0.070972
chr1:167450 167450 1281 0.100000 0.013081 0.014128 -0.033443
chr1:167456 167456 1282 0.050000 0.000000 0.022321 -inf
chr1:167497 167497 1284 0.850000 0.012732 0.012392 0.011751
chr1:168770 168770 1290 0.200000 0.012407 0.013963 -0.051309
chr1:168860 168860 1291 0.050000 0.000000 0.026358 -inf
chr1:169358 169358 1296 0.600000 0.012370 0.018857 -0.183115
chr1:169440 169440 1297 0.150000 0.006215 0.014335 -0.362932
chr1:169611 169611 1299 0.100000 0.013492 0.014188 -0.021845
chr1:169780 169780 1301 0.200000 0.012450 0.011083 0.050525
chr1:169853 169853 1302 0.150000 0.006513 0.015017 -0.362772
chr1:169947 169947 1303 0.100000 0.013873 0.013900 -0.000849
chr1:170252 170252 1305 0.050000 0.000000 0.022979 -inf
chr1:170360 170360 1307 0.100000 0.018885 0.018462 0.009828
chr1:170643 170643 1309 0.150000 0.008036 0.015274 -0.278897
chr1:171302 171302 1312 0.150000 0.012997 0.013065 -0.002261
chr1:172046 172046 1315 0.250000 0.013919 0.008322 0.223367
chr1:172113 172113 1316 0.150000 0.018692 0.013064 0.155596
chr1:172407 172407 1317 0.050000 0.000000 0.022575 -inf
chr1:172839 172839 1321 0.100000 0.012701 0.009227 0.138737
chr1:172967 172967 1322 0.050000 0.000000 0.016072 -inf
chr1:173346 173346 1324 0.100000 0.016465 0.008750 0.274559
chr1:173367 173367 1325 0.050000 0.000000 0.019985 -inf
chr1:173505 173505 1327 0.500000 0.019792 0.004906 0.605784
chr1:174356 174356 1332 0.150000 0.005948 0.011344 -0.280362
chr1:175008 175008 1337 0.600000 0.016915 0.020225 -0.077631
chr1:175387 175387 1340 0.050000 0.000000 0.020045 -inf
chr1:175650 175650 1341 0.100000 0.017490 0.013111 0.125169
chr1:176160 176160 1346 0.150000 0.008405 0.013989 -0.221242
chr1:176242 176242 1347 0.400000 0.030438 0.008464 0.555831
chr1:176319 176319 1348 0.100000 0.015096 0.006654 0.355808
chr1:176341 176341 1349 0.150000 0.006792 0.005679 0.077733
chr1:176420 176420 1350 0.700000 0.008092 0.002867 0.450612
chr1:176667 176667 1351 0.750000 0.004457 0.006142 -0.139242
chr1:177130 177130 1353 0.050000 0.000000 0.013269 -inf
chr1:177179 177179 1355 0.100000 0.006736 0.003549 0.278271
chr1:177837 177837 1368 0.050000 0.000000 0.015490 -inf
chr1:178178 178178 1370 0.050000 0.000000 0.014394 -inf
chr1:178629 178629 1373 0.850000 0.017077 0.000000 inf
chr1:178741 178741 1374 0.100000 0.004887 0.004251 0.060613
chr1:179169 179169 1377 0.100000 0.004887 0.003972 0.090095
chr1:179173 179173 1378 0.100000 0.020617 0.005146 0.602748
chr1:179672 179672 1382 0.100000 0.010161 0.005146 0.295523
chr1:179744 179744 1384 0.350000 0.006385 0.004427 0.159126
chr1:179772 179772 1385 0.050000 0.000000 0.015600 -inf
chr1:179880 179880 1386 0.100000 0.010271 0.005806 0.247726
chr1:180377 180377 1389 0.350000 0.006710 0.005356 0.097839
chr1:180586 180586 1391 0.100000 0.011145 0.006575 0.229198
chr1:180901 180901 1395 0.050000 0.000000 0.013727 -inf
chr1:181004 181004 1396 0.300000 0.004245 0.006721 -0.199554
chr1:181619 181619 1401 0.300000 0.003919 0.005908 -0.178303
chr1:182055 182055 1404 0.300000 0.004358 0.007602 -0.241586
chr1:182147 182147 1406 0.050000 0.000000 0.013144 -inf
chr1:182382 182382 1408 0.350000 0.004190 0.006980 -0.221679
chr1:182566 182566 1409 0.550000 0.006569 0.004464 0.167733
chr1:182684 182684 1411 0.350000 0.004256 0.004440 -0.018378
chr1:183063 183063 1416 0.350000 0.024138 0.008976 0.429597
chr1:183264 183264 1418 0.400000 0.004779 0.006789 -0.152481
chr1:183407 183407 1422 0.250000 0.005071 0.007657 -0.178965
chr1:183561 183561 1423 0.450000 0.003679 0.005128 -0.144239
chr1:184151 184151 1426 0.250000 0.006425 0.003837 0.223850
chr1:184284 184284 1427 0.050000 0.000000 0.013834 -inf
chr1:184416 184416 1429 0.350000 0.022235 0.008555 0.414821
chr1:184610 184610 1431 0.350000 0.006208 0.005865 0.024661
chr1:184626 184626 1432 0.350000 0.003703 0.004947 -0.125785
chr1:184839 184839 1436 0.300000 0.004527 0.006551 -0.160455
chr1:185020 185020 1437 0.500000 0.006881 0.005079 0.131905
chr1:185180 185180 1439 0.550000 0.006337 0.005458 0.064919
chr1:186109 186109 1442 0.250000 0.012174 0.024421 -0.302333
chr1:186374 186374 1444 0.050000 0.000000 0.010125 -inf
chr1:187568 187568 1451 0.450000 0.016224 0.012537 0.111965
chr1:188507 188507 1456 0.400000 0.008227 0.007582 0.035441
chr1:188746 188746 1457 0.150000 0.004116 0.008469 -0.313302
chr1:188837 188837 1461 0.050000 0.000000 0.018361 -inf
chr1:190207 190207 1467 0.050000 0.000000 0.016748 -inf
chr1:190294 190294 1468 0.550000 0.009089 0.004975 0.261736
chr1:190703 190703 1471 0.050000 0.000000 0.014651 -inf
chr1:190762 190762 1472 0.050000 0.000000 0.015562 -inf
chr1:190842 190842 1473 0.050000 0.000000 0.016984 -inf
chr1:191395 191395 1475 0.650000 0.006976 0.003665 0.279582
chr1:191449 191449 1476 0.200000 0.003713 0.005598 -0.178286
chr1:192054 192054 1480 0.250000 0.003223 0.006976 -0.335375
chr1:192384 192384 1484 0.200000 0.003439 0.007446 -0.335439
chr1:192526 192526 1486 0.150000 0.004980 0.008150 -0.213946
chr1:193010 193010 1488 0.050000 0.000000 0.009778 -inf
chr1:193263 193263 1490 0.150000 0.008690 0.006532 0.123941
chr1:193314 193314 1492 0.450000 0.017558 0.024445 -0.143716
chr1:193525 193525 1494 0.050000 0.000000 0.012323 -inf
chr1:194160 194160 1497 0.050000 0.000000 0.014883 -inf
chr1:194295 194295 1502 0.050000 0.000000 0.015841 -inf
chr1:194301 194301 1503 0.250000 0.006311 0.009031 -0.155613
chr1:194751 194751 1510 0.150000 0.008690 0.007674 0.053990
chr1:195424 195424 1515 0.550000 0.011318 0.004911 0.362593
chr1:195620 195620 1517 0.500000 0.009453 0.005704 0.219393
chr1:195722 195722 1519 0.650000 0.017658 0.000000 inf
chr1:195910 195910 1520 0.600000 0.006304 0.005948 0.025224
chr1:196506 196506 1522 0.800000 0.006402 0.010702 -0.223131
chr1:197388 197388 1528 0.550000 0.008796 0.006445 0.135093
chr1:197755 197755 1530 0.850000 0.006469 0.005361 0.081597
chr1:197771 197771 1531 0.050000 0.000000 0.011514 -inf
chr1:198438 198438 1538 0.150000 0.009044 0.005677 0.202215
chr1:198534 198534 1540 0.700000 0.007226 0.008602 -0.075672
chr1:198566 198566 1541 0.650000 0.004632 0.004846 -0.019602
chr1:198709 198709 1543 0.700000 0.005749 0.008462 -0.167907
chr1:198940 198940 1544 0.750000 0.005166 0.004886 0.024198
chr1:199126 199126 1546 0.150000 0.004162 0.005657 -0.133301
chr1:199587 199587 1548 0.150000 0.004512 0.004332 0.017639
chr1:199870 199870 1550 0.150000 0.006431 0.008507 -0.121520
chr1:200034 200034 1552 0.050000 0.000000 0.010490 -inf
chr1:200066 200066 1553 0.150000 0.004877 0.005939 -0.085516
chr1:200520 200520 1556 0.100000 0.022526 0.004838 0.667996
chr1:201185 201185 1561 0.300000 0.004121 0.006642 -0.207271
chr1:201758 201758 1565 0.050000 0.000000 0.013451 -inf
chr1:202140 202140 1568 0.250000 0.004480 0.006933 -0.189694
chr1:202608 202608 1569 0.150000 0.006073 0.007051 -0.064798
chr1:202765 202765 1571 0.350000 0.005346 0.004061 0.119394
chr1:203297 203297 1573 0.500000 0.011865 0.004115 0.459957
chr1:203512 203512 1575 0.150000 0.012685 0.005835 0.337221
chr1:203709 203709 1578 0.450000 0.004981 0.010380 -0.318911
chr1:203780 203780 1579 0.050000 0.000000 0.016681 -inf
chr1:204805 204805 1582 0.050000 0.000000 0.020249 -inf
chr1:205518 205518 1585 0.200000 0.026171 0.032030 -0.087742
chr1:205795 205795 1590 0.350000 0.007122 0.008959 -0.099642
chr1:205796 205796 1591 0.350000 0.007112 0.009138 -0.108829
chr1:205880 205880 1592 0.300000 0.029282 0.012474 0.370574
chr1:205891 205891 1593 0.400000 0.004720 0.003782 0.096186
chr1:206047 206047 1594 0.350000 0.013701 0.020665 -0.178480
chr1:206067 206067 1595 0.400000 0.003756 0.003875 -0.013516
chr1:206505 206505 1599 0.450000 0.003731 0.003546 0.022081
chr1:206569 206569 1600 0.250000 0.011411 0.013047 -0.058168
chr1:206788 206788 1602 0.400000 0.005133 0.004020 0.106203
chr1:207208 207208 1603 0.400000 0.005923 0.003682 0.206508
chr1:207264 207264 1605 0.550000 0.003854 0.006871 -0.251150
chr1:207385 207385 1606 0.450000 0.003546 0.006697 -0.276080
chr1:207451 207451 1608 0.300000 0.028918 0.026348 0.040427
chr1:207515 207515 1609 0.400000 0.017734 0.010149 0.242403
chr1:208428 208428 1615 0.050000 0.000000 0.015033 -inf
chr1:210507 210507 1634 0.700000 0.007976 0.009092 -0.056888
chr1:210785 210785 1635 0.500000 0.008765 0.008658 0.005339
chr1:211203 211203 1639 0.050000 0.000000 0.018689 -inf
chr1:214547 214547 1648 0.550000 0.009269 0.009362 -0.004354
chr1:214853 214853 1651 0.150000 0.014941 0.010388 0.157853
chr1:214980 214980 1652 0.100000 0.012101 0.008202 0.168921
chr1:215182 215182 1656 0.100000 0.012101 0.008320 0.162703
chr1:215387 215387 1657 0.150000 0.011293 0.007809 0.160232
chr1:215853 215853 1663 0.650000 0.012825 0.000000 inf
chr1:216475 216475 1667 0.150000 0.006082 0.008061 -0.122303
chr1:216669 216669 1668 0.700000 0.006330 0.008483 -0.127182
chr1:217909 217909 1673 0.100000 0.008483 0.007565 0.049744
chr1:217938 217938 1674 0.100000 0.008219 0.005816 0.150218
chr1:218009 218009 1675 0.100000 0.015777 0.007860 0.302619
chr1:218262 218262 1677 0.950000 0.020189 0.000000 inf
chr1:218444 218444 1680 0.100000 0.015816 0.007292 0.336266
chr1:218504 218504 1681 0.150000 0.013761 0.009780 0.148307
chr1:219404 219404 1686 0.050000 0.000000 0.016404 -inf
chr1:219476 219476 1688 0.050000 0.000000 0.019504 -inf
chr1:220233 220233 1693 0.550000 0.014378 0.006389 0.352270
chr1:220249 220249 1694 0.050000 0.000000 0.015853 -inf
chr1:220844 220844 1703 0.150000 0.013482 0.008326 0.209293
chr1:221176 221176 1704 0.050000 0.000000 0.017342 -inf
chr1:221740 221740 1708 0.050000 0.000000 0.017209 -inf
chr1:221756 221756 1709 0.450000 0.018457 0.008851 0.319166
chr1:221769 221769 1710 0.050000 0.000000 0.015597 -inf
chr1:221945 221945 1711 0.750000 0.015669 0.000000 inf
chr1:221968 221968 1712 0.450000 0.017954 0.011408 0.196950
chr1:222047 222047 1713 0.050000 0.000000 0.011079 -inf
chr1:222069 222069 1714 0.050000 0.000000 0.011079 -inf
chr1:222090 222090 1715 0.850000 0.014241 0.000000 inf
chr1:222139 222139 1716 0.050000 0.000000 0.016420 -inf
chr1:222550 222550 1720 0.850000 0.014081 0.000000 inf
chr1:222643 222643 1722 0.850000 0.014358 0.000000 inf
chr1:222742 222742 1725 0.200000 0.005174 0.006905 -0.125305
chr1:223242 223242 1730 0.550000 0.010951 0.005145 0.328104
chr1:223258 223258 1731 0.750000 0.020953 0.000000 inf
chr1:223767 223767 1736 0.850000 0.011538 0.000000 inf
chr1:224702 224702 1741 0.050000 0.000000 0.018525 -inf
chr1:225989 225989 1749 0.100000 0.013566 0.010007 0.132132
chr1:226102 226102 1750 0.150000 0.006566 0.008432 -0.108649
chr1:226632 226632 1753 0.350000 0.004071 0.011294 -0.443199
chr1:226666 226666 1754 0.050000 0.000000 0.021084 -inf
chr1:226669 226669 1755 0.100000 0.012697 0.006783 0.272252
chr1:227612 227612 1763 0.500000 0.014370 0.005823 0.392311
chr1:227757 227757 1765 0.050000 0.000000 0.022648 -inf
chr1:228018 228018 1771 0.150000 0.008753 0.016571 -0.277203
chr1:229749 229749 1782 0.750000 0.014590 0.013253 0.041739
chr1:233643 233643 1800 0.750000 0.016348 0.012826 0.105373
chr1:235466 235466 1810 0.150000 0.012826 0.016419 -0.107246
chr1:235550 235550 1811 0.650000 0.016982 0.011986 0.151322
chr1:235974 235974 1812 0.150000 0.012826 0.014924 -0.065797
chr1:237195 237195 1818 0.100000 0.015529 0.011201 0.141890
chr1:237371 237371 1819 0.050000 0.000000 0.024329 -inf
chr1:237387 237387 1820 0.100000 0.016840 0.014304 0.070874
chr1:239339 239339 1829 0.050000 0.000000 0.024841 -inf
chr1:240013 240013 1832 0.050000 0.000000 0.011352 -inf
chr1:240365 240365 1835 0.050000 0.000000 0.021652 -inf
chr1:240578 240578 1841 0.850000 0.025500 0.000000 inf
chr1:241082 241082 1843 0.050000 0.000000 0.024511 -inf
chr1:241086 241086 1844 0.050000 0.000000 0.026266 -inf
chr1:241099 241099 1845 0.050000 0.000000 0.022604 -inf
chr1:241185 241185 1846 0.050000 0.000000 0.022686 -inf
chr1:241197 241197 1847 0.850000 0.025843 0.000000 inf
chr1:241203 241203 1848 0.050000 0.000000 0.020691 -inf
chr1:241321 241321 1850 0.050000 0.000000 0.023352 -inf
chr1:241404 241404 1851 0.050000 0.000000 0.009936 -inf
chr1:241777 241777 1855 0.050000 0.000000 0.017788 -inf
chr1:242703 242703 1859 0.550000 0.026411 0.000000 inf
chr1:242965 242965 1861 0.050000 0.000000 0.022215 -inf
chr1:242997 242997 1863 0.550000 0.021118 0.000000 inf
chr1:243165 243165 1864 0.050000 0.000000 0.016416 -inf
chr1:243226 243226 1865 0.050000 0.000000 0.021127 -inf
chr1:243434 243434 1866 0.050000 0.000000 0.028686 -inf
chr1:243980 243980 1869 0.050000 0.000000 0.028733 -inf
chr1:244445 244445 1875 0.050000 0.000000 0.022471 -inf
chr1:244696 244696 1876 0.050000 0.000000 0.020209 -inf
chr1:244711 244711 1877 0.050000 0.000000 0.015919 -inf
chr1:245027 245027 1881 0.750000 0.024884 0.000000 inf
chr1:245315 245315 1884 0.550000 0.015363 0.007282 0.324195
chr1:246762 246762 1889 0.800000 0.015329 0.012330 0.094577
chr1:247072 247072 1893 0.050000 0.000000 0.011944 -inf
chr1:248145 248145 1899 0.050000 0.000000 0.019837 -inf
chr1:248309 248309 1901 0.750000 0.023575 0.000000 inf
chr1:248402 248402 1902 0.200000 0.010579 0.014067 -0.123768
chr1:248623 248623 1904 0.050000 0.000000 0.016440 -inf
chr1:248684 248684 1905 0.050000 0.000000 0.018361 -inf
chr1:248834 248834 1907 0.550000 0.007646 0.000000 inf
chr1:249534 249534 1908 0.550000 0.006257 0.005000 0.097393
chr1:249709 249709 1909 0.100000 0.017121 0.006859 0.397277
chr1:250000 250000 1911 0.650000 0.008531 0.003851 0.345428
chr1:250079 250079 1912 0.050000 0.000000 0.015562 -inf
chr1:250100 250100 1913 0.050000 0.000000 0.014045 -inf
chr1:250143 250143 1914 0.600000 0.005331 0.002676 0.299289
chr1:250288 250288 1915 0.050000 0.000000 0.012983 -inf
chr1:250306 250306 1916 0.050000 0.000000 0.005338 -inf
chr1:250313 250313 1917 0.150000 0.009378 0.007882 0.075465
chr1:250436 250436 1920 0.050000 0.000000 0.005262 -inf
chr1:250621 250621 1922 0.050000 0.000000 0.012221 -inf
chr1:251454 251454 1933 0.650000 0.009247 0.011675 -0.101281
chr1:251469 251469 1934 0.750000 0.015450 0.000000 inf
chr1:251475 251475 1935 0.100000 0.024418 0.005349 0.659436
chr1:251502 251502 1936 0.900000 0.004701 0.019954 -0.627815
chr1:251527 251527 1937 0.100000 0.023305 0.005861 0.599465
chr1:251770 251770 1939 0.050000 0.000000 0.012700 -inf
chr1:252845 252845 1944 0.100000 0.019954 0.004094 0.687861
chr1:253402 253402 1947 0.700000 0.006929 0.024642 -0.551028
chr1:253623 253623 1951 0.100000 0.013409 0.008843 0.180765
chr1:254212 254212 1954 0.050000 0.000000 0.016300 -inf
chr1:254286 254286 1955 0.050000 0.000000 0.018866 -inf
chr1:254854 254854 1959 0.650000 0.019422 0.000000 inf
chr1:255156 255156 1962 0.100000 0.023305 0.009416 0.393605
chr1:255242 255242 1964 0.100000 0.023305 0.009416 0.393605
chr1:255621 255621 1968 0.050000 0.000000 0.017186 -inf
chr1:256222 256222 1972 0.100000 0.024642 0.011738 0.322095
chr1:256737 256737 1976 0.600000 0.013696 0.024642 -0.255069
chr1:257121 257121 1979 0.900000 0.012063 0.021950 -0.260004
chr1:257558 257558 1985 0.050000 0.000000 0.023904 -inf
chr1:259628 259628 1994 0.700000 0.015487 0.009759 0.200559
chr1:260796 260796 2002 0.050000 0.000000 0.028993 -inf
chr1:262055 262055 2007 0.050000 0.000000 0.023421 -inf
chr1:262190 262190 2009 0.100000 0.019954 0.013894 0.157192
chr1:262524 262524 2011 0.050000 0.000000 0.023764 -inf
chr1:263874 263874 2024 0.400000 0.017761 0.013914 0.106003
chr1:264650 264650 2031 0.900000 0.016463 0.023305 -0.150959
chr1:265194 265194 2035 0.100000 0.019954 0.015222 0.117553
chr1:265351 265351 2037 0.650000 0.027697 0.000000 inf
chr1:266462 266462 2045 0.150000 0.015418 0.019250 -0.096388
chr1:266570 266570 2047 0.700000 0.020890 0.023782 -0.056318
chr1:267733 267733 2054 0.100000 0.023530 0.020246 0.065285
chr1:267866 267866 2055 0.050000 0.000000 0.021412 -inf
chr1:268030 268030 2056 0.050000 0.000000 0.030040 -inf
chr1:269093 269093 2067 0.050000 0.000000 0.028878 -inf
chr1:270393 270393 2072 0.600000 0.022838 0.013674 0.222781
chr1:270824 270824 2076 0.050000 0.000000 0.033442 -inf
chr1:274310 274310 2101 0.100000 0.025051 0.020250 0.092407
chr1:275171 275171 2107 0.400000 0.027524 0.025371 0.035364
chr1:275206 275206 2108 0.700000 0.013391 0.020895 -0.193217
chr1:275498 275498 2110 0.050000 0.000000 0.016302 -inf
chr1:275917 275917 2111 0.100000 0.016965 0.015280 0.045427
chr1:276891 276891 2117 0.050000 0.000000 0.018835 -inf
chr1:277068 277068 2119 0.150000 0.026885 0.005828 0.663986
chr1:277165 277165 2122 0.200000 0.008965 0.009947 -0.045175
chr1:277234 277234 2124 0.050000 0.000000 0.011002 -inf
chr1:278539 278539 2133 0.050000 0.000000 0.016166 -inf
chr1:278669 278669 2134 0.450000 0.009670 0.010842 -0.049713
chr1:278754 278754 2136 0.200000 0.008898 0.007531 0.072471
chr1:279463 279463 2139 0.500000 0.008456 0.004591 0.265239
chr1:279589 279589 2140 0.600000 0.005932 0.008765 -0.169540
chr1:280049 280049 2142 0.050000 0.000000 0.013848 -inf
chr1:280668 280668 2144 0.550000 0.014930 0.128152 -0.933662
chr1:280925 280925 2145 0.100000 0.005213 0.004001 0.114894
chr1:281585 281585 2148 0.150000 0.010621 0.006280 0.228202
chr1:281628 281628 2149 0.200000 0.005658 0.005944 -0.021401
chr1:282250 282250 2157 0.050000 0.000000 0.004365 -inf
chr1:282658 282658 2162 0.100000 0.016699 0.008127 0.312758
chr1:282886 282886 2163 0.250000 0.011619 0.007936 0.165597
chr1:283495 283495 2166 0.050000 0.000000 0.014085 -inf
chr1:283767 283767 2167 0.650000 0.013491 0.137422 -1.008022
chr1:284028 284028 2169 0.050000 0.000000 0.014629 -inf
chr1:284557 284557 2174 0.850000 0.013791 0.137422 -0.998460
chr1:284600 284600 2176 0.150000 0.137422 0.013095 1.020964
chr1:286268 286268 2182 0.050000 0.000000 0.008561 -inf
chr1:287605 287605 2193 0.200000 0.008814 0.007370 0.077673
chr1:287667 287667 2195 0.100000 0.021619 0.008685 0.396048
chr1:287956 287956 2198 0.050000 0.000000 0.015165 -inf
chr1:288225 288225 2200 0.350000 0.010395 0.008773 0.073680
chr1:288505 288505 2205 0.150000 0.009215 0.010016 -0.036229
chr1:288548 288548 2206 0.050000 0.000000 0.018894 -inf
chr1:289282 289282 2215 0.100000 0.017752 0.009903 0.253470
chr1:289547 289547 2218 0.150000 0.137422 0.018645 0.867496
chr1:289741 289741 2219 0.150000 0.009282 0.011922 -0.108701
chr1:290133 290133 2221 0.050000 0.000000 0.018133 -inf
chr1:290238 290238 2222 0.350000 0.011505 0.005697 0.305276
chr1:290334 290334 2223 0.150000 0.004551 0.005507 -0.082810
chr1:290601 290601 2225 0.200000 0.003818 0.006166 -0.208209
chr1:290681 290681 2226 0.150000 0.006577 0.006977 -0.025629
chr1:291156 291156 2231 0.500000 0.009745 0.005108 0.280519
chr1:291325 291325 2232 0.500000 0.008049 0.008261 -0.011271
chr1:292504 292504 2238 0.050000 0.000000 0.013350 -inf
chr1:293643 293643 2243 0.100000 0.016205 0.005583 0.462798
chr1:293670 293670 2244 0.350000 0.010181 0.005265 0.286415
chr1:294073 294073 2247 0.150000 0.008929 0.005748 0.191326
chr1:294342 294342 2250 0.200000 0.005987 0.005026 0.075991
chr1:294882 294882 2253 0.100000 0.015093 0.004324 0.542923
chr1:295178 295178 2256 0.150000 0.007562 0.005798 0.115377
chr1:295370 295370 2259 0.550000 0.008764 0.006283 0.144477
chr1:295433 295433 2260 0.050000 0.000000 0.006918 -inf
chr1:295467 295467 2261 0.050000 0.000000 0.016330 -inf
chr1:295799 295799 2263 0.150000 0.009596 0.006203 0.189470
chr1:295888 295888 2264 0.100000 0.009083 0.006233 0.163502
chr1:296168 296168 2268 0.350000 0.010192 0.008291 0.089650
chr1:296289 296289 2270 0.100000 0.014453 0.006217 0.366352
chr1:296760 296760 2276 0.050000 0.000000 0.016964 -inf
chr1:296765 296765 2277 0.050000 0.000000 0.016321 -inf
chr1:297361 297361 2280 0.300000 0.039206 0.013240 0.471472
chr1:298519 298519 2290 0.150000 0.011110 0.012236 -0.041940
chr1:298876 298876 2292 0.050000 0.000000 0.007560 -inf
chr1:298910 298910 2293 0.550000 0.006288 0.011281 -0.253839
chr1:299017 299017 2294 0.050000 0.000000 0.013141 -inf
chr1:299250 299250 2295 0.150000 0.005592 0.005820 -0.017323
chr1:300219 300219 2302 0.100000 0.005869 0.004437 0.121519
chr1:300232 300232 2303 0.750000 0.004482 0.004789 -0.028766
chr1:300455 300455 2306 0.050000 0.000000 0.011916 -inf
chr1:300530 300530 2308 0.150000 0.004826 0.004942 -0.010320
chr1:300562 300562 2309 0.150000 0.001858 0.003691 -0.297995
chr1:300632 300632 2310 0.150000 0.004606 0.005637 -0.087687
chr1:301073 301073 2313 0.100000 0.006849 0.005239 0.116443
chr1:301173 301173 2314 0.100000 0.007641 0.003524 0.336105
chr1:301657 301657 2316 0.200000 0.005017 0.004917 0.008725
chr1:302242 302242 2320 0.050000 0.000000 0.012671 -inf
chr1:302324 302324 2321 0.300000 0.003019 0.005047 -0.223252
chr1:302425 302425 2322 0.150000 0.007906 0.004378 0.256676
chr1:302837 302837 2326 0.650000 0.004357 0.004651 -0.028393
chr1:303257 303257 2329 0.350000 0.006872 0.004070 0.227503
chr1:303930 303930 2338 0.050000 0.000000 0.004716 -inf
chr1:304673 304673 2342 0.050000 0.000000 0.014383 -inf
chr1:304705 304705 2344 0.600000 0.006717 0.005525 0.084847
chr1:305347 305347 2347 0.050000 0.000000 0.019788 -inf
chr1:305474 305474 2349 0.050000 0.000000 0.018686 -inf
chr1:305596 305596 2350 0.200000 0.002786 0.006605 -0.374904
chr1:305765 305765 2352 0.050000 0.000000 0.004904 -inf
chr1:305787 305787 2353 0.800000 0.004789 0.002786 0.235232
chr1:305871 305871 2354 0.150000 0.004656 0.004923 -0.024222
chr1:305926 305926 2355 0.600000 0.004231 0.007211 -0.231601
chr1:306725 306725 2358 0.700000 0.003471 0.002989 0.064903
chr1:307017 307017 2359 0.200000 0.002989 0.003471 -0.064903
chr1:307197 307197 2363 0.700000 0.003532 0.004225 -0.077786
chr1:307709 307709 2365 0.100000 0.007014 0.002854 0.390524
chr1:308308 308308 2368 0.450000 0.005222 0.005435 -0.017325
chr1:308531 308531 2369 0.150000 0.002584 0.004492 -0.240157
chr1:308671 308671 2370 0.700000 0.004522 0.002717 0.221278
chr1:308735 308735 2373 0.150000 0.127820 0.010200 1.098001
chr1:309094 309094 2374 0.750000 0.012251 0.000000 inf
chr1:309362 309362 2376 0.050000 0.000000 0.012742 -inf
chr1:309418 309418 2377 0.150000 0.126797 0.013879 0.960756
chr1:309868 309868 2378 0.050000 0.000000 0.011708 -inf
chr1:310116 310116 2381 0.050000 0.000000 0.014111 -inf
chr1:310166 310166 2382 0.100000 0.006290 0.003120 0.304529
chr1:310304 310304 2384 0.050000 0.000000 0.012252 -inf
chr1:310356 310356 2385 0.750000 0.013520 0.000000 inf
chr1:310558 310558 2387 0.750000 0.014652 0.000000 inf
chr1:310933 310933 2389 0.050000 0.000000 0.015051 -inf
chr1:312829 312829 2399 0.250000 0.008029 0.008158 -0.006922
chr1:313212 313212 2403 0.050000 0.000000 0.015936 -inf
chr1:313225 313225 2404 0.050000 0.000000 0.018327 -inf
chr1:313433 313433 2405 0.050000 0.000000 0.018606 -inf
chr1:314110 314110 2411 0.050000 0.000000 0.014652 -inf
chr1:315463 315463 2419 0.200000 0.008821 0.009326 -0.024151
chr1:316177 316177 2422 0.050000 0.000000 0.019664 -inf
chr1:316506 316506 2425 0.050000 0.000000 0.018784 -inf
chr1:318358 318358 2436 0.050000 0.000000 0.021882 -inf
chr1:319180 319180 2440 0.250000 0.011757 0.011222 0.020205
chr1:319888 319888 2444 0.400000 0.017116 0.014055 0.085565
chr1:319919 319919 2445 0.300000 0.038538 0.018049 0.329428
chr1:320454 320454 2449 0.050000 0.000000 0.019274 -inf
chr1:320606 320606 2452 0.200000 0.015509 0.007290 0.327848
chr1:320674 320674 2453 0.600000 0.005960 0.012766 -0.330809
chr1:322071 322071 2469 0.750000 0.019443 0.000000 inf
chr1:322432 322432 2474 0.050000 0.000000 0.015336 -inf
chr1:322466 322466 2475 0.050000 0.000000 0.014964 -inf
chr1:323105 323105 2480 0.350000 0.012684 0.006278 0.305433
chr1:323500 323500 2483 0.950000 0.015438 0.000000 inf
chr1:323663 323663 2484 0.050000 0.000000 0.009534 -inf
chr1:324080 324080 2488 0.500000 0.004775 0.007970 -0.222483
chr1:324090 324090 2489 0.200000 0.007001 0.003869 0.257564
chr1:324425 324425 2491 0.050000 0.000000 0.013489 -inf
chr1:324743 324743 2495 0.400000 0.004164 0.004476 -0.031352
chr1:325262 325262 2498 0.400000 0.007070 0.004234 0.222632
chr1:325395 325395 2499 0.050000 0.000000 0.013341 -inf
chr1:325475 325475 2501 0.500000 0.006939 0.004744 0.165160
chr1:326203 326203 2503 0.200000 0.067022 0.013140 0.707621
chr1:326213 326213 2504 0.050000 0.000000 0.004584 -inf
chr1:326270 326270 2505 0.050000 0.000000 0.004211 -inf
chr1:326719 326719 2506 0.250000 0.006417 0.004207 0.183372
chr1:326754 326754 2507 0.250000 0.042390 0.011710 0.558690
chr1:327023 327023 2508 0.050000 0.000000 0.011741 -inf
chr1:327525 327525 2510 0.300000 0.028356 0.017616 0.206738
chr1:327673 327673 2511 0.450000 0.002530 0.005585 -0.343836
chr1:327903 327903 2514 0.050000 0.000000 0.013537 -inf
chr1:327907 327907 2515 0.150000 0.003764 0.003314 0.055375
chr1:328354 328354 2519 0.050000 0.000000 0.017429 -inf
chr1:328684 328684 2521 0.400000 0.006486 0.003718 0.241675
chr1:328787 328787 2523 0.300000 0.003368 0.006486 -0.284568
chr1:328997 328997 2525 0.150000 0.004579 0.005056 -0.043030
chr1:329441 329441 2529 0.100000 0.008962 0.003406 0.420229
chr1:329705 329705 2531 0.100000 0.009640 0.004568 0.324401
chr1:329761 329761 2534 0.300000 0.009955 0.005442 0.262263
chr1:329931 329931 2538 0.200000 0.004635 0.006904 -0.173085
chr1:330099 330099 2540 0.050000 0.000000 0.014572 -inf
chr1:330153 330153 2541 0.050000 0.000000 0.020497 -inf
chr1:331343 331343 2551 0.250000 0.016978 0.007027 0.383085
chr1:331521 331521 2553 0.050000 0.000000 0.019812 -inf
chr1:331604 331604 2556 0.050000 0.000000 0.020058 -inf
chr1:333529 333529 2572 0.050000 0.000000 0.016966 -inf
chr1:333699 333699 2574 0.200000 0.070234 0.018612 0.576760
chr1:333782 333782 2576 0.050000 0.000000 0.020860 -inf
chr1:334080 334080 2579 0.100000 0.377184 0.017019 1.345621
chr1:334424 334424 2581 0.100000 0.012988 0.006800 0.281050
chr1:334482 334482 2582 0.150000 0.008698 0.010086 -0.064289
chr1:335513 335513 2592 0.250000 0.007274 0.009054 -0.095100
chr1:336842 336842 2597 0.050000 0.000000 0.007957 -inf
chr1:337814 337814 2605 0.050000 0.000000 0.007868 -inf
chr1:337865 337865 2606 0.950000 0.014975 0.000000 inf
chr1:337919 337919 2607 0.950000 0.014975 0.000000 inf
chr1:338006 338006 2608 0.050000 0.000000 0.015085 -inf
chr1:338118 338118 2609 0.750000 0.014500 0.000000 inf
chr1:339200 339200 2618 0.050000 0.000000 0.012612 -inf
chr1:339213 339213 2619 0.050000 0.000000 0.012488 -inf
chr1:339327 339327 2622 0.050000 0.000000 0.012890 -inf
chr1:339580 339580 2624 0.950000 0.012890 0.000000 inf
chr1:339589 339589 2625 0.550000 0.005503 0.000000 inf
chr1:340200 340200 2633 0.150000 0.007418 0.006446 0.061008
chr1:340415 340415 2636 0.150000 0.007693 0.006434 0.077663
chr1:343311 343311 2658 0.750000 0.007443 0.000000 inf
chr1:343958 343958 2663 0.050000 0.000000 0.014736 -inf
chr1:344138 344138 2665 0.650000 0.008213 0.000000 inf
chr1:344396 344396 2667 0.850000 0.016667 0.000000 inf
chr1:344695 344695 2669 0.050000 0.000000 0.017832 -inf
chr1:345389 345389 2674 0.200000 0.008287 0.007500 0.043336
chr1:345621 345621 2676 0.050000 0.000000 0.017196 -inf
chr1:345646 345646 2677 0.100000 0.007106 0.008600 -0.082888
chr1:345700 345700 2678 0.100000 0.004803 0.007015 -0.164457
chr1:345878 345878 2680 0.050000 0.000000 0.017843 -inf
chr1:345896 345896 2681 0.100000 0.008759 0.008635 0.006215
chr1:345928 345928 2682 0.600000 0.006778 0.008759 -0.111384
chr1:346024 346024 2684 0.050000 0.000000 0.011813 -inf
chr1:346213 346213 2686 0.250000 0.005458 0.003893 0.146735
chr1:346773 346773 2690 0.100000 0.010371 0.004945 0.321608
chr1:347302 347302 2693 0.250000 0.006411 0.005477 0.068411
chr1:347655 347655 2697 0.250000 0.005861 0.004636 0.101827
chr1:347702 347702 2698 0.500000 0.005735 0.003863 0.171545
chr1:347928 347928 2701 0.100000 0.010324 0.004924 0.321529
chr1:348336 348336 2704 0.400000 0.005846 0.003670 0.202209
chr1:348414 348414 2705 0.050000 0.000000 0.013710 -inf
chr1:348535 348535 2707 0.700000 0.005674 0.005570 0.008023
chr1:348831 348831 2708 0.200000 0.004238 0.004679 -0.043048
chr1:348839 348839 2709 0.600000 0.002701 0.003667 -0.132860
chr1:349228 349228 2714 0.200000 0.003414 0.001914 0.251249
chr1:349381 349381 2715 0.050000 0.000000 0.016314 -inf
chr1:349767 349767 2719 0.200000 0.002111 0.002644 -0.097854
chr1:349843 349843 2720 0.400000 0.002022 0.003616 -0.252367
chr1:350639 350639 2721 0.400000 0.002393 0.003893 -0.211383
chr1:351261 351261 2729 0.250000 0.004280 0.002133 0.302328
chr1:351323 351323 2730 0.250000 0.004510 0.002656 0.229899
chr1:351529 351529 2731 0.200000 0.001789 0.002255 -0.100610
chr1:351587 351587 2733 0.200000 0.002388 0.002636 -0.042901
chr1:351757 351757 2734 0.400000 0.003601 0.001823 0.295616
chr1:352121 352121 2736 0.300000 0.003147 0.002142 0.166933
chr1:352168 352168 2737 0.400000 0.002553 0.005362 -0.322206
chr1:352434 352434 2739 0.050000 0.000000 0.011054 -inf
chr1:352515 352515 2740 0.050000 0.000000 0.009934 -inf
chr1:352640 352640 2741 0.250000 0.002228 0.002318 -0.017211
chr1:352725 352725 2742 0.050000 0.000000 0.013313 -inf
chr1:353621 353621 2747 0.100000 0.003254 0.002470 0.119647
chr1:353981 353981 2750 0.450000 0.004706 0.002349 0.301879
chr1:354045 354045 2752 0.250000 0.003201 0.002785 0.060497
chr1:354098 354098 2753 0.100000 0.003488 0.002692 0.112460
chr1:354261 354261 2755 0.200000 0.003125 0.003267 -0.019389
chr1:354377 354377 2756 0.100000 0.005401 0.003252 0.220272
chr1:354671 354671 2760 0.150000 0.002764 0.002662 0.016323
chr1:354800 354800 2762 0.050000 0.000000 0.003827 -inf
chr1:355107 355107 2767 0.450000 0.007466 0.004665 0.204265
chr1:355210 355210 2768 0.550000 0.004436 0.002910 0.183162
chr1:355268 355268 2769 0.100000 0.004884 0.002332 0.321084
chr1:355735 355735 2772 0.200000 0.004681 0.002559 0.262214
chr1:355743 355743 2773 0.500000 0.003873 0.003724 0.017049
chr1:355933 355933 2775 0.450000 0.006562 0.004169 0.197030
chr1:356342 356342 2776 0.200000 0.004316 0.003507 0.090196
chr1:356374 356374 2777 0.650000 0.004023 0.005630 -0.145926
chr1:356478 356478 2778 0.500000 0.003489 0.011069 -0.501420
chr1:356700 356700 2781 0.150000 0.010900 0.002599 0.622679
chr1:356893 356893 2783 0.050000 0.000000 0.010313 -inf
chr1:357113 357113 2785 0.150000 0.006875 0.004953 0.142353
chr1:358009 358009 2792 0.150000 0.006178 0.003668 0.226338
chr1:358405 358405 2793 0.400000 0.004374 0.003889 0.051001
chr1:358714 358714 2797 0.100000 0.010876 0.003220 0.528579
chr1:358862 358862 2798 0.050000 0.000000 0.013194 -inf
chr1:359316 359316 2803 0.700000 0.004103 0.006825 -0.221049
chr1:359832 359832 2805 0.500000 0.005318 0.006702 -0.100488
chr1:360821 360821 2818 0.300000 0.008073 0.006605 0.087183
chr1:361567 361567 2823 0.150000 0.006413 0.006884 -0.030739
chr1:361623 361623 2825 0.050000 0.000000 0.015950 -inf
chr1:362346 362346 2830 0.150000 0.012391 0.007647 0.209628
chr1:362377 362377 2831 0.400000 0.012038 0.008997 0.126461
chr1:363039 363039 2836 0.200000 0.013721 0.006654 0.314331
chr1:363334 363334 2839 0.050000 0.000000 0.014055 -inf
chr1:363816 363816 2842 0.150000 0.017321 0.007458 0.365933
chr1:364081 364081 2845 0.050000 0.000000 0.007327 -inf
chr1:364353 364353 2847 0.450000 0.007444 0.013941 -0.272479
chr1:364506 364506 2848 0.550000 0.005850 0.011123 -0.279067
chr1:365066 365066 2853 0.050000 0.000000 0.014381 -inf
chr1:365622 365622 2856 0.100000 0.016076 0.005933 0.432937
chr1:366196 366196 2857 0.150000 0.129943 0.014448 0.953941
chr1:366728 366728 2861 0.350000 0.009269 0.015961 -0.236022
chr1:367247 367247 2865 0.250000 0.019988 0.006567 0.483396
chr1:367833 367833 2870 0.050000 0.000000 0.017564 -inf
chr1:368109 368109 2871 0.150000 0.018066 0.008253 0.340232
chr1:368798 368798 2876 0.100000 0.011944 0.007885 0.180363
chr1:369583 369583 2883 0.050000 0.000000 0.017408 -inf
chr1:370300 370300 2886 0.500000 0.008999 0.011784 -0.117088
chr1:370792 370792 2890 0.350000 0.011081 0.011733 -0.024801
chr1:371261 371261 2892 0.350000 0.011743 0.011198 0.020657
chr1:372271 372271 2898 0.050000 0.000000 0.017242 -inf
chr1:372339 372339 2899 0.750000 0.009344 0.023281 -0.396458
chr1:372442 372442 2900 0.050000 0.000000 0.015759 -inf
chr1:373276 373276 2908 0.200000 0.011053 0.007884 0.146713
chr1:373708 373708 2910 0.600000 0.006172 0.007968 -0.110931
chr1:373770 373770 2911 0.600000 0.006172 0.007968 -0.110931
chr1:373810 373810 2912 0.050000 0.000000 0.012673 -inf
chr1:373952 373952 2913 0.050000 0.000000 0.004158 -inf
chr1:374711 374711 2917 0.450000 0.005363 0.007071 -0.120082
chr1:375402 375402 2923 0.150000 0.012263 0.006118 0.302000
chr1:375902 375902 2928 0.050000 0.000000 0.005115 -inf
chr1:376365 376365 2931 0.150000 0.011824 0.005810 0.308581
chr1:376451 376451 2933 0.600000 0.007138 0.016486 -0.363520
chr1:376781 376781 2935 0.250000 0.012457 0.006627 0.274108
chr1:377002 377002 2936 0.200000 0.069971 0.013740 0.706936
chr1:377350 377350 2941 0.100000 0.017010 0.007198 0.373513
chr1:378027 378027 2944 0.100000 0.013629 0.006631 0.312890
chr1:378945 378945 2953 0.100000 0.022848 0.006427 0.550865
chr1:379490 379490 2957 0.400000 0.010283 0.006246 0.216550
chr1:379665 379665 2958 0.050000 0.000000 0.014196 -inf
chr1:379741 379741 2959 0.200000 0.011536 0.007829 0.168317
chr1:379772 379772 2960 0.200000 0.011110 0.006557 0.229045
chr1:379992 379992 2964 0.050000 0.000000 0.015678 -inf
chr1:380159 380159 2967 0.150000 0.005968 0.007705 -0.110941
chr1:380396 380396 2969 0.050000 0.000000 0.013317 -inf
chr1:380551 380551 2971 0.150000 0.004152 0.006171 -0.172059
chr1:380726 380726 2972 0.200000 0.004662 0.006159 -0.120936
chr1:381640 381640 2977 0.650000 0.007598 0.003955 0.283558
chr1:381905 381905 2981 0.250000 0.003509 0.006548 -0.270979
chr1:381981 381981 2982 0.100000 0.005576 0.006293 -0.052523
chr1:381989 381989 2983 0.100000 0.005014 0.003802 0.120201
chr1:382084 382084 2984 0.050000 0.000000 0.013401 -inf
chr1:382115 382115 2985 0.650000 0.006377 0.004872 0.116881
chr1:382272 382272 2987 0.200000 0.007764 0.005792 0.127226
chr1:382814 382814 2991 0.200000 0.014903 0.004030 0.567971
chr1:382879 382879 2992 0.450000 0.006298 0.006276 0.001518
chr1:385002 385002 3006 0.200000 0.068302 0.015434 0.645963
chr1:385115 385115 3009 0.550000 0.006330 0.005807 0.037445
chr1:385201 385201 3010 0.100000 0.020294 0.005005 0.607993
chr1:385649 385649 3012 0.300000 0.009115 0.005888 0.189804
chr1:385746 385746 3014 0.050000 0.000000 0.011885 -inf
chr1:385833 385833 3015 0.300000 0.009115 0.005924 0.187151
chr1:385951 385951 3018 0.050000 0.000000 0.010838 -inf
chr1:386252 386252 3019 0.100000 0.030673 0.006841 0.651637
chr1:386309 386309 3021 0.050000 0.000000 0.011684 -inf
chr1:386861 386861 3022 0.050000 0.000000 0.011293 -inf
chr1:386963 386963 3023 0.700000 0.004424 0.005799 -0.117521
chr1:386981 386981 3024 0.400000 0.007102 0.010132 -0.154309
chr1:387226 387226 3026 0.050000 0.000000 0.011455 -inf
chr1:387289 387289 3027 0.400000 0.005040 0.004663 0.033751
chr1:387509 387509 3029 0.250000 0.014662 0.003268 0.651905
chr1:387605 387605 3031 0.250000 0.011101 0.009407 0.071927
chr1:387965 387965 3035 0.300000 0.021689 0.034677 -0.203805
chr1:389446 389446 3043 0.100000 0.052823 0.010042 0.721022
chr1:389718 389718 3044 0.200000 0.071912 0.016558 0.637788
chr1:389970 389970 3046 0.200000 0.067015 0.019170 0.543540
chr1:392842 392842 3063 0.650000 0.018817 0.049941 -0.423903
chr1:393228 393228 3066 0.050000 0.000000 0.016518 -inf
chr1:394494 394494 3075 0.150000 0.017869 0.014993 0.076216
chr1:395165 395165 3080 0.750000 0.021217 0.049985 -0.372149
chr1:395211 395211 3081 0.050000 0.000000 0.018871 -inf
chr1:395248 395248 3082 0.050000 0.000000 0.021421 -inf
chr1:396154 396154 3089 0.200000 0.078674 0.021480 0.563792
chr1:396498 396498 3090 0.050000 0.000000 0.020608 -inf
chr1:397408 397408 3096 0.050000 0.000000 0.020334 -inf
chr1:398488 398488 3103 0.050000 0.000000 0.013919 -inf
chr1:399972 399972 3110 0.200000 0.078674 0.020157 0.591395
chr1:400031 400031 3112 0.100000 0.377184 0.026644 1.150954
chr1:400262 400262 3114 0.050000 0.000000 0.013951 -inf
chr1:400653 400653 3122 0.200000 0.083049 0.026246 0.500270
chr1:400901 400901 3124 0.600000 0.014748 0.052823 -0.554079
chr1:401214 401214 3125 0.250000 0.048873 0.023929 0.310147
chr1:403041 403041 3133 0.050000 0.000000 0.021751 -inf
chr1:403125 403125 3134 0.050000 0.000000 0.019185 -inf
chr1:403378 403378 3136 0.650000 0.021189 0.135610 -0.806188
chr1:404451 404451 3143 0.200000 0.075398 0.023500 0.506301
chr1:405333 405333 3150 0.550000 0.023292 0.049254 -0.325238
chr1:405379 405379 3151 0.050000 0.000000 0.014245 -inf
chr1:405469 405469 3152 0.700000 0.016167 0.052823 -0.514188
chr1:405598 405598 3154 0.050000 0.000000 0.012409 -inf
chr1:405832 405832 3156 0.050000 0.000000 0.020243 -inf
chr1:406605 406605 3163 0.750000 0.011549 0.000000 inf
chr1:407109 407109 3164 0.050000 0.000000 0.019875 -inf
chr1:407251 407251 3165 0.100000 0.012975 0.011635 0.047334
chr1:407417 407417 3167 0.750000 0.021076 0.000000 inf
chr1:407532 407532 3168 0.500000 0.028691 0.083834 -0.465668
chr1:408678 408678 3175 0.050000 0.000000 0.026894 -inf
chr1:409723 409723 3180 0.500000 0.014132 0.009671 0.164757
chr1:409913 409913 3182 0.350000 0.015979 0.008232 0.288036
chr1:410063 410063 3183 0.200000 0.083834 0.018594 0.654039
chr1:411106 411106 3188 0.200000 0.083834 0.023336 0.555391
chr1:411111 411111 3189 0.550000 0.023068 0.042145 -0.261725
chr1:411383 411383 3191 0.500000 0.014851 0.010090 0.167860
chr1:411385 411385 3192 0.050000 0.000000 0.018355 -inf
chr1:412339 412339 3199 0.800000 0.009493 0.016821 -0.248420
chr1:412876 412876 3203 0.050000 0.000000 0.018808 -inf
chr1:413433 413433 3206 0.050000 0.000000 0.020857 -inf
chr1:413873 413873 3208 0.050000 0.000000 0.021354 -inf
chr1:414521 414521 3209 0.050000 0.000000 0.018581 -inf
chr1:415606 415606 3217 0.450000 0.017958 0.011336 0.199794
chr1:416219 416219 3222 0.050000 0.000000 0.019852 -inf
chr1:417759 417759 3228 0.050000 0.000000 0.019999 -inf
chr1:418941 418941 3235 0.050000 0.000000 0.019774 -inf
chr1:419147 419147 3237 0.200000 0.012900 0.016653 -0.110922
chr1:419447 419447 3239 0.100000 0.025220 0.014620 0.236788
chr1:420170 420170 3245 0.100000 0.023065 0.014290 0.207902
chr1:420333 420333 3246 0.050000 0.000000 0.015202 -inf
chr1:421085 421085 3253 0.850000 0.023930 0.000000 inf
chr1:421902 421902 3263 0.050000 0.000000 0.024011 -inf
chr1:422045 422045 3265 0.200000 0.011294 0.019747 -0.242643
chr1:422282 422282 3268 0.250000 0.051098 0.022817 0.350149
chr1:422840 422840 3272 0.350000 0.023757 0.016609 0.155444
chr1:423019 423019 3273 0.050000 0.000000 0.023059 -inf
chr1:423735 423735 3274 0.200000 0.013885 0.016702 -0.080220
chr1:424148 424148 3275 0.300000 0.006668 0.014028 -0.322986
chr1:424323 424323 3277 0.250000 0.009713 0.013084 -0.129412
chr1:425139 425139 3281 0.200000 0.012651 0.008254 0.185472
chr1:425625 425625 3283 0.250000 0.027625 0.009609 0.458599
chr1:426818 426818 3290 0.050000 0.000000 0.015375 -inf
chr1:426838 426838 3291 0.200000 0.066678 0.020862 0.504620
chr1:426921 426921 3292 0.150000 0.009272 0.011076 -0.077196
chr1:427001 427001 3294 0.250000 0.029326 0.004007 0.864424
chr1:427736 427736 3299 0.050000 0.000000 0.008727 -inf
chr1:427736 427736 3300 0.200000 0.067225 0.020014 0.526199
chr1:428224 428224 3302 0.100000 0.013925 0.007509 0.268220
chr1:428264 428264 3303 0.100000 0.021277 0.009453 0.352323
chr1:428493 428493 3304 0.050000 0.000000 0.014493 -inf
chr1:428898 428898 3306 0.350000 0.003802 0.014796 -0.590176
chr1:429390 429390 3312 0.100000 0.020240 0.004153 0.687862
chr1:429681 429681 3314 0.500000 0.005363 0.036822 -0.836728
chr1:429870 429870 3316 0.300000 0.034475 0.005456 0.800658
chr1:429878 429878 3317 0.400000 0.004157 0.016706 -0.604089
chr1:429901 429901 3318 0.300000 0.030058 0.016630 0.257074
chr1:430303 430303 3322 0.300000 0.004126 0.013428 -0.512444
chr1:430352 430352 3323 0.100000 0.010905 0.004735 0.362349
chr1:431589 431589 3332 0.050000 0.000000 0.017940 -inf
chr1:431707 431707 3333 0.250000 0.034327 0.004619 0.871069
chr1:431945 431945 3335 0.300000 0.004983 0.008002 -0.205704
chr1:431987 431987 3336 0.150000 0.029214 0.003334 0.942630
chr1:432114 432114 3338 0.550000 0.004175 0.005844 -0.145993
chr1:432165 432165 3339 0.300000 0.005192 0.003784 0.137407
chr1:432372 432372 3340 0.200000 0.014910 0.003310 0.653595
chr1:432468 432468 3341 0.500000 0.002647 0.004702 -0.249509
chr1:432729 432729 3342 0.300000 0.002450 0.001985 0.091326
chr1:432754 432754 3343 0.150000 0.128582 0.009043 1.152889
chr1:433768 433768 3350 0.250000 0.009679 0.003649 0.423624
chr1:433924 433924 3351 0.050000 0.000000 0.010517 -inf
chr1:434122 434122 3352 0.150000 0.019619 0.003691 0.725502
chr1:434219 434219 3353 0.350000 0.003377 0.003664 -0.035417
chr1:434410 434410 3355 0.050000 0.000000 0.010716 -inf
chr1:434553 434553 3356 0.050000 0.000000 0.010944 -inf
chr1:434607 434607 3357 0.200000 0.006007 0.002815 0.329130
chr1:435383 435383 3363 0.400000 0.004330 0.003399 0.105205
chr1:435935 435935 3366 0.100000 0.004765 0.002885 0.218035
chr1:436033 436033 3367 0.050000 0.000000 0.003419 -inf
chr1:436147 436147 3369 0.050000 0.000000 0.013415 -inf
chr1:436428 436428 3372 0.400000 0.004404 0.005657 -0.108738
chr1:436710 436710 3376 0.250000 0.005082 0.005471 -0.032071
chr1:436860 436860 3377 0.050000 0.000000 0.018739 -inf
chr1:436960 436960 3379 0.050000 0.000000 0.018427 -inf
chr1:437877 437877 3382 0.150000 0.131220 0.011342 1.063312
chr1:437966 437966 3384 0.100000 0.007148 0.004875 0.166211
chr1:438142 438142 3385 0.600000 0.006241 0.005892 0.025010
chr1:438602 438602 3388 0.250000 0.006286 0.005967 0.022651
chr1:438636 438636 3389 0.050000 0.000000 0.005067 -inf
chr1:438914 438914 3390 0.050000 0.000000 0.004472 -inf
chr1:438915 438915 3391 0.550000 0.005602 0.003972 0.149416
chr1:439548 439548 3395 0.400000 0.004853 0.007983 -0.216100
chr1:439703 439703 3398 0.450000 0.008151 0.004632 0.245398
chr1:440192 440192 3400 0.150000 0.009001 0.005244 0.234599
chr1:441172 441172 3404 0.300000 0.005544 0.007098 -0.107349
chr1:442252 442252 3407 0.100000 0.014820 0.006559 0.354026
chr1:442457 442457 3410 0.050000 0.000000 0.007885 -inf
chr1:443523 443523 3424 0.300000 0.011844 0.007133 0.220246
chr1:443632 443632 3426 0.050000 0.000000 0.007441 -inf
chr1:443705 443705 3428 0.100000 0.007988 0.006706 0.075997
chr1:444046 444046 3430 0.300000 0.007310 0.008206 -0.050202
chr1:444786 444786 3435 0.250000 0.008148 0.009323 -0.058499
chr1:444798 444798 3436 0.100000 0.014638 0.009298 0.197113
chr1:445100 445100 3437 0.100000 0.004722 0.006282 -0.123958
chr1:445192 445192 3438 0.350000 0.007922 0.004515 0.244158
chr1:445208 445208 3440 0.200000 0.005026 0.003553 0.150687
chr1:445311 445311 3441 0.550000 0.003160 0.003269 -0.014679
chr1:445484 445484 3443 0.050000 0.000000 0.003446 -inf
chr1:445797 445797 3445 0.350000 0.008323 0.004627 0.254964
chr1:446044 446044 3447 0.200000 0.009256 0.003825 0.383806
chr1:446068 446068 3448 0.550000 0.002586 0.008949 -0.539155
chr1:446274 446274 3450 0.400000 0.002212 0.005659 -0.408033
chr1:447031 447031 3453 0.100000 0.007468 0.004272 0.242645
chr1:447136 447136 3454 0.150000 0.003841 0.005563 -0.160887
chr1:447427 447427 3457 0.100000 0.005591 0.002731 0.311214
chr1:448142 448142 3459 0.550000 0.004933 0.006723 -0.134478
chr1:448162 448162 3460 0.150000 0.007594 0.003934 0.285615
chr1:448324 448324 3462 0.350000 0.008583 0.005773 0.172202
chr1:448959 448959 3465 0.050000 0.000000 0.005750 -inf
chr1:448985 448985 3466 0.500000 0.005562 0.005512 0.003864
chr1:449045 449045 3467 0.300000 0.005512 0.005767 -0.019618
chr1:449089 449089 3468 0.550000 0.005436 0.004711 0.062145
chr1:449443 449443 3472 0.150000 0.015217 0.005171 0.468769
chr1:449724 449724 3473 0.200000 0.009517 0.004532 0.322159
chr1:449741 449741 3474 0.100000 0.011215 0.004387 0.407664
chr1:449752 449752 3475 0.250000 0.005503 0.005719 -0.016721
chr1:450211 450211 3479 0.100000 0.007509 0.005870 0.106971
chr1:450441 450441 3480 0.050000 0.000000 0.006112 -inf
chr1:450901 450901 3482 0.100000 0.004990 0.005416 -0.035511
chr1:451321 451321 3484 0.050000 0.000000 0.006756 -inf
chr1:451586 451586 3488 0.050000 0.000000 0.004902 -inf
chr1:451929 451929 3491 0.050000 0.000000 0.005355 -inf
chr1:452090 452090 3492 0.150000 0.011840 0.006626 0.252096
chr1:452390 452390 3493 0.800000 0.006148 0.011378 -0.267314
chr1:453430 453430 3502 0.050000 0.000000 0.006965 -inf
chr1:453795 453795 3505 0.100000 0.011378 0.005896 0.285468
chr1:454156 454156 3509 0.050000 0.000000 0.007232 -inf
chr1:454547 454547 3511 0.050000 0.000000 0.007150 -inf
chr1:454877 454877 3514 0.450000 0.009068 0.006977 0.113842
chr1:457354 457354 3528 0.200000 0.011585 0.009318 0.094587
chr1:457866 457866 3532 0.200000 0.012127 0.010146 0.077462
chr1:458356 458356 3533 0.100000 0.011849 0.009791 0.082844
chr1:459430 459430 3539 0.350000 0.014424 0.009263 0.192351
chr1:459715 459715 3542 0.100000 0.007056 0.006372 0.044336
chr1:459821 459821 3543 0.600000 0.004650 0.015673 -0.527736
chr1:460564 460564 3549 0.550000 0.006804 0.008340 -0.088372
chr1:461010 461010 3553 0.650000 0.006307 0.008382 -0.123520
chr1:461160 461160 3554 0.150000 0.013306 0.005902 0.353096
chr1:461346 461346 3555 0.050000 0.000000 0.005177 -inf
chr1:461528 461528 3557 0.100000 0.017335 0.004789 0.558695
chr1:461713 461713 3558 0.450000 0.010163 0.004700 0.334929
chr1:462359 462359 3566 0.100000 0.008389 0.004029 0.318479
chr1:462855 462855 3571 0.050000 0.000000 0.005250 -inf
chr1:463000 463000 3573 0.250000 0.006804 0.005095 0.125646
chr1:463032 463032 3574 0.200000 0.007284 0.005601 0.114121
chr1:463356 463356 3577 0.050000 0.000000 0.005107 -inf
chr1:463645 463645 3580 0.250000 0.006804 0.005580 0.086129
chr1:463662 463662 3581 0.200000 0.006139 0.003568 0.235754
chr1:463884 463884 3583 0.550000 0.008160 0.002882 0.451924
chr1:463971 463971 3584 0.200000 0.006319 0.005759 0.040309
chr1:464343 464343 3586 0.100000 0.008573 0.004748 0.256622
chr1:464762 464762 3589 0.100000 0.006177 0.003572 0.237923
chr1:465294 465294 3594 0.050000 0.000000 0.003372 -inf
chr1:465416 465416 3596 0.200000 0.009060 0.005808 0.193120
chr1:465555 465555 3598 0.100000 0.006267 0.003705 0.228187
chr1:465558 465558 3599 0.150000 0.005293 0.007275 -0.138125
chr1:465916 465916 3600 0.500000 0.009068 0.004258 0.328263
chr1:466628 466628 3602 0.100000 0.011428 0.004221 0.432568
chr1:466707 466707 3603 0.150000 0.006272 0.006251 0.001493
chr1:466877 466877 3605 0.300000 0.006654 0.003012 0.344229
chr1:467129 467129 3607 0.450000 0.007151 0.003275 0.339146
chr1:467323 467323 3608 0.200000 0.010165 0.002907 0.543604
chr1:467357 467357 3609 0.050000 0.000000 0.003320 -inf
chr1:467490 467490 3611 0.150000 0.011526 0.003601 0.505211
chr1:467959 467959 3615 0.100000 0.014070 0.002641 0.726445
chr1:468040 468040 3617 0.200000 0.004234 0.005058 -0.077283
chr1:468083 468083 3618 0.050000 0.000000 0.003274 -inf
chr1:468244 468244 3620 0.550000 0.005793 0.002972 0.289806
chr1:468254 468254 3621 0.050000 0.000000 0.003599 -inf
chr1:468289 468289 3623 0.150000 0.004106 0.003115 0.119883
chr1:468500 468500 3625 0.100000 0.016828 0.004573 0.565833
chr1:469133 469133 3629 0.050000 0.000000 0.003525 -inf
chr1:469146 469146 3630 0.100000 0.007150 0.005280 0.131652
chr1:469601 469601 3636 0.450000 0.007644 0.003246 0.372034
chr1:469629 469629 3637 0.150000 0.006857 0.004560 0.177214
chr1:469697 469697 3638 0.050000 0.000000 0.003500 -inf
chr1:470019 470019 3639 0.150000 0.004853 0.004115 0.071610
chr1:470030 470030 3640 0.350000 0.006685 0.002923 0.359338
chr1:470964 470964 3643 0.150000 0.004449 0.003450 0.110457
chr1:471190 471190 3645 0.300000 0.008832 0.003455 0.407676
chr1:471491 471491 3647 0.100000 0.014244 0.004053 0.545879
chr1:471879 471879 3650 0.100000 0.005233 0.003693 0.151324
chr1:472093 472093 3651 0.200000 0.005620 0.004021 0.145397
chr1:472105 472105 3652 0.050000 0.000000 0.003178 -inf
chr1:472300 472300 3654 0.050000 0.000000 0.003322 -inf
chr1:472356 472356 3655 0.200000 0.004758 0.003055 0.192484
chr1:472386 472386 3656 0.500000 0.004523 0.003113 0.162292
chr1:472629 472629 3657 0.050000 0.000000 0.002219 -inf
chr1:472710 472710 3658 0.500000 0.002742 0.003663 -0.125660
chr1:472851 472851 3659 0.450000 0.003710 0.002486 0.173839
chr1:473624 473624 3663 0.100000 0.003200 0.002241 0.154735
chr1:473636 473636 3664 0.050000 0.000000 0.002596 -inf
chr1:473736 473736 3665 0.100000 0.004537 0.002548 0.250504
chr1:473823 473823 3667 0.250000 0.005049 0.003053 0.218445
chr1:474228 474228 3670 0.150000 0.014534 0.003591 0.607143
chr1:474549 474549 3671 0.350000 0.004470 0.003002 0.172925
chr1:474607 474607 3672 0.350000 0.004436 0.002956 0.176272
chr1:474707 474707 3675 0.400000 0.003713 0.007668 -0.314971
chr1:474874 474874 3678 0.050000 0.000000 0.002804 -inf
chr1:475150 475150 3681 0.500000 0.003868 0.004750 -0.089274
chr1:475239 475239 3682 0.500000 0.003686 0.003727 -0.004796
chr1:475360 475360 3684 0.600000 0.003260 0.004750 -0.163489
chr1:475695 475695 3685 0.100000 0.004264 0.002773 0.186916
chr1:475710 475710 3686 0.550000 0.003281 0.005189 -0.199051
chr1:476386 476386 3691 0.050000 0.000000 0.003103 -inf
chr1:476416 476416 3692 0.050000 0.000000 0.003131 -inf
chr1:476979 476979 3696 0.350000 0.004495 0.005189 -0.062410
chr1:477003 477003 3697 0.550000 0.001700 0.005367 -0.499377
chr1:477010 477010 3698 0.200000 0.002895 0.002585 0.049127
chr1:477048 477048 3699 0.350000 0.003876 0.001336 0.462770
chr1:477244 477244 3701 0.050000 0.000000 0.002402 -inf
chr1:477274 477274 3702 0.050000 0.000000 0.002282 -inf
chr1:477292 477292 3703 0.350000 0.002150 0.003589 -0.222600
chr1:477301 477301 3704 0.300000 0.003667 0.001811 0.306410
chr1:477822 477822 3709 0.450000 0.002664 0.003922 -0.167924
chr1:477916 477916 3710 0.350000 0.003672 0.003782 -0.012720
chr1:477985 477985 3711 0.100000 0.004930 0.002386 0.315217
chr1:478496 478496 3715 0.550000 0.004619 0.002890 0.203675
chr1:478509 478509 3716 0.350000 0.002288 0.003764 -0.216275
chr1:478743 478743 3720 0.300000 0.003090 0.004144 -0.127467
chr1:479216 479216 3724 0.050000 0.000000 0.003310 -inf
chr1:479643 479643 3729 0.350000 0.003349 0.004099 -0.087842
chr1:480043 480043 3732 0.450000 0.006087 0.005224 0.066386
chr1:480260 480260 3735 0.300000 0.005197 0.006122 -0.071132
chr1:480433 480433 3737 0.100000 0.004102 0.003371 0.085180
chr1:480444 480444 3738 0.050000 0.000000 0.004184 -inf
chr1:480468 480468 3739 0.200000 0.003130 0.003437 -0.040704
chr1:480755 480755 3743 0.600000 0.004218 0.003146 0.127346
chr1:481302 481302 3745 0.050000 0.000000 0.003288 -inf
chr1:481666 481666 3748 0.050000 0.000000 0.004053 -inf
chr1:481756 481756 3749 0.550000 0.006326 0.004727 0.126526
chr1:481848 481848 3753 0.600000 0.005588 0.002911 0.283227
chr1:481960 481960 3754 0.600000 0.005564 0.004358 0.106088
chr1:482174 482174 3755 0.150000 0.003533 0.004431 -0.098375
chr1:482814 482814 3761 0.600000 0.006447 0.002415 0.426395
chr1:483050 483050 3762 0.150000 0.003746 0.005690 -0.181473
chr1:483102 483102 3763 0.250000 0.002515 0.006380 -0.404250
chr1:483654 483654 3767 0.050000 0.000000 0.004594 -inf
chr1:484308 484308 3772 0.050000 0.000000 0.004995 -inf
chr1:484792 484792 3773 0.150000 0.003818 0.006437 -0.226839
chr1:484975 484975 3774 0.050000 0.000000 0.004496 -inf
chr1:485035 485035 3775 0.050000 0.000000 0.004284 -inf
chr1:485430 485430 3778 0.300000 0.007296 0.003193 0.358922
chr1:485630 485630 3780 0.050000 0.000000 0.004321 -inf
chr1:485884 485884 3781 0.300000 0.003008 0.007123 -0.374449
chr1:485958 485958 3782 0.500000 0.003422 0.003005 0.056430
chr1:486071 486071 3785 0.600000 0.004515 0.003037 0.172141
chr1:486087 486087 3786 0.300000 0.002309 0.006045 -0.417926
chr1:486386 486386 3791 0.050000 0.000000 0.003127 -inf
chr1:486770 486770 3792 0.050000 0.000000 0.002522 -inf
chr1:486967 486967 3793 0.550000 0.002916 0.004028 -0.140217
chr1:487055 487055 3794 0.300000 0.002140 0.002495 -0.066595
chr1:487086 487086 3795 0.150000 0.002903 0.001930 0.177292
chr1:487105 487105 3796 0.050000 0.000000 0.002102 -inf
chr1:487394 487394 3800 0.050000 0.000000 0.002237 -inf
chr1:487637 487637 3803 0.600000 0.002889 0.002432 0.074721
chr1:487809 487809 3805 0.050000 0.000000 0.002885 -inf
chr1:488439 488439 3812 0.200000 0.002656 0.003776 -0.152790
chr1:488612 488612 3813 0.550000 0.003533 0.002833 0.095922
chr1:488764 488764 3814 0.200000 0.001531 0.003776 -0.391914
chr1:488830 488830 3815 0.250000 0.001251 0.003672 -0.467569
chr1:489181 489181 3819 0.150000 0.001386 0.003304 -0.377305
chr1:489755 489755 3824 0.050000 0.000000 0.002549 -inf
chr1:489926 489926 3825 0.750000 0.002742 0.002312 0.074051
chr1:490182 490182 3826 0.150000 0.002517 0.003026 -0.079956
chr1:490261 490261 3827 0.700000 0.002022 0.001809 0.048444
chr1:490286 490286 3828 0.200000 0.002197 0.001990 0.042959
chr1:490367 490367 3830 0.250000 0.001906 0.002155 -0.053414
chr1:490513 490513 3831 0.650000 0.001647 0.001906 -0.063535
chr1:490674 490674 3832 0.050000 0.000000 0.001252 -inf
chr1:490818 490818 3833 0.300000 0.002005 0.001468 0.135353
chr1:490952 490952 3835 0.050000 0.000000 0.001485 -inf
chr1:491101 491101 3836 0.150000 0.002965 0.001563 0.278045
chr1:491712 491712 3839 0.050000 0.000000 0.001545 -inf
chr1:491750 491750 3841 0.450000 0.002002 0.002505 -0.097340
chr1:492154 492154 3844 0.650000 0.001904 0.002523 -0.122319
chr1:492188 492188 3845 0.250000 0.002560 0.002032 0.100424
chr1:492254 492254 3847 0.150000 0.002709 0.001338 0.306506
chr1:492522 492522 3853 0.150000 0.002709 0.001403 0.285885
chr1:492667 492667 3855 0.150000 0.003370 0.001887 0.251696
chr1:492716 492716 3857 0.450000 0.002603 0.003751 -0.158769
chr1:492956 492956 3859 0.150000 0.003288 0.001663 0.296043
chr1:493434 493434 3863 0.650000 0.002193 0.003525 -0.206108
chr1:493692 493692 3866 0.050000 0.000000 0.002160 -inf
chr1:493694 493694 3867 0.300000 0.004523 0.001718 0.420525
chr1:494044 494044 3870 0.100000 0.004222 0.001611 0.418283
