chr1:36874 36874 330 0.040000 0.026996 0.010678 0.402819
chr1:38387 38387 338 0.045000 0.023912 0.010966 0.338592
chr1:38459 38459 339 0.010000 0.027562 0.010318 0.426726
chr1:39577 39577 352 0.010000 0.054427 0.010444 0.716949
chr1:43638 43638 379 0.035000 0.047570 0.012119 0.593876
chr1:46605 46605 395 0.575000 0.018024 0.010581 0.231308
chr1:48219 48219 407 0.010000 0.054427 0.008444 0.809269
chr1:50547 50547 434 0.610000 0.016482 0.009376 0.244989
chr1:52208 52208 449 0.595000 0.015218 0.009539 0.202844
chr1:54206 54206 471 0.010000 0.049667 0.006910 0.856586
chr1:61792 61792 535 0.010000 0.047463 0.006303 0.876842
chr1:62527 62527 543 0.290000 0.015151 0.009417 0.206517
chr1:65143 65143 564 0.560000 0.010867 0.018056 -0.220523
chr1:65467 65467 570 0.470000 0.014023 0.014061 -0.001185
chr1:68276 68276 592 0.545000 0.011338 0.017705 -0.193565
chr1:69345 69345 599 0.435000 0.015573 0.012966 0.079572
chr1:69935 69935 605 0.010000 0.244855 0.009477 1.412240
chr1:70186 70186 608 0.540000 0.012642 0.016368 -0.112187
chr1:70776 70776 612 0.465000 0.016144 0.013515 0.077203
chr1:71371 71371 617 0.010000 0.046126 0.008492 0.734945
chr1:71861 71861 622 0.595000 0.013574 0.020841 -0.186213
chr1:71907 71907 623 0.405000 0.020841 0.013574 0.186213
chr1:71913 71913 625 0.330000 0.022144 0.010812 0.311359
chr1:72379 72379 628 0.405000 0.020841 0.011206 0.269456
chr1:72512 72512 629 0.595000 0.011206 0.020841 -0.269456
chr1:72796 72796 633 0.405000 0.020841 0.011593 0.254717
chr1:75328 75328 653 0.325000 0.020328 0.010206 0.299231
chr1:75996 75996 661 0.325000 0.019964 0.010186 0.292237
chr1:76447 76447 667 0.325000 0.019790 0.010227 0.286680
chr1:76938 76938 669 0.475000 0.014385 0.010875 0.121477
chr1:77376 77376 672 0.385000 0.020660 0.009366 0.343596
chr1:79670 79670 697 0.380000 0.017546 0.010979 0.203621
chr1:79692 79692 698 0.380000 0.017546 0.010979 0.203621
chr1:80141 80141 700 0.010000 0.071001 0.006079 1.067462
chr1:80231 80231 701 0.380000 0.017593 0.010979 0.204769
chr1:80799 80799 703 0.010000 0.127684 0.007295 1.243091
chr1:80943 80943 705 0.010000 0.071001 0.006713 1.024318
chr1:81684 81684 710 0.555000 0.011335 0.016412 -0.160738
chr1:83133 83133 719 0.600000 0.014278 0.012017 0.074881
chr1:83477 83477 723 0.205000 0.023242 0.010086 0.362567
chr1:83744 83744 724 0.990000 0.006704 0.071001 -1.024914
chr1:83770 83770 725 0.010000 0.071001 0.006704 1.024914
chr1:83823 83823 727 0.390000 0.011916 0.013799 -0.063700
chr1:85313 85313 736 0.305000 0.020640 0.012101 0.231869
chr1:86259 86259 743 0.350000 0.017122 0.012872 0.123925
chr1:86804 86804 745 0.020000 0.063760 0.009701 0.817724
chr1:87861 87861 748 0.010000 0.071001 0.007782 0.960152
chr1:88258 88258 750 0.630000 0.013316 0.016204 -0.085251
chr1:89722 89722 764 0.625000 0.012181 0.015413 -0.102225
chr1:90237 90237 771 0.015000 0.147741 0.009458 1.193712
chr1:90439 90439 773 0.625000 0.011194 0.015614 -0.144547
chr1:90606 90606 776 0.290000 0.022295 0.009661 0.363190
chr1:91510 91510 785 0.025000 0.044059 0.008475 0.715869
chr1:92438 92438 791 0.375000 0.017262 0.010895 0.199872
chr1:92601 92601 794 0.625000 0.010895 0.018199 -0.222811
chr1:92748 92748 799 0.010000 0.244855 0.007429 1.517950
chr1:92758 92758 800 0.250000 0.019038 0.008405 0.355062
chr1:93649 93649 811 0.010000 0.049913 0.007511 0.822500
chr1:95536 95536 825 0.105000 0.040067 0.012414 0.508886
chr1:95560 95560 826 0.010000 0.023248 0.008108 0.457474
chr1:95609 95609 827 0.010000 0.051141 0.008533 0.777670
chr1:96246 96246 831 0.010000 0.079515 0.008859 0.953081
chr1:96504 96504 834 0.010000 0.071001 0.008512 0.921244
chr1:96827 96827 836 0.130000 0.028975 0.010908 0.424261
chr1:97297 97297 839 0.170000 0.049290 0.011102 0.647336
chr1:99012 99012 846 0.585000 0.014124 0.021923 -0.190959
chr1:99372 99372 849 0.585000 0.014158 0.021752 -0.186505
chr1:99423 99423 850 0.015000 0.044365 0.007250 0.786696
chr1:99758 99758 854 0.415000 0.021752 0.013987 0.191795
chr1:100539 100539 857 0.010000 0.023582 0.008421 0.447251
chr1:101110 101110 862 0.745000 0.012997 0.027360 -0.323267
chr1:101283 101283 863 0.255000 0.027360 0.012997 0.323267
chr1:101549 101549 864 0.255000 0.027360 0.012997 0.323267
chr1:102010 102010 870 0.665000 0.013634 0.015470 -0.054869
chr1:102082 102082 871 0.785000 0.011416 0.035696 -0.495087
chr1:102336 102336 872 0.215000 0.035696 0.011416 0.495087
chr1:102352 102352 873 0.095000 0.046906 0.010443 0.652417
chr1:102460 102460 875 0.215000 0.035696 0.011170 0.504560
chr1:102581 102581 876 0.785000 0.011170 0.035696 -0.504560
chr1:103018 103018 879 0.215000 0.035696 0.011470 0.493074
chr1:103212 103212 881 0.215000 0.035696 0.011470 0.493074
chr1:103311 103311 882 0.215000 0.035696 0.011470 0.493074
chr1:105136 105136 896 0.215000 0.027530 0.011237 0.389141
chr1:105620 105620 902 0.015000 0.044439 0.007856 0.752582
chr1:105679 105679 903 0.585000 0.018089 0.011487 0.197218
chr1:108295 108295 920 0.010000 0.078301 0.009672 0.908247
chr1:109784 109784 927 0.580000 0.018106 0.012123 0.174220
chr1:110295 110295 933 0.015000 0.103477 0.009081 1.056717
chr1:110305 110305 934 0.580000 0.015900 0.011758 0.131047
chr1:110585 110585 936 0.115000 0.034229 0.010194 0.526034
chr1:110630 110630 938 0.305000 0.017720 0.012069 0.166780
chr1:111345 111345 944 0.010000 0.244855 0.009761 1.399400
chr1:113852 113852 961 0.455000 0.020899 0.012792 0.213180
chr1:114037 114037 962 0.130000 0.022731 0.011352 0.301546
chr1:114252 114252 965 0.035000 0.031739 0.009845 0.508376
chr1:114700 114700 969 0.650000 0.014298 0.016714 -0.067801
chr1:114843 114843 970 0.650000 0.014298 0.016714 -0.067801
chr1:115032 115032 974 0.350000 0.016714 0.014298 0.067801
chr1:115786 115786 981 0.035000 0.031739 0.009311 0.532603
chr1:116510 116510 987 0.115000 0.033887 0.011695 0.462036
chr1:116522 116522 988 0.020000 0.044299 0.009768 0.656602
chr1:116675 116675 990 0.630000 0.016525 0.016363 0.004270
chr1:117081 117081 993 0.630000 0.016427 0.016363 0.001697
chr1:117853 117853 999 0.340000 0.029791 0.011052 0.430655
chr1:118132 118132 1004 0.370000 0.017031 0.017746 -0.017853
chr1:118435 118435 1007 0.370000 0.017031 0.017737 -0.017639
chr1:118986 118986 1013 0.370000 0.017031 0.018056 -0.025365
chr1:119016 119016 1014 0.015000 0.147741 0.010389 1.152938
chr1:119356 119356 1015 0.630000 0.017829 0.017031 0.019880
chr1:119411 119411 1017 0.450000 0.022821 0.011325 0.304312
chr1:119731 119731 1020 0.450000 0.022911 0.011325 0.306023
chr1:120271 120271 1025 0.110000 0.032261 0.009459 0.532809
chr1:120392 120392 1027 0.630000 0.014448 0.015287 -0.024526
chr1:120824 120824 1033 0.630000 0.013593 0.015287 -0.050985
chr1:122268 122268 1040 0.370000 0.015287 0.012440 0.089488
chr1:122844 122844 1044 0.370000 0.018003 0.012424 0.161082
chr1:123572 123572 1050 0.365000 0.018344 0.012779 0.156990
chr1:123785 123785 1051 0.365000 0.018344 0.012779 0.156990
chr1:124412 124412 1056 0.170000 0.045655 0.010238 0.649296
chr1:124748 124748 1059 0.015000 0.147741 0.009511 1.191282
chr1:125301 125301 1064 0.260000 0.021556 0.011574 0.270081
chr1:125467 125467 1067 0.010000 0.061206 0.006885 0.948895
chr1:125993 125993 1069 0.260000 0.021346 0.010635 0.302566
chr1:126527 126527 1073 0.010000 0.061206 0.005903 1.015700
chr1:126615 126615 1076 0.330000 0.027287 0.010070 0.432941
chr1:126774 126774 1078 0.265000 0.024960 0.009746 0.408431
chr1:126816 126816 1080 0.265000 0.024960 0.009726 0.409288
chr1:127388 127388 1089 0.010000 0.061206 0.006292 0.988004
chr1:127662 127662 1092 0.525000 0.009766 0.019203 -0.293656
chr1:127910 127910 1093 0.260000 0.021346 0.010640 0.302355
chr1:128890 128890 1104 0.105000 0.042717 0.008827 0.684764
chr1:129166 129166 1107 0.330000 0.028666 0.009097 0.498459
chr1:129376 129376 1110 0.465000 0.015096 0.011620 0.113658
chr1:129451 129451 1111 0.210000 0.018177 0.008971 0.306700
chr1:129488 129488 1113 0.020000 0.102090 0.008687 1.070102
chr1:129841 129841 1116 0.355000 0.015605 0.010648 0.165996
chr1:129878 129878 1117 0.675000 0.011273 0.028736 -0.406372
chr1:130814 130814 1123 0.675000 0.011273 0.030026 -0.425447
chr1:130910 130910 1125 0.675000 0.011196 0.030026 -0.428433
chr1:130997 130997 1126 0.675000 0.011196 0.030026 -0.428433
chr1:131603 131603 1134 0.325000 0.030026 0.010981 0.436852
chr1:132458 132458 1137 0.545000 0.013386 0.017392 -0.113695
chr1:132565 132565 1139 0.545000 0.013386 0.017392 -0.113695
chr1:132764 132764 1144 0.455000 0.017392 0.013362 0.114490
chr1:133020 133020 1146 0.495000 0.016381 0.013152 0.095335
chr1:133032 133032 1147 0.505000 0.013152 0.016381 -0.095335
chr1:133307 133307 1150 0.495000 0.016381 0.013152 0.095335
chr1:133449 133449 1152 0.505000 0.013152 0.016381 -0.095335
chr1:134399 134399 1160 0.495000 0.016381 0.012573 0.114895
chr1:134489 134489 1162 0.495000 0.016585 0.012573 0.120272
chr1:135087 135087 1165 0.495000 0.017409 0.012573 0.141346
chr1:135217 135217 1166 0.505000 0.012573 0.017409 -0.141346
chr1:135311 135311 1167 0.505000 0.012573 0.017409 -0.141346
chr1:135423 135423 1169 0.495000 0.017409 0.012573 0.141346
chr1:135480 135480 1170 0.495000 0.017409 0.012573 0.141346
chr1:136677 136677 1176 0.195000 0.021098 0.009843 0.331099
chr1:136953 136953 1177 0.540000 0.015045 0.012400 0.083978
chr1:137565 137565 1181 0.010000 0.255909 0.007999 1.505070
chr1:138019 138019 1186 0.865000 0.008981 0.020924 -0.367322
chr1:138073 138073 1188 0.390000 0.014301 0.010913 0.117432
chr1:138124 138124 1189 0.010000 0.075583 0.005356 1.149549
chr1:138272 138272 1190 0.390000 0.014396 0.010913 0.120290
chr1:138443 138443 1195 0.390000 0.014396 0.011282 0.105852
chr1:138901 138901 1201 0.130000 0.022188 0.007882 0.449470
chr1:139289 139289 1203 0.130000 0.022188 0.007803 0.453857
chr1:139387 139387 1204 0.130000 0.022188 0.007803 0.453857
chr1:139473 139473 1206 0.440000 0.018754 0.008366 0.350586
chr1:139835 139835 1209 0.285000 0.028973 0.008160 0.550324
chr1:139922 139922 1210 0.035000 0.027096 0.006255 0.636715
chr1:140047 140047 1213 0.010000 0.060812 0.005092 1.077085
chr1:140367 140367 1218 0.020000 0.058644 0.006205 0.975463
chr1:141072 141072 1221 0.370000 0.015638 0.008972 0.241285
chr1:141402 141402 1224 0.065000 0.085414 0.007819 1.038359
chr1:141618 141618 1225 0.025000 0.050748 0.006639 0.883342
chr1:141750 141750 1226 0.010000 0.058798 0.005748 1.009828
chr1:142625 142625 1229 0.025000 0.050748 0.006362 0.901846
chr1:142708 142708 1231 0.025000 0.050748 0.006279 0.907559
chr1:142718 142718 1232 0.450000 0.014147 0.009375 0.178673
chr1:143461 143461 1238 0.840000 0.008567 0.055539 -0.811769
chr1:143617 143617 1241 0.010000 0.058798 0.005536 1.026169
chr1:143923 143923 1246 0.010000 0.075583 0.005825 1.113147
chr1:145089 145089 1252 0.150000 0.024492 0.008914 0.438963
chr1:145095 145095 1253 0.535000 0.010705 0.014284 -0.125250
chr1:145901 145901 1259 0.205000 0.034952 0.008279 0.625511
chr1:146066 146066 1262 0.740000 0.008575 0.025370 -0.471108
chr1:146599 146599 1264 0.735000 0.008627 0.024721 -0.457208
chr1:147000 147000 1268 0.010000 0.070687 0.005005 1.149972
chr1:147066 147066 1269 0.735000 0.009271 0.024721 -0.425922
chr1:148421 148421 1281 0.395000 0.019150 0.008513 0.352069
chr1:148426 148426 1282 0.265000 0.024721 0.008590 0.459086
chr1:148433 148433 1283 0.200000 0.037646 0.008007 0.672254
chr1:148546 148546 1284 0.200000 0.037646 0.008007 0.672254
chr1:148609 148609 1285 0.265000 0.024721 0.008498 0.463752
chr1:148621 148621 1286 0.395000 0.019150 0.007878 0.385764
chr1:148979 148979 1290 0.755000 0.009195 0.028089 -0.484976
chr1:149158 149158 1293 0.035000 0.041462 0.006701 0.791522
chr1:149442 149442 1294 0.025000 0.050748 0.006244 0.909933
chr1:149467 149467 1295 0.010000 0.060812 0.005261 1.062922
chr1:149972 149972 1299 0.185000 0.041984 0.008280 0.705057
chr1:150023 150023 1301 0.205000 0.014708 0.008826 0.221778
chr1:150444 150444 1305 0.615000 0.010879 0.021920 -0.304264
chr1:151620 151620 1308 0.025000 0.042797 0.007869 0.735502
chr1:152050 152050 1313 0.620000 0.010112 0.022515 -0.347617
chr1:152249 152249 1315 0.465000 0.017034 0.010438 0.212680
chr1:152338 152338 1316 0.100000 0.033061 0.007887 0.622396
chr1:152425 152425 1318 0.075000 0.017947 0.006741 0.425276
chr1:152806 152806 1321 0.465000 0.017034 0.010235 0.221232
chr1:152866 152866 1322 0.535000 0.010235 0.017034 -0.221232
chr1:152984 152984 1324 0.440000 0.019172 0.009482 0.305766
chr1:153510 153510 1328 0.465000 0.017031 0.010147 0.224909
chr1:153540 153540 1329 0.465000 0.017031 0.010147 0.224909
chr1:154009 154009 1333 0.535000 0.010147 0.017031 -0.224909
chr1:154327 154327 1337 0.465000 0.017031 0.010239 0.220959
chr1:154335 154335 1338 0.465000 0.017031 0.010239 0.220959
chr1:154337 154337 1339 0.465000 0.017031 0.010239 0.220959
chr1:154487 154487 1342 0.535000 0.010239 0.017031 -0.220959
chr1:154493 154493 1343 0.465000 0.017031 0.010239 0.220959
chr1:154589 154589 1344 0.465000 0.017031 0.010239 0.220959
chr1:154746 154746 1346 0.325000 0.022107 0.009608 0.361897
chr1:155835 155835 1358 0.100000 0.033061 0.008675 0.581025
chr1:155889 155889 1359 0.295000 0.022487 0.008356 0.429947
chr1:156149 156149 1363 0.375000 0.015602 0.009276 0.225809
chr1:156244 156244 1365 0.375000 0.015602 0.009265 0.226319
chr1:156323 156323 1366 0.100000 0.033061 0.006980 0.675460
chr1:156887 156887 1369 0.020000 0.118529 0.007654 1.189965
chr1:157645 157645 1374 0.470000 0.016694 0.010239 0.212286
chr1:157682 157682 1376 0.020000 0.066749 0.006928 0.983860
chr1:157816 157816 1377 0.020000 0.066749 0.006928 0.983860
chr1:158064 158064 1379 0.375000 0.017792 0.010376 0.234206
chr1:158887 158887 1385 0.135000 0.032713 0.008347 0.593213
chr1:159089 159089 1388 0.375000 0.018080 0.010067 0.254286
chr1:159099 159099 1389 0.865000 0.009100 0.032713 -0.555695
chr1:159267 159267 1391 0.135000 0.032713 0.009100 0.555695
chr1:160945 160945 1398 0.155000 0.025421 0.009589 0.423417
chr1:161383 161383 1405 0.845000 0.009235 0.025805 -0.446262
chr1:161967 161967 1408 0.010000 0.060812 0.006288 0.985509
chr1:161998 161998 1409 0.185000 0.042625 0.009264 0.662853
chr1:162887 162887 1416 0.460000 0.017332 0.006751 0.409483
chr1:162919 162919 1417 0.460000 0.017332 0.006751 0.409483
chr1:163042 163042 1419 0.055000 0.077331 0.007157 1.033598
chr1:163163 163163 1421 0.020000 0.066749 0.006066 1.041521
chr1:163352 163352 1423 0.305000 0.017992 0.009265 0.288237
chr1:164067 164067 1429 0.835000 0.007025 0.024418 -0.541085
chr1:164100 164100 1430 0.165000 0.024418 0.007025 0.541085
chr1:164221 164221 1432 0.530000 0.012583 0.008074 0.192704
chr1:164281 164281 1433 0.835000 0.007398 0.024418 -0.518609
chr1:164361 164361 1435 0.220000 0.016022 0.007654 0.320832
chr1:164898 164898 1439 0.400000 0.011909 0.008662 0.138276
chr1:165098 165098 1441 0.020000 0.066749 0.005598 1.076377
chr1:165412 165412 1443 0.335000 0.019984 0.007196 0.443585
chr1:165584 165584 1451 0.405000 0.011427 0.008487 0.129215
chr1:165618 165618 1452 0.240000 0.025566 0.007159 0.552819
chr1:165815 165815 1454 0.335000 0.016341 0.007201 0.355882
chr1:165898 165898 1455 0.215000 0.014078 0.005923 0.376000
chr1:166089 166089 1457 0.335000 0.016341 0.008220 0.298392
chr1:166494 166494 1461 0.025000 0.058986 0.005997 0.992828
chr1:167081 167081 1464 0.010000 0.019754 0.004466 0.645790
chr1:167550 167550 1467 0.345000 0.016443 0.008880 0.267547
chr1:168163 168163 1474 0.395000 0.015029 0.008507 0.247180
chr1:168267 168267 1475 0.010000 0.022076 0.005467 0.606137
chr1:168273 168273 1476 0.395000 0.015029 0.008474 0.248828
chr1:168293 168293 1477 0.395000 0.015029 0.008474 0.248828
chr1:168581 168581 1480 0.260000 0.030375 0.008916 0.532349
chr1:168646 168646 1481 0.260000 0.030375 0.008916 0.532349
chr1:169758 169758 1486 0.715000 0.009304 0.029178 -0.496383
chr1:170169 170169 1490 0.285000 0.029178 0.009391 0.492356
chr1:170199 170199 1491 0.265000 0.033187 0.009042 0.564690
chr1:170505 170505 1495 0.340000 0.020216 0.009321 0.336213
chr1:170920 170920 1500 0.320000 0.021061 0.006612 0.503138
chr1:171001 171001 1503 0.340000 0.022568 0.009499 0.375804
chr1:171553 171553 1506 0.640000 0.009525 0.018946 -0.298639
chr1:171648 171648 1507 0.030000 0.045809 0.006056 0.878762
chr1:171740 171740 1509 0.640000 0.009390 0.018946 -0.304837
chr1:172602 172602 1515 0.100000 0.036410 0.008603 0.626548
chr1:172970 172970 1518 0.320000 0.020206 0.006896 0.466891
chr1:173200 173200 1522 0.100000 0.036410 0.008771 0.618189
chr1:173226 173226 1524 0.340000 0.022792 0.009604 0.375335
chr1:173294 173294 1525 0.320000 0.020206 0.006543 0.489673
chr1:173318 173318 1526 0.680000 0.006543 0.020206 -0.489673
chr1:173327 173327 1527 0.320000 0.016587 0.009604 0.237310
chr1:173749 173749 1529 0.020000 0.066749 0.007093 0.973640
chr1:174411 174411 1535 0.140000 0.029568 0.008462 0.543328
chr1:174681 174681 1539 0.140000 0.029229 0.008501 0.536372
chr1:176309 176309 1547 0.845000 0.008013 0.024497 -0.485324
chr1:176360 176360 1548 0.115000 0.047996 0.009131 0.720676
chr1:176695 176695 1552 0.260000 0.019893 0.009851 0.305236
chr1:177193 177193 1558 0.215000 0.051155 0.007999 0.805871
chr1:177359 177359 1560 0.025000 0.058986 0.007489 0.896350
chr1:177959 177959 1563 0.260000 0.019893 0.010385 0.282292
chr1:178013 178013 1564 0.370000 0.022623 0.009857 0.360798
chr1:178184 178184 1568 0.370000 0.022623 0.009851 0.361048
chr1:179380 179380 1575 0.370000 0.022606 0.009851 0.360740
chr1:179585 179585 1577 0.370000 0.022606 0.009814 0.362403
chr1:179904 179904 1579 0.685000 0.009654 0.016139 -0.223178
chr1:180085 180085 1580 0.370000 0.022606 0.009928 0.357391
chr1:180121 180121 1581 0.685000 0.009791 0.016139 -0.217029
chr1:180681 180681 1582 0.185000 0.052645 0.008437 0.795186
chr1:180839 180839 1584 0.100000 0.042615 0.008679 0.691085
chr1:181004 181004 1586 0.105000 0.056333 0.008069 0.843961
chr1:181389 181389 1589 0.315000 0.015386 0.010504 0.165786
chr1:181461 181461 1590 0.020000 0.128866 0.007780 1.219137
chr1:182004 182004 1593 0.315000 0.014668 0.010504 0.145013
chr1:182429 182429 1595 0.155000 0.026981 0.006888 0.592998
chr1:182534 182534 1596 0.470000 0.008601 0.013215 -0.186513
chr1:182911 182911 1601 0.555000 0.012609 0.009505 0.122720
chr1:182928 182928 1602 0.120000 0.043403 0.007778 0.746674
chr1:183019 183019 1605 0.010000 0.135628 0.006190 1.340655
chr1:183656 183656 1609 0.575000 0.012342 0.007560 0.212870
chr1:183704 183704 1610 0.130000 0.023054 0.008397 0.438649
chr1:184347 184347 1613 0.130000 0.037632 0.007813 0.682710
chr1:184399 184399 1614 0.130000 0.037632 0.007813 0.682710
chr1:185002 185002 1618 0.240000 0.044469 0.007939 0.748273
chr1:185161 185161 1620 0.130000 0.023308 0.008488 0.438718
chr1:185344 185344 1622 0.130000 0.023308 0.008488 0.438718
chr1:186116 186116 1625 0.130000 0.023308 0.008480 0.439088
chr1:186185 186185 1627 0.295000 0.014828 0.009633 0.187308
chr1:186261 186261 1630 0.130000 0.023308 0.009553 0.387344
chr1:186901 186901 1634 0.075000 0.039943 0.008517 0.671130
chr1:187039 187039 1637 0.075000 0.039943 0.008517 0.671130
chr1:187413 187413 1640 0.110000 0.043944 0.008828 0.697049
chr1:187700 187700 1643 0.405000 0.021010 0.009692 0.336011
chr1:187886 187886 1644 0.075000 0.039943 0.008296 0.682579
chr1:187925 187925 1646 0.895000 0.008799 0.022826 -0.414013
chr1:187932 187932 1647 0.105000 0.022826 0.008799 0.414013
chr1:188057 188057 1648 0.105000 0.022826 0.008799 0.414013
chr1:190407 190407 1669 0.105000 0.023318 0.009409 0.394124
chr1:190559 190559 1672 0.075000 0.039943 0.009276 0.634086
chr1:190679 190679 1674 0.025000 0.037055 0.008763 0.626197
chr1:190868 190868 1676 0.455000 0.018405 0.012098 0.182219
chr1:190897 190897 1677 0.075000 0.039943 0.007985 0.699175
chr1:191050 191050 1679 0.455000 0.018405 0.011549 0.202411
chr1:191535 191535 1683 0.075000 0.039943 0.008343 0.680094
chr1:191840 191840 1685 0.455000 0.018462 0.011965 0.188378
chr1:192158 192158 1688 0.075000 0.087464 0.009343 0.971335
chr1:192288 192288 1691 0.260000 0.029557 0.009450 0.495239
chr1:192659 192659 1693 0.170000 0.031919 0.007807 0.611561
chr1:192717 192717 1694 0.290000 0.022596 0.009691 0.367657
chr1:192931 192931 1696 0.290000 0.022267 0.009691 0.361286
chr1:193059 193059 1699 0.255000 0.019926 0.009076 0.341531
chr1:193176 193176 1701 0.290000 0.022267 0.008576 0.414379
chr1:193518 193518 1703 0.290000 0.022195 0.008576 0.412980
chr1:193816 193816 1709 0.545000 0.009548 0.017379 -0.260092
chr1:193986 193986 1712 0.290000 0.022001 0.008567 0.409634
chr1:194865 194865 1718 0.255000 0.020692 0.009706 0.328781
chr1:195128 195128 1723 0.455000 0.017379 0.010311 0.226722
chr1:195293 195293 1724 0.145000 0.085083 0.009057 0.972879
chr1:195683 195683 1727 0.290000 0.022025 0.008474 0.414844
chr1:195854 195854 1728 0.695000 0.008554 0.020474 -0.379059
chr1:195992 195992 1731 0.255000 0.019967 0.008565 0.367601
chr1:196054 196054 1732 0.270000 0.036333 0.007788 0.668862
chr1:196367 196367 1734 0.255000 0.019967 0.008722 0.359686
chr1:196468 196468 1736 0.015000 0.097205 0.007304 1.124151
chr1:196664 196664 1738 0.010000 0.244855 0.007649 1.505325
chr1:196908 196908 1743 0.010000 0.134530 0.005946 1.354612
chr1:197188 197188 1744 0.695000 0.009092 0.015982 -0.244979
chr1:197250 197250 1745 0.305000 0.015982 0.009092 0.244979
chr1:197768 197768 1746 0.695000 0.009092 0.015982 -0.244979
chr1:197829 197829 1747 0.305000 0.015982 0.009092 0.244979
chr1:197899 197899 1748 0.075000 0.075449 0.007970 0.976206
chr1:198806 198806 1752 0.415000 0.012842 0.010454 0.089379
chr1:198813 198813 1753 0.280000 0.018818 0.008658 0.337149
chr1:198863 198863 1754 0.280000 0.018818 0.008658 0.337149
chr1:200137 200137 1762 0.700000 0.008769 0.032945 -0.574836
chr1:200510 200510 1766 0.405000 0.012846 0.009920 0.112262
chr1:200676 200676 1767 0.700000 0.009067 0.032945 -0.560328
chr1:200680 200680 1768 0.300000 0.032945 0.009067 0.560328
chr1:201246 201246 1774 0.300000 0.032945 0.008947 0.566131
chr1:201257 201257 1775 0.035000 0.063312 0.007770 0.911081
chr1:202295 202295 1780 0.330000 0.027875 0.009308 0.476346
chr1:202736 202736 1782 0.170000 0.050305 0.008667 0.763730
chr1:202749 202749 1783 0.330000 0.027875 0.009596 0.463100
chr1:203185 203185 1788 0.660000 0.009606 0.026419 -0.439382
chr1:203292 203292 1789 0.660000 0.009606 0.026419 -0.439382
chr1:203427 203427 1790 0.035000 0.063312 0.007842 0.907042
chr1:204032 204032 1792 0.345000 0.026113 0.009876 0.422270
chr1:204503 204503 1798 0.655000 0.009782 0.026113 -0.426430
chr1:204844 204844 1801 0.315000 0.031362 0.009229 0.531252
chr1:205636 205636 1809 0.345000 0.025995 0.010408 0.397530
chr1:205727 205727 1810 0.010000 0.102506 0.007576 1.131296
chr1:206443 206443 1814 0.990000 0.007576 0.102506 -1.131296
chr1:206484 206484 1816 0.010000 0.102506 0.007551 1.132754
chr1:206819 206819 1819 0.010000 0.204497 0.008569 1.377748
chr1:206852 206852 1820 0.075000 0.067610 0.010406 0.812727
chr1:207114 207114 1821 0.015000 0.034669 0.007417 0.669721
chr1:207160 207160 1822 0.595000 0.012044 0.010231 0.070850
chr1:207264 207264 1824 0.010000 0.102506 0.007115 1.158581
chr1:207793 207793 1828 0.015000 0.102867 0.008270 1.094782
chr1:208091 208091 1831 0.010000 0.147077 0.008175 1.255033
chr1:209005 209005 1839 0.015000 0.058518 0.007753 0.877839
chr1:209229 209229 1843 0.015000 0.058518 0.007710 0.880253
chr1:210047 210047 1846 0.150000 0.038243 0.010436 0.564016
chr1:210241 210241 1848 0.015000 0.058518 0.008249 0.850909
chr1:210427 210427 1849 0.015000 0.058518 0.008249 0.850909
chr1:210566 210566 1850 0.015000 0.058518 0.008249 0.850909
chr1:210640 210640 1853 0.015000 0.058518 0.008188 0.854119
chr1:210737 210737 1854 0.015000 0.058518 0.008188 0.854119
chr1:211016 211016 1859 0.015000 0.058518 0.008243 0.851227
chr1:211241 211241 1860 0.985000 0.008243 0.058518 -0.851227
chr1:211394 211394 1861 0.985000 0.008243 0.058518 -0.851227
chr1:211513 211513 1863 0.595000 0.012787 0.010420 0.088892
chr1:211527 211527 1864 0.595000 0.012787 0.010420 0.088892
chr1:211542 211542 1865 0.265000 0.040872 0.008382 0.688070
chr1:211549 211549 1866 0.265000 0.040872 0.008382 0.688070
chr1:211749 211749 1868 0.015000 0.058518 0.006805 0.934468
chr1:211861 211861 1869 0.065000 0.016512 0.007708 0.330848
chr1:212002 212002 1870 0.985000 0.006795 0.058518 -0.935082
chr1:213380 213380 1879 0.020000 0.044168 0.006995 0.800353
chr1:213450 213450 1881 0.035000 0.036505 0.008011 0.658660
chr1:213520 213520 1882 0.980000 0.006794 0.044169 -0.812989
chr1:213922 213922 1885 0.020000 0.044169 0.006794 0.812989
chr1:213929 213929 1886 0.590000 0.011821 0.009125 0.112424
chr1:214184 214184 1890 0.035000 0.036505 0.007190 0.705628
chr1:214276 214276 1891 0.200000 0.020167 0.007157 0.449911
chr1:214336 214336 1892 0.100000 0.063413 0.009637 0.818253
chr1:214341 214341 1893 0.590000 0.011571 0.007364 0.196277
chr1:214654 214654 1896 0.020000 0.044169 0.005782 0.883008
chr1:214757 214757 1897 0.390000 0.009124 0.011392 -0.096443
chr1:215074 215074 1900 0.035000 0.036505 0.007225 0.703490
chr1:215202 215202 1901 0.065000 0.017690 0.007047 0.399718
chr1:215602 215602 1903 0.610000 0.011599 0.009323 0.094873
chr1:216477 216477 1906 0.020000 0.044169 0.007010 0.799418
chr1:216639 216639 1909 0.980000 0.006992 0.044169 -0.800494
chr1:216725 216725 1911 0.020000 0.044169 0.006987 0.800822
chr1:216771 216771 1912 0.010000 0.086665 0.006575 1.119924
chr1:217117 217117 1914 0.020000 0.044169 0.006955 0.802823
chr1:217211 217211 1915 0.020000 0.060060 0.008011 0.874878
chr1:217214 217214 1916 0.010000 0.080328 0.006442 1.095846
chr1:217369 217369 1919 0.980000 0.006971 0.044169 -0.801820
chr1:217414 217414 1921 0.620000 0.012362 0.009299 0.123670
chr1:217683 217683 1923 0.020000 0.044169 0.006332 0.843572
chr1:218226 218226 1927 0.020000 0.044169 0.006271 0.847797
chr1:218251 218251 1928 0.620000 0.012362 0.008660 0.154563
chr1:218351 218351 1929 0.020000 0.044169 0.006570 0.827560
chr1:218648 218648 1931 0.020000 0.044169 0.006578 0.827046
chr1:218701 218701 1932 0.020000 0.044169 0.006578 0.827046
chr1:218854 218854 1933 0.150000 0.048126 0.009882 0.687515
chr1:218915 218915 1934 0.020000 0.044168 0.006525 0.830524
chr1:219207 219207 1937 0.980000 0.006525 0.044169 -0.830524
chr1:219455 219455 1939 0.795000 0.009676 0.026190 -0.432454
chr1:219881 219881 1941 0.020000 0.044169 0.006272 0.847687
chr1:219956 219956 1942 0.800000 0.009398 0.027240 -0.462173
chr1:220173 220173 1943 0.020000 0.044168 0.006313 0.844849
chr1:220177 220177 1944 0.020000 0.044168 0.006313 0.844849
chr1:220206 220206 1945 0.010000 0.134530 0.006593 1.309706
chr1:220305 220305 1947 0.540000 0.015169 0.006859 0.344679
chr1:221099 221099 1950 0.020000 0.044168 0.006298 0.845905
chr1:221525 221525 1956 0.165000 0.039905 0.008922 0.650564
chr1:221532 221532 1957 0.225000 0.018978 0.008816 0.332973
chr1:221551 221551 1958 0.590000 0.012773 0.009533 0.127060
chr1:221562 221562 1959 0.980000 0.005655 0.044168 -0.892644
chr1:221671 221671 1960 0.590000 0.012773 0.009583 0.124810
chr1:222072 222072 1965 0.550000 0.015242 0.007178 0.327034
chr1:222123 222123 1966 0.815000 0.009041 0.031687 -0.544672
chr1:222183 222183 1969 0.020000 0.044168 0.005866 0.876798
chr1:222186 222186 1970 0.815000 0.009030 0.031647 -0.544645
chr1:222306 222306 1971 0.010000 0.086665 0.005687 1.182934
chr1:222363 222363 1972 0.225000 0.018586 0.009083 0.310941
chr1:222453 222453 1973 0.150000 0.046561 0.010111 0.663211
chr1:222705 222705 1974 0.165000 0.039905 0.009225 0.636059
chr1:223355 223355 1981 0.020000 0.044168 0.006580 0.826861
chr1:223813 223813 1983 0.285000 0.037212 0.007202 0.713220
chr1:223992 223992 1985 0.165000 0.038396 0.009455 0.608636
chr1:223999 223999 1986 0.740000 0.010188 0.014955 -0.166726
chr1:224052 224052 1987 0.285000 0.037212 0.006641 0.748447
chr1:224060 224060 1988 0.140000 0.064228 0.010252 0.796910
chr1:224671 224671 1995 0.020000 0.044168 0.005835 0.879109
chr1:224881 224881 1997 0.020000 0.044168 0.005835 0.879109
chr1:224899 224899 1998 0.860000 0.010584 0.064228 -0.783074
chr1:225167 225167 2000 0.140000 0.064228 0.010584 0.783074
chr1:225219 225219 2001 0.100000 0.011022 0.006261 0.245666
chr1:225550 225550 2005 0.020000 0.044168 0.005701 0.889174
chr1:225922 225922 2011 0.035000 0.073336 0.006451 1.055689
chr1:226224 226224 2013 0.010000 0.147077 0.006332 1.366004
chr1:226426 226426 2015 0.020000 0.044168 0.005841 0.878648
chr1:226429 226429 2016 0.110000 0.008989 0.006336 0.151896
chr1:227107 227107 2029 0.010000 0.187540 0.006695 1.447319
chr1:227627 227627 2030 0.235000 0.016187 0.006950 0.367156
chr1:227638 227638 2031 0.010000 0.086665 0.004921 1.245800
chr1:227753 227753 2032 0.045000 0.043394 0.006839 0.802408
chr1:227859 227859 2034 0.155000 0.031531 0.006077 0.715055
chr1:228349 228349 2035 0.715000 0.007674 0.011935 -0.191810
chr1:228360 228360 2036 0.810000 0.007154 0.028671 -0.602909
chr1:228539 228539 2042 0.155000 0.031531 0.006061 0.716203
chr1:228583 228583 2043 0.285000 0.035740 0.006614 0.732684
chr1:229246 229246 2052 0.285000 0.035740 0.006794 0.721031
chr1:229499 229499 2053 0.250000 0.044288 0.006529 0.831450
chr1:230036 230036 2057 0.245000 0.028945 0.007319 0.597107
chr1:230245 230245 2060 0.665000 0.008696 0.011512 -0.121838
chr1:230557 230557 2064 0.010000 0.244855 0.007031 1.541902
chr1:231895 231895 2070 0.150000 0.039436 0.006460 0.785646
chr1:232135 232135 2072 0.175000 0.037249 0.007377 0.703230
chr1:232154 232154 2073 0.120000 0.060911 0.009255 0.818332
chr1:232180 232180 2074 0.150000 0.016161 0.006227 0.414164
chr1:232397 232397 2077 0.015000 0.097205 0.006148 1.198985
chr1:232420 232420 2079 0.265000 0.023321 0.007503 0.492479
chr1:232577 232577 2081 0.010000 0.086665 0.005303 1.213317
chr1:233376 233376 2086 0.505000 0.015867 0.007257 0.339699
chr1:233450 233450 2087 0.150000 0.039436 0.007150 0.741579
chr1:234096 234096 2091 0.120000 0.060911 0.009788 0.794016
chr1:234171 234171 2092 0.145000 0.051473 0.007488 0.837232
chr1:234466 234466 2094 0.495000 0.007200 0.015002 -0.318798
chr1:234685 234685 2096 0.150000 0.039436 0.006271 0.798520
chr1:234706 234706 2097 0.360000 0.026509 0.007001 0.578254
chr1:234904 234904 2099 0.240000 0.050742 0.006105 0.919661
chr1:234941 234941 2101 0.495000 0.007436 0.014733 -0.296952
chr1:234997 234997 2104 0.145000 0.051473 0.006925 0.871181
chr1:235396 235396 2109 0.145000 0.048434 0.006781 0.853834
chr1:235661 235661 2111 0.055000 0.041401 0.005420 0.883003
chr1:235667 235667 2112 0.190000 0.010266 0.005926 0.238659
chr1:235729 235729 2113 0.500000 0.015263 0.006902 0.344669
chr1:235819 235819 2116 0.120000 0.061029 0.008315 0.865693
chr1:235844 235844 2117 0.140000 0.054057 0.007128 0.879868
chr1:235933 235933 2118 0.500000 0.015943 0.006902 0.363604
chr1:236231 236231 2120 0.055000 0.041401 0.005504 0.876328
chr1:236629 236629 2123 0.500000 0.006907 0.015943 -0.363299
chr1:236951 236951 2128 0.140000 0.063391 0.008036 0.896982
chr1:237364 237364 2131 0.060000 0.059502 0.007064 0.925487
chr1:237430 237430 2132 0.010000 0.086665 0.005375 1.207490
chr1:237680 237680 2136 0.280000 0.005939 0.009224 -0.191215
chr1:237738 237738 2137 0.280000 0.005939 0.009224 -0.191215
chr1:237796 237796 2138 0.280000 0.005939 0.009224 -0.191215
chr1:237902 237902 2139 0.055000 0.041401 0.006182 0.825845
chr1:238420 238420 2145 0.235000 0.052168 0.006532 0.902375
chr1:238439 238439 2146 0.225000 0.024022 0.006443 0.571511
chr1:238440 238440 2147 0.720000 0.007950 0.006366 0.096505
chr1:238619 238619 2149 0.010000 0.218285 0.005712 1.582223
chr1:238689 238689 2150 0.060000 0.059502 0.005819 1.009701
chr1:238985 238985 2153 0.280000 0.007352 0.007770 -0.024029
chr1:239150 239150 2154 0.665000 0.009632 0.007425 0.113031
chr1:239182 239182 2156 0.105000 0.039097 0.004931 0.899242
chr1:239238 239238 2157 0.335000 0.007404 0.008740 -0.072054
chr1:239341 239341 2158 0.140000 0.063391 0.006257 1.005694
chr1:239427 239427 2159 0.170000 0.030361 0.006028 0.702169
chr1:239782 239782 2161 0.695000 0.008167 0.008604 -0.022656
chr1:240048 240048 2165 0.310000 0.008441 0.008648 -0.010558
chr1:240624 240624 2167 0.310000 0.008441 0.008648 -0.010558
chr1:241011 241011 2170 0.090000 0.014874 0.005236 0.453409
chr1:241150 241150 2172 0.550000 0.010870 0.008940 0.084870
chr1:241504 241504 2174 0.860000 0.006786 0.063391 -0.970393
chr1:241675 241675 2175 0.090000 0.014874 0.004857 0.486038
chr1:241787 241787 2178 0.220000 0.014065 0.005663 0.395127
chr1:242122 242122 2181 0.090000 0.014950 0.005312 0.449400
chr1:242209 242209 2182 0.140000 0.063391 0.007130 0.948924
chr1:242540 242540 2185 0.140000 0.063391 0.007001 0.956861
chr1:242623 242623 2186 0.690000 0.008528 0.007793 0.039135
chr1:242660 242660 2188 0.310000 0.007793 0.008611 -0.043357
chr1:242781 242781 2190 0.090000 0.064558 0.006017 1.030603
chr1:242943 242943 2192 0.310000 0.007795 0.008578 -0.041572
chr1:243001 243001 2193 0.090000 0.014950 0.005100 0.467060
chr1:243370 243370 2195 0.220000 0.014102 0.006449 0.339752
chr1:243375 243375 2196 0.535000 0.011400 0.008938 0.105645
chr1:243395 243395 2197 0.090000 0.064558 0.005812 1.045595
chr1:243652 243652 2199 0.535000 0.011389 0.008938 0.105247
chr1:243674 243674 2200 0.055000 0.041401 0.005513 0.875610
chr1:243720 243720 2201 0.160000 0.053081 0.006654 0.901870
chr1:244092 244092 2204 0.090000 0.064558 0.006307 1.010131
chr1:244199 244199 2208 0.840000 0.006826 0.053081 -0.890794
chr1:244228 244228 2209 0.090000 0.064558 0.006312 1.009753
chr1:244348 244348 2210 0.010000 0.086665 0.004418 1.292571
chr1:244396 244396 2211 0.160000 0.053081 0.006853 0.889089
chr1:244785 244785 2214 0.840000 0.006773 0.053081 -0.894134
chr1:245031 245031 2218 0.160000 0.053081 0.006281 0.926892
chr1:245043 245043 2219 0.160000 0.031689 0.006702 0.674693
chr1:245066 245066 2220 0.065000 0.049858 0.005709 0.941188
chr1:245138 245138 2221 0.160000 0.053081 0.006150 0.936037
chr1:245212 245212 2223 0.055000 0.041401 0.005181 0.902563
chr1:245324 245324 2224 0.840000 0.006410 0.053081 -0.918063
chr1:245362 245362 2225 0.090000 0.064558 0.006305 1.010300
chr1:245611 245611 2227 0.020000 0.128866 0.006522 1.295775
chr1:245769 245769 2229 0.160000 0.055181 0.007370 0.874328
chr1:246493 246493 2237 0.840000 0.007575 0.055181 -0.862384
chr1:246697 246697 2240 0.160000 0.055181 0.007625 0.859572
chr1:246915 246915 2241 0.235000 0.049247 0.007491 0.817818
chr1:247083 247083 2244 0.770000 0.008930 0.030359 -0.531440
chr1:247099 247099 2245 0.230000 0.030359 0.008930 0.531440
chr1:247215 247215 2246 0.085000 0.027605 0.007844 0.546431
chr1:247242 247242 2248 0.230000 0.030359 0.009631 0.498643
chr1:247264 247264 2249 0.230000 0.030359 0.009631 0.498643
chr1:247539 247539 2252 0.720000 0.010718 0.020419 -0.279930
chr1:247582 247582 2253 0.230000 0.030359 0.009873 0.487850
chr1:247627 247627 2254 0.230000 0.030359 0.009873 0.487850
chr1:247674 247674 2256 0.010000 0.191874 0.007585 1.403048
chr1:247823 247823 2257 0.040000 0.060802 0.007360 0.917058
chr1:248152 248152 2260 0.050000 0.031528 0.007633 0.616002
chr1:248180 248180 2261 0.015000 0.101806 0.008060 1.101444
chr1:248239 248239 2262 0.230000 0.030359 0.010795 0.449082
chr1:248699 248699 2265 0.010000 0.191874 0.008247 1.366700
chr1:249363 249363 2268 0.160000 0.055181 0.009818 0.749775
chr1:250508 250508 2275 0.160000 0.055181 0.010203 0.733055
chr1:251315 251315 2284 0.010000 0.032520 0.008039 0.606959
chr1:251647 251647 2288 0.945000 0.009782 0.027795 -0.453556
chr1:252365 252365 2295 0.255000 0.044989 0.010620 0.626984
chr1:253001 253001 2301 0.690000 0.011194 0.029282 -0.417618
chr1:254624 254624 2308 0.420000 0.014692 0.014239 0.013609
chr1:254954 254954 2310 0.255000 0.045513 0.008733 0.716992
chr1:255212 255212 2312 0.150000 0.057719 0.007886 0.864479
chr1:255436 255436 2313 0.010000 0.187540 0.007230 1.413927
chr1:255598 255598 2317 0.355000 0.024730 0.009207 0.429107
chr1:255838 255838 2320 0.100000 0.055607 0.007947 0.844903
chr1:255931 255931 2321 0.165000 0.017660 0.007186 0.390531
chr1:256041 256041 2323 0.725000 0.008668 0.019767 -0.358010
chr1:256755 256755 2326 0.130000 0.071038 0.008687 0.912603
chr1:256808 256808 2327 0.255000 0.045622 0.007379 0.791172
chr1:256874 256874 2328 0.130000 0.071038 0.008423 0.926044
chr1:257185 257185 2330 0.150000 0.092488 0.007307 1.102336
chr1:257346 257346 2333 0.085000 0.030266 0.008351 0.559244
chr1:257359 257359 2334 0.275000 0.017006 0.009853 0.237034
chr1:258004 258004 2344 0.245000 0.021393 0.009425 0.355990
chr1:258110 258110 2346 0.500000 0.009930 0.016772 -0.227651
chr1:258764 258764 2353 0.255000 0.054271 0.007413 0.864599
chr1:258778 258778 2354 0.500000 0.017624 0.010332 0.231937
chr1:258878 258878 2355 0.295000 0.013062 0.010314 0.102601
chr1:258907 258907 2356 0.500000 0.011259 0.017624 -0.194609
chr1:260401 260401 2361 0.050000 0.055445 0.009992 0.744207
chr1:260687 260687 2364 0.235000 0.023703 0.010862 0.338891
chr1:261077 261077 2367 0.190000 0.037503 0.010840 0.539055
chr1:261254 261254 2370 0.100000 0.057044 0.010174 0.748713
chr1:261984 261984 2372 0.825000 0.010439 0.039144 -0.574030
chr1:262291 262291 2373 0.245000 0.055056 0.010881 0.704156
chr1:263014 263014 2378 0.245000 0.055056 0.010948 0.701486
chr1:263316 263316 2381 0.050000 0.057370 0.011199 0.709515
chr1:265925 265925 2392 0.910000 0.010144 0.014129 -0.143925
chr1:266136 266136 2394 0.245000 0.055153 0.010920 0.703352
chr1:266270 266270 2396 0.020000 0.149134 0.010742 1.142492
chr1:267003 267003 2403 0.090000 0.015671 0.009990 0.195550
chr1:267354 267354 2404 0.130000 0.071924 0.011873 0.782296
chr1:268070 268070 2405 0.020000 0.149134 0.010831 1.138915
chr1:268291 268291 2409 0.050000 0.045227 0.009281 0.687830
chr1:268383 268383 2411 0.250000 0.027729 0.011016 0.400900
chr1:268468 268468 2413 0.100000 0.019257 0.011049 0.241268
chr1:269198 269198 2416 0.650000 0.013927 0.015079 -0.034521
chr1:269250 269250 2417 0.240000 0.055402 0.009769 0.753670
chr1:270428 270428 2423 0.070000 0.033118 0.011349 0.465099
chr1:271326 271326 2432 0.560000 0.014329 0.017368 -0.083553
chr1:271414 271414 2433 0.130000 0.038358 0.010298 0.571108
chr1:272720 272720 2445 0.490000 0.018309 0.014413 0.103908
chr1:272840 272840 2446 0.015000 0.020289 0.008731 0.366212
chr1:273532 273532 2450 0.020000 0.149134 0.011088 1.128711
chr1:273714 273714 2451 0.270000 0.022954 0.012343 0.269453
chr1:273732 273732 2452 0.270000 0.022954 0.012343 0.269453
chr1:273847 273847 2453 0.295000 0.021316 0.010253 0.317849
chr1:273875 273875 2454 0.420000 0.023586 0.008987 0.419041
chr1:274199 274199 2455 0.705000 0.010561 0.021316 -0.305000
chr1:274345 274345 2458 0.295000 0.021118 0.010284 0.312504
chr1:274937 274937 2463 0.220000 0.061398 0.008496 0.858930
chr1:274989 274989 2464 0.025000 0.016350 0.006361 0.409974
chr1:275177 275177 2465 0.185000 0.038043 0.008266 0.662965
chr1:275184 275184 2466 0.265000 0.024665 0.009420 0.418048
chr1:275589 275589 2470 0.735000 0.009420 0.024969 -0.423373
chr1:275700 275700 2472 0.285000 0.020849 0.010276 0.307274
chr1:275915 275915 2473 0.450000 0.019723 0.009802 0.303649
chr1:276187 276187 2475 0.735000 0.009313 0.024969 -0.428331
chr1:276339 276339 2479 0.270000 0.022620 0.009793 0.363577
chr1:276376 276376 2480 0.285000 0.020575 0.010461 0.293756
chr1:276526 276526 2483 0.275000 0.021872 0.010124 0.334544
chr1:276587 276587 2484 0.275000 0.021872 0.010124 0.334544
chr1:276636 276636 2485 0.735000 0.009457 0.023917 -0.402942
chr1:276801 276801 2486 0.040000 0.045096 0.006868 0.817307
chr1:276856 276856 2488 0.265000 0.023917 0.009224 0.413785
chr1:277155 277155 2492 0.575000 0.013276 0.011489 0.062803
chr1:277172 277172 2493 0.240000 0.052883 0.008267 0.805978
chr1:277293 277293 2496 0.240000 0.052883 0.008284 0.805049
chr1:277840 277840 2499 0.165000 0.047201 0.008120 0.764391
chr1:278152 278152 2500 0.165000 0.047201 0.008120 0.764391
chr1:278255 278255 2501 0.020000 0.149134 0.008383 1.250163
chr1:278276 278276 2502 0.255000 0.046161 0.007565 0.785438
chr1:278414 278414 2504 0.260000 0.020197 0.010093 0.301281
chr1:279033 279033 2508 0.160000 0.035528 0.007217 0.692217
chr1:279153 279153 2510 0.035000 0.016363 0.005036 0.511724
chr1:279552 279552 2517 0.160000 0.035528 0.007478 0.676802
chr1:279949 279949 2520 0.155000 0.058553 0.007245 0.907495
chr1:280023 280023 2521 0.260000 0.020869 0.008537 0.388205
chr1:280287 280287 2524 0.260000 0.020869 0.008660 0.381967
chr1:280482 280482 2525 0.195000 0.022419 0.007432 0.479482
chr1:281494 281494 2530 0.170000 0.046594 0.006890 0.830123
chr1:281988 281988 2537 0.155000 0.077254 0.007679 1.002596
chr1:282166 282166 2541 0.170000 0.046594 0.006392 0.862694
chr1:282325 282325 2543 0.240000 0.023845 0.007169 0.521960
chr1:282400 282400 2546 0.155000 0.058553 0.006613 0.947175
chr1:282658 282658 2548 0.245000 0.020763 0.007445 0.445441
chr1:282807 282807 2550 0.570000 0.012425 0.010102 0.089890
chr1:283566 283566 2558 0.280000 0.015930 0.008655 0.264942
chr1:283769 283769 2559 0.155000 0.077254 0.008307 0.968450
chr1:284018 284018 2562 0.545000 0.014628 0.010698 0.135899
chr1:284316 284316 2566 0.020000 0.149134 0.007909 1.275448
chr1:284924 284924 2571 0.195000 0.030391 0.008307 0.563276
chr1:285056 285056 2572 0.545000 0.014766 0.011212 0.119600
chr1:286110 286110 2586 0.035000 0.018545 0.006301 0.468841
chr1:286304 286304 2587 0.195000 0.031598 0.008856 0.552408
chr1:286341 286341 2589 0.035000 0.018545 0.006228 0.473902
chr1:287075 287075 2596 0.175000 0.026560 0.008280 0.506220
chr1:287472 287472 2599 0.035000 0.018545 0.006440 0.459351
chr1:287702 287702 2601 0.175000 0.026382 0.008340 0.500158
chr1:287777 287777 2602 0.245000 0.030915 0.007956 0.589467
chr1:287783 287783 2603 0.150000 0.030938 0.007597 0.609830
chr1:287834 287834 2604 0.175000 0.023973 0.008012 0.475997
chr1:288691 288691 2611 0.245000 0.036736 0.007970 0.663663
chr1:288832 288832 2612 0.595000 0.011874 0.010608 0.048939
chr1:288955 288955 2613 0.405000 0.010608 0.011874 -0.048939
chr1:289061 289061 2615 0.180000 0.022760 0.007591 0.476894
chr1:289150 289150 2616 0.050000 0.035288 0.005965 0.772017
chr1:289167 289167 2617 0.595000 0.011874 0.010377 0.058509
chr1:289244 289244 2619 0.225000 0.024330 0.007691 0.500149
chr1:289332 289332 2620 0.405000 0.010457 0.011874 -0.055184
chr1:289459 289459 2621 0.180000 0.021986 0.007627 0.459800
chr1:289506 289506 2622 0.180000 0.021986 0.007627 0.459800
chr1:289568 289568 2623 0.030000 0.032570 0.006556 0.696162
chr1:289698 289698 2624 0.225000 0.024313 0.008073 0.478826
chr1:289862 289862 2625 0.010000 0.134530 0.005819 1.363968
chr1:290102 290102 2628 0.610000 0.011605 0.011342 0.009966
chr1:290544 290544 2633 0.585000 0.012072 0.010815 0.047780
chr1:290674 290674 2634 0.580000 0.012381 0.010715 0.062762
chr1:290790 290790 2636 0.195000 0.021186 0.007398 0.456958
chr1:290853 290853 2637 0.420000 0.010823 0.012381 -0.058438
chr1:290965 290965 2638 0.205000 0.034998 0.006400 0.737845
chr1:290992 290992 2639 0.805000 0.007620 0.021186 -0.444117
chr1:291300 291300 2640 0.030000 0.032570 0.006413 0.705765
chr1:291349 291349 2641 0.610000 0.011171 0.011966 -0.029841
chr1:291494 291494 2643 0.015000 0.153578 0.006652 1.363388
chr1:291571 291571 2644 0.195000 0.033837 0.007946 0.629230
chr1:291609 291609 2645 0.390000 0.013734 0.011452 0.078915
chr1:291646 291646 2646 0.610000 0.011452 0.013734 -0.078915
chr1:291807 291807 2647 0.390000 0.013734 0.011452 0.078915
chr1:291898 291898 2648 0.390000 0.013734 0.011452 0.078915
chr1:292115 292115 2650 0.215000 0.046015 0.009021 0.707618
chr1:292960 292960 2657 0.610000 0.012138 0.014803 -0.086183
chr1:293010 293010 2658 0.610000 0.012138 0.014803 -0.086183
chr1:293089 293089 2659 0.610000 0.012138 0.014803 -0.086183
chr1:293103 293103 2660 0.610000 0.012138 0.014803 -0.086183
chr1:293213 293213 2662 0.610000 0.012155 0.015026 -0.092086
chr1:293819 293819 2666 0.610000 0.012390 0.015026 -0.083800
chr1:294425 294425 2673 0.390000 0.015026 0.012773 0.070553
chr1:295349 295349 2681 0.390000 0.015054 0.012631 0.076216
chr1:295568 295568 2684 0.390000 0.015054 0.012631 0.076216
chr1:296024 296024 2687 0.390000 0.015054 0.012665 0.075046
chr1:296192 296192 2689 0.075000 0.078314 0.008249 0.977416
chr1:296886 296886 2695 0.390000 0.014172 0.012116 0.068064
chr1:296901 296901 2696 0.220000 0.040946 0.009261 0.645536
chr1:296996 296996 2697 0.160000 0.030090 0.007244 0.618446
chr1:297373 297373 2699 0.010000 0.134704 0.005844 1.362694
chr1:297607 297607 2701 0.010000 0.145252 0.005852 1.394810
chr1:297667 297667 2702 0.035000 0.077900 0.006780 1.060325
chr1:297842 297842 2705 0.220000 0.040325 0.008542 0.674036
chr1:297877 297877 2706 0.390000 0.013380 0.009827 0.134056
chr1:298198 298198 2710 0.010000 0.030469 0.004143 0.866516
chr1:298249 298249 2711 0.590000 0.008683 0.014514 -0.223099
chr1:298379 298379 2712 0.200000 0.030707 0.005973 0.711037
chr1:298390 298390 2713 0.590000 0.009593 0.014514 -0.179845
chr1:298485 298485 2715 0.590000 0.009863 0.014514 -0.167764
chr1:298489 298489 2716 0.190000 0.030725 0.007061 0.638614
chr1:298531 298531 2717 0.030000 0.032570 0.005991 0.735302
chr1:298732 298732 2720 0.200000 0.046696 0.007985 0.766987
chr1:299717 299717 2725 0.160000 0.048248 0.008308 0.763958
chr1:299921 299921 2726 0.155000 0.030232 0.006948 0.638589
chr1:299942 299942 2727 0.420000 0.014575 0.010136 0.157758
chr1:300299 300299 2732 0.025000 0.032756 0.006100 0.729990
chr1:300623 300623 2733 0.580000 0.010136 0.014858 -0.166092
chr1:300743 300743 2734 0.010000 0.030469 0.004578 0.823172
chr1:301408 301408 2739 0.255000 0.028282 0.008186 0.538432
chr1:301736 301736 2741 0.035000 0.043759 0.005997 0.863158
chr1:301764 301764 2742 0.020000 0.089395 0.005953 1.176610
chr1:302045 302045 2743 0.580000 0.010214 0.014795 -0.160943
chr1:302061 302061 2744 0.580000 0.010214 0.014795 -0.160943
chr1:302850 302850 2751 0.155000 0.031959 0.007515 0.628654
chr1:303108 303108 2754 0.040000 0.072040 0.007685 0.971958
chr1:304433 304433 2762 0.110000 0.086462 0.009041 0.980634
chr1:304744 304744 2766 0.250000 0.019121 0.008048 0.375825
chr1:305886 305886 2774 0.225000 0.022892 0.007561 0.481141
chr1:305985 305985 2776 0.195000 0.023272 0.006825 0.532745
chr1:306186 306186 2779 0.385000 0.016956 0.006681 0.404460
chr1:306651 306651 2785 0.355000 0.011796 0.007672 0.186833
chr1:307030 307030 2788 0.170000 0.045306 0.006433 0.847712
chr1:307371 307371 2793 0.095000 0.028752 0.006432 0.650327
chr1:307461 307461 2796 0.010000 0.030126 0.004188 0.856954
chr1:308011 308011 2802 0.290000 0.019365 0.006882 0.449282
chr1:308222 308222 2804 0.240000 0.021755 0.006934 0.496572
chr1:308654 308654 2807 0.270000 0.023475 0.006619 0.549850
chr1:309226 309226 2812 0.075000 0.024525 0.005643 0.638100
chr1:309507 309507 2818 0.210000 0.025615 0.006824 0.574440
chr1:309608 309608 2821 0.080000 0.067855 0.006079 1.047718
chr1:310044 310044 2826 0.015000 0.013054 0.003748 0.541961
chr1:310075 310075 2828 0.480000 0.009903 0.009114 0.036098
chr1:311118 311118 2838 0.270000 0.023513 0.006887 0.533259
chr1:311173 311173 2839 0.170000 0.029696 0.006292 0.673923
chr1:311938 311938 2843 0.010000 0.053954 0.004766 1.053914
chr1:312045 312045 2844 0.135000 0.061712 0.007840 0.896053
chr1:312203 312203 2846 0.075000 0.027598 0.005283 0.718020
chr1:312464 312464 2848 0.230000 0.026216 0.005641 0.667244
chr1:312661 312661 2849 0.120000 0.077950 0.007975 0.990059
chr1:313538 313538 2852 0.480000 0.010552 0.009149 0.061928
chr1:313627 313627 2854 0.160000 0.031632 0.007140 0.646413
chr1:314053 314053 2857 0.480000 0.011223 0.008960 0.097772
chr1:314135 314135 2858 0.095000 0.050170 0.006551 0.884163
chr1:315036 315036 2866 0.075000 0.027598 0.005670 0.687265
chr1:315202 315202 2868 0.300000 0.021934 0.006169 0.550917
chr1:315450 315450 2870 0.480000 0.011275 0.009166 0.089960
chr1:315853 315853 2871 0.070000 0.030954 0.005621 0.740917
chr1:315868 315868 2872 0.120000 0.077950 0.008506 0.962067
chr1:315979 315979 2874 0.120000 0.077950 0.008506 0.962067
chr1:316620 316620 2882 0.130000 0.032370 0.006346 0.707629
chr1:316761 316761 2886 0.610000 0.008356 0.008580 -0.011525
chr1:316893 316893 2887 0.130000 0.060356 0.005953 1.006018
chr1:316968 316968 2888 0.160000 0.035481 0.007262 0.688952
chr1:317278 317278 2893 0.145000 0.041142 0.005836 0.848136
chr1:317311 317311 2894 0.145000 0.041142 0.005836 0.848136
chr1:317453 317453 2896 0.120000 0.077950 0.008324 0.971499
chr1:317960 317960 2900 0.010000 0.139599 0.005060 1.440773
chr1:317992 317992 2901 0.120000 0.077950 0.008346 0.970342
chr1:318624 318624 2910 0.120000 0.077950 0.008591 0.957791
chr1:318644 318644 2911 0.085000 0.027092 0.005878 0.663627
chr1:319238 319238 2914 0.405000 0.012339 0.008517 0.160987
chr1:319756 319756 2918 0.150000 0.038856 0.009286 0.621631
chr1:319777 319777 2919 0.285000 0.024170 0.008812 0.438213
chr1:320274 320274 2920 0.045000 0.045851 0.007860 0.765949
chr1:320454 320454 2921 0.035000 0.064717 0.008151 0.899830
chr1:322228 322228 2930 0.050000 0.019317 0.007426 0.415185
chr1:322978 322978 2932 0.040000 0.023031 0.007384 0.494012
chr1:323597 323597 2934 0.285000 0.021534 0.008889 0.384268
chr1:323742 323742 2936 0.140000 0.024179 0.008010 0.479806
chr1:323963 323963 2937 0.120000 0.083624 0.009794 0.931373
chr1:324785 324785 2943 0.135000 0.025324 0.008016 0.499576
chr1:325526 325526 2950 0.010000 0.139599 0.006967 1.301847
chr1:325754 325754 2952 0.040000 0.023031 0.006692 0.536792
chr1:325834 325834 2953 0.125000 0.075849 0.009007 0.925392
chr1:325921 325921 2955 0.040000 0.023031 0.006478 0.550882
chr1:326369 326369 2957 0.305000 0.021652 0.007779 0.444592
chr1:326844 326844 2960 0.015000 0.060464 0.006330 0.980116
chr1:326845 326845 2961 0.055000 0.013670 0.006200 0.343396
chr1:327279 327279 2967 0.365000 0.012345 0.008358 0.169420
chr1:327300 327300 2969 0.620000 0.008595 0.009317 -0.035036
chr1:327318 327318 2970 0.130000 0.070240 0.006886 1.008618
chr1:327660 327660 2973 0.120000 0.084688 0.007667 1.043173
chr1:327669 327669 2974 0.620000 0.008819 0.009319 -0.023980
chr1:328473 328473 2980 0.160000 0.030152 0.008331 0.558607
chr1:328629 328629 2981 0.200000 0.022445 0.006310 0.551088
chr1:328722 328722 2983 0.200000 0.022445 0.006313 0.550871
chr1:329029 329029 2984 0.635000 0.008424 0.009914 -0.070740
chr1:329056 329056 2985 0.130000 0.042035 0.005816 0.859025
chr1:329141 329141 2989 0.635000 0.009086 0.009914 -0.037862
chr1:329337 329337 2991 0.635000 0.009076 0.009914 -0.038371
chr1:329725 329725 2996 0.150000 0.034908 0.006447 0.733583
chr1:329912 329912 2997 0.630000 0.008842 0.009612 -0.036284
chr1:330231 330231 2999 0.630000 0.008842 0.009556 -0.033733
chr1:330323 330323 3000 0.630000 0.008842 0.009556 -0.033733
chr1:330406 330406 3001 0.170000 0.022863 0.006623 0.538086
chr1:330653 330653 3004 0.630000 0.008842 0.008971 -0.006296
chr1:330737 330737 3005 0.630000 0.008842 0.008971 -0.006296
chr1:330799 330799 3007 0.370000 0.009008 0.008842 0.008087
chr1:330848 330848 3008 0.170000 0.022863 0.006790 0.527280
chr1:330892 330892 3010 0.140000 0.063614 0.006814 0.970131
chr1:331043 331043 3014 0.015000 0.109500 0.005522 1.297301
chr1:331833 331833 3026 0.465000 0.010430 0.006189 0.226624
chr1:331864 331864 3028 0.630000 0.007232 0.008741 -0.082304
chr1:332118 332118 3030 0.315000 0.014285 0.006725 0.327188
chr1:332270 332270 3034 0.495000 0.008754 0.007278 0.080215
chr1:332405 332405 3035 0.035000 0.017512 0.004559 0.584492
chr1:332699 332699 3041 0.570000 0.007967 0.007315 0.037074
chr1:332740 332740 3042 0.430000 0.007315 0.007967 -0.037074
chr1:332832 332832 3044 0.570000 0.007967 0.007315 0.037074
chr1:332877 332877 3045 0.570000 0.007967 0.007315 0.037074
chr1:332980 332980 3046 0.430000 0.007315 0.007967 -0.037074
chr1:333056 333056 3048 0.430000 0.007315 0.007967 -0.037074
chr1:333058 333058 3049 0.125000 0.049070 0.005611 0.941743
chr1:333646 333646 3054 0.315000 0.015010 0.006624 0.355281
chr1:334187 334187 3055 0.155000 0.058841 0.007141 0.915928
chr1:334303 334303 3056 0.430000 0.007929 0.007835 0.005201
chr1:334356 334356 3057 0.130000 0.053004 0.006745 0.895333
chr1:334723 334723 3061 0.015000 0.021624 0.004009 0.731864
chr1:335362 335362 3064 0.190000 0.021875 0.006118 0.553326
chr1:335884 335884 3069 0.430000 0.007884 0.007783 0.005586
chr1:336237 336237 3072 0.015000 0.109500 0.004909 1.348380
chr1:336243 336243 3073 0.225000 0.018993 0.004576 0.618134
chr1:336469 336469 3074 0.190000 0.021636 0.005251 0.614921
chr1:336852 336852 3077 0.380000 0.012502 0.005296 0.373064
chr1:337096 337096 3081 0.225000 0.018993 0.004445 0.630732
chr1:337175 337175 3082 0.305000 0.010703 0.005975 0.253152
chr1:337651 337651 3088 0.655000 0.006034 0.010383 -0.235724
chr1:337800 337800 3089 0.320000 0.011747 0.005668 0.316505
chr1:338003 338003 3092 0.155000 0.058841 0.006915 0.929903
chr1:338052 338052 3094 0.530000 0.006910 0.008713 -0.100710
chr1:338188 338188 3095 0.190000 0.023142 0.005748 0.604894
chr1:338928 338928 3099 0.185000 0.024939 0.007338 0.531315
chr1:339484 339484 3102 0.200000 0.025195 0.006153 0.612250
chr1:339596 339596 3103 0.180000 0.026770 0.007524 0.551184
chr1:339825 339825 3104 0.180000 0.026770 0.007524 0.551184
chr1:340246 340246 3105 0.015000 0.124850 0.006370 1.292227
chr1:340431 340431 3109 0.180000 0.027706 0.007419 0.572228
chr1:340637 340637 3110 0.240000 0.026581 0.006307 0.624754
chr1:340875 340875 3112 0.200000 0.024494 0.004660 0.720641
chr1:340969 340969 3114 0.240000 0.026581 0.006201 0.632112
chr1:341086 341086 3115 0.490000 0.008187 0.007223 0.054405
chr1:341450 341450 3118 0.025000 0.019416 0.004638 0.621849
chr1:341494 341494 3119 0.010000 0.044511 0.004106 1.035065
chr1:341966 341966 3121 0.140000 0.047502 0.006897 0.838030
chr1:342182 342182 3123 0.240000 0.026581 0.008227 0.509353
chr1:342492 342492 3125 0.025000 0.016866 0.005766 0.466167
chr1:343114 343114 3129 0.025000 0.016861 0.005668 0.473492
chr1:343445 343445 3130 0.010000 0.139599 0.006365 1.341051
chr1:343856 343856 3135 0.075000 0.050090 0.008231 0.784320
chr1:345346 345346 3145 0.505000 0.010568 0.008469 0.096193
chr1:345641 345641 3147 0.505000 0.010568 0.008469 0.096193
chr1:345990 345990 3151 0.075000 0.047440 0.009068 0.718618
chr1:346122 346122 3152 0.020000 0.021667 0.006647 0.513163
chr1:346161 346161 3153 0.075000 0.047440 0.008967 0.723496
chr1:346389 346389 3155 0.025000 0.015337 0.006487 0.373672
chr1:346635 346635 3159 0.075000 0.047440 0.008796 0.731860
chr1:346896 346896 3161 0.075000 0.047440 0.008796 0.731860
chr1:347003 347003 3163 0.010000 0.052814 0.005864 0.954543
chr1:347177 347177 3165 0.900000 0.008952 0.026599 -0.472939
chr1:347283 347283 3166 0.345000 0.013204 0.009034 0.164823
chr1:347933 347933 3170 0.075000 0.048416 0.008389 0.761268
chr1:348608 348608 3176 0.140000 0.045720 0.007976 0.758309
chr1:348655 348655 3177 0.010000 0.139599 0.006830 1.310465
chr1:350064 350064 3187 0.300000 0.031159 0.009008 0.538969
chr1:350263 350263 3188 0.820000 0.008820 0.020417 -0.364528
chr1:350758 350758 3192 0.075000 0.069358 0.008480 0.912700
chr1:351885 351885 3201 0.015000 0.132618 0.007404 1.253110
chr1:352069 352069 3204 0.060000 0.064798 0.008533 0.880440
chr1:352998 352998 3210 0.170000 0.025130 0.007482 0.526176
chr1:353015 353015 3211 0.620000 0.006947 0.018428 -0.423683
chr1:353145 353145 3213 0.450000 0.010404 0.009476 0.040558
chr1:353193 353193 3214 0.010000 0.139599 0.005477 1.406325
chr1:353524 353524 3216 0.800000 0.006617 0.027159 -0.613239
chr1:353825 353825 3219 0.220000 0.051991 0.006569 0.898462
chr1:353932 353932 3220 0.030000 0.078650 0.006383 1.090652
chr1:354126 354126 3221 0.085000 0.042050 0.006750 0.794439
chr1:354353 354353 3223 0.660000 0.008410 0.009100 -0.034241
chr1:354382 354382 3224 0.340000 0.009100 0.008410 0.034241
chr1:354594 354594 3225 0.085000 0.057589 0.006989 0.915939
chr1:354750 354750 3227 0.660000 0.008344 0.009742 -0.067267
chr1:355112 355112 3230 0.360000 0.010796 0.008237 0.117486
chr1:355368 355368 3231 0.160000 0.023036 0.006530 0.547529
chr1:355805 355805 3233 0.220000 0.051991 0.006038 0.935003
chr1:355892 355892 3234 0.220000 0.051991 0.006038 0.935003
chr1:356094 356094 3235 0.560000 0.009491 0.009409 0.003794
chr1:356844 356844 3238 0.570000 0.009948 0.009486 0.020634
chr1:356851 356851 3239 0.570000 0.009948 0.009486 0.020634
chr1:356916 356916 3241 0.310000 0.028759 0.006283 0.660607
chr1:357365 357365 3243 0.430000 0.009899 0.010349 -0.019298
chr1:357940 357940 3248 0.190000 0.030255 0.007205 0.623142
chr1:358615 358615 3252 0.570000 0.010409 0.010653 -0.010036
chr1:358768 358768 3255 0.260000 0.016055 0.007833 0.311699
chr1:359167 359167 3261 0.440000 0.010819 0.009886 0.039180
chr1:359331 359331 3263 0.670000 0.010487 0.010564 -0.003142
chr1:359576 359576 3267 0.670000 0.010487 0.011080 -0.023872
chr1:360653 360653 3270 0.470000 0.015766 0.008357 0.275670
chr1:360889 360889 3272 0.020000 0.066025 0.007670 0.934921
chr1:360994 360994 3273 0.530000 0.008357 0.016194 -0.287306
chr1:361319 361319 3277 0.330000 0.011384 0.009633 0.072525
chr1:361327 361327 3278 0.250000 0.017879 0.007945 0.352224
chr1:361483 361483 3280 0.675000 0.009599 0.011124 -0.064008
chr1:361825 361825 3282 0.080000 0.062259 0.007842 0.899799
chr1:361868 361868 3283 0.675000 0.009599 0.012749 -0.123232
chr1:361981 361981 3284 0.675000 0.009599 0.012749 -0.123232
chr1:361995 361995 3285 0.325000 0.012749 0.009599 0.123232
chr1:362156 362156 3287 0.250000 0.020550 0.008092 0.404768
chr1:362260 362260 3288 0.270000 0.015185 0.008490 0.252510
chr1:362531 362531 3290 0.250000 0.020550 0.007987 0.410399
chr1:362652 362652 3291 0.250000 0.020550 0.007987 0.410399
chr1:362662 362662 3292 0.010000 0.044385 0.005265 0.925862
chr1:362929 362929 3294 0.240000 0.048636 0.006596 0.867691
chr1:363155 363155 3296 0.025000 0.062165 0.006847 0.958070
chr1:363162 363162 3297 0.160000 0.024380 0.007089 0.536474
chr1:363341 363341 3301 0.330000 0.027602 0.008336 0.520012
chr1:364252 364252 3307 0.585000 0.010069 0.014085 -0.145763
chr1:364377 364377 3308 0.330000 0.027602 0.008952 0.489038
chr1:365246 365246 3314 0.010000 0.121899 0.006836 1.251212
chr1:365567 365567 3315 0.400000 0.013987 0.009853 0.152141
chr1:365643 365643 3317 0.345000 0.024712 0.007897 0.495463
chr1:365754 365754 3318 0.400000 0.013987 0.009928 0.148862
chr1:365760 365760 3319 0.655000 0.008166 0.024712 -0.480882
chr1:365832 365832 3320 0.655000 0.008166 0.024712 -0.480882
chr1:366568 366568 3326 0.640000 0.010547 0.010138 0.017180
chr1:366806 366806 3331 0.190000 0.033188 0.007860 0.625578
chr1:366874 366874 3333 0.640000 0.010547 0.010991 -0.017936
chr1:367343 367343 3336 0.300000 0.020005 0.007573 0.421893
chr1:367369 367369 3337 0.300000 0.017173 0.009394 0.262019
chr1:367497 367497 3339 0.640000 0.010805 0.011036 -0.009216
chr1:367631 367631 3341 0.015000 0.096831 0.006424 1.178190
chr1:367761 367761 3342 0.640000 0.010480 0.011040 -0.022618
chr1:368048 368048 3344 0.060000 0.020940 0.006738 0.492432
chr1:368151 368151 3346 0.250000 0.044804 0.007732 0.763046
chr1:369014 369014 3354 0.255000 0.042740 0.007206 0.773142
chr1:369386 369386 3355 0.650000 0.009241 0.011401 -0.091220
chr1:369447 369447 3356 0.015000 0.124850 0.007144 1.242456
chr1:369496 369496 3357 0.650000 0.009241 0.011250 -0.085429
chr1:369592 369592 3360 0.060000 0.018876 0.005882 0.506352
chr1:369657 369657 3361 0.255000 0.042740 0.006397 0.824863
chr1:369921 369921 3364 0.650000 0.011453 0.011115 0.013010
chr1:370102 370102 3365 0.060000 0.018876 0.007047 0.427917
chr1:370335 370335 3369 0.035000 0.036523 0.006794 0.730448
chr1:370395 370395 3371 0.940000 0.007295 0.024299 -0.522538
chr1:370642 370642 3372 0.645000 0.011691 0.012040 -0.012761
chr1:370721 370721 3373 0.085000 0.053540 0.007967 0.827383
chr1:370875 370875 3375 0.645000 0.012457 0.012040 0.014814
chr1:370918 370918 3377 0.645000 0.012457 0.012040 0.014814
chr1:371488 371488 3382 0.060000 0.024299 0.008903 0.436031
chr1:372284 372284 3390 0.755000 0.011563 0.021287 -0.265034
chr1:372605 372605 3393 0.625000 0.015326 0.011028 0.142927
chr1:373807 373807 3405 0.170000 0.038773 0.012886 0.478424
chr1:374705 374705 3410 0.225000 0.027329 0.013956 0.291850
chr1:374803 374803 3411 0.775000 0.013956 0.027329 -0.291850
chr1:374870 374870 3412 0.775000 0.013956 0.027329 -0.291850
chr1:375203 375203 3413 0.775000 0.013956 0.027329 -0.291850
chr1:375291 375291 3415 0.775000 0.013956 0.027329 -0.291850
chr1:375387 375387 3416 0.775000 0.013956 0.027329 -0.291850
chr1:375416 375416 3417 0.775000 0.013956 0.027329 -0.291850
chr1:375590 375590 3418 0.165000 0.039850 0.012839 0.491907
chr1:376019 376019 3424 0.225000 0.024553 0.013272 0.267156
chr1:376088 376088 3426 0.165000 0.040357 0.012457 0.510501
chr1:376989 376989 3434 0.010000 0.162378 0.009334 1.240445
chr1:377152 377152 3436 0.760000 0.013304 0.020573 -0.189322
chr1:377360 377360 3437 0.235000 0.022588 0.013372 0.227665
chr1:377403 377403 3438 0.080000 0.064054 0.009836 0.813735
chr1:377494 377494 3440 0.235000 0.022588 0.012772 0.247627
chr1:377608 377608 3441 0.235000 0.022588 0.012772 0.247627
chr1:377678 377678 3442 0.690000 0.013102 0.013355 -0.008306
chr1:377760 377760 3444 0.305000 0.013525 0.012921 0.019856
chr1:378089 378089 3446 0.690000 0.013102 0.013131 -0.000947
chr1:378358 378358 3452 0.690000 0.013099 0.013131 -0.001043
chr1:378444 378444 3453 0.165000 0.036390 0.011593 0.496808
chr1:379426 379426 3457 0.065000 0.067793 0.010961 0.791339
chr1:379875 379875 3460 0.065000 0.067793 0.010961 0.791339
chr1:380388 380388 3466 0.210000 0.048521 0.009278 0.718473
chr1:381578 381578 3472 0.205000 0.050520 0.008923 0.752960
chr1:382074 382074 3477 0.060000 0.039559 0.008203 0.683261
chr1:382425 382425 3481 0.015000 0.061074 0.007211 0.927850
chr1:384748 384748 3495 0.090000 0.048775 0.009407 0.714749
chr1:384790 384790 3496 0.435000 0.018383 0.007751 0.375055
chr1:385996 385996 3512 0.565000 0.009341 0.018503 -0.296839
chr1:387069 387069 3515 0.010000 0.083608 0.007905 1.024333
chr1:388876 388876 3519 0.295000 0.016777 0.011464 0.165349
chr1:389403 389403 3521 0.580000 0.007960 0.021092 -0.423172
chr1:389542 389542 3523 0.580000 0.008488 0.021092 -0.395327
chr1:389581 389581 3524 0.580000 0.008488 0.021092 -0.395327
chr1:390058 390058 3529 0.010000 0.162520 0.007183 1.354586
chr1:390059 390059 3530 0.010000 0.162520 0.007183 1.354586
chr1:390358 390358 3533 0.015000 0.096831 0.007349 1.119767
chr1:391270 391270 3540 0.420000 0.019816 0.009466 0.320837
chr1:391697 391697 3545 0.485000 0.015413 0.010576 0.163568
chr1:392412 392412 3552 0.515000 0.010664 0.015774 -0.170007
chr1:393105 393105 3556 0.455000 0.018309 0.010211 0.253598
chr1:393309 393309 3557 0.415000 0.018010 0.010084 0.251893
chr1:393385 393385 3558 0.300000 0.029712 0.007270 0.611370
chr1:393719 393719 3563 0.610000 0.009123 0.018854 -0.315281
chr1:394404 394404 3564 0.015000 0.096831 0.007342 1.120202
chr1:394876 394876 3569 0.390000 0.020150 0.008300 0.385201
chr1:394937 394937 3571 0.015000 0.061713 0.006608 0.970319
chr1:396700 396700 3584 0.340000 0.017828 0.009945 0.253508
chr1:397662 397662 3589 0.420000 0.013400 0.011350 0.072120
chr1:400100 400100 3605 0.420000 0.013520 0.010765 0.098982
chr1:400292 400292 3606 0.810000 0.010863 0.022564 -0.317488
chr1:400342 400342 3607 0.810000 0.010863 0.022564 -0.317488
chr1:400410 400410 3608 0.010000 0.164239 0.007581 1.335769
chr1:401088 401088 3617 0.195000 0.020960 0.010266 0.309984
chr1:401139 401139 3620 0.195000 0.020960 0.010266 0.309984
chr1:401153 401153 3621 0.805000 0.010266 0.020960 -0.309984
chr1:401430 401430 3622 0.430000 0.012815 0.009926 0.110954
chr1:402052 402052 3625 0.780000 0.009640 0.015755 -0.213314
chr1:402691 402691 3633 0.780000 0.009682 0.015977 -0.217499
chr1:402704 402704 3634 0.220000 0.015977 0.009682 0.217499
chr1:403045 403045 3637 0.335000 0.024225 0.007204 0.526715
chr1:403443 403443 3639 0.220000 0.015977 0.009889 0.208346
chr1:403547 403547 3640 0.235000 0.013766 0.010006 0.138527
chr1:404721 404721 3652 0.335000 0.011523 0.010105 0.057038
chr1:404750 404750 3653 0.665000 0.010105 0.011523 -0.057038
chr1:405512 405512 3660 0.185000 0.032082 0.008815 0.561035
chr1:406108 406108 3665 0.385000 0.010398 0.011772 -0.053910
chr1:406260 406260 3667 0.610000 0.011873 0.010326 0.060619
chr1:406276 406276 3668 0.350000 0.024519 0.006623 0.568453
chr1:406467 406467 3670 0.610000 0.010356 0.010339 0.000709
chr1:406471 406471 3671 0.610000 0.010356 0.010339 0.000709
chr1:406691 406691 3674 0.350000 0.024519 0.007492 0.514919
chr1:406933 406933 3676 0.390000 0.012219 0.012091 0.004556
chr1:406986 406986 3677 0.610000 0.012091 0.012219 -0.004556
chr1:407345 407345 3679 0.610000 0.012091 0.012470 -0.013404
chr1:407528 407528 3681 0.390000 0.012470 0.012091 0.013404
chr1:408170 408170 3687 0.155000 0.029513 0.010211 0.460937
chr1:408631 408631 3691 0.845000 0.010211 0.030637 -0.477170
chr1:408887 408887 3693 0.155000 0.030637 0.010211 0.477170
chr1:409430 409430 3697 0.155000 0.030637 0.010168 0.478996
chr1:409535 409535 3698 0.150000 0.032015 0.010065 0.502526
chr1:409557 409557 3699 0.150000 0.032015 0.010065 0.502526
chr1:409633 409633 3702 0.850000 0.010065 0.033179 -0.518034
chr1:409878 409878 3705 0.850000 0.010108 0.033179 -0.516201
chr1:409919 409919 3707 0.150000 0.033179 0.010121 0.515658
chr1:410011 410011 3708 0.220000 0.028589 0.008840 0.509721
chr1:410386 410386 3710 0.150000 0.033179 0.008966 0.568249
chr1:410582 410582 3713 0.150000 0.033179 0.009007 0.566294
chr1:410746 410746 3714 0.490000 0.010730 0.011604 -0.034012
chr1:410765 410765 3715 0.225000 0.027890 0.007441 0.573805
chr1:411378 411378 3719 0.360000 0.022932 0.008551 0.428441
chr1:411565 411565 3721 0.850000 0.008909 0.033179 -0.571033
chr1:411633 411633 3722 0.850000 0.008909 0.033179 -0.571033
chr1:412087 412087 3724 0.150000 0.033179 0.008871 0.572906
chr1:412523 412523 3725 0.355000 0.012811 0.009621 0.124357
chr1:412852 412852 3726 0.355000 0.012811 0.009621 0.124357
chr1:413041 413041 3729 0.010000 0.019822 0.004711 0.624022
chr1:413069 413069 3730 0.335000 0.024896 0.007380 0.528050
chr1:413278 413278 3731 0.645000 0.008813 0.012811 -0.162435
chr1:413283 413283 3732 0.205000 0.029039 0.007228 0.603944
chr1:413462 413462 3734 0.645000 0.008813 0.012439 -0.149632
chr1:413628 413628 3738 0.645000 0.008813 0.013129 -0.173087
chr1:413974 413974 3741 0.205000 0.031046 0.007372 0.624442
chr1:413993 413993 3743 0.230000 0.026881 0.007537 0.552257
chr1:414220 414220 3745 0.230000 0.026881 0.007537 0.552257
chr1:414221 414221 3746 0.485000 0.010876 0.009114 0.076748
chr1:414222 414222 3747 0.460000 0.011450 0.008540 0.127359
chr1:414787 414787 3753 0.485000 0.010644 0.009064 0.069769
chr1:414801 414801 3754 0.460000 0.011450 0.008413 0.133834
chr1:415333 415333 3759 0.310000 0.021836 0.006978 0.495439
chr1:415397 415397 3760 0.485000 0.010611 0.009634 0.041959
chr1:415772 415772 3764 0.460000 0.012148 0.009211 0.120172
chr1:415772 415772 3765 0.480000 0.011701 0.009347 0.097552
chr1:416190 416190 3769 0.500000 0.011029 0.010188 0.034446
chr1:416377 416377 3771 0.500000 0.011033 0.010188 0.034614
chr1:416921 416921 3777 0.305000 0.021948 0.007558 0.462966
chr1:416943 416943 3778 0.500000 0.011033 0.010328 0.028666
chr1:417328 417328 3781 0.460000 0.011915 0.009379 0.103945
chr1:417389 417389 3782 0.010000 0.062366 0.004893 1.105396
chr1:417423 417423 3784 0.460000 0.010945 0.009285 0.071454
chr1:417558 417558 3785 0.155000 0.032418 0.007115 0.658612
chr1:418087 418087 3789 0.460000 0.010121 0.009375 0.033261
chr1:418587 418587 3797 0.465000 0.013587 0.008072 0.226119
chr1:419296 419296 3801 0.155000 0.033222 0.007593 0.641013
chr1:419312 419312 3802 0.010000 0.011294 0.004252 0.424255
chr1:419395 419395 3803 0.465000 0.013587 0.007792 0.241457
chr1:419403 419403 3804 0.500000 0.008894 0.011732 -0.120285
chr1:419667 419667 3811 0.465000 0.013497 0.007808 0.237705
chr1:419873 419873 3814 0.500000 0.011677 0.008419 0.142084
chr1:419907 419907 3816 0.500000 0.007916 0.011677 -0.168808
chr1:420099 420099 3818 0.295000 0.019942 0.007254 0.439199
chr1:420152 420152 3820 0.500000 0.011733 0.008462 0.141938
chr1:420267 420267 3821 0.010000 0.011342 0.003887 0.465037
chr1:420350 420350 3822 0.500000 0.008462 0.011716 -0.141322
chr1:420360 420360 3824 0.490000 0.012231 0.008480 0.159107
chr1:420779 420779 3829 0.500000 0.008061 0.011827 -0.166480
chr1:421625 421625 3838 0.500000 0.008323 0.010773 -0.112058
chr1:421635 421635 3839 0.500000 0.008323 0.010773 -0.112058
chr1:422084 422084 3845 0.500000 0.008315 0.011809 -0.152341
chr1:422803 422803 3852 0.490000 0.012387 0.008934 0.141917
chr1:422804 422804 3853 0.010000 0.013091 0.005059 0.412921
chr1:424089 424089 3861 0.010000 0.106813 0.007087 1.178191
chr1:424488 424488 3864 0.585000 0.011761 0.012512 -0.026871
chr1:425823 425823 3874 0.325000 0.011629 0.010385 0.049154
chr1:426160 426160 3875 0.325000 0.011629 0.010385 0.049154
chr1:426193 426193 3876 0.640000 0.011252 0.009772 0.061256
chr1:426402 426402 3879 0.325000 0.011629 0.009011 0.110770
chr1:427156 427156 3889 0.460000 0.008340 0.013746 -0.217009
chr1:427421 427421 3892 0.015000 0.097040 0.006658 1.163617
chr1:428004 428004 3903 0.035000 0.077988 0.009486 0.914937
chr1:428327 428327 3906 0.210000 0.017763 0.008980 0.296258
chr1:429562 429562 3910 0.385000 0.020193 0.009378 0.333085
chr1:432199 432199 3925 0.205000 0.022263 0.009564 0.366921
chr1:433307 433307 3931 0.385000 0.020494 0.009729 0.323584
chr1:433518 433518 3933 0.385000 0.020494 0.009836 0.318815
chr1:434267 434267 3938 0.010000 0.066926 0.007502 0.950418
chr1:434363 434363 3940 0.015000 0.039830 0.007692 0.714182
chr1:436353 436353 3955 0.015000 0.039830 0.007881 0.703615
chr1:439620 439620 3979 0.160000 0.019286 0.013156 0.166129
chr1:440609 440609 3987 0.160000 0.019089 0.013088 0.163920
chr1:440626 440626 3989 0.840000 0.013088 0.019089 -0.163920
chr1:440903 440903 3992 0.585000 0.009561 0.026545 -0.443467
chr1:441038 441038 3994 0.415000 0.026545 0.008684 0.485287
chr1:442372 442372 4004 0.395000 0.028458 0.009514 0.475852
chr1:442429 442429 4006 0.500000 0.011664 0.018530 -0.201036
chr1:443010 443010 4010 0.010000 0.026815 0.007901 0.530684
chr1:443121 443121 4013 0.395000 0.028519 0.009875 0.460601
chr1:446593 446593 4043 0.770000 0.012140 0.012778 -0.022274
chr1:447204 447204 4053 0.010000 0.056030 0.008291 0.829834
chr1:447532 447532 4055 0.760000 0.013390 0.011976 0.048462
chr1:449673 449673 4075 0.055000 0.038386 0.012903 0.473471
chr1:453001 453001 4102 0.015000 0.021665 0.007801 0.443599
chr1:457593 457593 4142 0.010000 0.064307 0.008559 0.875826
chr1:459129 459129 4156 0.010000 0.067538 0.009335 0.859427
chr1:459291 459291 4160 0.015000 0.052090 0.009354 0.745762
chr1:465520 465520 4201 0.010000 0.062295 0.012817 0.686658
chr1:467751 467751 4216 0.700000 0.016132 0.014943 0.033270
chr1:467816 467816 4217 0.700000 0.016132 0.014943 0.033270
