chr1:61169 61169 447 0.150000 0.013956 0.019681 -0.149274
chr1:61358 61358 449 0.150000 0.013956 0.019832 -0.152588
chr1:61452 61452 450 0.100000 0.194029 0.016558 1.068851
chr1:61612 61612 451 0.150000 0.015840 0.017901 -0.053119
chr1:62077 62077 453 0.150000 0.015840 0.016991 -0.030463
chr1:62180 62180 456 0.150000 0.015840 0.016950 -0.029421
chr1:64610 64610 468 0.150000 0.242865 0.017761 1.135903
chr1:67026 67026 486 0.100000 0.037766 0.019717 0.282276
chr1:70924 70924 508 0.450000 0.072271 0.012090 0.776547
chr1:77241 77241 545 0.500000 0.062097 0.018563 0.524430
chr1:84647 84647 601 0.650000 0.037277 0.017502 0.328359
chr1:95878 95878 678 0.500000 0.061017 0.017193 0.550092
chr1:96796 96796 685 0.500000 0.061017 0.017081 0.552946
chr1:98633 98633 696 0.500000 0.061017 0.017448 0.543692
chr1:99285 99285 698 0.100000 0.038549 0.019068 0.305713
chr1:99874 99874 702 0.100000 0.049911 0.019503 0.408103
chr1:102672 102672 725 0.100000 0.028740 0.017943 0.204598
chr1:103225 103225 728 0.800000 0.018978 0.005517 0.536517
chr1:103271 103271 729 0.100000 0.032203 0.020187 0.202832
chr1:103451 103451 732 0.100000 0.032203 0.020187 0.202832
chr1:103717 103717 734 0.900000 0.019164 0.032203 -0.225401
chr1:104200 104200 736 0.100000 0.032203 0.019164 0.225401
chr1:104372 104372 739 0.900000 0.019352 0.031747 -0.214991
chr1:105059 105059 744 0.100000 0.031747 0.019352 0.214991
chr1:105123 105123 745 0.100000 0.042011 0.018513 0.355881
chr1:105266 105266 746 0.900000 0.018544 0.031747 -0.233495
chr1:106391 106391 756 0.100000 0.031582 0.018970 0.221380
chr1:106520 106520 760 0.100000 0.031582 0.019098 0.218460
chr1:106721 106721 764 0.100000 0.031582 0.019224 0.215598
chr1:107102 107102 766 0.100000 0.031582 0.019224 0.215598
chr1:108107 108107 774 0.100000 0.048412 0.018601 0.415408
chr1:108340 108340 777 0.100000 0.032845 0.019500 0.226438
chr1:108532 108532 778 0.100000 0.032845 0.019500 0.226438
chr1:108615 108615 780 0.900000 0.019241 0.032845 -0.232238
chr1:116469 116469 852 0.500000 0.071759 0.015066 0.677875
chr1:117319 117319 856 0.100000 0.035207 0.022818 0.188351
chr1:118154 118154 860 0.100000 0.035207 0.022796 0.188760
chr1:120312 120312 880 0.900000 0.026416 0.040771 -0.188485
chr1:120406 120406 882 0.900000 0.026416 0.040771 -0.188485
chr1:127443 127443 924 0.900000 0.028704 0.042588 -0.171338
chr1:127690 127690 926 0.900000 0.028704 0.042588 -0.171338
chr1:127997 127997 930 0.100000 0.042588 0.029316 0.162181
chr1:128548 128548 934 0.100000 0.042588 0.029256 0.163067
chr1:128843 128843 937 0.850000 0.033388 0.016305 0.311263
chr1:129261 129261 939 0.850000 0.030559 0.018127 0.226802
chr1:130936 130936 948 0.150000 0.241285 0.024060 1.001226
chr1:131882 131882 957 0.150000 0.020371 0.033596 -0.217284
chr1:131883 131883 959 0.450000 0.104702 0.015829 0.820503
chr1:134910 134910 988 0.150000 0.020371 0.040196 -0.295185
chr1:135543 135543 994 0.150000 0.020371 0.040482 -0.298259
chr1:135781 135781 995 0.850000 0.040482 0.020371 0.298259
chr1:135961 135961 997 0.850000 0.040482 0.020371 0.298259
chr1:136368 136368 999 0.150000 0.020371 0.040482 -0.298259
chr1:136631 136631 1003 0.150000 0.020371 0.040482 -0.298259
chr1:137283 137283 1009 0.850000 0.040482 0.022002 0.264801
chr1:137668 137668 1012 0.100000 0.063520 0.032333 0.293262
chr1:138193 138193 1013 0.150000 0.022002 0.041908 -0.279841
chr1:138383 138383 1014 0.850000 0.041908 0.022002 0.279841
chr1:138425 138425 1016 0.850000 0.041908 0.022002 0.279841
chr1:138440 138440 1017 0.850000 0.041908 0.022002 0.279841
chr1:138783 138783 1020 0.850000 0.041908 0.022002 0.279841
chr1:138785 138785 1021 0.150000 0.022002 0.041908 -0.279841
chr1:139275 139275 1024 0.150000 0.022002 0.041908 -0.279841
chr1:139579 139579 1026 0.100000 0.046554 0.037349 0.095677
chr1:139680 139680 1028 0.850000 0.041908 0.022829 0.263810
chr1:140368 140368 1033 0.150000 0.022829 0.041908 -0.263810
chr1:140595 140595 1036 0.850000 0.041908 0.022829 0.263810
chr1:140662 140662 1037 0.850000 0.041908 0.022829 0.263810
chr1:140791 140791 1040 0.100000 0.046599 0.038238 0.085876
chr1:140813 140813 1041 0.900000 0.038238 0.046599 -0.085876
chr1:141473 141473 1046 0.100000 0.041904 0.038238 0.039755
chr1:142048 142048 1050 0.800000 0.042678 0.010596 0.605080
chr1:142556 142556 1054 0.900000 0.040140 0.041904 -0.018683
chr1:142579 142579 1055 0.100000 0.041904 0.040140 0.018683
chr1:142899 142899 1058 0.100000 0.041904 0.040140 0.018683
chr1:143174 143174 1061 0.900000 0.040140 0.041904 -0.018683
chr1:143275 143275 1063 0.800000 0.040257 0.011008 0.563136
chr1:144132 144132 1074 0.100000 0.048938 0.042929 0.056900
chr1:144378 144378 1076 0.100000 0.048938 0.042929 0.056900
chr1:144719 144719 1082 0.100000 0.048938 0.043211 0.054047
chr1:144726 144726 1083 0.100000 0.048938 0.043211 0.054047
chr1:144847 144847 1086 0.900000 0.043211 0.048938 -0.054047
chr1:145031 145031 1087 0.100000 0.048938 0.043211 0.054047
chr1:145166 145166 1089 0.100000 0.048938 0.043211 0.054047
chr1:145167 145167 1090 0.900000 0.043211 0.048938 -0.054047
chr1:147378 147378 1104 0.100000 0.048380 0.041753 0.063979
chr1:150067 150067 1128 0.100000 0.074982 0.035230 0.328042
chr1:150210 150210 1130 0.500000 0.097828 0.021381 0.660442
chr1:151085 151085 1141 0.900000 0.038481 0.066784 -0.239430
chr1:155113 155113 1181 0.500000 0.097828 0.022153 0.645026
chr1:155425 155425 1182 0.150000 0.241285 0.036409 0.821316
chr1:161181 161181 1224 0.500000 0.081284 0.021882 0.569913
chr1:165932 165932 1265 0.200000 0.039179 0.037749 0.016152
chr1:167450 167450 1281 0.100000 0.058449 0.034188 0.232913
chr1:168770 168770 1290 0.200000 0.039179 0.033415 0.069110
chr1:169358 169358 1296 0.800000 0.030122 0.039179 -0.114164
chr1:169780 169780 1301 0.150000 0.048701 0.029068 0.224118
chr1:171302 171302 1312 0.200000 0.072000 0.035339 0.309073
chr1:172046 172046 1315 0.250000 0.053145 0.038056 0.145045
chr1:172113 172113 1316 0.250000 0.053145 0.038056 0.145045
chr1:172839 172839 1321 0.100000 0.061340 0.024950 0.390673
chr1:173367 173367 1325 0.100000 0.061340 0.024233 0.403333
chr1:173505 173505 1327 0.500000 0.069096 0.017366 0.599750
chr1:174356 174356 1332 0.150000 0.021767 0.027501 -0.101559
chr1:176242 176242 1347 0.400000 0.101984 0.013663 0.872995
chr1:176319 176319 1348 0.100000 0.069525 0.022238 0.495053
chr1:176667 176667 1351 0.850000 0.025136 0.022812 0.042118
chr1:177179 177179 1355 0.100000 0.069525 0.023025 0.479950
chr1:177837 177837 1368 0.100000 0.069525 0.023025 0.479950
chr1:178178 178178 1370 0.100000 0.061307 0.023325 0.419689
chr1:178629 178629 1373 0.900000 0.023325 0.061307 -0.419689
chr1:178741 178741 1374 0.100000 0.061307 0.023325 0.419689
chr1:179173 179173 1378 0.100000 0.069525 0.022954 0.481276
chr1:179744 179744 1384 0.350000 0.027885 0.037649 -0.130379
chr1:180377 180377 1389 0.550000 0.053430 0.017391 0.487468
chr1:180586 180586 1391 0.100000 0.063057 0.022937 0.439194
chr1:180901 180901 1395 0.100000 0.063057 0.022937 0.439194
chr1:181004 181004 1396 0.350000 0.027846 0.038034 -0.135416
chr1:181105 181105 1397 0.100000 0.069525 0.021906 0.501582
chr1:181619 181619 1401 0.350000 0.027846 0.038003 -0.135062
chr1:182055 182055 1404 0.400000 0.023173 0.043942 -0.277903
chr1:182382 182382 1408 0.400000 0.023173 0.044000 -0.278477
chr1:182566 182566 1409 0.550000 0.053465 0.018622 0.458034
chr1:182684 182684 1411 0.400000 0.023173 0.043976 -0.278241
chr1:183063 183063 1416 0.450000 0.081056 0.014567 0.745402
chr1:183264 183264 1418 0.400000 0.023173 0.044560 -0.283967
chr1:183407 183407 1422 0.400000 0.023173 0.044454 -0.282939
chr1:183561 183561 1423 0.550000 0.054124 0.018608 0.463700
chr1:184151 184151 1426 0.400000 0.023173 0.044579 -0.284150
chr1:184416 184416 1429 0.400000 0.081278 0.012377 0.817350
chr1:184610 184610 1431 0.500000 0.048146 0.015336 0.496861
chr1:184626 184626 1432 0.400000 0.022721 0.044551 -0.292430
chr1:184839 184839 1436 0.400000 0.022721 0.044551 -0.292430
chr1:185020 185020 1437 0.550000 0.053186 0.017948 0.471782
chr1:185180 185180 1439 0.550000 0.053186 0.017948 0.471782
chr1:186109 186109 1442 0.450000 0.018050 0.053186 -0.469329
chr1:195424 195424 1515 0.650000 0.045484 0.017563 0.413263
chr1:195722 195722 1519 0.900000 0.023921 0.055396 -0.364692
chr1:196506 196506 1522 0.900000 0.023607 0.055396 -0.370442
chr1:197388 197388 1528 0.650000 0.045484 0.018520 0.390223
chr1:197755 197755 1530 0.850000 0.027374 0.023429 0.067582
chr1:197771 197771 1531 0.150000 0.023429 0.027374 -0.067582
chr1:198438 198438 1538 0.150000 0.109399 0.027181 0.604748
chr1:198534 198534 1540 0.850000 0.027849 0.023429 0.075046
chr1:198566 198566 1541 0.850000 0.027849 0.023429 0.075046
chr1:198709 198709 1543 0.750000 0.032504 0.007523 0.635550
chr1:198940 198940 1544 0.850000 0.028468 0.023429 0.084591
chr1:200034 200034 1552 0.100000 0.055396 0.025400 0.338637
chr1:200066 200066 1553 0.150000 0.024200 0.029391 -0.084405
chr1:200520 200520 1556 0.150000 0.109399 0.029236 0.573090
chr1:203297 203297 1573 0.450000 0.080426 0.014179 0.753769
chr1:203512 203512 1575 0.150000 0.109399 0.029584 0.567956
chr1:203709 203709 1578 0.450000 0.019998 0.061269 -0.486245
chr1:205518 205518 1585 0.450000 0.020442 0.062794 -0.487390
chr1:205795 205795 1590 0.350000 0.033504 0.046063 -0.138252
chr1:205796 205796 1591 0.450000 0.022118 0.062794 -0.453166
chr1:205880 205880 1592 0.550000 0.062794 0.022118 0.453166
chr1:205891 205891 1593 0.550000 0.062794 0.022118 0.453166
chr1:206047 206047 1594 0.450000 0.022118 0.062794 -0.453166
chr1:206067 206067 1595 0.550000 0.062794 0.022118 0.453166
chr1:206505 206505 1599 0.450000 0.022118 0.062794 -0.453166
chr1:206569 206569 1600 0.350000 0.033504 0.044725 -0.125445
chr1:206788 206788 1602 0.450000 0.021622 0.062794 -0.463025
chr1:207208 207208 1603 0.450000 0.021622 0.062794 -0.463025
chr1:207264 207264 1605 0.550000 0.062794 0.021622 0.463025
chr1:207385 207385 1606 0.550000 0.062794 0.021622 0.463025
chr1:207451 207451 1608 0.550000 0.062794 0.021622 0.463025
chr1:207515 207515 1609 0.550000 0.062794 0.021622 0.463025
chr1:210507 210507 1634 0.900000 0.027527 0.069368 -0.401400
chr1:210785 210785 1635 0.550000 0.065015 0.023422 0.443383
chr1:214853 214853 1651 0.150000 0.031867 0.034408 -0.033321
chr1:214980 214980 1652 0.100000 0.072353 0.030555 0.374380
chr1:215182 215182 1656 0.100000 0.072353 0.030555 0.374380
chr1:215387 215387 1657 0.150000 0.109399 0.034101 0.506247
chr1:215488 215488 1659 0.100000 0.072353 0.029517 0.389388
chr1:215853 215853 1663 0.850000 0.033421 0.028329 0.071784
chr1:216475 216475 1667 0.150000 0.028329 0.033421 -0.071784
chr1:216669 216669 1668 0.750000 0.034299 0.012487 0.438824
chr1:217909 217909 1673 0.100000 0.044953 0.023361 0.284263
chr1:217938 217938 1674 0.100000 0.044953 0.023361 0.284263
chr1:218009 218009 1675 0.100000 0.044953 0.023361 0.284263
chr1:218444 218444 1680 0.100000 0.045017 0.023271 0.286567
chr1:218504 218504 1681 0.150000 0.107236 0.029171 0.565393
chr1:220233 220233 1693 0.600000 0.053442 0.014196 0.575705
chr1:220844 220844 1703 0.200000 0.055607 0.033205 0.223933
chr1:221756 221756 1709 0.550000 0.054354 0.013274 0.612233
chr1:221968 221968 1712 0.600000 0.043875 0.014684 0.475371
chr1:222090 222090 1715 0.900000 0.018124 0.042316 -0.368251
chr1:222550 222550 1720 0.850000 0.016711 0.011474 0.163288
chr1:222643 222643 1722 0.850000 0.024787 0.021035 0.071282
chr1:222742 222742 1725 0.200000 0.073282 0.029776 0.391128
chr1:223242 223242 1730 0.550000 0.060270 0.017893 0.527408
chr1:223467 223467 1733 0.850000 0.025302 0.125994 -0.697192
chr1:225989 225989 1749 0.150000 0.033733 0.022503 0.175813
chr1:226102 226102 1750 0.200000 0.070777 0.026452 0.427435
chr1:226632 226632 1753 0.350000 0.024110 0.038159 -0.199395
chr1:226669 226669 1755 0.150000 0.018875 0.021569 -0.057945
chr1:227612 227612 1763 0.650000 0.038159 0.024247 0.196948
chr1:228018 228018 1771 0.300000 0.036568 0.034869 0.020663
chr1:229749 229749 1782 0.850000 0.030872 0.020629 0.175085
chr1:233643 233643 1800 0.850000 0.030872 0.020629 0.175085
chr1:235466 235466 1810 0.150000 0.018097 0.030872 -0.231957
chr1:235550 235550 1811 0.700000 0.045846 0.012201 0.574894
chr1:235974 235974 1812 0.150000 0.018097 0.029288 -0.209077
chr1:237195 237195 1818 0.100000 0.047542 0.026600 0.252198
chr1:237387 237387 1820 0.100000 0.047542 0.026552 0.252973
chr1:240578 240578 1841 0.900000 0.027342 0.042257 -0.189070
chr1:241197 241197 1847 0.850000 0.028286 0.017525 0.207926
chr1:245027 245027 1881 0.900000 0.025518 0.042735 -0.223932
chr1:245315 245315 1884 0.750000 0.037987 0.007705 0.692863
chr1:246762 246762 1889 0.900000 0.026711 0.042735 -0.204086
chr1:248402 248402 1902 0.200000 0.079454 0.022726 0.543592
chr1:249534 249534 1908 0.750000 0.029031 0.007268 0.601462
chr1:249709 249709 1909 0.150000 0.017721 0.022569 -0.105017
chr1:250000 250000 1911 0.700000 0.034991 0.004861 0.857264
chr1:250143 250143 1914 0.750000 0.028591 0.005610 0.707244
chr1:250313 250313 1917 0.200000 0.009267 0.025034 -0.431612
chr1:251454 251454 1933 0.750000 0.030458 0.006946 0.641948
chr1:251469 251469 1934 0.900000 0.021862 0.037424 -0.233449
chr1:251475 251475 1935 0.100000 0.037424 0.021862 0.233449
chr1:251502 251502 1936 0.900000 0.021862 0.037424 -0.233449
chr1:251527 251527 1937 0.100000 0.037424 0.021862 0.233449
chr1:252845 252845 1944 0.100000 0.037424 0.022113 0.228499
chr1:253402 253402 1947 0.900000 0.022113 0.037424 -0.228499
chr1:254854 254854 1959 0.900000 0.025843 0.039117 -0.180015
chr1:255156 255156 1962 0.100000 0.039117 0.025843 0.180015
chr1:255242 255242 1964 0.100000 0.039117 0.025843 0.180015
chr1:256222 256222 1972 0.100000 0.039117 0.026290 0.172562
chr1:256737 256737 1976 0.900000 0.026290 0.039117 -0.172562
chr1:257121 257121 1979 0.900000 0.026290 0.039117 -0.172562
chr1:259628 259628 1994 0.750000 0.035713 0.012116 0.469459
chr1:260737 260737 2001 0.900000 0.026634 0.039196 -0.167797
chr1:262190 262190 2009 0.100000 0.052312 0.028572 0.262666
chr1:263874 263874 2024 0.700000 0.041283 0.013021 0.501118
chr1:264650 264650 2031 0.900000 0.029907 0.052312 -0.242824
chr1:265194 265194 2035 0.100000 0.052312 0.029907 0.242824
chr1:265351 265351 2037 0.800000 0.032310 0.019832 0.211969
chr1:266462 266462 2045 0.150000 0.021598 0.034856 -0.207868
chr1:266570 266570 2047 0.900000 0.032032 0.052312 -0.213024
chr1:267733 267733 2054 0.100000 0.052312 0.032032 0.213024
chr1:270393 270393 2072 0.700000 0.039643 0.015257 0.414692
chr1:270824 270824 2076 0.100000 0.043890 0.028870 0.181911
chr1:274310 274310 2101 0.100000 0.037244 0.030295 0.089682
chr1:275171 275171 2107 0.600000 0.038765 0.021457 0.256868
chr1:275206 275206 2108 0.700000 0.041648 0.019983 0.318939
chr1:275498 275498 2110 0.150000 0.170912 0.024328 0.846657
chr1:275917 275917 2111 0.150000 0.110720 0.024267 0.659201
chr1:277068 277068 2119 0.150000 0.029921 0.021093 0.151830
chr1:277165 277165 2122 0.200000 0.059473 0.027452 0.335739
chr1:278669 278669 2134 0.800000 0.028119 0.059473 -0.325327
chr1:278754 278754 2136 0.200000 0.059473 0.028119 0.325327
chr1:279463 279463 2139 0.500000 0.057177 0.015818 0.558067
chr1:279589 279589 2140 0.800000 0.029136 0.059473 -0.309896
chr1:280668 280668 2144 0.850000 0.021380 0.170912 -0.902757
chr1:281585 281585 2148 0.200000 0.059473 0.026122 0.357305
chr1:281628 281628 2149 0.200000 0.059473 0.026122 0.357305
chr1:282250 282250 2157 0.150000 0.170912 0.022991 0.871219
chr1:282658 282658 2162 0.200000 0.059473 0.026523 0.350690
chr1:282886 282886 2163 0.350000 0.051278 0.015475 0.520296
chr1:283767 283767 2167 0.850000 0.024238 0.170912 -0.848277
chr1:284557 284557 2174 0.850000 0.024181 0.170912 -0.849298
chr1:284600 284600 2176 0.150000 0.170912 0.024181 0.849298
chr1:287605 287605 2193 0.200000 0.086298 0.021103 0.611659
chr1:287667 287667 2195 0.200000 0.086298 0.021103 0.611659
chr1:288225 288225 2200 0.450000 0.033845 0.021947 0.188110
chr1:288505 288505 2205 0.200000 0.086298 0.022178 0.590085
chr1:289282 289282 2215 0.200000 0.086298 0.020665 0.620760
chr1:289547 289547 2218 0.150000 0.170912 0.024450 0.844500
chr1:289741 289741 2219 0.200000 0.086298 0.020937 0.615094
chr1:290133 290133 2221 0.150000 0.047653 0.013748 0.539854
chr1:290238 290238 2222 0.350000 0.052650 0.015867 0.520917
chr1:290334 290334 2223 0.200000 0.086298 0.019627 0.643143
chr1:290601 290601 2225 0.200000 0.086298 0.019627 0.643143
chr1:290681 290681 2226 0.200000 0.086298 0.019627 0.643143
chr1:291156 291156 2231 0.450000 0.049290 0.019557 0.401444
chr1:291325 291325 2232 0.700000 0.024494 0.036533 -0.173625
chr1:293643 293643 2243 0.100000 0.055108 0.013665 0.605602
chr1:293670 293670 2244 0.500000 0.038619 0.019939 0.287092
chr1:293933 293933 2246 0.300000 0.039222 0.022314 0.244956
chr1:294073 294073 2247 0.200000 0.086298 0.021256 0.608523
chr1:294342 294342 2250 0.200000 0.086298 0.021256 0.608523
chr1:294882 294882 2253 0.100000 0.055108 0.012566 0.642027
chr1:295178 295178 2256 0.200000 0.086298 0.021525 0.603065
chr1:295370 295370 2259 0.550000 0.032266 0.020133 0.204837
chr1:295433 295433 2260 0.100000 0.027295 0.013542 0.304411
chr1:295799 295799 2263 0.200000 0.086298 0.020473 0.624819
chr1:295888 295888 2264 0.100000 0.025611 0.013737 0.270549
chr1:296168 296168 2268 0.550000 0.032266 0.018019 0.253010
chr1:296289 296289 2270 0.200000 0.086298 0.021103 0.611661
chr1:297361 297361 2280 0.500000 0.038619 0.018629 0.316621
chr1:298519 298519 2290 0.200000 0.086298 0.022594 0.582015
chr1:298910 298910 2293 0.800000 0.022767 0.086298 -0.578702
chr1:299250 299250 2295 0.200000 0.086298 0.021568 0.602202
chr1:300219 300219 2302 0.100000 0.040800 0.013354 0.485055
chr1:300232 300232 2303 0.800000 0.021934 0.086298 -0.594893
chr1:300530 300530 2308 0.200000 0.086298 0.021175 0.610183
chr1:300562 300562 2309 0.200000 0.086298 0.021175 0.610183
chr1:300632 300632 2310 0.200000 0.086298 0.021175 0.610183
chr1:301073 301073 2313 0.200000 0.086298 0.021175 0.610183
chr1:301173 301173 2314 0.100000 0.030325 0.013481 0.352081
chr1:301657 301657 2316 0.250000 0.052490 0.020311 0.412349
chr1:302242 302242 2320 0.100000 0.040800 0.013036 0.495518
chr1:302324 302324 2321 0.750000 0.021009 0.052490 -0.397669
chr1:302425 302425 2322 0.200000 0.086298 0.020380 0.626803
chr1:302837 302837 2326 0.750000 0.021009 0.052384 -0.396790
chr1:303257 303257 2329 0.350000 0.057559 0.012853 0.651109
chr1:304705 304705 2344 0.750000 0.024211 0.052963 -0.339948
chr1:305596 305596 2350 0.150000 0.125576 0.021634 0.763762
chr1:305787 305787 2353 0.800000 0.024090 0.064478 -0.427578
chr1:305871 305871 2354 0.200000 0.064478 0.024090 0.427578
chr1:305926 305926 2355 0.750000 0.024784 0.039228 -0.199422
chr1:306725 306725 2358 0.750000 0.024784 0.039228 -0.199422
chr1:307017 307017 2359 0.250000 0.039228 0.024784 0.199422
chr1:307197 307197 2363 0.800000 0.023744 0.064478 -0.433856
chr1:307709 307709 2365 0.100000 0.040800 0.013724 0.473171
chr1:308308 308308 2368 0.800000 0.024882 0.064478 -0.413517
chr1:308531 308531 2369 0.200000 0.064478 0.024882 0.413517
chr1:308671 308671 2370 0.750000 0.025816 0.038919 -0.178283
chr1:308735 308735 2373 0.150000 0.156942 0.024903 0.799481
chr1:309094 309094 2374 0.850000 0.018566 0.012786 0.161983
chr1:309418 309418 2377 0.150000 0.156942 0.021493 0.863434
chr1:310166 310166 2382 0.100000 0.044066 0.014589 0.480090
chr1:313433 313433 2405 0.100000 0.036212 0.016806 0.333401
chr1:317767 317767 2431 0.100000 0.049581 0.017535 0.451402
chr1:318358 318358 2436 0.100000 0.038129 0.019759 0.285496
chr1:319180 319180 2440 0.350000 0.046795 0.022708 0.314025
chr1:319888 319888 2444 0.400000 0.042326 0.020474 0.315405
chr1:319919 319919 2445 0.400000 0.042326 0.020474 0.315405
chr1:320606 320606 2452 0.350000 0.046795 0.019068 0.389905
chr1:320674 320674 2453 0.650000 0.019068 0.046795 -0.389905
chr1:322071 322071 2469 0.850000 0.013555 0.013651 -0.003073
chr1:323105 323105 2480 0.400000 0.046012 0.024821 0.268054
chr1:324080 324080 2488 0.500000 0.027635 0.024057 0.060206
chr1:324090 324090 2489 0.200000 0.073415 0.014740 0.697280
chr1:324743 324743 2495 0.450000 0.026439 0.021592 0.087944
chr1:325262 325262 2498 0.500000 0.024057 0.019393 0.093614
chr1:325475 325475 2501 0.500000 0.026055 0.019393 0.128254
chr1:326203 326203 2503 0.250000 0.066125 0.022100 0.475984
chr1:326719 326719 2506 0.500000 0.024316 0.019448 0.097013
chr1:326754 326754 2507 0.250000 0.066125 0.020659 0.505249
chr1:327525 327525 2510 0.500000 0.019252 0.026806 -0.143753
chr1:327673 327673 2511 0.500000 0.019252 0.026806 -0.143753
chr1:327907 327907 2515 0.200000 0.073415 0.015696 0.669982
chr1:328684 328684 2521 0.500000 0.027117 0.019225 0.149382
chr1:328787 328787 2523 0.500000 0.019225 0.027117 -0.149382
chr1:328997 328997 2525 0.200000 0.074080 0.016244 0.659020
chr1:329441 329441 2529 0.100000 0.029607 0.011556 0.408573
chr1:329705 329705 2531 0.150000 0.138388 0.014408 0.982485
chr1:329761 329761 2534 0.400000 0.050459 0.017550 0.458660
chr1:329931 329931 2538 0.200000 0.069370 0.016896 0.613389
chr1:331343 331343 2551 0.400000 0.050459 0.016856 0.476175
chr1:332681 332681 2563 0.500000 0.015303 0.024786 -0.209412
chr1:333699 333699 2574 0.250000 0.066125 0.025716 0.410160
chr1:334080 334080 2579 0.150000 0.156942 0.022273 0.847969
chr1:334330 334330 2580 0.900000 0.015147 0.024228 -0.203987
chr1:334424 334424 2581 0.100000 0.024228 0.015147 0.203987
chr1:334482 334482 2582 0.150000 0.076325 0.017506 0.639471
chr1:335513 335513 2592 0.250000 0.035465 0.020664 0.234579
chr1:338118 338118 2609 0.850000 0.025166 0.126398 -0.700924
chr1:340200 340200 2633 0.250000 0.035465 0.020123 0.246115
chr1:340415 340415 2636 0.400000 0.050459 0.022603 0.348773
chr1:344695 344695 2669 0.100000 0.046542 0.016438 0.451995
chr1:345646 345646 2677 0.150000 0.027563 0.017458 0.198337
chr1:345700 345700 2678 0.100000 0.046542 0.015546 0.476213
chr1:345878 345878 2680 0.100000 0.046542 0.015546 0.476213
chr1:345896 345896 2681 0.150000 0.016172 0.017458 -0.033224
chr1:345928 345928 2682 0.850000 0.017458 0.016172 0.033224
chr1:346213 346213 2686 0.250000 0.038049 0.018496 0.313261
chr1:346773 346773 2690 0.150000 0.019629 0.017164 0.058278
chr1:347302 347302 2693 0.350000 0.062482 0.016954 0.566476
chr1:347702 347702 2698 0.800000 0.020055 0.011125 0.255906
chr1:347928 347928 2701 0.200000 0.011125 0.020055 -0.255906
chr1:348336 348336 2704 0.450000 0.026666 0.022924 0.065659
chr1:348831 348831 2708 0.250000 0.038049 0.018608 0.310632
chr1:349228 349228 2714 0.250000 0.069686 0.014687 0.676208
chr1:349767 349767 2719 0.450000 0.024909 0.016496 0.178969
chr1:350639 350639 2721 0.500000 0.011418 0.017367 -0.182137
chr1:351529 351529 2731 0.300000 0.029108 0.011125 0.417693
chr1:351587 351587 2733 0.300000 0.029108 0.011125 0.417693
chr1:351757 351757 2734 0.450000 0.024909 0.014850 0.224620
chr1:352121 352121 2736 0.300000 0.029108 0.011841 0.390620
chr1:352168 352168 2737 0.700000 0.011841 0.029108 -0.390620
chr1:352640 352640 2741 0.300000 0.029108 0.012234 0.376439
chr1:353981 353981 2750 0.550000 0.016394 0.016970 -0.014994
chr1:354045 354045 2752 0.250000 0.042266 0.011137 0.579235
chr1:354098 354098 2753 0.100000 0.064001 0.007991 0.903598
chr1:354261 354261 2755 0.300000 0.028882 0.013688 0.324308
chr1:355107 355107 2767 0.550000 0.018969 0.017044 0.046459
chr1:355210 355210 2768 0.550000 0.018969 0.017044 0.046459
chr1:355735 355735 2772 0.250000 0.042266 0.012424 0.531749
chr1:355743 355743 2773 0.550000 0.018969 0.019441 -0.010680
chr1:355933 355933 2775 0.550000 0.018969 0.019441 -0.010680
chr1:356700 356700 2781 0.200000 0.042721 0.010377 0.614558
chr1:358405 358405 2793 0.550000 0.019945 0.022955 -0.061042
chr1:359316 359316 2803 0.900000 0.010644 0.025435 -0.378340
chr1:359832 359832 2805 0.500000 0.019829 0.018317 0.034460
chr1:360821 360821 2818 0.300000 0.030825 0.016493 0.271603
chr1:361567 361567 2823 0.300000 0.030825 0.016493 0.271603
chr1:361623 361623 2825 0.100000 0.025435 0.012865 0.296028
chr1:362377 362377 2831 0.500000 0.022553 0.019189 0.070157
chr1:363039 363039 2836 0.250000 0.055069 0.014244 0.587273
chr1:363816 363816 2842 0.250000 0.061635 0.014244 0.636196
chr1:364353 364353 2847 0.600000 0.019091 0.035260 -0.266466
chr1:364506 364506 2848 0.550000 0.022239 0.028703 -0.110814
chr1:366196 366196 2857 0.150000 0.166948 0.019774 0.926475
chr1:366728 366728 2861 0.600000 0.016092 0.036187 -0.351943
chr1:367247 367247 2865 0.250000 0.061635 0.012629 0.688454
chr1:368798 368798 2876 0.100000 0.027584 0.011145 0.393551
chr1:370300 370300 2886 0.600000 0.016420 0.032749 -0.299834
chr1:370792 370792 2890 0.600000 0.016420 0.032749 -0.299834
chr1:371261 371261 2892 0.400000 0.032749 0.016420 0.299834
chr1:372271 372271 2898 0.100000 0.027584 0.012955 0.328224
chr1:373119 373119 2905 0.900000 0.010581 0.032733 -0.490444
chr1:373276 373276 2908 0.300000 0.022686 0.014854 0.183912
chr1:373708 373708 2910 0.600000 0.014870 0.032037 -0.333336
chr1:373770 373770 2911 0.600000 0.014870 0.032037 -0.333336
chr1:373952 373952 2913 0.100000 0.026134 0.010103 0.412766
chr1:374711 374711 2917 0.600000 0.014529 0.032037 -0.343423
chr1:375402 375402 2923 0.250000 0.061635 0.011903 0.714160
chr1:375902 375902 2928 0.150000 0.166948 0.016904 0.994599
chr1:376451 376451 2933 0.750000 0.012823 0.061635 -0.681848
chr1:376781 376781 2935 0.250000 0.061635 0.012823 0.681848
chr1:377002 377002 2936 0.200000 0.093671 0.019573 0.679947
chr1:378027 378027 2944 0.100000 0.026134 0.011346 0.362362
chr1:378945 378945 2953 0.200000 0.093671 0.020760 0.654372
chr1:379490 379490 2957 0.400000 0.034465 0.014593 0.373222
chr1:381989 381989 2983 0.150000 0.019926 0.008100 0.390931
chr1:382814 382814 2991 0.200000 0.070628 0.008417 0.923797
chr1:382879 382879 2992 0.500000 0.012964 0.015117 -0.066718
chr1:385002 385002 3006 0.200000 0.093671 0.014401 0.813204
chr1:385115 385115 3009 0.500000 0.011627 0.015085 -0.113065
chr1:385201 385201 3010 0.200000 0.093671 0.015056 0.793890
chr1:385649 385649 3012 0.350000 0.033320 0.008929 0.571915
chr1:385833 385833 3015 0.350000 0.033320 0.008575 0.589488
chr1:387205 387205 3025 0.150000 0.166948 0.012503 1.125565
chr1:387289 387289 3027 0.400000 0.025443 0.009392 0.432805
chr1:387373 387373 3028 0.100000 0.022510 0.005701 0.596421
chr1:387509 387509 3029 0.200000 0.023565 0.008151 0.461025
chr1:387605 387605 3031 0.400000 0.029659 0.009966 0.473656
chr1:387965 387965 3035 0.400000 0.029659 0.009966 0.473656
chr1:389446 389446 3043 0.200000 0.093072 0.018607 0.699140
chr1:389718 389718 3044 0.200000 0.093072 0.018607 0.699140
chr1:389970 389970 3046 0.300000 0.040109 0.021381 0.273219
chr1:392842 392842 3063 0.700000 0.021381 0.040109 -0.273219
chr1:394494 394494 3075 0.150000 0.036835 0.013376 0.439940
chr1:395165 395165 3080 0.750000 0.026022 0.058102 -0.348846
chr1:396154 396154 3089 0.200000 0.093072 0.023129 0.604653
chr1:399972 399972 3110 0.100000 0.377184 0.021374 1.246658
chr1:400031 400031 3112 0.200000 0.119602 0.024583 0.687105
chr1:400653 400653 3122 0.200000 0.119602 0.025510 0.671031
chr1:400901 400901 3124 0.800000 0.025510 0.119602 -0.671031
chr1:401214 401214 3125 0.250000 0.077690 0.026396 0.468834
chr1:403378 403378 3136 0.750000 0.025625 0.077690 -0.481711
chr1:404451 404451 3143 0.200000 0.119602 0.024666 0.685637
chr1:405333 405333 3150 0.750000 0.025625 0.078154 -0.484296
chr1:405469 405469 3152 0.750000 0.025625 0.078154 -0.484296
chr1:407251 407251 3165 0.100000 0.014724 0.013719 0.030705
chr1:407417 407417 3167 0.900000 0.013719 0.014724 -0.030705
chr1:407532 407532 3168 0.700000 0.027195 0.049060 -0.256243
chr1:408678 408678 3175 0.100000 0.014724 0.012304 0.077987
chr1:409723 409723 3180 0.550000 0.028789 0.031684 -0.041606
chr1:409913 409913 3182 0.550000 0.028789 0.031684 -0.041606
chr1:410063 410063 3183 0.200000 0.119602 0.027208 0.643037
chr1:411106 411106 3188 0.200000 0.119602 0.027208 0.643037
chr1:411111 411111 3189 0.550000 0.028789 0.031198 -0.034905
chr1:411383 411383 3191 0.500000 0.021647 0.013041 0.220079
chr1:412339 412339 3199 0.850000 0.012099 0.008264 0.165562
chr1:415606 415606 3217 0.600000 0.029392 0.042343 -0.158546
chr1:417759 417759 3228 0.150000 0.070139 0.015245 0.662821
chr1:419447 419447 3239 0.200000 0.106833 0.025871 0.615898
chr1:420170 420170 3245 0.150000 0.008736 0.013112 -0.176392
chr1:422282 422282 3268 0.250000 0.065530 0.024224 0.432200
chr1:422840 422840 3272 0.450000 0.037209 0.013246 0.448566
chr1:423735 423735 3274 0.150000 0.017889 0.012129 0.168769
chr1:424148 424148 3275 0.350000 0.015112 0.016427 -0.036234
chr1:424323 424323 3277 0.350000 0.015112 0.016427 -0.036234
chr1:425139 425139 3281 0.200000 0.014559 0.009435 0.188387
chr1:425625 425625 3283 0.300000 0.037712 0.009419 0.602478
chr1:425804 425804 3284 0.200000 0.011357 0.010821 0.020992
chr1:426380 426380 3287 0.150000 0.207213 0.015618 1.122780
chr1:426818 426818 3290 0.100000 0.029504 0.009020 0.514663
chr1:426838 426838 3291 0.350000 0.022347 0.010593 0.324198
chr1:426921 426921 3292 0.200000 0.012992 0.007597 0.233067
chr1:427001 427001 3294 0.300000 0.037712 0.007913 0.678168
chr1:427736 427736 3300 0.350000 0.022347 0.011288 0.296607
chr1:428224 428224 3302 0.150000 0.014739 0.007456 0.295955
chr1:428898 428898 3306 0.400000 0.014055 0.012030 0.067570
chr1:429681 429681 3314 0.700000 0.008796 0.039018 -0.646992
chr1:429870 429870 3316 0.300000 0.039018 0.008796 0.646992
chr1:429878 429878 3317 0.350000 0.010729 0.014551 -0.132344
chr1:430303 430303 3322 0.400000 0.009476 0.016763 -0.247702
chr1:430352 430352 3323 0.100000 0.036742 0.007351 0.698829
chr1:430771 430771 3327 0.150000 0.207213 0.014414 1.157623
chr1:431707 431707 3333 0.250000 0.040217 0.008337 0.683424
chr1:431945 431945 3335 0.350000 0.009982 0.012179 -0.086396
chr1:431987 431987 3336 0.150000 0.070144 0.007205 0.988362
chr1:432114 432114 3338 0.600000 0.009428 0.016788 -0.250552
chr1:432165 432165 3339 0.250000 0.010836 0.005570 0.288999
chr1:432372 432372 3340 0.250000 0.026009 0.008169 0.502946
chr1:432468 432468 3341 0.600000 0.008389 0.017330 -0.315089
chr1:432729 432729 3342 0.350000 0.010105 0.010241 -0.005824
chr1:432754 432754 3343 0.150000 0.207213 0.012035 1.235987
chr1:433768 433768 3350 0.250000 0.026009 0.008581 0.481581
chr1:434122 434122 3352 0.250000 0.026009 0.008041 0.509828
chr1:434219 434219 3353 0.500000 0.012023 0.009932 0.082956
chr1:434607 434607 3357 0.250000 0.027254 0.007837 0.541270
chr1:435383 435383 3363 0.500000 0.011997 0.011878 0.004297
chr1:435935 435935 3366 0.100000 0.021929 0.004938 0.647471
chr1:436033 436033 3367 0.100000 0.031175 0.005201 0.777694
chr1:436428 436428 3372 0.500000 0.012488 0.013214 -0.024534
chr1:436710 436710 3376 0.300000 0.015172 0.012257 0.092630
chr1:437877 437877 3382 0.150000 0.207213 0.013617 1.182342
chr1:437966 437966 3384 0.100000 0.017015 0.007047 0.382814
chr1:438142 438142 3385 0.650000 0.014887 0.012173 0.087423
chr1:438602 438602 3388 0.350000 0.012173 0.014887 -0.087423
chr1:438915 438915 3391 0.600000 0.011341 0.007879 0.158149
chr1:439548 439548 3395 0.500000 0.008218 0.019214 -0.368823
chr1:439703 439703 3398 0.500000 0.019214 0.008218 0.368823
chr1:440192 440192 3400 0.200000 0.023890 0.007648 0.494667
chr1:441172 441172 3404 0.450000 0.010905 0.016489 -0.179568
chr1:443523 443523 3424 0.300000 0.026032 0.011228 0.365216
chr1:443705 443705 3428 0.100000 0.014782 0.008442 0.243259
chr1:444046 444046 3430 0.350000 0.011684 0.012074 -0.014246
chr1:444786 444786 3435 0.300000 0.012780 0.011106 0.060983
chr1:444798 444798 3436 0.200000 0.023890 0.011369 0.322492
chr1:445192 445192 3438 0.400000 0.013270 0.007917 0.224285
chr1:445208 445208 3440 0.200000 0.023890 0.006525 0.563626
chr1:445311 445311 3441 0.600000 0.010526 0.020057 -0.280023
chr1:445797 445797 3445 0.400000 0.020057 0.011175 0.254016
chr1:446044 446044 3447 0.400000 0.020057 0.011175 0.254016
chr1:446068 446068 3448 0.600000 0.011175 0.020057 -0.254016
chr1:446274 446274 3450 0.500000 0.010005 0.009573 0.019168
chr1:447031 447031 3453 0.300000 0.018132 0.006958 0.415988
chr1:447136 447136 3454 0.200000 0.029127 0.007585 0.584348
chr1:447427 447427 3457 0.100000 0.018065 0.006709 0.430195
chr1:448142 448142 3459 0.700000 0.008851 0.018132 -0.311479
chr1:448162 448162 3460 0.300000 0.018132 0.008851 0.311479
chr1:448324 448324 3462 0.500000 0.012661 0.006686 0.277297
chr1:448985 448985 3466 0.700000 0.010998 0.018132 -0.217150
chr1:449045 449045 3467 0.300000 0.018132 0.010998 0.217150
chr1:449089 449089 3468 0.700000 0.010998 0.018132 -0.217150
chr1:449443 449443 3472 0.250000 0.021826 0.009695 0.352404
chr1:449724 449724 3473 0.300000 0.019126 0.010998 0.240320
chr1:450211 450211 3479 0.100000 0.019844 0.009581 0.316225
chr1:450901 450901 3482 0.100000 0.013150 0.009581 0.137510
chr1:451321 451321 3484 0.100000 0.013150 0.009581 0.137510
chr1:451586 451586 3488 0.100000 0.013150 0.009581 0.137510
chr1:452090 452090 3492 0.150000 0.027057 0.010553 0.408924
chr1:452390 452390 3493 0.900000 0.010333 0.018437 -0.251457
chr1:453430 453430 3502 0.100000 0.035272 0.008959 0.595184
chr1:453795 453795 3505 0.100000 0.018437 0.010455 0.246349
chr1:454877 454877 3514 0.650000 0.016249 0.017166 -0.023838
chr1:457354 457354 3528 0.250000 0.030399 0.013653 0.347621
chr1:457866 457866 3532 0.250000 0.030399 0.013653 0.347621
chr1:458356 458356 3533 0.100000 0.018437 0.013501 0.135322
chr1:459430 459430 3539 0.600000 0.018736 0.012573 0.173246
chr1:459715 459715 3542 0.100000 0.018437 0.013898 0.122746
chr1:459821 459821 3543 0.650000 0.015215 0.017634 -0.064061
chr1:460564 460564 3549 0.750000 0.012374 0.030336 -0.389437
chr1:461010 461010 3553 0.750000 0.012374 0.030336 -0.389437
chr1:461160 461160 3554 0.250000 0.030336 0.012374 0.389437
chr1:461528 461528 3557 0.100000 0.018290 0.009112 0.302583
chr1:461713 461713 3558 0.550000 0.017505 0.010093 0.239131
chr1:462359 462359 3566 0.100000 0.020646 0.008483 0.386290
chr1:462855 462855 3571 0.150000 0.038475 0.008018 0.681133
chr1:463000 463000 3573 0.250000 0.032671 0.009879 0.519429
chr1:463032 463032 3574 0.200000 0.007901 0.010880 -0.138947
chr1:463356 463356 3577 0.100000 0.020646 0.008747 0.372942
chr1:463645 463645 3580 0.250000 0.032671 0.009687 0.527988
chr1:463662 463662 3581 0.250000 0.032671 0.009687 0.527988
chr1:463884 463884 3583 0.550000 0.017505 0.010384 0.226818
chr1:463971 463971 3584 0.250000 0.032671 0.010290 0.501735
chr1:464343 464343 3586 0.250000 0.032671 0.010290 0.501735
chr1:464762 464762 3589 0.100000 0.017466 0.008383 0.318758
chr1:465294 465294 3594 0.100000 0.020646 0.009130 0.354333
chr1:465416 465416 3596 0.200000 0.010074 0.011002 -0.038256
chr1:465555 465555 3598 0.150000 0.055488 0.007933 0.844752
chr1:465558 465558 3599 0.250000 0.032671 0.011467 0.454718
chr1:465916 465916 3600 0.550000 0.019238 0.011062 0.240342
chr1:466628 466628 3602 0.100000 0.020646 0.009096 0.355962
chr1:466707 466707 3603 0.150000 0.038475 0.008698 0.645742
chr1:466877 466877 3605 0.550000 0.019238 0.006452 0.474461
chr1:467129 467129 3607 0.550000 0.019238 0.006452 0.474461
chr1:467323 467323 3608 0.450000 0.028843 0.007114 0.607897
chr1:467490 467490 3611 0.200000 0.010762 0.008263 0.114784
chr1:467959 467959 3615 0.100000 0.017035 0.006831 0.396834
chr1:468040 468040 3617 0.250000 0.013307 0.009456 0.148368
chr1:468244 468244 3620 0.550000 0.016867 0.005316 0.501469
chr1:468254 468254 3621 0.100000 0.011587 0.007239 0.204306
chr1:468289 468289 3623 0.150000 0.055488 0.005607 0.995506
chr1:468500 468500 3625 0.100000 0.019653 0.008471 0.365462
chr1:469601 469601 3636 0.550000 0.019865 0.006544 0.482278
chr1:469629 469629 3637 0.200000 0.005849 0.009755 -0.222101
chr1:470030 470030 3640 0.550000 0.019913 0.006903 0.460134
chr1:471190 471190 3645 0.550000 0.019913 0.007530 0.422351
chr1:471491 471491 3647 0.100000 0.023119 0.008921 0.413568
chr1:471879 471879 3650 0.100000 0.016475 0.009026 0.261353
chr1:472093 472093 3651 0.200000 0.006836 0.010847 -0.200510
chr1:472105 472105 3652 0.100000 0.143561 0.008455 1.229896
chr1:472386 472386 3656 0.500000 0.013648 0.006021 0.355391
chr1:472629 472629 3657 0.100000 0.013509 0.005143 0.419361
chr1:472710 472710 3658 0.550000 0.012257 0.007817 0.195324
chr1:472851 472851 3659 0.450000 0.017486 0.005630 0.492163
chr1:473624 473624 3663 0.100000 0.015852 0.006171 0.409761
chr1:473736 473736 3665 0.100000 0.015039 0.006482 0.365500
chr1:473823 473823 3667 0.400000 0.016673 0.007816 0.329017
chr1:474228 474228 3670 0.400000 0.016673 0.007816 0.329017
chr1:474549 474549 3671 0.400000 0.016673 0.007816 0.329017
chr1:474607 474607 3672 0.400000 0.016673 0.007816 0.329017
chr1:474707 474707 3675 0.600000 0.007816 0.016673 -0.329017
chr1:475150 475150 3681 0.600000 0.007892 0.016673 -0.324859
chr1:475239 475239 3682 0.500000 0.010519 0.010745 -0.009223
chr1:475360 475360 3684 0.600000 0.007274 0.016673 -0.360221
chr1:475695 475695 3685 0.100000 0.014895 0.005434 0.437941
chr1:475710 475710 3686 0.600000 0.007514 0.016673 -0.346122
chr1:476979 476979 3696 0.600000 0.007570 0.017671 -0.368152
chr1:477003 477003 3697 0.600000 0.007570 0.017671 -0.368152
chr1:477010 477010 3698 0.500000 0.010733 0.011007 -0.010965
chr1:477048 477048 3699 0.400000 0.017671 0.007299 0.384019
chr1:477244 477244 3701 0.100000 0.011249 0.005545 0.307217
chr1:477292 477292 3703 0.600000 0.006883 0.017671 -0.409487
chr1:477822 477822 3709 0.600000 0.007486 0.017671 -0.373001
chr1:477916 477916 3710 0.400000 0.017671 0.007486 0.373001
chr1:477985 477985 3711 0.100000 0.014741 0.005718 0.411306
chr1:478496 478496 3715 0.550000 0.009375 0.013916 -0.171538
chr1:478509 478509 3716 0.400000 0.017671 0.008031 0.342498
chr1:478743 478743 3720 0.400000 0.017671 0.008031 0.342498
chr1:479643 479643 3729 0.400000 0.017671 0.008180 0.334521
chr1:480043 480043 3732 0.500000 0.010898 0.011625 -0.028035
chr1:480260 480260 3735 0.400000 0.017671 0.008511 0.317279
chr1:480433 480433 3737 0.100000 0.018915 0.006967 0.433730
chr1:480468 480468 3739 0.250000 0.027803 0.006834 0.609415
chr1:480755 480755 3743 0.700000 0.007440 0.019500 -0.418492
chr1:481302 481302 3745 0.100000 0.017513 0.005406 0.510473
chr1:481756 481756 3749 0.600000 0.009153 0.011563 -0.101538
chr1:481848 481848 3753 0.650000 0.009374 0.013554 -0.160136
chr1:481960 481960 3754 0.700000 0.008803 0.019524 -0.345948
chr1:482174 482174 3755 0.100000 0.058480 0.006184 0.975760
chr1:482814 482814 3761 0.700000 0.008672 0.009891 -0.057098
chr1:483050 483050 3762 0.300000 0.009891 0.008672 0.057098
chr1:483102 483102 3763 0.300000 0.009891 0.008672 0.057098
chr1:484792 484792 3773 0.200000 0.017899 0.007495 0.378051
chr1:485884 485884 3781 0.300000 0.009117 0.009236 -0.005620
chr1:485958 485958 3782 0.700000 0.009236 0.009117 0.005620
chr1:486071 486071 3785 0.700000 0.009236 0.009117 0.005620
chr1:486087 486087 3786 0.300000 0.009117 0.009236 -0.005620
chr1:486770 486770 3792 0.100000 0.014532 0.004640 0.495780
chr1:486967 486967 3793 0.600000 0.008129 0.004862 0.223250
chr1:487055 487055 3794 0.300000 0.010149 0.007627 0.124087
chr1:487637 487637 3803 0.750000 0.006258 0.013797 -0.343368
chr1:488439 488439 3812 0.250000 0.013810 0.006831 0.305740
chr1:488612 488612 3813 0.750000 0.006831 0.013810 -0.305740
chr1:488764 488764 3814 0.250000 0.013810 0.006831 0.305740
chr1:488830 488830 3815 0.250000 0.013810 0.006831 0.305740
chr1:489181 489181 3819 0.250000 0.010055 0.007167 0.147073
chr1:489926 489926 3825 0.750000 0.007167 0.010324 -0.158543
chr1:490182 490182 3826 0.200000 0.013436 0.006733 0.300053
chr1:490261 490261 3827 0.750000 0.007167 0.008658 -0.082128
chr1:490286 490286 3828 0.250000 0.008658 0.007167 0.082128
chr1:490367 490367 3830 0.200000 0.003711 0.005306 -0.155253
