chr1:36874 36874 327 0.040000 149.464286 74.077334 0.304852
chr1:38387 38387 335 0.045000 137.833333 75.165169 0.263338
chr1:38459 38459 336 0.010000 150.500000 74.075219 0.307864
chr1:39577 39577 349 0.010000 201.000000 71.120033 0.451204
chr1:43638 43638 376 0.035000 172.166667 67.487047 0.406729
chr1:46605 46605 392 0.575000 111.273989 52.487955 0.326334
chr1:48219 48219 404 0.010000 205.000000 56.605266 0.558897
chr1:50547 50547 431 0.610000 103.713182 45.597236 0.356895
chr1:52208 52208 446 0.595000 97.337131 50.966512 0.280994
chr1:54206 54206 468 0.010000 155.000000 48.894862 0.501068
chr1:61792 61792 532 0.010000 200.000000 41.205379 0.686076
chr1:62527 62527 540 0.290000 80.379008 51.114124 0.196602
chr1:64503 64503 552 0.770000 54.890417 142.168599 -0.413307
chr1:65143 65143 561 0.560000 65.674952 104.226881 -0.200580
chr1:65467 65467 567 0.470000 78.447152 82.727853 -0.023075
chr1:68276 68276 589 0.545000 64.269793 102.855311 -0.204220
chr1:69345 69345 596 0.435000 84.885592 76.070954 0.047615
chr1:69935 69935 602 0.010000 202.000000 53.669077 0.575627
chr1:70186 70186 605 0.540000 81.126947 97.004658 -0.077627
chr1:70776 70776 609 0.465000 95.616643 90.022042 0.026185
chr1:71371 71371 614 0.010000 201.000000 65.999846 0.483653
chr1:71861 71861 619 0.595000 83.258083 126.019753 -0.180012
chr1:71907 71907 620 0.405000 125.795679 82.598205 0.182695
chr1:72379 72379 624 0.405000 126.242438 81.466458 0.190227
chr1:72512 72512 625 0.595000 81.674833 126.844907 -0.191185
chr1:72796 72796 629 0.405000 126.441821 85.118217 0.171868
chr1:75328 75328 649 0.325000 103.366587 65.470536 0.198334
chr1:75996 75996 657 0.325000 97.414904 67.263792 0.160844
chr1:76447 76447 663 0.325000 88.718750 67.246379 0.120347
chr1:76938 76938 665 0.475000 82.528108 59.184341 0.144395
chr1:77376 77376 668 0.385000 113.730178 52.687991 0.334164
chr1:79670 79670 693 0.380000 80.377544 63.779308 0.100455
chr1:79692 79692 694 0.380000 79.897193 63.530685 0.099548
chr1:80141 80141 696 0.010000 202.000000 37.702430 0.728982
chr1:80231 80231 697 0.380000 79.661930 63.411356 0.099084
chr1:80943 80943 701 0.010000 203.000000 41.483926 0.689616
chr1:81684 81684 706 0.555000 55.706552 82.930031 -0.172806
chr1:83133 83133 715 0.600000 72.386415 63.060918 0.059897
chr1:83477 83477 719 0.205000 91.213415 55.538811 0.215462
chr1:83744 83744 720 0.990000 41.089807 200.000000 -0.687296
chr1:83770 83770 721 0.010000 200.000000 40.974337 0.688518
chr1:83823 83823 723 0.390000 61.286547 70.089351 -0.058287
chr1:85313 85313 732 0.305000 82.805738 66.958086 0.092257
chr1:86259 86259 739 0.350000 72.247826 69.792785 0.015014
chr1:86804 86804 741 0.020000 169.666667 46.197436 0.564979
chr1:87861 87861 744 0.010000 200.000000 45.527201 0.642759
chr1:88258 88258 746 0.630000 71.722286 70.352832 0.008373
chr1:89722 89722 760 0.625000 72.058903 70.410450 0.010051
chr1:90439 90439 768 0.625000 67.892645 71.505405 -0.022516
chr1:90606 90606 771 0.290000 84.282819 57.582759 0.165447
chr1:90837 90837 774 0.010000 202.000000 45.780111 0.644675
chr1:91510 91510 780 0.025000 123.300000 46.409860 0.424353
chr1:92438 92438 786 0.375000 84.524685 67.043677 0.100626
chr1:92601 92601 789 0.625000 66.826258 93.408108 -0.145437
chr1:92748 92748 793 0.010000 201.000000 41.493616 0.685215
chr1:92758 92758 794 0.250000 99.728980 53.517808 0.270323
chr1:93649 93649 805 0.010000 205.000000 56.628288 0.558720
chr1:95536 95536 819 0.100000 145.602632 67.353786 0.334807
chr1:95560 95560 820 0.010000 142.000000 60.207481 0.372638
chr1:95609 95609 821 0.010000 200.000000 60.292699 0.520765
chr1:96246 96246 825 0.010000 201.000000 60.386530 0.522256
chr1:96504 96504 828 0.010000 201.000000 59.074219 0.531798
chr1:96827 96827 830 0.130000 107.786154 54.126470 0.299153
chr1:99012 99012 840 0.585000 71.074860 99.283867 -0.145163
chr1:99372 99372 843 0.585000 71.800914 99.094182 -0.139918
chr1:99423 99423 844 0.015000 170.333333 44.226872 0.585613
chr1:99758 99758 848 0.415000 97.515428 70.725685 0.139496
chr1:100539 100539 851 0.010000 162.000000 55.586576 0.464545
chr1:101110 101110 856 0.745000 69.806730 112.958431 -0.209021
chr1:101283 101283 857 0.255000 112.958431 69.806730 0.209021
chr1:101549 101549 858 0.255000 110.232941 69.131507 0.202635
chr1:101603 101603 860 0.065000 162.141026 50.717440 0.504736
chr1:102010 102010 864 0.665000 74.703292 73.245138 0.008561
chr1:102082 102082 865 0.785000 60.716479 138.197674 -0.357194
chr1:102336 102336 866 0.215000 133.765781 60.186347 0.346847
chr1:102352 102352 867 0.095000 129.064327 48.020411 0.429380
chr1:102460 102460 869 0.215000 132.072536 59.223175 0.348321
chr1:102581 102581 870 0.785000 59.366079 132.323367 -0.348098
chr1:103018 103018 873 0.215000 131.566999 60.746121 0.335628
chr1:103212 103212 875 0.215000 130.071982 60.902295 0.329550
chr1:103311 103311 876 0.215000 128.594684 60.725911 0.325849
chr1:104653 104653 884 0.015000 114.000000 46.676784 0.387804
chr1:105136 105136 890 0.215000 98.764673 61.935040 0.202665
chr1:105620 105620 895 0.015000 200.000000 48.997695 0.610854
chr1:105679 105679 896 0.585000 97.570734 56.496180 0.237300
chr1:108295 108295 913 0.010000 201.000000 56.869687 0.548315
chr1:109784 109784 920 0.580000 95.783733 59.435456 0.207246
chr1:110295 110295 926 0.015000 200.000000 50.030612 0.601794
chr1:110305 110305 927 0.580000 83.762744 61.920683 0.131215
chr1:110585 110585 929 0.115000 97.399209 46.911017 0.317281
chr1:110630 110630 931 0.305000 80.931421 67.646909 0.077869
chr1:111345 111345 937 0.010000 200.000000 49.960391 0.602404
chr1:113852 113852 954 0.455000 113.863126 65.790010 0.238223
chr1:114037 114037 955 0.130000 93.810769 68.459969 0.136816
chr1:114252 114252 958 0.035000 118.809524 57.697620 0.313693
chr1:114700 114700 962 0.650000 78.620274 91.398965 -0.065407
chr1:114843 114843 963 0.650000 78.449672 91.420911 -0.066454
chr1:115032 115032 967 0.350000 91.675569 77.869112 0.070888
chr1:115786 115786 974 0.035000 116.952381 55.688067 0.322247
chr1:116510 116510 980 0.115000 111.600791 61.781394 0.256810
chr1:116522 116522 981 0.020000 160.500000 59.029592 0.434405
chr1:116675 116675 983 0.630000 88.986159 97.001111 -0.037454
chr1:117081 117081 986 0.630000 87.496508 96.683821 -0.043363
chr1:117853 117853 992 0.340000 105.800483 60.006535 0.246289
chr1:118132 118132 997 0.370000 95.025731 97.154921 -0.009624
chr1:118435 118435 1000 0.370000 94.915772 96.271048 -0.006157
chr1:118986 118986 1006 0.370000 95.138652 98.918984 -0.016923
chr1:119356 119356 1008 0.630000 97.287175 95.684006 0.007216
chr1:119411 119411 1010 0.450000 110.500375 62.070392 0.250479
chr1:119731 119731 1013 0.450000 110.622222 62.358132 0.248949
chr1:119996 119996 1016 0.010000 202.000000 45.739271 0.645062
chr1:120271 120271 1018 0.110000 158.937229 49.861899 0.503457
chr1:120392 120392 1020 0.630000 74.363111 80.998519 -0.037120
chr1:120824 120824 1026 0.630000 65.688190 80.947242 -0.090715
chr1:122268 122268 1033 0.370000 80.379304 52.463365 0.185288
chr1:122844 122844 1037 0.370000 102.387449 52.209397 0.292498
chr1:122923 122923 1038 0.015000 200.000000 37.430074 0.727809
chr1:123572 123572 1043 0.365000 104.372146 56.012623 0.270299
chr1:123785 123785 1044 0.365000 104.602359 56.036495 0.271071
chr1:125301 125301 1057 0.260000 127.474736 55.384767 0.362034
chr1:125467 125467 1060 0.015000 70.333333 40.825728 0.236227
chr1:125993 125993 1062 0.260000 131.055053 47.446268 0.441252
chr1:126527 126527 1066 0.010000 204.000000 35.552889 0.758755
chr1:126615 126615 1069 0.330000 95.054312 49.930984 0.279602
chr1:126774 126774 1071 0.265000 92.349419 50.469341 0.262407
chr1:126816 126816 1073 0.265000 91.538099 50.215171 0.260767
chr1:127388 127388 1082 0.010000 200.000000 41.939727 0.678404
chr1:127662 127662 1085 0.525000 56.862912 81.534938 -0.156515
chr1:127910 127910 1086 0.260000 131.088989 53.873322 0.386192
chr1:128890 128890 1097 0.105000 127.785714 47.192298 0.432611
chr1:129166 129166 1100 0.330000 107.844988 49.616485 0.337174
chr1:129376 129376 1103 0.465000 79.312997 55.188415 0.157496
chr1:129451 129451 1104 0.210000 83.254355 50.228372 0.219458
chr1:129488 129488 1106 0.020000 178.333333 38.409576 0.666793
chr1:129841 129841 1109 0.355000 100.118511 50.630451 0.296103
chr1:129878 129878 1110 0.675000 68.945274 107.121394 -0.191372
chr1:130814 130814 1116 0.675000 68.769596 120.830048 -0.244778
chr1:130903 130903 1117 0.015000 196.333333 45.120429 0.638621
chr1:130910 130910 1118 0.675000 67.582919 120.255048 -0.250266
chr1:130997 130997 1119 0.675000 67.664511 120.481010 -0.250558
chr1:131603 131603 1127 0.325000 119.058894 66.798342 0.250996
chr1:132458 132458 1130 0.545000 75.259429 97.332112 -0.111695
chr1:132565 132565 1132 0.545000 75.010279 96.894994 -0.111181
chr1:132764 132764 1137 0.455000 96.337485 74.681702 0.110581
chr1:133020 133020 1139 0.495000 91.535354 76.536535 0.077720
chr1:133032 133032 1140 0.505000 76.341287 91.250052 -0.077474
chr1:133307 133307 1143 0.495000 91.008864 76.198317 0.077138
chr1:133449 133449 1145 0.505000 76.252376 91.059163 -0.077070
chr1:134399 134399 1153 0.495000 90.347454 65.225644 0.141498
chr1:134489 134489 1155 0.495000 91.712843 65.441089 0.146580
chr1:135087 135087 1158 0.495000 97.034735 64.750099 0.175687
chr1:135217 135217 1159 0.505000 65.073267 97.355906 -0.174960
chr1:135311 135311 1160 0.505000 64.732673 96.933725 -0.175351
chr1:135423 135423 1162 0.495000 96.614822 64.499802 0.175485
chr1:135480 135480 1163 0.495000 96.507009 64.437228 0.175422
chr1:136677 136677 1169 0.195000 101.076248 53.969720 0.272499
chr1:136953 136953 1170 0.540000 86.322170 58.876015 0.166184
chr1:137565 137565 1174 0.010000 200.000000 42.099292 0.676755
chr1:138019 138019 1179 0.865000 51.304678 106.273504 -0.316268
chr1:138073 138073 1181 0.390000 87.343323 55.134941 0.199803
chr1:138124 138124 1182 0.010000 200.000000 34.996513 0.757005
chr1:138272 138272 1183 0.390000 88.779054 55.066251 0.207425
chr1:138332 138332 1185 0.150000 158.562069 41.487992 0.582277
chr1:138443 138443 1188 0.390000 88.670163 59.368378 0.174222
chr1:138901 138901 1194 0.130000 110.170769 44.099030 0.397637
chr1:139289 139289 1196 0.130000 109.089231 43.545479 0.398839
chr1:139387 139387 1197 0.130000 108.960000 43.566275 0.398117
chr1:139405 139405 1198 0.155000 154.092473 40.350416 0.581933
chr1:139473 139473 1199 0.440000 62.241641 54.958655 0.054045
chr1:139835 139835 1202 0.285000 100.361529 46.416429 0.334896
chr1:139922 139922 1203 0.035000 72.142857 38.543934 0.272237
chr1:140047 140047 1206 0.010000 200.000000 36.709045 0.736257
chr1:140367 140367 1211 0.020000 127.000000 35.401361 0.554784
chr1:140912 140912 1213 0.010000 203.000000 34.284059 0.772404
chr1:141072 141072 1214 0.370000 64.254350 53.138984 0.082489
chr1:141402 141402 1217 0.065000 161.019231 37.409781 0.633893
chr1:141618 141618 1218 0.025000 109.850000 38.140391 0.459415
chr1:141750 141750 1219 0.010000 202.000000 37.076091 0.736257
chr1:142194 142194 1220 0.150000 152.086207 41.438740 0.564683
chr1:142625 142625 1222 0.025000 111.050000 35.356622 0.497048
chr1:142705 142705 1223 0.150000 152.010345 41.518239 0.563634
chr1:142708 142708 1224 0.025000 112.850000 35.924954 0.497105
chr1:142718 142718 1225 0.450000 64.928090 49.599500 0.116955
chr1:143461 143461 1231 0.840000 44.174437 122.264113 -0.442128
chr1:143617 143617 1234 0.010000 202.000000 40.343870 0.699574
chr1:143923 143923 1239 0.010000 200.000000 40.253833 0.696223
chr1:144643 144643 1243 0.135000 155.336182 43.918101 0.548629
chr1:145089 145089 1245 0.150000 98.424138 48.294570 0.309203
chr1:145095 145095 1246 0.535000 66.050079 68.554815 -0.016165
chr1:146066 146066 1255 0.740000 40.879803 105.981900 -0.413723
chr1:146599 146599 1257 0.735000 41.236325 103.874456 -0.401229
chr1:147000 147000 1261 0.010000 201.000000 34.393580 0.766719
chr1:147066 147066 1262 0.735000 47.070636 104.025399 -0.344389
chr1:148421 148421 1274 0.395000 80.227361 50.240427 0.203269
chr1:148426 148426 1275 0.265000 104.094340 40.809524 0.406666
chr1:148433 148433 1276 0.200000 133.308333 36.526533 0.562249
chr1:148546 148546 1277 0.200000 133.336538 36.492414 0.562747
chr1:148609 148609 1278 0.265000 104.047896 39.989097 0.415292
chr1:148621 148621 1279 0.395000 79.433788 45.658471 0.240484
chr1:148627 148627 1280 0.035000 200.000000 33.979329 0.769815
chr1:148979 148979 1283 0.755000 48.093951 110.861395 -0.362690
chr1:149158 149158 1286 0.035000 123.523810 39.632070 0.493704
chr1:149442 149442 1287 0.025000 159.550000 38.956146 0.612321
chr1:149467 149467 1288 0.010000 144.500000 37.658642 0.584003
chr1:149972 149972 1292 0.185000 126.472973 44.118609 0.457376
chr1:150023 150023 1294 0.205000 79.468902 54.542114 0.163465
chr1:150444 150444 1298 0.615000 59.042116 104.961552 -0.249868
chr1:150773 150773 1299 0.020000 130.250000 50.929487 0.407808
chr1:151620 151620 1301 0.025000 162.250000 51.136955 0.501450
chr1:151638 151638 1302 0.010000 200.000000 50.646413 0.596481
chr1:152050 152050 1306 0.620000 57.899357 108.915789 -0.274417
chr1:152249 152249 1308 0.465000 90.934549 63.591342 0.155331
chr1:152338 152338 1309 0.100000 148.460526 47.451738 0.495359
chr1:152425 152425 1311 0.075000 85.419048 46.893713 0.260440
chr1:152806 152806 1314 0.465000 90.626227 68.394110 0.122235
chr1:152866 152866 1315 0.535000 68.485629 90.814633 -0.122556
chr1:152911 152911 1316 0.015000 168.500000 41.258391 0.611088
chr1:152984 152984 1317 0.440000 97.762017 64.427526 0.181099
chr1:153510 153510 1321 0.465000 91.576671 70.252248 0.115125
chr1:153540 153540 1322 0.465000 91.338710 70.122994 0.114794
chr1:154009 154009 1326 0.535000 70.009258 91.095605 -0.114342
chr1:154327 154327 1330 0.465000 91.273259 71.365103 0.106858
chr1:154335 154335 1331 0.465000 90.762740 71.124229 0.105890
chr1:154337 154337 1332 0.465000 90.695886 71.066038 0.105925
chr1:154487 154487 1335 0.535000 71.063922 90.938990 -0.107101
chr1:154493 154493 1336 0.465000 90.938990 71.063922 0.107101
chr1:154589 154589 1337 0.465000 91.664563 71.305854 0.109076
chr1:154746 154746 1339 0.325000 99.739183 61.020564 0.213390
chr1:154838 154838 1341 0.010000 201.000000 52.100395 0.586355
chr1:155835 155835 1351 0.100000 152.407895 55.521664 0.438545
chr1:155889 155889 1352 0.295000 109.810637 55.635917 0.295289
chr1:156149 156149 1356 0.375000 71.397117 52.767742 0.131312
chr1:156244 156244 1358 0.375000 71.034595 52.018323 0.135314
chr1:156323 156323 1359 0.100000 150.278947 37.662011 0.600995
chr1:156473 156473 1360 0.115000 157.851779 38.596077 0.611706
chr1:157645 157645 1367 0.470000 78.417639 55.615454 0.149218
chr1:157682 157682 1369 0.020000 203.000000 41.129749 0.693340
chr1:157816 157816 1370 0.020000 204.000000 41.181450 0.694929
chr1:158064 158064 1372 0.375000 85.440721 58.379097 0.165408
chr1:158887 158887 1378 0.135000 115.358974 43.934601 0.419245
chr1:159089 159089 1381 0.375000 84.471712 54.209548 0.192636
chr1:159099 159099 1382 0.865000 47.487162 112.945869 -0.376294
chr1:159267 159267 1384 0.135000 112.566952 47.480911 0.374892
chr1:160945 160945 1391 0.155000 107.163441 56.182270 0.280447
chr1:161383 161383 1398 0.845000 54.185897 110.107527 -0.307931
chr1:161742 161742 1399 0.020000 200.000000 44.307849 0.654549
chr1:161967 161967 1401 0.010000 186.000000 42.912962 0.636924
chr1:161998 161998 1402 0.185000 101.887387 49.776566 0.311095
chr1:162887 162887 1409 0.460000 91.641304 39.281066 0.367908
chr1:162919 162919 1410 0.460000 91.441949 39.163378 0.368265
chr1:163042 163042 1412 0.055000 185.909091 38.955814 0.678728
chr1:163163 163163 1414 0.020000 201.000000 37.978284 0.723661
chr1:163352 163352 1416 0.305000 69.825956 55.349599 0.100902
chr1:164067 164067 1422 0.835000 44.736599 110.009470 -0.390767
chr1:164100 164100 1423 0.165000 110.259470 44.800159 0.391136
chr1:164221 164221 1425 0.530000 78.141240 43.720430 0.252196
chr1:164281 164281 1426 0.835000 48.608253 109.562500 -0.352952
chr1:164361 164361 1428 0.220000 77.682875 52.189909 0.172739
chr1:164898 164898 1432 0.400000 62.323576 53.852591 0.063446
chr1:164929 164929 1433 0.020000 201.000000 33.562794 0.777338
chr1:165098 165098 1434 0.020000 202.000000 33.910727 0.775014
chr1:165412 165412 1436 0.335000 91.625283 41.209729 0.347016
chr1:165584 165584 1444 0.405000 61.038117 54.957627 0.045573
chr1:165618 165618 1445 0.240000 88.494238 36.425105 0.385514
chr1:165815 165815 1447 0.335000 79.313433 39.583732 0.301830
chr1:165898 165898 1448 0.215000 67.393688 35.894700 0.273589
chr1:166089 166089 1450 0.335000 78.943464 46.240032 0.232298
chr1:166494 166494 1454 0.025000 189.000000 36.089876 0.719076
chr1:167081 167081 1457 0.010000 200.000000 36.240014 0.741842
chr1:167550 167550 1460 0.345000 76.078005 50.781621 0.175553
chr1:167693 167693 1462 0.010000 203.000000 39.112701 0.715178
chr1:168163 168163 1467 0.395000 86.484745 48.160124 0.254252
chr1:168267 168267 1468 0.010000 201.000000 40.130877 0.699717
chr1:168273 168273 1469 0.395000 86.344693 47.847452 0.256377
chr1:168293 168293 1470 0.395000 86.360922 47.893871 0.256037
chr1:168581 168581 1473 0.260000 83.903846 49.164001 0.232135
chr1:168646 168646 1474 0.260000 84.244721 49.258871 0.233058
chr1:169758 169758 1479 0.715000 51.095637 86.985902 -0.231065
chr1:170169 170169 1483 0.285000 87.942669 51.998326 0.228210
chr1:170199 170199 1484 0.265000 96.869739 49.748206 0.289411
chr1:170492 170492 1486 0.025000 106.450000 36.860164 0.460588
chr1:170505 170505 1488 0.340000 75.321773 52.977041 0.152833
chr1:170920 170920 1493 0.320000 114.626488 41.214815 0.444232
chr1:171001 171001 1496 0.340000 76.477392 52.566910 0.162821
chr1:171308 171308 1498 0.010000 67.500000 36.299544 0.269403
chr1:171553 171553 1499 0.640000 55.600947 71.929773 -0.111826
chr1:171648 171648 1500 0.030000 184.166667 33.888735 0.735156
chr1:171740 171740 1502 0.640000 54.618479 72.502152 -0.123011
chr1:171826 171826 1504 0.015000 97.833333 38.597250 0.403930
chr1:172517 172517 1505 0.015000 97.833333 38.597250 0.403930
chr1:172970 172970 1511 0.320000 109.510665 43.633660 0.399635
chr1:173226 173226 1517 0.340000 84.801800 56.875434 0.173480
chr1:173294 173294 1518 0.320000 110.776290 40.764760 0.434162
chr1:173318 173318 1519 0.680000 40.969989 111.256448 -0.433859
chr1:173327 173327 1520 0.320000 79.648810 56.337854 0.150379
chr1:173749 173749 1522 0.020000 200.000000 43.063815 0.666917
chr1:174411 174411 1528 0.140000 124.062169 49.429247 0.399655
chr1:174681 174681 1532 0.140000 123.183862 49.498266 0.395964
chr1:176309 176309 1540 0.845000 49.495914 115.590323 -0.368352
chr1:176658 176658 1543 0.010000 91.000000 43.207019 0.323487
chr1:176669 176669 1544 0.020000 202.000000 43.429226 0.667569
chr1:176695 176695 1545 0.260000 83.761689 56.750000 0.169080
chr1:177193 177193 1551 0.215000 170.121262 40.406827 0.624304
chr1:177359 177359 1553 0.025000 186.000000 43.559424 0.630431
chr1:177959 177959 1556 0.260000 82.717572 59.500735 0.143075
chr1:178013 178013 1557 0.370000 103.779711 55.012762 0.275649
chr1:178184 178184 1561 0.370000 104.362458 55.031746 0.277931
chr1:179380 179380 1568 0.370000 104.318401 54.856063 0.279136
chr1:179585 179585 1570 0.370000 104.361348 54.613206 0.281242
chr1:179904 179904 1572 0.685000 52.477888 69.901690 -0.124511
chr1:180085 180085 1573 0.370000 104.727508 55.732698 0.273951
chr1:180121 180121 1574 0.685000 53.376771 69.578085 -0.115120
chr1:180681 180681 1575 0.185000 164.077327 38.607059 0.628382
chr1:181389 181389 1582 0.315000 66.274962 60.149367 0.042118
chr1:181461 181461 1583 0.020000 170.750000 37.020460 0.663919
chr1:182004 182004 1586 0.315000 61.790579 60.108362 0.011987
chr1:182429 182429 1588 0.155000 123.752688 40.567167 0.484380
chr1:182534 182534 1589 0.470000 47.848547 73.872866 -0.188616
chr1:182911 182911 1594 0.555000 71.705487 50.505746 0.152212
chr1:182928 182928 1595 0.120000 109.094203 44.227695 0.392107
chr1:183019 183019 1598 0.010000 149.000000 37.577603 0.598257
chr1:183656 183656 1602 0.575000 71.031808 41.768347 0.230606
chr1:183704 183704 1603 0.130000 96.858462 46.992094 0.314113
chr1:184347 184347 1606 0.130000 157.463077 44.127633 0.552468
chr1:184399 184399 1607 0.130000 156.552308 43.933227 0.551866
chr1:185002 185002 1611 0.240000 156.432624 40.078904 0.591411
chr1:185161 185161 1613 0.130000 99.150769 49.050993 0.305648
chr1:185344 185344 1615 0.130000 98.652308 48.855126 0.305197
chr1:185678 185678 1616 0.010000 65.500000 40.100241 0.213094
chr1:186116 186116 1618 0.130000 98.630769 48.762574 0.305926
chr1:186185 186185 1620 0.295000 60.507598 59.837335 0.004838
chr1:186261 186261 1623 0.130000 97.792308 59.098299 0.218730
chr1:187413 187413 1633 0.110000 113.227273 54.392751 0.318410
chr1:187700 187700 1636 0.405000 107.618056 59.146916 0.259953
chr1:187925 187925 1639 0.895000 60.780459 106.121429 -0.242039
chr1:187932 187932 1640 0.105000 105.192857 60.638096 0.239241
chr1:188057 188057 1641 0.105000 104.835714 60.603383 0.238012
chr1:189518 189518 1654 0.015000 181.666667 54.398451 0.523689
chr1:190407 190407 1662 0.105000 102.442857 65.285105 0.195668
chr1:190679 190679 1667 0.025000 132.600000 59.341951 0.349182
chr1:190868 190868 1669 0.455000 99.392552 78.994733 0.099756
chr1:191050 191050 1672 0.455000 98.961050 73.241081 0.130710
chr1:191840 191840 1678 0.455000 99.188034 76.729103 0.111499
chr1:192288 192288 1684 0.260000 136.924585 54.986762 0.396223
chr1:192659 192659 1686 0.170000 120.173797 42.807338 0.448292
chr1:192717 192717 1687 0.290000 114.884150 61.441065 0.271801
chr1:192931 192931 1689 0.290000 111.029946 61.141295 0.259105
chr1:192979 192979 1690 0.105000 171.483333 41.681690 0.614277
chr1:193059 193059 1692 0.255000 88.245490 52.108788 0.228782
chr1:193176 193176 1694 0.290000 109.284634 52.311158 0.319965
chr1:193518 193518 1696 0.290000 107.847247 52.171711 0.315374
chr1:193660 193660 1698 0.010000 201.000000 37.298646 0.731503
chr1:193816 193816 1702 0.545000 54.615698 90.210134 -0.217938
chr1:193986 193986 1705 0.290000 110.725650 51.878234 0.329263
chr1:194865 194865 1711 0.255000 90.169020 55.874479 0.207844
chr1:195128 195128 1716 0.455000 87.539316 60.790435 0.158368
chr1:195293 195293 1717 0.145000 149.906404 45.672205 0.516168
chr1:195683 195683 1720 0.290000 103.839685 49.199930 0.324399
chr1:195854 195854 1721 0.695000 50.369461 97.414208 -0.286455
chr1:195992 195992 1724 0.255000 88.576471 45.571331 0.288627
chr1:196054 196054 1725 0.270000 116.158630 35.489513 0.514951
chr1:196367 196367 1727 0.255000 88.105098 45.267595 0.289214
chr1:196468 196468 1729 0.015000 202.000000 37.706387 0.728936
chr1:196664 196664 1731 0.010000 200.000000 36.991694 0.732926
chr1:196735 196735 1732 0.095000 163.769006 39.724494 0.615173
chr1:196761 196761 1733 0.010000 36.500000 36.722530 -0.002640
chr1:196908 196908 1736 0.010000 201.000000 36.495847 0.740953
chr1:197188 197188 1737 0.695000 52.380826 76.403279 -0.163940
chr1:197250 197250 1738 0.305000 76.330055 52.340371 0.163859
chr1:197768 197768 1739 0.695000 52.298353 76.256831 -0.163791
chr1:197829 197829 1740 0.305000 76.183607 52.256334 0.163723
chr1:197899 197899 1741 0.075000 171.566667 36.734019 0.669364
chr1:198569 198569 1743 0.035000 169.142857 35.729760 0.675224
chr1:198806 198806 1745 0.415000 68.395093 52.954097 0.111125
chr1:198813 198813 1746 0.280000 82.062338 47.635878 0.236210
chr1:198863 198863 1747 0.280000 82.637013 47.877137 0.237046
chr1:200137 200137 1755 0.700000 41.949126 112.355932 -0.427873
chr1:200510 200510 1759 0.405000 66.057253 50.382709 0.117639
chr1:200676 200676 1760 0.700000 43.819784 111.713559 -0.406436
chr1:200680 200680 1761 0.300000 112.008475 43.880216 0.406982
chr1:201246 201246 1767 0.300000 112.196328 42.514491 0.421442
chr1:201257 201257 1768 0.035000 155.571429 37.034569 0.623323
chr1:201421 201421 1769 0.020000 177.250000 35.886447 0.693656
chr1:202295 202295 1773 0.330000 100.845688 47.002244 0.331539
chr1:202736 202736 1775 0.170000 127.662210 37.873567 0.527726
chr1:202749 202749 1776 0.330000 99.794406 50.368477 0.296947
chr1:203185 203185 1781 0.660000 52.722068 95.351624 -0.257336
chr1:203292 203292 1782 0.660000 52.849063 95.597893 -0.257411
chr1:203427 203427 1783 0.035000 160.571429 37.201992 0.635102
chr1:204032 204032 1785 0.345000 94.722080 54.828362 0.237446
chr1:204503 204503 1791 0.655000 59.362772 94.606564 -0.202407
chr1:204844 204844 1794 0.315000 107.647977 55.363729 0.288781
chr1:205636 205636 1801 0.345000 93.705456 64.994304 0.158890
chr1:205727 205727 1802 0.010000 200.000000 52.069964 0.584443
chr1:206443 206443 1805 0.990000 52.101446 200.000000 -0.584180
chr1:206484 206484 1807 0.010000 202.000000 52.182562 0.587826
chr1:206819 206819 1810 0.015000 158.333333 51.856444 0.484770
chr1:206852 206852 1811 0.075000 166.738095 53.760546 0.491571
chr1:207114 207114 1812 0.015000 72.333333 52.309127 0.140761
chr1:207160 207160 1813 0.595000 76.748042 70.919599 0.034301
chr1:207264 207264 1815 0.010000 204.000000 52.064657 0.593087
chr1:207793 207793 1819 0.015000 202.000000 54.692220 0.567426
chr1:207935 207935 1821 0.035000 180.428571 56.398964 0.505034
chr1:208091 208091 1822 0.010000 200.000000 56.535456 0.548709
chr1:208307 208307 1824 0.015000 200.000000 56.909614 0.545844
chr1:209005 209005 1830 0.015000 144.000000 58.429348 0.391731
chr1:209229 209229 1834 0.015000 146.333333 57.865223 0.402926
chr1:210047 210047 1837 0.150000 129.090805 62.059032 0.318090
chr1:210119 210119 1838 0.015000 200.000000 63.314022 0.499530
chr1:210241 210241 1839 0.015000 149.666667 63.376023 0.373200
chr1:210427 210427 1840 0.015000 151.333333 63.421139 0.377701
chr1:210566 210566 1841 0.015000 151.000000 63.350047 0.377230
chr1:210640 210640 1844 0.015000 153.000000 63.009608 0.385285
chr1:210737 210737 1845 0.015000 154.666667 63.044105 0.389752
chr1:211016 211016 1850 0.015000 157.000000 63.376593 0.393971
chr1:211241 211241 1851 0.985000 63.434243 158.000000 -0.396333
chr1:211394 211394 1852 0.985000 63.491894 159.000000 -0.398679
chr1:211513 211513 1854 0.595000 86.522789 79.003704 0.039483
chr1:211527 211527 1855 0.595000 86.582467 79.107407 0.039213
chr1:211542 211542 1856 0.265000 146.415094 52.390877 0.446330
chr1:211549 211549 1857 0.265000 145.989115 52.282127 0.445967
chr1:211701 211701 1858 0.035000 180.761905 49.481541 0.562664
chr1:211749 211749 1859 0.015000 163.000000 49.113643 0.520985
chr1:211861 211861 1860 0.065000 75.788462 51.801708 0.165259
chr1:212002 212002 1861 0.985000 48.385476 164.333333 -0.531011
chr1:212867 212867 1866 0.015000 204.000000 49.989641 0.610750
chr1:213380 213380 1870 0.020000 142.083333 50.453846 0.449649
chr1:213450 213450 1872 0.035000 142.642857 49.964891 0.455585
chr1:213520 213520 1873 0.980000 48.932077 143.416667 -0.467006
chr1:213922 213922 1876 0.020000 144.916667 48.748744 0.473155
chr1:213929 213929 1877 0.590000 78.684268 67.625263 0.065779
chr1:214184 214184 1881 0.035000 140.785714 43.767919 0.507403
chr1:214276 214276 1882 0.200000 104.451282 47.189858 0.345065
chr1:214336 214336 1883 0.100000 183.089474 43.382247 0.625351
chr1:214341 214341 1884 0.590000 78.254455 56.917946 0.138260
chr1:214654 214654 1887 0.020000 155.083333 40.894846 0.578897
chr1:214757 214757 1888 0.390000 60.493506 77.249289 -0.106186
chr1:215074 215074 1891 0.035000 136.214286 42.667503 0.504125
chr1:215202 215202 1892 0.065000 87.737179 44.732879 0.292557
chr1:215602 215602 1894 0.610000 77.181412 60.572761 0.105235
chr1:216477 216477 1897 0.020000 164.416667 51.325536 0.505612
chr1:216639 216639 1900 0.980000 51.857143 165.083333 -0.502895
chr1:216725 216725 1902 0.020000 166.583333 51.967033 0.505904
chr1:216771 216771 1903 0.010000 202.000000 50.877429 0.598826
chr1:217117 217117 1905 0.020000 169.083333 51.771795 0.514008
chr1:217211 217211 1906 0.020000 161.750000 51.479958 0.497206
chr1:217214 217214 1907 0.010000 200.000000 50.333333 0.599174
chr1:217326 217326 1909 0.035000 168.000000 51.428810 0.514103
chr1:217369 217369 1910 0.980000 51.682156 173.250000 -0.525333
chr1:217414 217414 1912 0.620000 86.334317 56.557193 0.183696
chr1:217683 217683 1914 0.020000 176.583333 45.402093 0.589874
chr1:217709 217709 1916 0.095000 156.266082 49.246685 0.501488
chr1:218226 218226 1918 0.020000 180.750000 44.711643 0.606658
chr1:218251 218251 1919 0.620000 85.880147 52.344561 0.215021
chr1:218351 218351 1920 0.020000 180.250000 47.715672 0.577214
chr1:218648 218648 1922 0.020000 180.750000 47.538148 0.580036
chr1:218701 218701 1923 0.020000 181.750000 47.615568 0.581725
chr1:218854 218854 1924 0.150000 116.698851 56.984093 0.311313
chr1:218915 218915 1925 0.020000 182.250000 47.230586 0.586444
chr1:219207 219207 1928 0.980000 47.254029 184.250000 -0.590969
chr1:219247 219247 1929 0.125000 201.000000 45.048604 0.649515
chr1:219455 219455 1930 0.795000 60.156118 77.509756 -0.110077
chr1:219544 219544 1931 0.040000 138.553571 44.211006 0.496087
chr1:219881 219881 1932 0.020000 186.250000 43.185819 0.634755
chr1:219956 219956 1933 0.800000 58.850393 79.412179 -0.130138
chr1:220173 220173 1934 0.020000 186.750000 44.555442 0.622360
chr1:220177 220177 1935 0.020000 191.750000 45.069048 0.628857
chr1:220206 220206 1936 0.010000 205.000000 44.253602 0.665805
chr1:220233 220233 1937 0.010000 202.000000 43.896016 0.662926
chr1:220305 220305 1938 0.540000 96.861198 43.719900 0.345471
chr1:221099 221099 1941 0.020000 191.250000 44.288540 0.635310
chr1:221525 221525 1947 0.165000 114.075758 54.144362 0.323640
chr1:221532 221532 1948 0.225000 88.836364 56.589108 0.195858
chr1:221551 221551 1949 0.590000 87.103795 49.020626 0.249658
chr1:221562 221562 1950 0.980000 40.786002 194.750000 -0.678966
chr1:221671 221671 1951 0.590000 87.103651 49.435863 0.245994
chr1:222072 222072 1956 0.550000 100.503336 42.973783 0.368977
chr1:222123 222123 1957 0.815000 58.447171 94.862613 -0.210332
chr1:222156 222156 1959 0.040000 159.553571 45.378490 0.546056
chr1:222183 222183 1960 0.020000 199.750000 44.573600 0.651409
chr1:222186 222186 1961 0.815000 58.341286 94.223724 -0.208184
chr1:222306 222306 1962 0.010000 202.000000 43.769010 0.664185
chr1:222363 222363 1963 0.225000 83.100000 59.533138 0.144842
chr1:222453 222453 1964 0.150000 134.151724 51.180856 0.418489
chr1:222705 222705 1965 0.165000 115.984848 58.612726 0.296409
chr1:223355 223355 1972 0.020000 200.000000 48.569728 0.614664
chr1:223813 223813 1974 0.285000 150.883772 44.973407 0.525687
chr1:223908 223908 1975 0.130000 157.187692 57.765398 0.434751
chr1:223992 223992 1976 0.165000 103.183712 61.379410 0.225588
chr1:223999 223999 1977 0.740000 73.409910 53.197587 0.139863
chr1:224052 224052 1978 0.285000 150.305451 41.768837 0.556122
chr1:224060 224060 1979 0.140000 139.582011 54.558786 0.407965
chr1:224354 224354 1982 0.015000 200.000000 45.570885 0.642343
chr1:224409 224409 1984 0.040000 169.928571 49.285586 0.537546
chr1:224671 224671 1986 0.020000 200.000000 48.340502 0.616719
chr1:224881 224881 1988 0.020000 200.000000 48.328781 0.616824
chr1:224899 224899 1989 0.860000 57.176051 139.304233 -0.386750
chr1:225167 225167 1991 0.140000 139.304233 57.153203 0.386924
chr1:225219 225219 1992 0.100000 69.157895 54.506083 0.103397
chr1:225550 225550 1996 0.020000 200.000000 47.294924 0.626215
chr1:225623 225623 1999 0.130000 158.098462 55.178061 0.457161
chr1:225779 225779 2000 0.130000 157.027692 54.948575 0.456020
chr1:225922 225922 2002 0.035000 189.857143 48.899935 0.589119
chr1:226224 226224 2004 0.010000 201.000000 47.652156 0.625114
chr1:226407 226407 2005 0.040000 174.892857 50.393488 0.540398
chr1:226426 226426 2006 0.020000 201.000000 48.941313 0.613520
chr1:226429 226429 2007 0.110000 60.242424 56.761918 0.025845
chr1:227107 227107 2020 0.010000 201.000000 46.523842 0.635520
chr1:227627 227627 2021 0.235000 87.102220 54.140953 0.206503
chr1:227638 227638 2022 0.010000 200.000000 39.458109 0.704894
chr1:227753 227753 2023 0.045000 111.597222 40.964398 0.435247
chr1:227786 227786 2024 0.035000 201.000000 38.779442 0.714595
chr1:227859 227859 2025 0.155000 156.898925 44.103515 0.551147
chr1:228349 228349 2026 0.715000 55.617354 46.170113 0.080849
chr1:228360 228360 2027 0.810000 47.492063 65.352063 -0.138638
chr1:228374 228374 2028 0.035000 200.000000 38.798440 0.712216
chr1:228481 228481 2030 0.035000 200.000000 38.772641 0.712505
chr1:228508 228508 2032 0.905000 43.267158 71.497076 -0.218130
chr1:228539 228539 2033 0.155000 156.400000 44.094639 0.549851
chr1:228583 228583 2034 0.285000 147.122807 37.590023 0.592607
chr1:228991 228991 2039 0.950000 37.064439 158.700000 -0.631619
chr1:229246 229246 2043 0.285000 146.092419 39.316163 0.570057
chr1:229499 229499 2044 0.250000 172.542449 36.975034 0.668987
chr1:229548 229548 2045 0.905000 39.816237 95.789474 -0.381258
chr1:229872 229872 2047 0.095000 96.005848 39.590331 0.384709
chr1:230036 230036 2048 0.245000 95.096088 42.487064 0.349906
chr1:230227 230227 2050 0.025000 200.000000 33.217129 0.779668
chr1:230245 230245 2051 0.665000 52.839257 56.055857 -0.025664
chr1:230557 230557 2055 0.010000 201.000000 35.210275 0.756527
chr1:230576 230576 2056 0.030000 172.166667 37.135436 0.666161
chr1:231230 231230 2059 0.045000 100.666667 36.981483 0.434901
chr1:231895 231895 2061 0.150000 174.314943 37.420919 0.668220
chr1:232135 232135 2063 0.175000 106.105042 40.019734 0.423462
chr1:232154 232154 2064 0.120000 137.601449 39.849253 0.538203
chr1:232180 232180 2065 0.150000 65.682759 41.633937 0.198004
chr1:232397 232397 2068 0.015000 201.000000 34.848933 0.761007
chr1:232420 232420 2070 0.265000 80.220972 46.788184 0.234152
chr1:232577 232577 2072 0.010000 200.000000 38.249782 0.718401
chr1:233376 233376 2077 0.505000 71.238416 48.345702 0.168356
chr1:233450 233450 2078 0.150000 169.048276 45.814097 0.567012
chr1:234096 234096 2082 0.120000 143.483696 43.756883 0.515756
chr1:234171 234171 2083 0.145000 147.189655 39.126281 0.575409
chr1:234466 234466 2085 0.495000 46.128221 61.426238 -0.124387
chr1:234685 234685 2087 0.150000 166.308046 38.801009 0.632070
chr1:234706 234706 2088 0.360000 92.265063 42.439222 0.337270
chr1:234904 234904 2090 0.240000 166.273936 34.462923 0.683472
chr1:234941 234941 2092 0.495000 54.076994 60.602079 -0.049475
chr1:234962 234962 2094 0.015000 201.000000 35.002642 0.759095
chr1:234997 234997 2095 0.145000 150.098522 40.349570 0.570538
chr1:235396 235396 2100 0.145000 140.901478 39.720640 0.549899
chr1:235661 235661 2102 0.055000 151.790909 35.435016 0.631813
chr1:235667 235667 2103 0.190000 52.310811 41.944483 0.095917
chr1:235729 235729 2104 0.500000 62.581717 47.981414 0.115374
chr1:235819 235819 2107 0.120000 149.416667 33.817013 0.645264
chr1:235844 235844 2108 0.140000 147.888889 36.251802 0.610606
chr1:235933 235933 2109 0.500000 68.358788 47.914949 0.154323
chr1:236089 236089 2110 0.040000 163.910714 32.061927 0.708618
chr1:236231 236231 2111 0.055000 155.954545 33.175082 0.672186
chr1:236629 236629 2114 0.500000 46.521818 67.383434 -0.160896
chr1:236744 236744 2116 0.045000 92.902778 39.237311 0.374329
chr1:236951 236951 2119 0.140000 167.490741 43.025568 0.590264
chr1:237364 237364 2122 0.060000 186.742424 43.357464 0.634179
chr1:237430 237430 2123 0.010000 201.000000 39.913603 0.702075
chr1:237680 237680 2127 0.280000 41.700000 58.333722 -0.145784
chr1:237738 237738 2128 0.280000 41.706494 58.234363 -0.144976
chr1:237796 237796 2129 0.280000 41.905195 58.405109 -0.144183
chr1:237902 237902 2130 0.055000 183.409091 38.860717 0.673910
chr1:238292 238292 2134 0.010000 201.000000 36.960134 0.735463
chr1:238420 238420 2136 0.235000 138.810823 36.082731 0.585124
chr1:238439 238439 2137 0.225000 108.881313 35.575534 0.485802
chr1:238440 238440 2138 0.720000 46.413801 47.051948 -0.005930
chr1:238576 238576 2139 0.040000 188.125000 30.756981 0.786503
chr1:238619 238619 2140 0.010000 192.000000 29.245783 0.817238
chr1:238689 238689 2141 0.060000 185.348485 31.437564 0.770540
chr1:238713 238713 2142 0.010000 201.000000 29.631518 0.831442
chr1:238985 238985 2144 0.280000 53.718182 43.947358 0.087189
chr1:239150 239150 2145 0.665000 46.189907 53.820217 -0.066398
chr1:239182 239182 2147 0.110000 143.402597 28.253729 0.705481
chr1:239238 239238 2148 0.335000 53.687698 41.382149 0.113062
chr1:239341 239341 2149 0.140000 172.882275 27.253264 0.802332
chr1:239427 239427 2150 0.170000 106.444742 30.013910 0.549802
chr1:239782 239782 2152 0.695000 40.224012 60.252186 -0.175487
chr1:240048 240048 2156 0.310000 59.734796 42.243097 0.150472
chr1:240624 240624 2158 0.310000 59.699894 42.216175 0.150495
chr1:241011 241011 2161 0.090000 79.120915 31.933945 0.394039
chr1:241150 241150 2163 0.550000 48.480734 49.585768 -0.009788
chr1:241504 241504 2165 0.860000 30.289304 172.514550 -0.755536
chr1:241675 241675 2166 0.090000 78.663399 30.075375 0.417562
chr1:241744 241744 2167 0.040000 169.196429 27.930928 0.782306
chr1:241787 241787 2169 0.220000 87.385835 33.272581 0.419355
chr1:241791 241791 2170 0.125000 189.831667 28.336880 0.826017
chr1:242122 242122 2172 0.090000 85.846405 33.971101 0.402612
chr1:242209 242209 2173 0.140000 173.789683 34.022338 0.708260
chr1:242388 242388 2174 0.040000 193.125000 30.100731 0.807261
chr1:242540 242540 2176 0.140000 175.281746 32.982456 0.725454
chr1:242623 242623 2177 0.690000 45.832487 55.432047 -0.082587
chr1:242654 242654 2178 0.040000 192.375000 29.716323 0.811154
chr1:242660 242660 2179 0.310000 55.496298 47.117211 0.071084
chr1:242781 242781 2181 0.090000 187.846405 31.547781 0.774834
chr1:242943 242943 2183 0.310000 55.343205 45.491378 0.085135
chr1:243001 243001 2184 0.090000 83.905229 32.211675 0.415776
chr1:243370 243370 2186 0.220000 86.742600 37.668900 0.362250
chr1:243375 243375 2187 0.535000 56.252954 48.225339 0.066870
chr1:243395 243395 2188 0.090000 185.604575 30.922106 0.778320
chr1:243652 243652 2190 0.535000 56.571945 48.346657 0.068235
chr1:243674 243674 2191 0.055000 181.763636 35.563886 0.708498
chr1:243720 243720 2192 0.160000 155.604839 40.014364 0.589807
chr1:244092 244092 2195 0.090000 187.911765 38.236567 0.691475
chr1:244168 244168 2197 0.040000 198.125000 36.347895 0.736460
chr1:244199 244199 2199 0.840000 42.501105 157.151210 -0.567918
chr1:244228 244228 2200 0.090000 185.526144 38.103940 0.687435
chr1:244348 244348 2201 0.010000 200.000000 34.738579 0.760218
chr1:244396 244396 2202 0.160000 157.699597 42.281615 0.571679
chr1:244688 244688 2204 0.030000 146.500000 35.222264 0.619020
chr1:244785 244785 2205 0.840000 41.941866 159.312500 -0.579602
chr1:245031 245031 2209 0.160000 158.659274 39.745509 0.601177
chr1:245043 245043 2210 0.160000 91.542339 38.248004 0.379013
chr1:245066 245066 2211 0.065000 143.711538 32.574004 0.644620
chr1:245138 245138 2212 0.160000 159.602823 37.946785 0.623866
chr1:245212 245212 2214 0.055000 171.545455 33.897022 0.704218
chr1:245324 245324 2215 0.840000 39.290597 158.812500 -0.606596
chr1:245362 245362 2216 0.090000 181.696078 36.877239 0.692587
chr1:245611 245611 2218 0.020000 201.000000 36.777342 0.737616
chr1:245769 245769 2220 0.160000 180.047379 46.905867 0.584160
chr1:245774 245774 2221 0.070000 148.159341 43.769340 0.529559
chr1:246158 246158 2224 0.010000 201.000000 40.243168 0.698504
chr1:246493 246493 2228 0.840000 48.224373 178.525202 -0.568433
chr1:246689 246689 2230 0.070000 152.445055 43.651700 0.543112
chr1:246697 246697 2231 0.160000 179.579637 49.046229 0.563651
chr1:246915 246915 2232 0.235000 153.476873 42.639233 0.556234
chr1:247083 247083 2235 0.770000 58.660131 110.650242 -0.275609
chr1:247099 247099 2236 0.230000 110.611594 58.676258 0.275338
chr1:247215 247215 2237 0.085000 129.095588 45.820993 0.449847
chr1:247242 247242 2239 0.230000 110.852174 64.317588 0.236414
chr1:247264 247264 2240 0.230000 110.457005 64.251422 0.235311
chr1:247288 247288 2241 0.020000 137.333333 46.160021 0.473510
chr1:247539 247539 2243 0.720000 70.950223 78.997078 -0.046657
chr1:247582 247582 2244 0.230000 110.296618 65.849037 0.224013
chr1:247627 247627 2245 0.230000 110.254106 65.864061 0.223746
chr1:247674 247674 2247 0.010000 200.000000 48.246577 0.617563
chr1:247823 247823 2248 0.040000 200.375000 49.738111 0.605154
chr1:248152 248152 2251 0.050000 125.655556 51.583626 0.386670
chr1:248180 248180 2252 0.015000 167.666667 51.648633 0.511388
chr1:248239 248239 2253 0.230000 109.793237 72.079789 0.182762
chr1:248699 248699 2256 0.010000 201.000000 51.184151 0.594061
chr1:249363 249363 2259 0.160000 175.822581 63.336898 0.443418
chr1:249391 249391 2260 0.070000 143.829670 57.184685 0.400569
chr1:250508 250508 2266 0.160000 174.643145 67.947854 0.409976
chr1:251315 251315 2275 0.010000 77.000000 62.924704 0.087670
chr1:251647 251647 2279 0.945000 64.283857 119.936364 -0.270849
chr1:252365 252365 2286 0.255000 144.530980 62.084981 0.366974
chr1:253001 253001 2292 0.690000 69.915477 107.727393 -0.187753
chr1:254624 254624 2299 0.420000 76.476764 82.235307 -0.031529
chr1:254954 254954 2301 0.255000 144.243137 45.112870 0.504795
chr1:255212 255212 2303 0.150000 168.190805 39.615071 0.627942
chr1:255436 255436 2304 0.010000 200.000000 38.674973 0.713600
chr1:255598 255598 2307 0.355000 86.945875 52.986676 0.215082
chr1:255601 255601 2308 0.015000 141.666667 40.947866 0.539036
chr1:255838 255838 2310 0.100000 130.344737 42.759218 0.484064
chr1:255931 255931 2311 0.165000 104.775568 45.773682 0.359644
chr1:256041 256041 2313 0.725000 47.446839 107.017172 -0.353246
chr1:256755 256755 2316 0.130000 182.473846 43.453026 0.623181
chr1:256808 256808 2317 0.255000 140.105490 41.597678 0.527386
chr1:256874 256874 2318 0.130000 182.421538 40.841572 0.649974
chr1:257185 257185 2320 0.150000 180.497701 41.177445 0.641812
chr1:257193 257193 2321 0.010000 201.000000 43.306235 0.666646
chr1:257346 257346 2323 0.085000 129.665441 45.757911 0.452358
chr1:257359 257359 2324 0.275000 83.992256 56.341140 0.173414
chr1:258004 258004 2334 0.245000 95.832483 53.976512 0.249308
chr1:258110 258110 2336 0.500000 57.079192 73.037172 -0.107066
chr1:258730 258730 2342 0.015000 113.666667 37.605641 0.480380
chr1:258764 258764 2343 0.255000 178.903922 40.984219 0.640003
chr1:258778 258778 2344 0.500000 75.629394 59.406667 0.104855
chr1:258878 258878 2345 0.295000 78.977206 47.380344 0.221904
chr1:258907 258907 2346 0.500000 54.176869 75.709192 -0.145335
chr1:260401 260401 2351 0.050000 159.633333 39.895127 0.602204
chr1:260687 260687 2354 0.235000 103.452359 51.219126 0.305308
chr1:261077 261077 2357 0.190000 134.170697 47.679089 0.449330
chr1:261254 261254 2360 0.100000 151.094737 46.103755 0.515513
chr1:261984 261984 2362 0.825000 52.758795 116.726050 -0.344873
chr1:262291 262291 2363 0.245000 179.864371 51.764768 0.540911
chr1:263014 263014 2368 0.245000 180.022534 52.388256 0.536093
chr1:263316 263316 2371 0.050000 156.400000 47.112726 0.521099
chr1:264520 264520 2378 0.025000 194.200000 46.997515 0.616174
chr1:265925 265925 2382 0.910000 52.735960 77.039216 -0.164605
chr1:266136 266136 2384 0.245000 176.336310 51.921015 0.530999
chr1:266270 266270 2386 0.020000 200.000000 47.296232 0.626203
chr1:267003 267003 2393 0.090000 84.686275 53.499211 0.199466
chr1:267354 267354 2394 0.130000 167.116923 53.093648 0.497978
chr1:268070 268070 2395 0.020000 202.000000 48.414783 0.620373
chr1:268181 268181 2396 0.015000 169.000000 47.480757 0.551369
chr1:268291 268291 2399 0.050000 164.788889 47.451462 0.540678
chr1:268383 268383 2401 0.250000 112.566122 55.567651 0.306586
chr1:268468 268468 2403 0.100000 77.594737 55.089727 0.148762
chr1:269198 269198 2406 0.650000 66.943649 74.174327 -0.044544
chr1:269250 269250 2407 0.240000 171.169326 45.074198 0.579498
chr1:271326 271326 2422 0.560000 63.758366 83.014498 -0.114617
chr1:271414 271414 2423 0.130000 165.780000 54.067238 0.486598
chr1:272720 272720 2435 0.490000 79.444456 73.450592 0.034068
chr1:272840 272840 2436 0.015000 134.666667 54.355926 0.394013
chr1:273532 273532 2440 0.020000 200.000000 53.869990 0.569683
chr1:273714 273714 2441 0.270000 108.484277 67.109211 0.208585
chr1:273732 273732 2442 0.270000 108.003494 66.849598 0.208339
chr1:273847 273847 2443 0.295000 109.952659 50.049240 0.341808
chr1:273875 273875 2444 0.420000 91.117900 52.550825 0.239024
chr1:274199 274199 2445 0.705000 52.185410 109.587960 -0.322214
chr1:274345 274345 2448 0.295000 108.902981 50.334752 0.335172
chr1:274861 274861 2452 0.015000 147.000000 38.159432 0.585715
chr1:274937 274937 2453 0.220000 166.372093 40.580852 0.612759
chr1:274989 274989 2454 0.025000 117.950000 36.147793 0.513616
chr1:275177 275177 2455 0.185000 117.530781 42.862645 0.438073
chr1:275184 275184 2456 0.265000 122.924165 48.491334 0.403973
chr1:275506 275506 2459 0.030000 202.000000 36.811094 0.739373
chr1:275589 275589 2460 0.735000 48.129811 126.244920 -0.418800
chr1:275700 275700 2462 0.285000 97.748434 49.294051 0.297315
chr1:275915 275915 2463 0.450000 78.529838 57.483820 0.135489
chr1:276187 276187 2465 0.735000 46.784223 125.436139 -0.428323
chr1:276339 276339 2469 0.270000 105.834382 50.688474 0.319718
chr1:276376 276376 2470 0.285000 97.336466 52.375259 0.269149
chr1:276526 276526 2473 0.275000 102.690909 50.921935 0.304627
chr1:276587 276587 2474 0.275000 102.953535 51.023372 0.304872
chr1:276636 276636 2475 0.735000 47.232178 116.419086 -0.391786
chr1:276801 276801 2476 0.040000 200.000000 35.363493 0.752475
chr1:276856 276856 2478 0.265000 113.405298 46.042354 0.391476
chr1:277072 277072 2479 0.030000 200.000000 36.209524 0.742207
chr1:277155 277155 2482 0.575000 56.206331 62.414006 -0.045497
chr1:277172 277172 2483 0.240000 137.665780 43.413559 0.501201
chr1:277293 277293 2486 0.240000 135.991135 43.309254 0.496930
chr1:277840 277840 2489 0.165000 149.733902 41.269858 0.559687
chr1:278152 278152 2490 0.165000 150.896780 41.437955 0.561282
chr1:278255 278255 2491 0.020000 194.750000 34.778885 0.748162
chr1:278276 278276 2492 0.255000 127.348627 40.494059 0.497603
chr1:278299 278299 2493 0.015000 122.666667 34.421449 0.551897
chr1:278414 278414 2494 0.260000 93.266591 44.772201 0.318718
chr1:278879 278879 2495 0.105000 185.752381 37.114808 0.699387
chr1:278963 278963 2496 0.120000 178.085145 38.661753 0.663346
chr1:279005 279005 2497 0.120000 178.596014 38.723247 0.663900
chr1:279033 279033 2498 0.160000 112.430444 37.927573 0.471929
chr1:279153 279153 2500 0.035000 111.928571 33.173629 0.528148
chr1:279260 279260 2502 0.120000 178.523551 37.332338 0.679610
chr1:279345 279345 2504 0.120000 177.940217 37.242532 0.679235
chr1:279552 279552 2507 0.160000 112.952621 41.015398 0.439949
chr1:279949 279949 2510 0.155000 161.001075 38.839955 0.617550
chr1:280023 280023 2511 0.260000 104.072398 44.502160 0.368954
chr1:280183 280183 2513 0.120000 177.777174 35.400649 0.700865
chr1:280287 280287 2514 0.260000 104.165913 45.390927 0.360757
chr1:280482 280482 2515 0.195000 89.253711 41.835326 0.329083
chr1:280825 280825 2516 0.115000 186.343874 37.691930 0.694067
chr1:281034 281034 2518 0.030000 201.000000 36.095962 0.745737
chr1:281494 281494 2520 0.170000 146.769162 39.592625 0.569021
chr1:281982 281982 2526 0.015000 123.000000 34.750155 0.548948
chr1:281988 281988 2527 0.155000 166.858065 37.419660 0.649247
chr1:282068 282068 2528 0.030000 201.000000 33.702500 0.775534
chr1:282166 282166 2531 0.170000 144.839572 37.717561 0.584344
chr1:282325 282325 2533 0.240000 115.249557 35.084873 0.516519
chr1:282365 282365 2535 0.115000 179.982213 32.136845 0.748226
chr1:282400 282400 2536 0.155000 155.376344 32.723161 0.676530
chr1:282658 282658 2538 0.245000 86.734269 41.918455 0.315785
chr1:282807 282807 2540 0.570000 59.814858 49.071546 0.085979
chr1:283566 283566 2548 0.280000 74.144805 49.826389 0.172621
chr1:283769 283769 2549 0.155000 167.346237 43.457488 0.585551
chr1:284018 284018 2552 0.545000 72.197757 58.367888 0.092350
chr1:284316 284316 2556 0.020000 131.250000 39.321743 0.523467
chr1:284924 284924 2561 0.195000 111.446694 46.396972 0.380578
chr1:285056 285056 2562 0.545000 74.427030 64.658486 0.061105
chr1:286110 286110 2576 0.035000 153.166667 45.468993 0.527449
chr1:286304 286304 2577 0.195000 120.219298 52.487384 0.359919
chr1:286321 286321 2578 0.090000 163.529412 45.339020 0.557124
chr1:286341 286341 2579 0.035000 154.309524 43.721422 0.547698
chr1:287075 287075 2586 0.175000 114.049580 48.510828 0.371255
chr1:287472 287472 2589 0.035000 156.690476 45.189011 0.540010
chr1:287702 287702 2591 0.175000 112.889916 48.300665 0.368702
chr1:287777 287777 2592 0.245000 108.132228 49.353245 0.340639
chr1:287783 287783 2593 0.150000 121.472414 43.831048 0.442696
chr1:287834 287834 2594 0.175000 97.004202 45.300443 0.330688
chr1:288691 288691 2601 0.245000 118.701531 39.456159 0.478342
chr1:288832 288832 2602 0.595000 65.487324 53.237346 0.089941
chr1:288955 288955 2603 0.405000 53.361728 65.605683 -0.089712
chr1:289061 289061 2605 0.180000 91.992857 44.082224 0.319491
chr1:289150 289150 2606 0.050000 121.688889 35.583375 0.534004
chr1:289167 289167 2607 0.595000 65.381214 51.147994 0.106624
chr1:289244 289244 2609 0.225000 110.624747 44.044282 0.399963
chr1:289332 289332 2610 0.405000 52.117438 65.300171 -0.097931
chr1:289459 289459 2611 0.180000 81.225397 44.026747 0.265975
chr1:289506 289506 2612 0.180000 81.225397 44.026747 0.265975
chr1:289568 289568 2613 0.030000 198.166667 35.694434 0.744430
chr1:289698 289698 2614 0.225000 109.387374 45.786929 0.378226
chr1:289862 289862 2615 0.010000 200.000000 35.137671 0.755257
chr1:290102 290102 2618 0.610000 63.883756 56.679654 0.051963
chr1:290544 290544 2623 0.585000 65.938550 56.065090 0.070447
chr1:290674 290674 2624 0.580000 66.381484 55.311675 0.079230
chr1:290790 290790 2626 0.195000 90.535088 43.811297 0.315231
chr1:290853 290853 2627 0.420000 56.840935 66.270990 -0.066662
chr1:290965 290965 2628 0.205000 136.960366 36.308136 0.576591
chr1:290992 290992 2629 0.805000 44.537073 91.186910 -0.311211
chr1:291300 291300 2630 0.030000 196.366667 34.639362 0.753498
chr1:291349 291349 2631 0.610000 65.112586 58.231435 0.048507
chr1:291494 291494 2633 0.015000 173.000000 34.991583 0.694083
chr1:291571 291571 2634 0.195000 134.246289 45.311995 0.471689
chr1:291609 291609 2635 0.390000 75.230603 67.301517 0.048370
chr1:291646 291646 2636 0.610000 67.341620 75.357143 -0.048841
chr1:291807 291807 2637 0.390000 75.172661 67.217586 0.048577
chr1:291898 291898 2638 0.390000 75.296204 67.254031 0.049055
chr1:292115 292115 2640 0.215000 118.392580 47.199167 0.399390
chr1:292960 292960 2647 0.610000 71.461929 84.074592 -0.070590
chr1:293010 293010 2648 0.610000 71.299485 83.829504 -0.070311
chr1:293089 293089 2649 0.610000 71.247392 83.769564 -0.070317
chr1:293103 293103 2650 0.610000 71.400488 84.019980 -0.070681
chr1:293119 293119 2651 0.010000 200.000000 40.287033 0.695865
chr1:293213 293213 2652 0.610000 71.063677 84.759241 -0.076539
chr1:293819 293819 2656 0.610000 73.144289 84.526640 -0.062813
chr1:294425 294425 2663 0.390000 85.705128 75.899810 0.052766
chr1:295349 295349 2671 0.390000 84.697136 75.561848 0.049566
chr1:295568 295568 2674 0.390000 84.540293 75.341824 0.050028
chr1:296024 296024 2677 0.390000 85.368964 75.113467 0.055582
chr1:296192 296192 2679 0.075000 167.790476 46.119213 0.560885
chr1:296886 296886 2685 0.390000 78.237429 75.047555 0.018078
chr1:296901 296901 2686 0.220000 126.545455 50.657734 0.397601
chr1:296996 296996 2687 0.160000 124.776210 44.410893 0.448642
chr1:297373 297373 2689 0.010000 177.000000 38.100190 0.667046
chr1:297607 297607 2691 0.010000 200.000000 37.927242 0.722079
chr1:297667 297667 2692 0.035000 151.190476 37.870331 0.601225
chr1:297842 297842 2695 0.220000 117.306554 45.823863 0.408231
chr1:297877 297877 2696 0.390000 72.968198 57.034209 0.106998
chr1:298198 298198 2700 0.010000 200.000000 34.004640 0.769492
chr1:298249 298249 2701 0.590000 46.343474 66.879253 -0.159303
chr1:298379 298379 2702 0.200000 107.271154 35.119811 0.484931
chr1:298390 298390 2703 0.590000 53.599160 66.602529 -0.094333
chr1:298485 298485 2705 0.590000 55.396132 66.164107 -0.077143
chr1:298489 298489 2706 0.190000 112.584637 39.748754 0.452156
chr1:298531 298531 2707 0.030000 149.766667 32.467096 0.663972
chr1:298732 298732 2710 0.200000 118.648077 38.991549 0.483290
chr1:299717 299717 2715 0.160000 123.456653 39.948175 0.490018
chr1:299921 299921 2716 0.155000 128.366667 38.821534 0.519380
chr1:299942 299942 2717 0.420000 62.183448 55.753448 0.047403
chr1:300299 300299 2722 0.025000 158.600000 32.027254 0.694783
chr1:300623 300623 2723 0.580000 55.208621 62.673838 -0.055079
chr1:300743 300743 2724 0.010000 200.000000 31.850792 0.797910
chr1:301408 301408 2729 0.255000 93.317647 42.403818 0.342559
chr1:301736 301736 2731 0.035000 133.071429 32.064875 0.618055
chr1:301764 301764 2732 0.020000 164.250000 32.225746 0.707302
chr1:302045 302045 2733 0.580000 55.092729 60.662651 -0.041827
chr1:302061 302061 2734 0.580000 55.044828 60.503155 -0.041062
chr1:302088 302088 2735 0.120000 152.425725 35.051396 0.638353
chr1:302551 302551 2739 0.015000 193.333333 36.458018 0.724514
chr1:302850 302850 2741 0.155000 134.633333 40.532932 0.521345
chr1:303101 303101 2743 0.010000 201.000000 36.863175 0.736603
chr1:303108 303108 2744 0.040000 203.000000 37.982466 0.727913
chr1:304433 304433 2752 0.110000 142.482684 39.884530 0.552958
chr1:304707 304707 2755 0.015000 201.000000 36.161297 0.744952
chr1:304744 304744 2756 0.250000 77.326531 45.428591 0.230999
chr1:305886 305886 2764 0.225000 75.668182 42.549518 0.250019
chr1:305985 305985 2766 0.195000 117.161269 40.714053 0.459040
chr1:306186 306186 2769 0.385000 78.297505 44.848794 0.241997
chr1:306651 306651 2774 0.355000 74.107445 44.351623 0.222952
chr1:307030 307030 2777 0.170000 161.438503 42.292187 0.581747
chr1:307371 307371 2782 0.095000 93.295322 43.887047 0.327524
chr1:307461 307461 2785 0.010000 156.000000 38.913936 0.603019
chr1:308011 308011 2791 0.290000 85.441016 48.519179 0.245753
chr1:308222 308222 2793 0.240000 71.632535 42.190136 0.229899
chr1:308654 308654 2796 0.270000 94.849406 43.487010 0.338675
chr1:309226 309226 2801 0.075000 102.966667 39.824941 0.412542
chr1:309490 309490 2805 0.105000 113.350000 38.588632 0.467962
chr1:309507 309507 2807 0.210000 90.869338 44.445497 0.310590
chr1:309608 309608 2810 0.080000 151.675000 38.076770 0.600254
chr1:310044 310044 2815 0.015000 194.000000 36.008624 0.731395
chr1:310075 310075 2817 0.480000 55.965351 60.460885 -0.033555
chr1:311118 311118 2827 0.270000 89.562544 47.407369 0.276281
chr1:311173 311173 2828 0.170000 144.241533 44.018437 0.515456
chr1:311938 311938 2832 0.010000 144.000000 37.591422 0.583274
chr1:312045 312045 2833 0.135000 168.336182 39.758469 0.626748
chr1:312130 312130 2834 0.120000 176.114130 34.530649 0.707589
chr1:312203 312203 2835 0.075000 125.747619 32.122944 0.592684
chr1:312464 312464 2837 0.230000 100.411111 30.961251 0.510963
chr1:312661 312661 2838 0.120000 193.304348 28.612143 0.829691
chr1:313484 313484 2840 0.120000 176.942029 30.051039 0.769972
chr1:313538 313538 2841 0.480000 58.464145 46.088406 0.103298
chr1:313627 313627 2843 0.160000 107.361895 33.310201 0.508273
chr1:314053 314053 2846 0.480000 67.665680 46.176438 0.165948
chr1:314135 314135 2847 0.095000 116.266082 37.198281 0.494930
chr1:315036 315036 2855 0.075000 125.704762 37.060194 0.530444
chr1:315202 315202 2857 0.300000 83.535311 40.705653 0.312215
chr1:315450 315450 2859 0.480000 67.838487 48.611650 0.144736
chr1:315853 315853 2860 0.070000 134.994505 36.828684 0.564130
chr1:315868 315868 2861 0.120000 193.746377 38.152240 0.705714
chr1:315979 315979 2863 0.120000 195.313406 38.152240 0.709212
chr1:316620 316620 2871 0.130000 73.898462 39.284234 0.274417
chr1:316761 316761 2875 0.610000 53.342501 50.364136 0.024952
chr1:316893 316893 2876 0.130000 171.673846 39.395754 0.639255
chr1:316968 316968 2877 0.160000 126.723790 39.402374 0.507336
chr1:317278 317278 2882 0.145000 142.432266 39.937221 0.552231
chr1:317311 317311 2883 0.145000 142.173645 39.966873 0.551119
chr1:317453 317453 2885 0.120000 187.132246 39.699935 0.673359
chr1:317960 317960 2889 0.010000 200.000000 37.257422 0.729817
chr1:317992 317992 2890 0.120000 185.954710 39.586039 0.671865
chr1:318158 318158 2894 0.120000 156.125000 36.254513 0.634110
chr1:318624 318624 2899 0.120000 184.835145 39.383799 0.671467
chr1:318644 318644 2900 0.085000 122.194853 36.461208 0.525222
chr1:319238 319238 2903 0.405000 63.688735 43.831434 0.162277
chr1:319756 319756 2907 0.150000 131.348276 42.889314 0.486075
chr1:319777 319777 2908 0.285000 106.057018 47.107998 0.352445
chr1:320274 320274 2909 0.045000 165.805556 39.335189 0.624818
chr1:320454 320454 2910 0.035000 184.142857 39.035136 0.673699
chr1:320886 320886 2912 0.010000 56.500000 39.025406 0.160701
chr1:322228 322228 2919 0.050000 122.855556 40.669953 0.480121
chr1:322978 322978 2921 0.040000 141.410714 40.529887 0.542707
chr1:323055 323055 2922 0.110000 161.900433 40.791849 0.598675
chr1:323597 323597 2923 0.285000 87.111842 43.678026 0.299814
chr1:323742 323742 2925 0.140000 84.023810 42.904835 0.291896
chr1:323963 323963 2926 0.120000 196.346014 41.491753 0.675060
chr1:324785 324785 2932 0.135000 86.995726 43.846586 0.297562
chr1:325526 325526 2939 0.010000 201.000000 43.278214 0.666927
chr1:325754 325754 2941 0.040000 135.482143 44.309173 0.485388
chr1:325834 325834 2942 0.125000 185.385000 45.830805 0.606917
chr1:325921 325921 2944 0.040000 135.196429 43.293821 0.494539
chr1:326369 326369 2946 0.305000 79.577049 48.168491 0.218025
chr1:326623 326623 2948 0.045000 181.333333 43.657702 0.618417
chr1:326844 326844 2949 0.015000 161.666667 41.830571 0.587127
chr1:326845 326845 2950 0.055000 79.681818 44.398430 0.253992
chr1:327279 327279 2956 0.365000 58.881659 56.988814 0.014190
chr1:327300 327300 2958 0.620000 59.360674 53.860526 0.042228
chr1:327318 327318 2959 0.130000 171.760000 35.817055 0.680832
chr1:327660 327660 2962 0.120000 192.333333 35.477175 0.734106
chr1:327669 327669 2963 0.620000 61.618804 53.695263 0.059777
chr1:328014 328014 2965 0.100000 135.086842 37.811670 0.552987
chr1:328473 328473 2969 0.160000 94.099798 50.155083 0.273274
chr1:328629 328629 2970 0.200000 94.969231 44.115959 0.332987
chr1:328722 328722 2972 0.200000 95.417949 44.316549 0.333064
chr1:329029 329029 2973 0.635000 61.516435 53.278349 0.062440
chr1:329056 329056 2974 0.130000 133.353846 39.766095 0.525493
chr1:329141 329141 2978 0.635000 73.445944 53.465563 0.137894
chr1:329337 329337 2980 0.635000 73.627797 53.877473 0.135635
chr1:329725 329725 2985 0.150000 140.901149 48.038705 0.467323
chr1:329912 329912 2986 0.630000 74.362921 62.623103 0.074622
chr1:330231 330231 2988 0.630000 74.362921 62.107553 0.078212
chr1:330323 330323 2989 0.630000 74.208762 61.959459 0.078348
chr1:330406 330406 2990 0.170000 90.475936 50.877145 0.250010
chr1:330653 330653 2993 0.630000 74.404063 57.038504 0.115429
chr1:330737 330737 2994 0.630000 74.117968 56.775268 0.115764
chr1:330799 330799 2996 0.370000 57.360052 74.114222 -0.111292
chr1:330848 330848 2997 0.170000 90.494652 55.151479 0.215066
chr1:330892 330892 2999 0.140000 171.884921 48.413947 0.550267
chr1:331043 331043 3003 0.015000 200.000000 48.548379 0.614855
chr1:331833 331833 3015 0.465000 91.462249 48.810704 0.272727
chr1:331864 331864 3017 0.630000 58.338413 58.251759 0.000646
chr1:332118 332118 3019 0.315000 75.558372 51.110831 0.169770
chr1:332189 332189 3021 0.115000 129.992095 38.355804 0.530086
chr1:332270 332270 3023 0.495000 77.960214 52.569208 0.171142
chr1:332405 332405 3024 0.035000 122.023810 39.661161 0.488079
chr1:332699 332699 3030 0.570000 61.959323 59.451573 0.017943
chr1:332740 332740 3031 0.430000 59.526265 62.061636 -0.018115
chr1:332832 332832 3033 0.570000 61.748952 59.073461 0.019237
chr1:332877 332877 3034 0.570000 61.625679 58.928454 0.019437
chr1:332980 332980 3035 0.430000 59.077839 61.828132 -0.019762
chr1:333056 333056 3037 0.430000 58.694528 61.555193 -0.020667
chr1:333058 333058 3038 0.125000 159.981667 36.710870 0.639276
chr1:333572 333572 3042 0.080000 168.016667 35.349430 0.676970
chr1:333646 333646 3043 0.315000 68.808756 47.337108 0.162442
chr1:334187 334187 3044 0.155000 147.103226 33.563821 0.641751
chr1:334303 334303 3045 0.430000 50.031601 56.730399 -0.054571
chr1:334356 334356 3046 0.130000 192.390769 30.500698 0.799874
chr1:334723 334723 3050 0.015000 170.333333 31.177484 0.737459
chr1:335362 335362 3053 0.190000 101.830725 35.501265 0.457635
chr1:335657 335657 3055 0.010000 200.000000 32.770676 0.785545
chr1:335800 335800 3056 0.050000 168.666667 33.843748 0.697551
chr1:335856 335856 3057 0.115000 120.622530 35.240980 0.534380
chr1:335884 335884 3058 0.430000 49.840903 52.936423 -0.026169
chr1:336237 336237 3061 0.015000 200.000000 29.004092 0.838571
chr1:336243 336243 3062 0.225000 113.624747 32.070256 0.549371
chr1:336469 336469 3063 0.190000 106.926031 31.305766 0.533459
chr1:336852 336852 3066 0.380000 66.205263 37.228757 0.250014
chr1:337096 337096 3070 0.225000 112.382828 31.713322 0.549458
chr1:337175 337175 3071 0.305000 62.451639 39.515535 0.198776
chr1:337312 337312 3073 0.885000 32.175366 118.207510 -0.565122
chr1:337493 337493 3075 0.050000 158.600000 29.772348 0.726490
chr1:337639 337639 3076 0.120000 113.701087 33.467987 0.531135
chr1:337651 337651 3077 0.655000 40.316089 67.173061 -0.221717
chr1:337800 337800 3078 0.320000 72.723214 38.471732 0.276531
chr1:338003 338003 3081 0.155000 135.066667 31.757115 0.628707
chr1:338052 338052 3083 0.530000 43.463971 55.589911 -0.106867
chr1:338188 338188 3084 0.190000 113.637269 32.996818 0.537049
chr1:338928 338928 3088 0.185000 75.624625 36.429827 0.317206
chr1:339484 339484 3091 0.200000 128.245513 36.204009 0.549286
chr1:339596 339596 3092 0.180000 77.246825 37.439211 0.314554
chr1:339825 339825 3093 0.180000 76.651587 37.144957 0.314621
chr1:340246 340246 3094 0.015000 161.666667 28.907127 0.747616
chr1:340431 340431 3098 0.180000 84.207143 36.455521 0.363586
chr1:340637 340637 3099 0.240000 88.417110 32.161947 0.439194
chr1:340875 340875 3101 0.200000 116.954487 28.136046 0.618754
chr1:340969 340969 3103 0.240000 88.319592 31.185169 0.452109
chr1:341086 341086 3104 0.490000 48.769724 42.880703 0.055888
chr1:341437 341437 3106 0.105000 105.730952 30.058910 0.546229
chr1:341450 341450 3107 0.025000 145.450000 29.843590 0.687863
chr1:341494 341494 3108 0.010000 80.000000 28.989540 0.440849
chr1:341966 341966 3110 0.140000 171.862434 31.386577 0.738437
chr1:342182 342182 3112 0.240000 88.306294 44.569014 0.296959
chr1:342492 342492 3114 0.025000 146.950000 38.701057 0.579447
chr1:342553 342553 3115 0.090000 149.552288 41.458958 0.557175
chr1:343114 343114 3118 0.025000 148.150000 38.226698 0.588335
chr1:343445 343445 3119 0.010000 200.000000 37.438574 0.727711
chr1:343563 343563 3120 0.090000 149.091503 42.686510 0.543162
chr1:343606 343606 3121 0.090000 148.725490 42.607856 0.542896
chr1:343856 343856 3124 0.075000 113.657143 41.578995 0.436723
chr1:344999 344999 3129 0.910000 42.117995 144.882353 -0.536548
chr1:345346 345346 3134 0.505000 67.773168 48.774892 0.142861
chr1:345641 345641 3136 0.505000 67.788812 48.815914 0.142597
chr1:345795 345795 3138 0.090000 140.042484 53.235778 0.420056
chr1:345990 345990 3140 0.075000 102.247619 53.798913 0.278880
chr1:346122 346122 3141 0.020000 191.416667 49.621743 0.586308
chr1:346161 346161 3142 0.075000 101.009524 52.875206 0.281110
chr1:346389 346389 3144 0.025000 154.050000 48.290378 0.503801
chr1:346635 346635 3148 0.075000 99.180952 54.799442 0.257652
chr1:346896 346896 3150 0.075000 98.571429 54.711722 0.255671
chr1:347003 347003 3152 0.010000 202.000000 48.791827 0.617004
chr1:347177 347177 3154 0.900000 57.379205 67.426316 -0.070075
chr1:347283 347283 3155 0.345000 68.805840 64.261715 0.029673
chr1:347933 347933 3159 0.075000 104.285714 47.800294 0.338794
chr1:348608 348608 3165 0.140000 130.375661 50.153849 0.414892
chr1:348655 348655 3166 0.010000 200.000000 45.654412 0.641547
chr1:350064 350064 3176 0.300000 102.675706 49.822559 0.314042
chr1:350263 350263 3177 0.820000 46.479051 76.185714 -0.214616
chr1:350758 350758 3181 0.075000 150.242857 41.903202 0.554547
chr1:351399 351399 3185 0.010000 201.000000 42.724632 0.672518
chr1:351885 351885 3190 0.015000 191.000000 42.608515 0.651537
chr1:352069 352069 3193 0.060000 159.742424 44.381926 0.556214
chr1:352998 352998 3199 0.170000 107.145276 45.335633 0.373533
chr1:353015 353015 3200 0.620000 42.741739 78.558246 -0.264340
chr1:353145 353145 3202 0.450000 64.370037 47.962385 0.127783
chr1:353193 353193 3203 0.010000 200.000000 30.181998 0.821282
chr1:353524 353524 3205 0.800000 33.247799 120.911538 -0.560705
chr1:353825 353825 3208 0.220000 160.622093 34.950703 0.662349
chr1:354126 354126 3210 0.085000 149.639706 38.458566 0.590054
chr1:354201 354201 3211 0.080000 112.275000 37.861339 0.472087
chr1:354353 354353 3212 0.660000 48.590678 48.364794 0.002024
chr1:354382 354382 3213 0.340000 48.442054 48.655679 -0.001911
chr1:354594 354594 3214 0.085000 157.294118 30.338077 0.714724
chr1:354750 354750 3216 0.660000 49.418459 55.818042 -0.052885
chr1:354816 354816 3217 0.080000 113.850000 33.718906 0.528460
chr1:355112 355112 3219 0.360000 60.046362 45.025406 0.125029
chr1:355368 355368 3220 0.160000 83.109879 34.974159 0.375905
chr1:355805 355805 3222 0.220000 167.183404 29.868652 0.747978
chr1:355892 355892 3223 0.220000 167.075581 29.890199 0.747384
chr1:356094 356094 3224 0.560000 49.871863 53.565700 -0.031031
chr1:356256 356256 3225 0.080000 114.141667 31.249703 0.562598
chr1:356844 356844 3227 0.570000 51.371449 54.344323 -0.024432
chr1:356851 356851 3228 0.570000 51.282332 54.232969 -0.024296
chr1:356916 356916 3230 0.310000 104.237705 35.776790 0.464423
chr1:357365 357365 3232 0.430000 56.778112 55.101848 0.013015
chr1:357940 357940 3237 0.190000 146.106686 37.920865 0.585792
chr1:358615 358615 3241 0.570000 56.453346 64.308618 -0.056579
chr1:358617 358617 3242 0.080000 116.166667 41.660876 0.445353
chr1:358768 358768 3244 0.260000 88.518100 48.864497 0.258039
chr1:359167 359167 3250 0.440000 67.202978 56.000241 0.079199
chr1:359331 359331 3252 0.670000 67.196555 63.930070 0.021642
chr1:359352 359352 3253 0.080000 117.591667 47.517017 0.393527
chr1:359576 359576 3256 0.670000 67.663337 65.993473 0.010852
chr1:360653 360653 3259 0.470000 86.640814 55.505121 0.193389
chr1:360889 360889 3261 0.020000 160.750000 46.152276 0.541958
chr1:360994 360994 3262 0.530000 55.491015 90.292153 -0.211427
chr1:361319 361319 3266 0.330000 68.253147 63.366794 0.032261
chr1:361327 361327 3267 0.250000 99.194286 53.085414 0.271511
chr1:361391 361391 3268 0.075000 124.952381 41.631140 0.477326
chr1:361483 361483 3269 0.675000 63.293256 66.807692 -0.023469
chr1:361825 361825 3271 0.080000 179.700000 40.128029 0.651100
chr1:361868 361868 3272 0.675000 63.361802 80.971154 -0.106503
chr1:361981 361981 3273 0.675000 63.030348 80.732692 -0.107500
chr1:361995 361995 3274 0.325000 80.764423 62.997512 0.107897
chr1:362156 362156 3276 0.250000 121.632653 53.839508 0.353949
chr1:362260 362260 3277 0.270000 93.155486 54.741190 0.230894
chr1:362531 362531 3279 0.250000 122.129796 52.039195 0.370491
chr1:362652 362652 3280 0.250000 122.822857 52.377494 0.370134
chr1:362662 362662 3281 0.010000 201.000000 39.675870 0.704670
chr1:362929 362929 3283 0.240000 182.284131 37.870120 0.682452
chr1:363155 363155 3285 0.025000 158.000000 36.176606 0.640229
chr1:363162 363162 3286 0.160000 93.743952 44.572035 0.322881
chr1:363341 363341 3290 0.330000 116.253846 55.750701 0.319157
chr1:364252 364252 3296 0.585000 58.436634 91.357185 -0.194058
chr1:364377 364377 3297 0.330000 115.272261 59.689204 0.285829
chr1:365246 365246 3303 0.010000 201.000000 42.990437 0.669824
chr1:365567 365567 3304 0.400000 96.353481 58.532633 0.216469
chr1:365643 365643 3306 0.345000 107.679454 52.426659 0.312581
chr1:365754 365754 3307 0.400000 96.539557 59.376331 0.211092
chr1:365760 365760 3308 0.655000 54.805050 108.400682 -0.296211
chr1:365832 365832 3309 0.655000 54.681503 107.992327 -0.295552
chr1:366096 366096 3310 0.075000 124.333333 44.583960 0.445409
chr1:366170 366170 3311 0.050000 164.533333 42.554609 0.587307
chr1:366225 366225 3312 0.095000 103.599415 44.711633 0.364937
chr1:366568 366568 3315 0.640000 68.408772 56.363263 0.084116
chr1:366806 366806 3320 0.190000 141.921764 46.961391 0.480308
chr1:366811 366811 3321 0.095000 100.809942 45.765930 0.342961
chr1:366874 366874 3322 0.640000 67.698081 63.849570 0.025418
chr1:367075 367075 3323 0.905000 44.027931 99.482456 -0.354018
chr1:367343 367343 3325 0.300000 128.689266 45.263566 0.453794
chr1:367369 367369 3326 0.300000 94.505085 61.294347 0.188035
chr1:367497 367497 3328 0.640000 71.513164 69.450313 0.012712
chr1:367631 367631 3330 0.015000 191.000000 39.672408 0.682545
chr1:367761 367761 3331 0.640000 67.583969 68.908842 -0.008431
chr1:368048 368048 3333 0.060000 78.530303 44.211913 0.249498
chr1:368151 368151 3335 0.250000 163.186939 44.759463 0.561801
chr1:368512 368512 3338 0.015000 201.000000 44.537708 0.654468
chr1:369014 369014 3343 0.255000 164.259608 42.758072 0.584513
chr1:369386 369386 3344 0.650000 55.907215 67.810559 -0.083829
chr1:369447 369447 3345 0.015000 94.333333 33.562338 0.448813
chr1:369496 369496 3346 0.650000 55.785569 67.060870 -0.079947
chr1:369592 369592 3349 0.060000 76.287879 37.624474 0.306985
chr1:369657 369657 3350 0.255000 164.278431 38.610375 0.628877
chr1:369921 369921 3353 0.650000 76.821646 65.210352 0.071167
chr1:370102 370102 3354 0.060000 77.045455 48.356895 0.202289
chr1:370335 370335 3358 0.035000 119.928571 47.757070 0.399885
chr1:370395 370395 3360 0.940000 49.708556 104.962121 -0.324601
chr1:370642 370642 3361 0.645000 77.792938 75.367203 0.013758
chr1:370721 370721 3362 0.085000 156.312500 46.403651 0.527442
chr1:370875 370875 3364 0.645000 86.574491 75.558350 0.059107
chr1:370918 370918 3366 0.645000 86.099746 75.047284 0.059667
chr1:371488 371488 3371 0.060000 109.507576 64.105643 0.232548
chr1:372284 372284 3379 0.755000 83.562826 109.002976 -0.115425
chr1:372605 372605 3382 0.625000 110.616129 64.494234 0.234298
chr1:373807 373807 3394 0.170000 144.742424 86.932932 0.221412
chr1:374705 374705 3399 0.225000 118.574242 97.043988 0.087022
chr1:374803 374803 3400 0.775000 97.204860 118.842929 -0.087285
chr1:374870 374870 3401 0.775000 97.204860 118.842929 -0.087285
chr1:375203 375203 3402 0.775000 97.445580 119.245960 -0.087682
chr1:375291 375291 3404 0.775000 96.307750 116.856061 -0.083990
chr1:375387 375387 3405 0.775000 96.545538 117.259091 -0.084414
chr1:375416 375416 3406 0.775000 96.220444 116.576263 -0.083343
chr1:375590 375590 3407 0.165000 139.134470 84.305353 0.217580
chr1:376019 376019 3413 0.225000 87.296970 93.223628 -0.028527
chr1:376088 376088 3415 0.165000 139.533144 82.379338 0.228859
chr1:376989 376989 3423 0.010000 200.000000 64.811696 0.489377
chr1:377152 377152 3425 0.760000 93.878834 83.167553 0.052614
chr1:377360 377360 3426 0.235000 86.762257 92.811447 -0.029271
chr1:377403 377403 3427 0.080000 179.187500 60.571335 0.471041
chr1:377494 377494 3429 0.235000 85.981499 87.092492 -0.005576
chr1:377608 377608 3430 0.235000 85.833488 87.046440 -0.006094
chr1:377678 377678 3431 0.690000 93.103142 63.046272 0.169305
chr1:377760 377760 3433 0.305000 64.776776 91.010531 -0.147672
chr1:378089 378089 3435 0.690000 92.089919 62.776573 0.166414
chr1:378358 378358 3441 0.690000 92.231514 62.110259 0.171716
chr1:378444 378444 3442 0.165000 121.614583 70.540545 0.236547
chr1:379426 379426 3446 0.065000 128.282051 64.036484 0.301738
chr1:379875 379875 3449 0.065000 127.512821 63.705279 0.301378
chr1:380388 380388 3455 0.210000 148.024971 54.103241 0.437112
chr1:381578 381578 3461 0.205000 148.818293 50.859605 0.466283
chr1:382074 382074 3466 0.060000 104.371212 47.844977 0.338744
chr1:382425 382425 3470 0.015000 200.000000 47.979851 0.619971
chr1:384748 384748 3484 0.090000 148.650327 50.097474 0.472350
chr1:384790 384790 3485 0.435000 96.755948 48.998815 0.295492
chr1:384827 384827 3486 0.090000 129.732026 45.668144 0.453434
chr1:384885 384885 3487 0.090000 130.699346 45.700929 0.456348
chr1:385001 385001 3489 0.090000 130.803922 45.678829 0.456906
chr1:385025 385025 3492 0.090000 136.199346 46.067452 0.470781
chr1:385064 385064 3493 0.090000 137.401961 46.175763 0.473579
chr1:385538 385538 3497 0.090000 137.480392 46.678799 0.469121
chr1:385996 385996 3501 0.565000 54.685525 95.699278 -0.243036
chr1:387069 387069 3504 0.010000 200.000000 46.099831 0.637331
chr1:388876 388876 3508 0.295000 86.420807 60.306180 0.156256
chr1:389403 389403 3510 0.580000 50.031034 106.860298 -0.329577
chr1:389542 389542 3512 0.580000 52.218066 106.965863 -0.311424
chr1:389581 389581 3513 0.580000 52.153598 106.687608 -0.310830
chr1:390058 390058 3518 0.010000 199.000000 44.060401 0.654805
chr1:390059 390059 3519 0.010000 198.000000 44.045147 0.652767
chr1:390358 390358 3522 0.015000 200.000000 44.417590 0.653475
chr1:391270 391270 3529 0.420000 101.454963 61.425937 0.217922
chr1:391697 391697 3534 0.485000 80.833119 68.128212 0.074262
chr1:392412 392412 3541 0.515000 68.712831 83.442547 -0.084350
chr1:393105 393105 3545 0.455000 95.494750 66.496432 0.157181
chr1:393309 393309 3546 0.415000 90.675140 63.479148 0.154857
chr1:393385 393385 3547 0.300000 132.089548 47.845375 0.441028
chr1:393642 393642 3550 0.045000 152.333333 39.718462 0.583803
chr1:393719 393719 3552 0.610000 57.423859 93.557443 -0.211986
chr1:394404 394404 3553 0.015000 201.000000 42.742101 0.672340
chr1:394876 394876 3558 0.390000 99.940559 54.607506 0.262489
chr1:394937 394937 3560 0.015000 167.000000 44.205040 0.577245
chr1:395150 395150 3563 0.010000 188.000000 46.841870 0.603524
chr1:396700 396700 3573 0.340000 100.782485 55.463104 0.259381
chr1:397662 397662 3578 0.420000 85.293316 64.448501 0.121702
chr1:398778 398778 3586 0.045000 119.569444 45.464343 0.419949
chr1:399034 399034 3589 0.105000 72.195238 51.797251 0.144202
chr1:400100 400100 3594 0.420000 86.294894 62.783958 0.138136
chr1:400292 400292 3595 0.810000 63.537382 55.547653 0.058364
chr1:400342 400342 3596 0.810000 63.335404 55.044097 0.060936
chr1:400410 400410 3597 0.010000 132.500000 45.107445 0.467968
chr1:401088 401088 3606 0.195000 58.936572 61.331599 -0.017299
chr1:401139 401139 3609 0.195000 58.549258 61.379231 -0.020500
chr1:401153 401153 3610 0.805000 61.335520 58.280702 0.022187
chr1:401430 401430 3611 0.430000 86.779891 55.706179 0.192516
chr1:402052 402052 3614 0.780000 57.528412 50.135307 0.059739
chr1:402365 402365 3620 0.105000 79.314286 47.453895 0.223080
chr1:402691 402691 3622 0.780000 58.494500 49.630550 0.071366
chr1:402704 402704 3623 0.220000 49.534355 58.385732 -0.071400
chr1:403045 403045 3626 0.335000 119.220715 46.131693 0.412352
chr1:403443 403443 3628 0.220000 50.237315 61.965757 -0.091125
chr1:403547 403547 3629 0.235000 46.764570 63.158196 -0.130513
chr1:404721 404721 3641 0.335000 54.864089 68.841365 -0.098561
chr1:404750 404750 3642 0.665000 68.972830 55.023745 0.098128
chr1:405512 405512 3649 0.185000 104.350601 53.923881 0.286714
chr1:406108 406108 3654 0.385000 55.906699 78.639478 -0.148177
chr1:406260 406260 3656 0.610000 78.990923 57.003330 0.141677
chr1:406276 406276 3657 0.350000 123.360041 41.902385 0.468936
chr1:406467 406467 3659 0.610000 66.193876 57.457209 0.061473
chr1:406471 406471 3660 0.610000 66.175992 57.622378 0.060109
chr1:406654 406654 3661 0.100000 196.123684 39.250497 0.698685
chr1:406691 406691 3663 0.350000 122.717391 47.372809 0.413377
chr1:406933 406933 3665 0.390000 70.000000 83.006977 -0.074017
chr1:406986 406986 3666 0.610000 83.157228 70.291375 0.072998
chr1:407345 407345 3668 0.610000 83.135415 71.421911 0.065955
chr1:407528 407528 3670 0.390000 71.681319 82.947500 -0.063397
chr1:408170 408170 3676 0.155000 125.434409 65.345555 0.283201
chr1:408631 408631 3680 0.845000 65.861651 128.322581 -0.289670
chr1:408887 408887 3682 0.155000 128.369892 65.721717 0.290754
chr1:409430 409430 3686 0.155000 129.991398 65.558115 0.297288
chr1:409535 409535 3687 0.150000 134.868966 64.961991 0.317253
chr1:409557 409557 3688 0.150000 134.427586 64.719039 0.317456
chr1:409633 409633 3691 0.850000 64.773686 147.206897 -0.356530
chr1:409878 409878 3694 0.850000 65.279360 149.671264 -0.360363
chr1:409919 409919 3696 0.150000 149.229885 65.165855 0.359836
chr1:410011 410011 3697 0.220000 138.396934 59.677502 0.365316
chr1:410386 410386 3699 0.150000 149.045977 54.058197 0.440459
chr1:410582 410582 3702 0.150000 149.680460 54.323808 0.440175
chr1:410746 410746 3703 0.490000 71.062171 67.385556 0.023072
chr1:410765 410765 3704 0.225000 137.846970 46.724466 0.469853
chr1:411378 411378 3708 0.360000 108.017997 53.139518 0.308079
chr1:411565 411565 3710 0.850000 49.124226 150.333333 -0.485760
chr1:411633 411633 3711 0.850000 49.099617 150.406897 -0.486190
chr1:412087 412087 3713 0.150000 150.554023 48.507588 0.491883
chr1:412523 412523 3714 0.355000 80.403421 58.398256 0.138875
chr1:412852 412852 3715 0.355000 80.221127 58.439680 0.137581
chr1:413041 413041 3718 0.010000 189.500000 36.136005 0.719669
chr1:413069 413069 3719 0.335000 112.676391 43.883459 0.409532
chr1:413278 413278 3720 0.645000 56.995155 79.415895 -0.144069
chr1:413283 413283 3721 0.205000 148.431098 43.623676 0.531803
chr1:413462 413462 3723 0.645000 56.982376 78.949095 -0.141607
chr1:413628 413628 3727 0.645000 56.891412 85.533199 -0.177088
chr1:413974 413974 3730 0.205000 163.108537 46.308256 0.546818
chr1:413993 413993 3732 0.230000 140.256039 50.937017 0.439888
chr1:414220 414220 3734 0.230000 140.259903 50.772006 0.441309
chr1:414221 414221 3735 0.485000 70.971864 65.695983 0.033547
chr1:414222 414222 3736 0.460000 79.025561 58.150917 0.133211
chr1:414787 414787 3742 0.485000 68.970146 64.003236 0.032459
chr1:414801 414801 3743 0.460000 78.740922 57.509432 0.136461
chr1:415333 415333 3748 0.310000 117.519038 46.432455 0.403287
chr1:415397 415397 3749 0.485000 73.303157 70.818961 0.014973
chr1:415608 415608 3752 0.225000 141.031818 46.842396 0.478678
chr1:415772 415772 3753 0.460000 85.157907 67.400398 0.101563
chr1:415915 415915 3754 0.060000 78.946970 43.513483 0.258712
chr1:415976 415976 3755 0.060000 79.113636 43.571595 0.259048
chr1:416190 416190 3757 0.500000 78.398889 72.321717 0.035041
chr1:416377 416377 3759 0.500000 78.324141 72.055657 0.036228
chr1:416921 416921 3765 0.305000 115.845082 49.815661 0.366512
chr1:416943 416943 3766 0.500000 77.746667 73.927980 0.021873
chr1:417328 417328 3769 0.460000 84.505017 67.867082 0.095223
chr1:417423 417423 3772 0.460000 81.295270 67.296037 0.082076
chr1:417558 417558 3773 0.155000 130.922581 43.778212 0.475757
chr1:418087 418087 3777 0.460000 68.872790 67.491173 0.008801
chr1:418587 418587 3785 0.465000 98.531791 56.439429 0.241994
chr1:419296 419296 3789 0.155000 132.146237 48.477177 0.435517
chr1:419312 419312 3790 0.010000 114.500000 39.578988 0.461341
chr1:419395 419395 3791 0.465000 97.115708 55.548228 0.242619
chr1:419403 419403 3792 0.500000 62.112828 85.375253 -0.138151
chr1:419667 419667 3799 0.465000 95.665381 55.820755 0.233959
chr1:419873 419873 3802 0.500000 84.242626 58.304848 0.159827
chr1:419907 419907 3804 0.500000 53.211515 83.845051 -0.197472
chr1:420099 420099 3806 0.295000 108.329047 48.025988 0.353269
chr1:420152 420152 3808 0.500000 82.971717 59.748283 0.142605
chr1:420267 420267 3809 0.010000 116.000000 36.622725 0.500707
chr1:420350 420350 3810 0.500000 59.601212 82.338687 -0.140349
chr1:420360 420360 3812 0.490000 85.218283 60.901378 0.145906
chr1:420779 420779 3817 0.500000 55.494444 82.143030 -0.170321
chr1:421625 421625 3826 0.500000 56.033131 70.815152 -0.101681
chr1:421635 421635 3827 0.500000 55.864848 70.527071 -0.101217
chr1:422084 422084 3833 0.500000 56.653838 78.863333 -0.143646
chr1:422803 422803 3840 0.490000 80.336840 60.145409 0.125712
chr1:422804 422804 3841 0.010000 121.000000 41.933754 0.460222
chr1:423118 423118 3845 0.010000 200.000000 40.991001 0.688341
chr1:424488 424488 3852 0.585000 74.169024 73.241258 0.005467
chr1:425823 425823 3862 0.325000 78.856010 66.619016 0.073237
chr1:426160 426160 3863 0.325000 78.710577 66.530017 0.073015
chr1:426193 426193 3864 0.640000 70.594734 66.371283 0.026792
chr1:426402 426402 3867 0.325000 78.314423 56.271863 0.143550
chr1:427156 427156 3876 0.460000 56.715600 80.887245 -0.154178
chr1:427421 427421 3879 0.015000 136.333333 45.743033 0.474277
chr1:428004 428004 3890 0.035000 123.714286 46.011901 0.429550
chr1:428327 428327 3893 0.210000 101.628920 56.134927 0.257784
chr1:429562 429562 3897 0.385000 112.017430 50.332734 0.347435
chr1:433307 433307 3918 0.385000 113.094327 54.022991 0.320862
chr1:433518 433518 3920 0.385000 113.609535 54.560776 0.318534
chr1:434267 434267 3925 0.010000 195.500000 50.620904 0.586817
chr1:434363 434363 3927 0.015000 131.333333 51.254817 0.408640
chr1:436353 436353 3942 0.015000 132.000000 53.103284 0.395453
chr1:438270 438270 3957 0.015000 160.000000 73.681705 0.336760
chr1:439620 439620 3965 0.160000 95.309476 83.657399 0.056632
chr1:440609 440609 3973 0.160000 88.458669 82.745402 0.028997
chr1:440626 440626 3975 0.840000 82.582727 88.127016 -0.028220
chr1:440903 440903 3978 0.585000 73.099248 150.324126 -0.313116
chr1:441038 441038 3980 0.415000 148.618278 61.629089 0.382286
chr1:442372 442372 3990 0.395000 154.096884 67.456061 0.358773
chr1:442429 442429 3992 0.500000 80.067778 105.841919 -0.121200
chr1:443010 443010 3996 0.010000 185.500000 60.479798 0.486734
chr1:443121 443121 3999 0.395000 152.989127 71.261157 0.331808
chr1:446593 446593 4029 0.770000 73.791359 57.300483 0.109847
chr1:447204 447204 4039 0.010000 200.000000 57.161309 0.543928
chr1:447532 447532 4041 0.760000 82.892123 60.307624 0.138141
chr1:449065 449065 4054 0.015000 99.000000 61.124573 0.209419
chr1:453001 453001 4087 0.015000 57.166667 52.709909 0.035251
chr1:457593 457593 4126 0.010000 181.500000 56.956212 0.503336
chr1:457963 457963 4131 0.010000 175.500000 59.300954 0.471215
chr1:459894 459894 4148 0.460000 120.201505 61.074507 0.294050
chr1:466266 466266 4189 0.010000 202.000000 81.302748 0.395246
chr1:467751 467751 4200 0.700000 90.080216 88.664972 0.006877
chr1:467816 467816 4201 0.700000 90.133350 88.759887 0.006669
chr1:472094 472094 4233 0.015000 202.000000 74.582928 0.432712
