chr1:46571 46571 332 0.800000 0.014731 0.030925 -0.322088
chr1:49566 49566 361 0.800000 0.013381 0.020401 -0.183162
chr1:57917 57917 418 0.350000 0.033773 0.012571 0.429218
chr1:61169 61169 447 0.150000 0.008862 0.011166 -0.100374
chr1:61358 61358 449 0.150000 0.008862 0.011306 -0.105798
chr1:61452 61452 450 0.100000 0.034089 0.007659 0.648428
chr1:61612 61612 451 0.150000 0.008934 0.009330 -0.018843
chr1:62017 62017 452 0.650000 0.010097 0.008283 0.085982
chr1:62077 62077 453 0.150000 0.009858 0.007616 0.112065
chr1:62180 62180 456 0.100000 0.018103 0.006150 0.468886
chr1:64610 64610 468 0.150000 0.141946 0.014453 0.992168
chr1:67026 67026 486 0.100000 0.016413 0.009322 0.245674
chr1:70480 70480 504 0.900000 0.009575 0.011774 -0.089775
chr1:70924 70924 508 0.450000 0.028661 0.010405 0.440071
chr1:77241 77241 545 0.500000 0.022564 0.014711 0.185787
chr1:80267 80267 571 0.400000 0.026995 0.008452 0.504317
chr1:85894 85894 611 0.650000 0.016716 0.009162 0.261170
chr1:88890 88890 633 0.600000 0.019372 0.009493 0.309777
chr1:89142 89142 635 0.650000 0.022705 0.006119 0.569470
chr1:92243 92243 654 0.350000 0.014834 0.021826 -0.167721
chr1:92350 92350 656 0.350000 0.014834 0.021826 -0.167721
chr1:93317 93317 662 0.650000 0.019279 0.014834 0.113834
chr1:94051 94051 664 0.450000 0.012722 0.023501 -0.266544
chr1:94706 94706 667 0.450000 0.012722 0.023501 -0.266544
chr1:94732 94732 668 0.450000 0.012722 0.023501 -0.266544
chr1:94845 94845 670 0.550000 0.023501 0.012722 0.266544
chr1:95878 95878 678 0.500000 0.027405 0.010553 0.414458
chr1:95907 95907 679 0.450000 0.012722 0.023736 -0.270867
chr1:96612 96612 683 0.850000 0.009781 0.014799 -0.179836
chr1:96796 96796 685 0.400000 0.029333 0.008438 0.541131
chr1:98381 98381 694 0.450000 0.012775 0.018499 -0.160787
chr1:98633 98633 696 0.500000 0.022392 0.010865 0.314054
chr1:99285 99285 698 0.100000 0.028354 0.010151 0.446114
chr1:99874 99874 702 0.100000 0.019518 0.010789 0.257466
chr1:100520 100520 707 0.500000 0.021999 0.011866 0.268090
chr1:101346 101346 709 0.100000 0.030614 0.011773 0.415021
chr1:101616 101616 711 0.150000 0.013795 0.012310 0.049477
chr1:101636 101636 713 0.600000 0.018920 0.008872 0.328887
chr1:102020 102020 717 0.400000 0.008872 0.018920 -0.328887
chr1:102040 102040 718 0.850000 0.016098 0.127085 -0.897315
chr1:102672 102672 725 0.100000 0.016922 0.007531 0.351619
chr1:103225 103225 728 0.900000 0.007531 0.016922 -0.351619
chr1:103271 103271 729 0.100000 0.016922 0.007531 0.351619
chr1:103451 103451 732 0.100000 0.016922 0.007531 0.351619
chr1:103671 103671 733 0.550000 0.015136 0.006663 0.356355
chr1:103717 103717 734 0.900000 0.006766 0.016922 -0.398137
chr1:104200 104200 736 0.100000 0.016922 0.006766 0.398137
chr1:104322 104322 738 0.550000 0.015136 0.006623 0.358971
chr1:104372 104372 739 0.800000 0.008308 0.015786 -0.278784
chr1:105059 105059 744 0.100000 0.008548 0.004659 0.263536
chr1:105123 105123 745 0.100000 0.021401 0.004093 0.718427
chr1:105266 105266 746 0.900000 0.004211 0.008548 -0.307471
chr1:105541 105541 748 0.350000 0.007098 0.007221 -0.007474
chr1:105685 105685 749 0.800000 0.007516 0.015992 -0.327922
chr1:106391 106391 756 0.100000 0.007720 0.005291 0.164117
chr1:107102 107102 766 0.100000 0.008476 0.005285 0.205203
chr1:107799 107799 772 0.450000 0.017049 0.006764 0.401524
chr1:108107 108107 774 0.100000 0.023670 0.005029 0.672678
chr1:108340 108340 777 0.100000 0.012008 0.005440 0.343862
chr1:108532 108532 778 0.100000 0.012008 0.005440 0.343862
chr1:108610 108610 779 0.100000 0.024432 0.005007 0.688431
chr1:108615 108615 780 0.700000 0.007772 0.003820 0.308497
chr1:108904 108904 783 0.100000 0.024432 0.004545 0.730466
chr1:109809 109809 791 0.100000 0.024432 0.005057 0.684100
chr1:109938 109938 793 0.500000 0.008336 0.006360 0.117480
chr1:112485 112485 811 0.100000 0.036739 0.007693 0.679010
chr1:113267 113267 822 0.100000 0.036739 0.008220 0.650264
chr1:113872 113872 826 0.700000 0.013122 0.016415 -0.097240
chr1:114602 114602 835 0.650000 0.013482 0.015960 -0.073267
chr1:114943 114943 837 0.600000 0.015049 0.012385 0.084601
chr1:116319 116319 850 0.400000 0.012952 0.015049 -0.065174
chr1:116391 116391 851 0.600000 0.015049 0.012952 0.065174
chr1:116469 116469 852 0.500000 0.020436 0.009617 0.327365
chr1:117319 117319 856 0.100000 0.013817 0.007479 0.266565
chr1:117521 117521 857 0.600000 0.013237 0.013354 -0.003834
chr1:118154 118154 860 0.100000 0.013817 0.007473 0.266924
chr1:118358 118358 866 0.500000 0.020255 0.009052 0.349796
chr1:118795 118795 870 0.400000 0.011917 0.014128 -0.073905
chr1:118956 118956 872 0.500000 0.020255 0.009757 0.317217
chr1:120312 120312 880 0.900000 0.008015 0.012428 -0.190485
chr1:120406 120406 882 0.700000 0.018178 0.029435 -0.209321
chr1:120870 120870 885 0.600000 0.016612 0.012395 0.127182
chr1:121135 121135 887 0.200000 0.025823 0.010261 0.400804
chr1:121829 121829 890 0.600000 0.016612 0.014880 0.047821
chr1:124656 124656 905 0.900000 0.013509 0.153811 -1.056359
chr1:127443 127443 924 0.900000 0.011049 0.010999 0.001955
chr1:127690 127690 926 0.650000 0.013583 0.006618 0.312266
chr1:127997 127997 930 0.100000 0.010999 0.012371 -0.051066
chr1:128843 128843 937 0.850000 0.013784 0.004999 0.440489
chr1:129261 129261 939 0.750000 0.014827 0.018848 -0.104217
chr1:130936 130936 948 0.150000 0.144342 0.014930 0.985323
chr1:130994 130994 949 0.050000 0.000000 0.020414 -inf
chr1:131882 131882 957 0.150000 0.011573 0.012330 -0.027495
chr1:131883 131883 959 0.450000 0.027263 0.011661 0.368835
chr1:132149 132149 963 0.050000 0.000000 0.020978 -inf
chr1:132690 132690 971 0.050000 0.000000 0.020276 -inf
chr1:133632 133632 979 0.050000 0.000000 0.021356 -inf
chr1:134423 134423 985 0.100000 0.035926 0.012615 0.454519
chr1:134910 134910 988 0.150000 0.011573 0.016541 -0.155097
chr1:135425 135425 991 0.050000 0.000000 0.021776 -inf
chr1:135543 135543 994 0.150000 0.011573 0.016757 -0.160745
chr1:135781 135781 995 0.650000 0.020009 0.011462 0.241966
chr1:135961 135961 997 0.800000 0.015455 0.006026 0.409023
chr1:136368 136368 999 0.150000 0.011599 0.016309 -0.148015
chr1:136631 136631 1003 0.150000 0.011599 0.016309 -0.148015
chr1:137208 137208 1008 0.050000 0.000000 0.022645 -inf
chr1:137283 137283 1009 0.850000 0.016309 0.013230 0.090863
chr1:137668 137668 1012 0.100000 0.035207 0.011901 0.471030
chr1:138193 138193 1013 0.150000 0.013230 0.017639 -0.124911
chr1:138383 138383 1014 0.850000 0.017639 0.013230 0.124911
chr1:138425 138425 1016 0.850000 0.017639 0.013230 0.124911
chr1:138440 138440 1017 0.850000 0.017639 0.013230 0.124911
chr1:138783 138783 1020 0.850000 0.017639 0.013230 0.124911
chr1:138785 138785 1021 0.150000 0.013230 0.017639 -0.124911
chr1:139275 139275 1024 0.150000 0.013230 0.017639 -0.124911
chr1:139579 139579 1026 0.100000 0.020238 0.015771 0.108307
chr1:139680 139680 1028 0.850000 0.017639 0.014057 0.098568
chr1:140368 140368 1033 0.150000 0.014057 0.017639 -0.098568
chr1:140595 140595 1036 0.850000 0.017639 0.014057 0.098568
chr1:140662 140662 1037 0.850000 0.017639 0.014057 0.098568
chr1:140768 140768 1039 0.050000 0.000000 0.025513 -inf
chr1:140791 140791 1040 0.100000 0.020283 0.016939 0.078242
chr1:140813 140813 1041 0.900000 0.016939 0.020283 -0.078242
chr1:140932 140932 1042 0.050000 0.000000 0.027641 -inf
chr1:141473 141473 1046 0.100000 0.015588 0.016939 -0.036099
chr1:142048 142048 1050 0.900000 0.016939 0.015588 0.036099
chr1:142119 142119 1052 0.700000 0.018469 0.008691 0.327345
chr1:142556 142556 1054 0.900000 0.018012 0.015588 0.062760
chr1:142579 142579 1055 0.100000 0.015588 0.018012 -0.062760
chr1:142899 142899 1058 0.100000 0.015588 0.018012 -0.062760
chr1:143174 143174 1061 0.800000 0.017622 0.006257 0.449729
chr1:143275 143275 1063 0.800000 0.025929 0.064085 -0.392980
chr1:143460 143460 1066 0.050000 0.000000 0.027931 -inf
chr1:144132 144132 1074 0.100000 0.019888 0.020426 -0.011606
chr1:144378 144378 1076 0.100000 0.019888 0.020426 -0.011606
chr1:144711 144711 1081 0.050000 0.000000 0.026353 -inf
chr1:144719 144719 1082 0.100000 0.019888 0.020709 -0.017580
chr1:144726 144726 1083 0.100000 0.019888 0.020709 -0.017580
chr1:144847 144847 1086 0.900000 0.020709 0.019888 0.017580
chr1:145031 145031 1087 0.100000 0.019888 0.020709 -0.017580
chr1:145166 145166 1089 0.100000 0.019888 0.020709 -0.017580
chr1:145167 145167 1090 0.900000 0.020709 0.019888 0.017580
chr1:147126 147126 1102 0.150000 0.024181 0.017379 0.143460
chr1:147378 147378 1104 0.100000 0.019682 0.019128 0.012404
chr1:147577 147577 1106 0.050000 0.000000 0.026614 -inf
chr1:147793 147793 1107 0.150000 0.030076 0.018012 0.222672
chr1:149102 149102 1117 0.050000 0.000000 0.021850 -inf
chr1:149166 149166 1118 0.900000 0.014554 0.024904 -0.233282
chr1:149261 149261 1119 0.900000 0.017074 0.226383 -1.122512
chr1:150067 150067 1128 0.050000 0.000000 0.019516 -inf
chr1:150210 150210 1130 0.450000 0.029186 0.016226 0.254956
chr1:150220 150220 1131 0.900000 0.015989 0.153811 -0.983176
chr1:150914 150914 1137 0.050000 0.000000 0.022055 -inf
chr1:152462 152462 1157 0.050000 0.000000 0.021445 -inf
chr1:153068 153068 1162 0.050000 0.000000 0.021445 -inf
chr1:153259 153259 1165 0.050000 0.000000 0.021445 -inf
chr1:153760 153760 1168 0.050000 0.000000 0.021445 -inf
chr1:154035 154035 1171 0.850000 0.017870 0.150317 -0.924884
chr1:154544 154544 1176 0.050000 0.000000 0.022440 -inf
chr1:155113 155113 1181 0.450000 0.029314 0.019606 0.174687
chr1:155425 155425 1182 0.150000 0.167653 0.022123 0.879563
chr1:156324 156324 1187 0.050000 0.000000 0.022797 -inf
chr1:156485 156485 1188 0.050000 0.000000 0.024498 -inf
chr1:156799 156799 1189 0.150000 0.023142 0.018313 0.101641
chr1:157504 157504 1192 0.050000 0.000000 0.023390 -inf
chr1:158602 158602 1200 0.900000 0.015482 0.027773 -0.253802
chr1:158975 158975 1206 0.050000 0.000000 0.022647 -inf
chr1:160845 160845 1219 0.250000 0.013436 0.020458 -0.182583
chr1:161181 161181 1224 0.400000 0.042747 0.017963 0.376542
chr1:161589 161589 1227 0.050000 0.000000 0.026473 -inf
chr1:162403 162403 1231 0.050000 0.000000 0.025135 -inf
chr1:162420 162420 1232 0.050000 0.000000 0.027345 -inf
chr1:163483 163483 1240 0.750000 0.022332 0.015904 0.147418
chr1:164690 164690 1251 0.050000 0.000000 0.030721 -inf
chr1:164862 164862 1252 0.050000 0.000000 0.030565 -inf
chr1:165085 165085 1255 0.050000 0.000000 0.029440 -inf
chr1:165250 165250 1260 0.050000 0.000000 0.029440 -inf
chr1:165698 165698 1262 0.050000 0.000000 0.030135 -inf
chr1:165932 165932 1265 0.200000 0.030734 0.020177 0.182754
chr1:166541 166541 1271 0.150000 0.033860 0.022781 0.172115
chr1:167432 167432 1279 0.150000 0.033860 0.022781 0.172115
chr1:167450 167450 1281 0.100000 0.027306 0.021686 0.100070
chr1:167456 167456 1282 0.050000 0.000000 0.030315 -inf
chr1:167497 167497 1284 0.650000 0.031365 0.012322 0.405756
chr1:168770 168770 1290 0.200000 0.032881 0.021269 0.189190
chr1:168860 168860 1291 0.150000 0.033860 0.023688 0.155167
chr1:169358 169358 1296 0.800000 0.017976 0.032881 -0.262239
chr1:169440 169440 1297 0.150000 0.033860 0.023883 0.151606
chr1:169611 169611 1299 0.100000 0.041236 0.020918 0.294760
chr1:169780 169780 1301 0.200000 0.032881 0.018035 0.260828
chr1:169853 169853 1302 0.150000 0.038364 0.024442 0.195791
chr1:169947 169947 1303 0.150000 0.038364 0.024442 0.195791
chr1:170252 170252 1305 0.050000 0.000000 0.029908 -inf
chr1:170360 170360 1307 0.150000 0.038364 0.024661 0.191922
chr1:170643 170643 1309 0.150000 0.038364 0.024661 0.191922
chr1:171302 171302 1312 0.200000 0.032881 0.019131 0.235205
chr1:172046 172046 1315 0.200000 0.042404 0.018126 0.369113
chr1:172113 172113 1316 0.200000 0.029164 0.019810 0.167945
chr1:172407 172407 1317 0.050000 0.000000 0.025264 -inf
chr1:172839 172839 1321 0.100000 0.026958 0.016391 0.216095
chr1:172967 172967 1322 0.050000 0.000000 0.023423 -inf
chr1:173346 173346 1324 0.150000 0.038364 0.015728 0.387254
chr1:173367 173367 1325 0.050000 0.000000 0.023690 -inf
chr1:173505 173505 1327 0.500000 0.034721 0.010212 0.531476
chr1:174356 174356 1332 0.150000 0.010470 0.016531 -0.198344
chr1:175008 175008 1337 0.850000 0.017190 0.038364 -0.348666
chr1:175387 175387 1340 0.050000 0.000000 0.024712 -inf
chr1:175650 175650 1341 0.150000 0.038364 0.017308 0.345682
chr1:176160 176160 1346 0.150000 0.038364 0.017308 0.345682
chr1:176242 176242 1347 0.400000 0.053436 0.010394 0.711072
chr1:176319 176319 1348 0.100000 0.021083 0.010586 0.299184
chr1:176341 176341 1349 0.100000 0.032613 0.010188 0.505306
chr1:176420 176420 1350 0.700000 0.016611 0.004237 0.593351
chr1:176667 176667 1351 0.850000 0.011547 0.009098 0.103503
chr1:177130 177130 1353 0.050000 0.000000 0.020834 -inf
chr1:177179 177179 1355 0.100000 0.019412 0.010949 0.248718
chr1:177837 177837 1368 0.050000 0.000000 0.021147 -inf
chr1:178178 178178 1370 0.100000 0.021606 0.011229 0.284241
chr1:178629 178629 1373 0.900000 0.011229 0.021606 -0.284241
chr1:178741 178741 1374 0.100000 0.021606 0.011229 0.284241
chr1:179169 179169 1377 0.100000 0.021606 0.011229 0.284241
chr1:179173 179173 1378 0.100000 0.027877 0.010861 0.409403
chr1:179672 179672 1382 0.100000 0.019995 0.010483 0.280434
chr1:179744 179744 1384 0.350000 0.012515 0.017924 -0.156002
chr1:179880 179880 1386 0.100000 0.019995 0.010749 0.269535
chr1:180377 180377 1389 0.550000 0.026054 0.010422 0.397907
chr1:180586 180586 1391 0.100000 0.021606 0.011913 0.258540
chr1:180901 180901 1395 0.100000 0.021606 0.011913 0.258540
chr1:181004 181004 1396 0.350000 0.015289 0.018310 -0.078293
chr1:181105 181105 1397 0.100000 0.027877 0.010249 0.434558
chr1:181619 181619 1401 0.350000 0.015289 0.018264 -0.077210
chr1:181809 181809 1402 0.050000 0.000000 0.017601 -inf
chr1:182055 182055 1404 0.350000 0.014212 0.017639 -0.093806
chr1:182147 182147 1406 0.050000 0.000000 0.017977 -inf
chr1:182382 182382 1408 0.350000 0.017397 0.017725 -0.008113
chr1:182566 182566 1409 0.500000 0.030743 0.012157 0.402909
chr1:182684 182684 1411 0.400000 0.016683 0.020142 -0.081837
chr1:183063 183063 1416 0.450000 0.041979 0.012212 0.536253
chr1:183264 183264 1418 0.400000 0.016683 0.020658 -0.092807
chr1:183326 183326 1419 0.050000 0.000000 0.018975 -inf
chr1:183407 183407 1422 0.400000 0.016683 0.020541 -0.090344
chr1:183561 183561 1423 0.550000 0.026025 0.013730 0.277719
chr1:184151 184151 1426 0.400000 0.016683 0.020665 -0.092961
chr1:184284 184284 1427 0.050000 0.000000 0.017542 -inf
chr1:184416 184416 1429 0.400000 0.048115 0.010599 0.657016
chr1:184610 184610 1431 0.550000 0.024460 0.013270 0.265593
chr1:184626 184626 1432 0.400000 0.016683 0.020613 -0.091867
chr1:184839 184839 1436 0.400000 0.016683 0.020613 -0.091867
chr1:185020 185020 1437 0.550000 0.024460 0.013252 0.266187
chr1:185180 185180 1439 0.550000 0.024460 0.013252 0.266187
chr1:185941 185941 1441 0.050000 0.000000 0.018098 -inf
chr1:186109 186109 1442 0.450000 0.013353 0.024460 -0.262867
chr1:186374 186374 1444 0.050000 0.000000 0.019375 -inf
chr1:187568 187568 1451 0.650000 0.018585 0.011728 0.199932
chr1:188507 188507 1456 0.600000 0.024587 0.011535 0.328712
chr1:188746 188746 1457 0.250000 0.017573 0.018115 -0.013202
chr1:188837 188837 1461 0.050000 0.000000 0.020015 -inf
chr1:190207 190207 1467 0.050000 0.000000 0.020067 -inf
chr1:190294 190294 1468 0.650000 0.023508 0.011780 0.300083
chr1:190703 190703 1471 0.050000 0.000000 0.018890 -inf
chr1:190762 190762 1472 0.050000 0.000000 0.019356 -inf
chr1:190842 190842 1473 0.050000 0.000000 0.019381 -inf
chr1:191395 191395 1475 0.750000 0.017542 0.014872 0.071688
chr1:191449 191449 1476 0.250000 0.014872 0.017542 -0.071688
chr1:192054 192054 1480 0.250000 0.014872 0.017542 -0.071688
chr1:192384 192384 1484 0.150000 0.032213 0.013877 0.365737
chr1:192526 192526 1486 0.250000 0.015465 0.017542 -0.054705
chr1:193010 193010 1488 0.050000 0.000000 0.019777 -inf
chr1:193263 193263 1490 0.150000 0.032213 0.014122 0.358154
chr1:193314 193314 1492 0.650000 0.024025 0.010606 0.355113
chr1:193525 193525 1494 0.050000 0.000000 0.020375 -inf
chr1:194160 194160 1497 0.050000 0.000000 0.019878 -inf
chr1:194295 194295 1502 0.050000 0.000000 0.021841 -inf
chr1:194301 194301 1503 0.250000 0.016402 0.018959 -0.062904
chr1:194751 194751 1510 0.150000 0.032310 0.014966 0.334230
chr1:195424 195424 1515 0.650000 0.025142 0.010964 0.360451
chr1:195620 195620 1517 0.600000 0.026089 0.009147 0.455192
chr1:195722 195722 1519 0.900000 0.014369 0.026814 -0.270918
chr1:195910 195910 1520 0.700000 0.022353 0.013114 0.231608
chr1:196506 196506 1522 0.800000 0.015113 0.007256 0.318638
chr1:197388 197388 1528 0.650000 0.026755 0.011920 0.351112
chr1:197755 197755 1530 0.850000 0.016492 0.011950 0.139929
chr1:197771 197771 1531 0.150000 0.011950 0.016492 -0.139929
chr1:198438 198438 1538 0.150000 0.053668 0.014014 0.583164
chr1:198534 198534 1540 0.850000 0.016851 0.011950 0.149267
chr1:198566 198566 1541 0.750000 0.022788 0.040470 -0.249438
chr1:198709 198709 1543 0.800000 0.012399 0.006541 0.277762
chr1:198940 198940 1544 0.700000 0.013419 0.006568 0.310276
chr1:199126 199126 1546 0.200000 0.011720 0.011044 0.025807
chr1:199587 199587 1548 0.150000 0.019692 0.010064 0.291533
chr1:199870 199870 1550 0.200000 0.014650 0.011044 0.122725
chr1:200034 200034 1552 0.100000 0.022280 0.009589 0.366144
chr1:200066 200066 1553 0.150000 0.012941 0.011433 0.053811
chr1:200520 200520 1556 0.150000 0.053668 0.009451 0.754252
chr1:201185 201185 1561 0.300000 0.007984 0.015074 -0.275988
chr1:201758 201758 1565 0.050000 0.000000 0.020582 -inf
chr1:202140 202140 1568 0.250000 0.010603 0.013783 -0.113907
chr1:202608 202608 1569 0.200000 0.016463 0.012258 0.128092
chr1:202765 202765 1571 0.700000 0.015305 0.008993 0.230931
chr1:203297 203297 1573 0.500000 0.019849 0.007874 0.401527
chr1:203512 203512 1575 0.150000 0.053668 0.009377 0.757671
chr1:203709 203709 1578 0.450000 0.010308 0.016912 -0.215028
chr1:203780 203780 1579 0.050000 0.000000 0.018409 -inf
chr1:203898 203898 1580 0.050000 0.000000 0.018409 -inf
chr1:204805 204805 1582 0.050000 0.000000 0.017834 -inf
chr1:205518 205518 1585 0.450000 0.010774 0.016864 -0.194613
chr1:205583 205583 1587 0.050000 0.000000 0.018513 -inf
chr1:205795 205795 1590 0.300000 0.021774 0.012823 0.229948
chr1:205796 205796 1591 0.450000 0.013180 0.016864 -0.107052
chr1:205880 205880 1592 0.550000 0.016864 0.013180 0.107052
chr1:205891 205891 1593 0.500000 0.017364 0.010769 0.207484
chr1:206047 206047 1594 0.450000 0.013180 0.015305 -0.064926
chr1:206067 206067 1595 0.450000 0.025987 0.011996 0.335733
chr1:206505 206505 1599 0.450000 0.013053 0.015516 -0.075044
chr1:206569 206569 1600 0.350000 0.017941 0.011350 0.198832
chr1:206788 206788 1602 0.400000 0.012751 0.012957 -0.006963
chr1:207208 207208 1603 0.450000 0.014062 0.015516 -0.042733
chr1:207264 207264 1605 0.550000 0.015516 0.014062 0.042733
chr1:207385 207385 1606 0.550000 0.015516 0.014062 0.042733
chr1:207451 207451 1608 0.500000 0.016215 0.011372 0.154067
chr1:207515 207515 1609 0.550000 0.017170 0.014078 0.086247
chr1:208428 208428 1615 0.050000 0.000000 0.017884 -inf
chr1:210056 210056 1631 0.050000 0.000000 0.017624 -inf
chr1:210507 210507 1634 0.800000 0.018982 0.068379 -0.556593
chr1:210785 210785 1635 0.550000 0.021171 0.015797 0.127170
chr1:211203 211203 1639 0.050000 0.000000 0.019571 -inf
chr1:214547 214547 1648 0.750000 0.014957 0.018675 -0.096427
chr1:214853 214853 1651 0.100000 0.020874 0.012887 0.209473
chr1:214980 214980 1652 0.100000 0.028769 0.012321 0.368290
chr1:215182 215182 1656 0.100000 0.028769 0.012321 0.368290
chr1:215387 215387 1657 0.150000 0.063049 0.012500 0.702780
chr1:215488 215488 1659 0.100000 0.028769 0.011242 0.408092
chr1:215853 215853 1663 0.750000 0.016261 0.027377 -0.226238
chr1:216475 216475 1667 0.150000 0.012443 0.012508 -0.002285
chr1:216669 216669 1668 0.750000 0.016261 0.028650 -0.245986
chr1:217909 217909 1673 0.100000 0.014472 0.008823 0.214904
chr1:217938 217938 1674 0.100000 0.014472 0.008823 0.214904
chr1:218009 218009 1675 0.100000 0.014472 0.008823 0.214904
chr1:218262 218262 1677 0.850000 0.016028 0.127227 -0.899695
chr1:218444 218444 1680 0.100000 0.014536 0.008502 0.232948
chr1:218504 218504 1681 0.150000 0.063049 0.011127 0.753311
chr1:219404 219404 1686 0.050000 0.000000 0.018790 -inf
chr1:219476 219476 1688 0.050000 0.000000 0.019070 -inf
chr1:220233 220233 1693 0.600000 0.015631 0.008580 0.260511
chr1:220249 220249 1694 0.050000 0.000000 0.019196 -inf
chr1:220658 220658 1701 0.750000 0.009827 0.008376 0.069408
chr1:220775 220775 1702 0.650000 0.011394 0.013844 -0.084586
chr1:220844 220844 1703 0.200000 0.020341 0.009783 0.317876
chr1:221176 221176 1704 0.050000 0.000000 0.014531 -inf
chr1:221740 221740 1708 0.050000 0.000000 0.014531 -inf
chr1:221756 221756 1709 0.500000 0.015007 0.005060 0.472138
chr1:221769 221769 1710 0.050000 0.000000 0.014592 -inf
chr1:221945 221945 1711 0.850000 0.009831 0.075590 -0.885850
chr1:221968 221968 1712 0.600000 0.011690 0.005188 0.352765
chr1:222047 222047 1713 0.050000 0.000000 0.014674 -inf
chr1:222069 222069 1714 0.050000 0.000000 0.014674 -inf
chr1:222090 222090 1715 0.950000 0.014674 0.000000 inf
chr1:222139 222139 1716 0.050000 0.000000 0.014674 -inf
chr1:222550 222550 1720 0.950000 0.014674 0.000000 inf
chr1:222643 222643 1722 0.850000 0.006363 0.005470 0.065658
chr1:222742 222742 1725 0.200000 0.022870 0.008371 0.436483
chr1:223242 223242 1730 0.450000 0.025083 0.008487 0.470622
chr1:223258 223258 1731 0.950000 0.017052 0.000000 inf
chr1:223462 223462 1732 0.950000 0.017052 0.000000 inf
chr1:223467 223467 1733 0.950000 0.017052 0.000000 inf
chr1:223767 223767 1736 0.850000 0.012952 0.077238 -0.775486
chr1:225989 225989 1749 0.150000 0.014268 0.011366 0.098759
chr1:226102 226102 1750 0.200000 0.022870 0.012849 0.250405
chr1:226159 226159 1751 0.050000 0.000000 0.017764 -inf
chr1:226500 226500 1752 0.050000 0.000000 0.017764 -inf
chr1:226632 226632 1753 0.350000 0.006858 0.016024 -0.368548
chr1:226666 226666 1754 0.050000 0.000000 0.018831 -inf
chr1:226669 226669 1755 0.150000 0.009607 0.010348 -0.032269
chr1:227612 227612 1763 0.600000 0.016829 0.006884 0.388204
chr1:227757 227757 1765 0.050000 0.000000 0.019413 -inf
chr1:228018 228018 1771 0.300000 0.017284 0.017131 0.003883
chr1:229749 229749 1782 0.800000 0.018346 0.009395 0.290631
chr1:231840 231840 1793 0.900000 0.016074 0.019300 -0.079445
chr1:233643 233643 1800 0.850000 0.018616 0.013054 0.154152
chr1:233868 233868 1801 0.050000 0.000000 0.026747 -inf
chr1:235466 235466 1810 0.150000 0.010522 0.018616 -0.247800
chr1:235550 235550 1811 0.550000 0.029342 0.012134 0.383495
chr1:235974 235974 1812 0.150000 0.010522 0.017681 -0.225421
chr1:237195 237195 1818 0.100000 0.021414 0.015892 0.129513
chr1:237371 237371 1819 0.050000 0.000000 0.023386 -inf
chr1:237387 237387 1820 0.100000 0.021414 0.015672 0.135587
chr1:237871 237871 1823 0.050000 0.000000 0.023682 -inf
chr1:239339 239339 1829 0.050000 0.000000 0.024199 -inf
chr1:240013 240013 1832 0.050000 0.000000 0.024312 -inf
chr1:240365 240365 1835 0.050000 0.000000 0.024262 -inf
chr1:240383 240383 1837 0.050000 0.000000 0.024335 -inf
chr1:240578 240578 1841 0.900000 0.016492 0.015915 0.015475
chr1:241082 241082 1843 0.050000 0.000000 0.024337 -inf
chr1:241086 241086 1844 0.050000 0.000000 0.024401 -inf
chr1:241099 241099 1845 0.050000 0.000000 0.024401 -inf
chr1:241185 241185 1846 0.050000 0.000000 0.024401 -inf
chr1:241197 241197 1847 0.950000 0.023960 0.000000 inf
chr1:241271 241271 1849 0.050000 0.000000 0.023960 -inf
chr1:241321 241321 1850 0.050000 0.000000 0.023246 -inf
chr1:241404 241404 1851 0.050000 0.000000 0.023402 -inf
chr1:241777 241777 1855 0.050000 0.000000 0.023419 -inf
chr1:242325 242325 1858 0.950000 0.023626 0.000000 inf
chr1:242703 242703 1859 0.950000 0.023626 0.000000 inf
chr1:242965 242965 1861 0.050000 0.000000 0.022997 -inf
chr1:242997 242997 1863 0.950000 0.023736 0.000000 inf
chr1:243165 243165 1864 0.050000 0.000000 0.023620 -inf
chr1:243226 243226 1865 0.050000 0.000000 0.023769 -inf
chr1:243434 243434 1866 0.050000 0.000000 0.023769 -inf
chr1:243980 243980 1869 0.050000 0.000000 0.023769 -inf
chr1:243991 243991 1870 0.050000 0.000000 0.023582 -inf
chr1:244029 244029 1871 0.050000 0.000000 0.022903 -inf
chr1:244032 244032 1872 0.050000 0.000000 0.022472 -inf
chr1:244445 244445 1875 0.050000 0.000000 0.022570 -inf
chr1:244696 244696 1876 0.050000 0.000000 0.022570 -inf
chr1:244711 244711 1877 0.050000 0.000000 0.021652 -inf
chr1:245027 245027 1881 0.900000 0.013868 0.016424 -0.073467
chr1:245315 245315 1884 0.650000 0.020813 0.006339 0.516320
chr1:245877 245877 1886 0.050000 0.000000 0.023668 -inf
chr1:246762 246762 1889 0.800000 0.014694 0.009984 0.167822
chr1:247072 247072 1893 0.050000 0.000000 0.024614 -inf
chr1:248145 248145 1899 0.050000 0.000000 0.024777 -inf
chr1:248309 248309 1901 0.850000 0.016892 0.010771 0.195417
chr1:248402 248402 1902 0.150000 0.036384 0.013208 0.440063
chr1:248623 248623 1904 0.050000 0.000000 0.019659 -inf
chr1:248684 248684 1905 0.050000 0.000000 0.019676 -inf
chr1:248834 248834 1907 0.950000 0.019676 0.000000 inf
chr1:249534 249534 1908 0.750000 0.017087 0.005331 0.505898
chr1:249709 249709 1909 0.100000 0.020535 0.011687 0.244793
chr1:249835 249835 1910 0.050000 0.000000 0.018287 -inf
chr1:250000 250000 1911 0.650000 0.020667 0.003574 0.762105
chr1:250079 250079 1912 0.050000 0.000000 0.017447 -inf
chr1:250100 250100 1913 0.050000 0.000000 0.017447 -inf
chr1:250143 250143 1914 0.750000 0.015957 0.003169 0.701977
chr1:250288 250288 1915 0.050000 0.000000 0.017448 -inf
chr1:250306 250306 1916 0.050000 0.000000 0.017448 -inf
chr1:250313 250313 1917 0.150000 0.009859 0.012386 -0.099111
chr1:250436 250436 1920 0.050000 0.000000 0.017827 -inf
chr1:250621 250621 1922 0.050000 0.000000 0.017899 -inf
chr1:251351 251351 1932 0.050000 0.000000 0.018288 -inf
chr1:251454 251454 1933 0.600000 0.016943 0.007793 0.337299
chr1:251469 251469 1934 0.800000 0.011254 0.008607 0.116425
chr1:251475 251475 1935 0.100000 0.032312 0.010947 0.470078
chr1:251502 251502 1936 0.900000 0.010947 0.032312 -0.470078
chr1:251527 251527 1937 0.100000 0.032312 0.010947 0.470078
chr1:251770 251770 1939 0.050000 0.000000 0.018285 -inf
chr1:252845 252845 1944 0.100000 0.032312 0.011197 0.460247
chr1:253402 253402 1947 0.900000 0.011197 0.032312 -0.460247
chr1:253623 253623 1951 0.100000 0.063840 0.010165 0.797997
chr1:254212 254212 1954 0.050000 0.000000 0.019771 -inf
chr1:254286 254286 1955 0.050000 0.000000 0.019900 -inf
chr1:254854 254854 1959 0.900000 0.013081 0.032955 -0.401294
chr1:255156 255156 1962 0.100000 0.032955 0.013081 0.401294
chr1:255242 255242 1964 0.100000 0.032955 0.013081 0.401294
chr1:255621 255621 1968 0.050000 0.000000 0.020147 -inf
chr1:256222 256222 1972 0.100000 0.032955 0.013431 0.389826
chr1:256737 256737 1976 0.800000 0.014464 0.011201 0.111034
chr1:257121 257121 1979 0.750000 0.014092 0.017906 -0.104009
chr1:257558 257558 1985 0.050000 0.000000 0.022724 -inf
chr1:259628 259628 1994 0.700000 0.023848 0.011067 0.333420
chr1:260796 260796 2002 0.050000 0.000000 0.026224 -inf
chr1:262055 262055 2007 0.050000 0.000000 0.026761 -inf
chr1:262190 262190 2009 0.100000 0.033094 0.019862 0.221737
chr1:262524 262524 2011 0.050000 0.000000 0.027123 -inf
chr1:263874 263874 2024 0.700000 0.024246 0.015188 0.203131
chr1:264650 264650 2031 0.900000 0.021315 0.033094 -0.191068
chr1:265194 265194 2035 0.100000 0.033094 0.021315 0.191068
chr1:265351 265351 2037 0.800000 0.030513 0.076036 -0.396537
chr1:265538 265538 2039 0.900000 0.028203 0.377184 -1.126263
chr1:266462 266462 2045 0.150000 0.020748 0.023983 -0.062939
chr1:266570 266570 2047 0.900000 0.023674 0.033843 -0.155184
chr1:267733 267733 2054 0.100000 0.033843 0.023674 0.155184
chr1:267866 267866 2055 0.050000 0.000000 0.029043 -inf
chr1:268030 268030 2056 0.050000 0.000000 0.027818 -inf
chr1:269093 269093 2067 0.050000 0.000000 0.026432 -inf
chr1:270393 270393 2072 0.700000 0.024244 0.015912 0.182895
chr1:270824 270824 2076 0.100000 0.033843 0.021881 0.189399
chr1:271676 271676 2083 0.900000 0.021638 0.072288 -0.523846
chr1:273468 273468 2097 0.700000 0.021781 0.027279 -0.097762
chr1:274310 274310 2101 0.050000 0.000000 0.031272 -inf
chr1:275119 275119 2106 0.900000 0.023687 0.035771 -0.179024
chr1:275171 275171 2107 0.700000 0.027469 0.020398 0.129248
chr1:275206 275206 2108 0.650000 0.028814 0.015809 0.260692
chr1:275498 275498 2110 0.150000 0.154020 0.019741 0.892211
chr1:275917 275917 2111 0.200000 0.013729 0.016788 -0.087365
chr1:276891 276891 2117 0.050000 0.000000 0.017842 -inf
chr1:277055 277055 2118 0.900000 0.012802 0.017239 -0.129249
chr1:277068 277068 2119 0.150000 0.031292 0.013022 0.380765
chr1:277165 277165 2122 0.200000 0.010741 0.015239 -0.151912
chr1:277234 277234 2124 0.050000 0.000000 0.017252 -inf
chr1:277789 277789 2128 0.900000 0.012364 0.018075 -0.164931
chr1:277967 277967 2130 0.900000 0.018460 0.377184 -1.310322
chr1:278539 278539 2133 0.050000 0.000000 0.018456 -inf
chr1:278669 278669 2134 0.800000 0.016448 0.013634 0.081511
chr1:278754 278754 2136 0.200000 0.013634 0.016448 -0.081511
chr1:279463 279463 2139 0.500000 0.036731 0.007267 0.703668
chr1:279589 279589 2140 0.700000 0.019195 0.007201 0.425773
chr1:280049 280049 2142 0.050000 0.000000 0.019378 -inf
chr1:280668 280668 2144 0.850000 0.019241 0.136808 -0.851873
chr1:280925 280925 2145 0.100000 0.086332 0.010114 0.931257
chr1:281585 281585 2148 0.200000 0.012410 0.011695 0.025755
chr1:281628 281628 2149 0.200000 0.012410 0.011695 0.025755
chr1:281996 281996 2153 0.050000 0.000000 0.015647 -inf
chr1:282250 282250 2157 0.150000 0.136808 0.013828 0.995349
chr1:282658 282658 2162 0.150000 0.013307 0.011116 0.078138
chr1:282886 282886 2163 0.250000 0.033761 0.008988 0.574777
chr1:283495 283495 2166 0.050000 0.000000 0.015635 -inf
chr1:283767 283767 2167 0.750000 0.016235 0.044037 -0.433350
chr1:284028 284028 2169 0.050000 0.000000 0.013937 -inf
chr1:284557 284557 2174 0.800000 0.017891 0.068888 -0.585516
chr1:284600 284600 2176 0.150000 0.136808 0.016559 0.917079
chr1:287605 287605 2193 0.200000 0.019627 0.009890 0.297648
chr1:287667 287667 2195 0.200000 0.019627 0.009890 0.297648
chr1:287956 287956 2198 0.050000 0.000000 0.017411 -inf
chr1:288225 288225 2200 0.450000 0.016295 0.009451 0.236561
chr1:288505 288505 2205 0.150000 0.018672 0.009404 0.297880
chr1:288548 288548 2206 0.050000 0.000000 0.016879 -inf
chr1:289282 289282 2215 0.150000 0.018954 0.008907 0.327938
chr1:289547 289547 2218 0.150000 0.136808 0.017326 0.897403
chr1:289741 289741 2219 0.150000 0.019618 0.009214 0.328200
chr1:290133 290133 2221 0.150000 0.011899 0.006990 0.231015
chr1:290238 290238 2222 0.350000 0.021487 0.007672 0.447244
chr1:290334 290334 2223 0.200000 0.013139 0.007999 0.215515
chr1:290601 290601 2225 0.200000 0.013139 0.007999 0.215515
chr1:290681 290681 2226 0.150000 0.016216 0.007111 0.357995
chr1:291156 291156 2231 0.500000 0.015808 0.006874 0.361655
chr1:291325 291325 2232 0.800000 0.010051 0.020533 -0.310238
chr1:292504 292504 2238 0.050000 0.000000 0.015509 -inf
chr1:293643 293643 2243 0.050000 0.000000 0.016001 -inf
chr1:293670 293670 2244 0.500000 0.015808 0.008257 0.282046
chr1:293933 293933 2246 0.300000 0.010423 0.009116 0.058176
chr1:294073 294073 2247 0.200000 0.020533 0.008549 0.380549
chr1:294342 294342 2250 0.200000 0.020533 0.008549 0.380549
chr1:294882 294882 2253 0.050000 0.000000 0.013966 -inf
chr1:294963 294963 2255 0.050000 0.000000 0.014106 -inf
chr1:295178 295178 2256 0.200000 0.020533 0.008746 0.370653
chr1:295370 295370 2259 0.550000 0.013537 0.006864 0.294951
chr1:295433 295433 2260 0.100000 0.013463 0.006156 0.339870
chr1:295467 295467 2261 0.050000 0.000000 0.013912 -inf
chr1:295799 295799 2263 0.200000 0.020533 0.008029 0.407801
chr1:295888 295888 2264 0.100000 0.009642 0.006362 0.180614
chr1:296168 296168 2268 0.400000 0.013285 0.004067 0.514135
chr1:296289 296289 2270 0.200000 0.020533 0.009663 0.327340
chr1:296760 296760 2276 0.050000 0.000000 0.014755 -inf
chr1:296765 296765 2277 0.050000 0.000000 0.014755 -inf
chr1:297361 297361 2280 0.500000 0.019161 0.007877 0.386060
chr1:298519 298519 2290 0.200000 0.020533 0.010930 0.273818
chr1:298876 298876 2292 0.050000 0.000000 0.015528 -inf
chr1:298910 298910 2293 0.700000 0.012653 0.011647 0.035985
chr1:299017 299017 2294 0.050000 0.000000 0.015547 -inf
chr1:299250 299250 2295 0.150000 0.031909 0.008079 0.596532
chr1:300219 300219 2302 0.100000 0.017606 0.006476 0.434346
chr1:300232 300232 2303 0.700000 0.009679 0.011750 -0.084213
chr1:300393 300393 2305 0.050000 0.000000 0.013780 -inf
chr1:300455 300455 2306 0.050000 0.000000 0.013133 -inf
chr1:300530 300530 2308 0.200000 0.016661 0.007877 0.325334
chr1:300562 300562 2309 0.150000 0.031909 0.007012 0.658063
chr1:300632 300632 2310 0.200000 0.022217 0.007877 0.450318
chr1:301073 301073 2313 0.200000 0.022217 0.007877 0.450318
chr1:301173 301173 2314 0.100000 0.013598 0.005905 0.362258
chr1:301657 301657 2316 0.250000 0.014041 0.008367 0.224829
chr1:302242 302242 2320 0.100000 0.018374 0.005890 0.494127
chr1:302324 302324 2321 0.700000 0.010211 0.009879 0.014374
chr1:302425 302425 2322 0.200000 0.022217 0.007846 0.452044
chr1:302837 302837 2326 0.700000 0.010211 0.010011 0.008586
chr1:303257 303257 2329 0.350000 0.014519 0.006106 0.376185
chr1:303930 303930 2338 0.050000 0.000000 0.015734 -inf
chr1:304673 304673 2342 0.050000 0.000000 0.015796 -inf
chr1:304705 304705 2344 0.650000 0.011646 0.008314 0.146354
chr1:305474 305474 2349 0.050000 0.000000 0.018919 -inf
chr1:305596 305596 2350 0.200000 0.022217 0.012193 0.260573
chr1:305765 305765 2352 0.050000 0.000000 0.016261 -inf
chr1:305787 305787 2353 0.800000 0.012217 0.022217 -0.259728
chr1:305871 305871 2354 0.200000 0.022217 0.012217 0.259728
chr1:305926 305926 2355 0.750000 0.013434 0.013841 -0.012938
chr1:306725 306725 2358 0.750000 0.013434 0.013841 -0.012938
chr1:307017 307017 2359 0.200000 0.014629 0.011791 0.093660
chr1:307197 307197 2363 0.800000 0.011736 0.021693 -0.266789
chr1:307709 307709 2365 0.100000 0.019212 0.008202 0.369637
chr1:307757 307757 2366 0.050000 0.000000 0.016587 -inf
chr1:308308 308308 2368 0.800000 0.012861 0.021693 -0.227059
chr1:308531 308531 2369 0.200000 0.021693 0.012861 0.227059
chr1:308671 308671 2370 0.750000 0.014159 0.013214 0.029992
chr1:308735 308735 2373 0.150000 0.146390 0.014673 0.998981
chr1:309094 309094 2374 0.950000 0.017123 0.000000 inf
chr1:309362 309362 2376 0.050000 0.000000 0.017123 -inf
chr1:309418 309418 2377 0.150000 0.146390 0.014717 0.997696
chr1:309868 309868 2378 0.050000 0.000000 0.015492 -inf
chr1:310049 310049 2380 0.050000 0.000000 0.015492 -inf
chr1:310116 310116 2381 0.050000 0.000000 0.015492 -inf
chr1:310166 310166 2382 0.050000 0.000000 0.014883 -inf
chr1:310252 310252 2383 0.050000 0.000000 0.014922 -inf
chr1:310304 310304 2384 0.050000 0.000000 0.014414 -inf
chr1:310356 310356 2385 0.850000 0.007213 0.009854 -0.135498
chr1:310558 310558 2387 0.850000 0.007739 0.005922 0.116186
chr1:310933 310933 2389 0.050000 0.000000 0.013905 -inf
chr1:312829 312829 2399 0.200000 0.021693 0.010164 0.329267
chr1:313212 313212 2403 0.050000 0.000000 0.016197 -inf
chr1:313433 313433 2405 0.100000 0.013100 0.010529 0.094890
chr1:313946 313946 2410 0.050000 0.000000 0.017551 -inf
chr1:314110 314110 2411 0.050000 0.000000 0.017862 -inf
chr1:315053 315053 2416 0.050000 0.000000 0.017106 -inf
chr1:315463 315463 2419 0.300000 0.017025 0.011899 0.155560
chr1:316177 316177 2422 0.050000 0.000000 0.018864 -inf
chr1:316244 316244 2423 0.050000 0.000000 0.019808 -inf
chr1:316506 316506 2425 0.050000 0.000000 0.018927 -inf
chr1:317767 317767 2431 0.100000 0.018054 0.012109 0.173451
chr1:318358 318358 2436 0.100000 0.013799 0.013738 0.001893
chr1:319180 319180 2440 0.350000 0.016779 0.013854 0.083200
chr1:319888 319888 2444 0.400000 0.022314 0.013702 0.211771
chr1:319919 319919 2445 0.400000 0.022314 0.013702 0.211771
chr1:320454 320454 2449 0.050000 0.000000 0.015376 -inf
chr1:320551 320551 2451 0.900000 0.007485 0.008342 -0.047075
chr1:320606 320606 2452 0.300000 0.019168 0.009648 0.298161
chr1:320674 320674 2453 0.600000 0.011909 0.014029 -0.071136
chr1:321680 321680 2463 0.950000 0.014698 0.000000 inf
chr1:322071 322071 2469 0.950000 0.014698 0.000000 inf
chr1:322432 322432 2474 0.050000 0.000000 0.014725 -inf
chr1:323072 323072 2479 0.050000 0.000000 0.015247 -inf
chr1:323105 323105 2480 0.400000 0.014029 0.012588 0.047073
chr1:323500 323500 2483 0.850000 0.006404 0.004100 0.193636
chr1:323663 323663 2484 0.050000 0.000000 0.014905 -inf
chr1:323679 323679 2485 0.950000 0.014905 0.000000 inf
chr1:324080 324080 2488 0.450000 0.016595 0.010952 0.180492
chr1:324090 324090 2489 0.200000 0.015985 0.007095 0.352766
chr1:324425 324425 2491 0.050000 0.000000 0.012509 -inf
chr1:324743 324743 2495 0.350000 0.010148 0.007914 0.107962
chr1:325262 325262 2498 0.500000 0.011899 0.010586 0.050774
chr1:325395 325395 2499 0.050000 0.000000 0.012970 -inf
chr1:325475 325475 2501 0.400000 0.013080 0.007567 0.237646
chr1:326203 326203 2503 0.150000 0.037830 0.007266 0.716534
chr1:326213 326213 2504 0.050000 0.000000 0.013660 -inf
chr1:326270 326270 2505 0.050000 0.000000 0.013455 -inf
chr1:326719 326719 2506 0.400000 0.012589 0.008091 0.191985
chr1:326754 326754 2507 0.250000 0.070656 0.013644 0.714223
chr1:327023 327023 2508 0.050000 0.000000 0.014150 -inf
chr1:327525 327525 2510 0.500000 0.011640 0.014269 -0.088416
chr1:327673 327673 2511 0.450000 0.014689 0.012605 0.066456
chr1:327903 327903 2514 0.050000 0.000000 0.014200 -inf
chr1:327907 327907 2515 0.200000 0.012883 0.008478 0.181738
chr1:328354 328354 2519 0.050000 0.000000 0.014474 -inf
chr1:328684 328684 2521 0.500000 0.014580 0.011191 0.114900
chr1:328787 328787 2523 0.500000 0.011191 0.014580 -0.114900
chr1:328997 328997 2525 0.200000 0.013548 0.009025 0.176450
chr1:329441 329441 2529 0.100000 0.021941 0.007288 0.478678
chr1:329647 329647 2530 0.050000 0.000000 0.015026 -inf
chr1:329705 329705 2531 0.150000 0.025019 0.008022 0.494017
chr1:329761 329761 2534 0.400000 0.019323 0.007660 0.401863
chr1:329931 329931 2538 0.150000 0.008970 0.008643 0.016105
chr1:330099 330099 2540 0.050000 0.000000 0.015622 -inf
chr1:330153 330153 2541 0.050000 0.000000 0.015318 -inf
chr1:331343 331343 2551 0.400000 0.019323 0.008630 0.350072
chr1:331461 331461 2552 0.050000 0.000000 0.016083 -inf
chr1:331521 331521 2553 0.050000 0.000000 0.015748 -inf
chr1:331604 331604 2556 0.050000 0.000000 0.015748 -inf
chr1:332681 332681 2563 0.500000 0.012423 0.013354 -0.031365
chr1:333529 333529 2572 0.050000 0.000000 0.016552 -inf
chr1:333699 333699 2574 0.250000 0.070656 0.014865 0.676980
chr1:333782 333782 2576 0.050000 0.000000 0.016880 -inf
chr1:334080 334080 2579 0.150000 0.164752 0.014657 1.050782
chr1:334330 334330 2580 0.850000 0.012474 0.007289 0.233335
chr1:334424 334424 2581 0.100000 0.015808 0.011083 0.154222
chr1:334482 334482 2582 0.150000 0.009494 0.011916 -0.098666
chr1:335513 335513 2592 0.250000 0.007204 0.013653 -0.277662
chr1:336842 336842 2597 0.050000 0.000000 0.018657 -inf
chr1:337253 337253 2600 0.050000 0.000000 0.019575 -inf
chr1:337557 337557 2603 0.050000 0.000000 0.019575 -inf
chr1:337865 337865 2606 0.800000 0.013135 0.006970 0.275195
chr1:337919 337919 2607 0.950000 0.020124 0.000000 inf
chr1:338006 338006 2608 0.050000 0.000000 0.020124 -inf
chr1:338118 338118 2609 0.850000 0.013037 0.007998 0.212201
chr1:339200 339200 2618 0.050000 0.000000 0.019566 -inf
chr1:339213 339213 2619 0.050000 0.000000 0.019566 -inf
chr1:339327 339327 2622 0.050000 0.000000 0.019566 -inf
chr1:339580 339580 2624 0.950000 0.019566 0.000000 inf
chr1:339589 339589 2625 0.950000 0.019566 0.000000 inf
chr1:340200 340200 2633 0.200000 0.015083 0.012736 0.073460
chr1:340415 340415 2636 0.350000 0.018656 0.013914 0.127364
chr1:343311 343311 2658 0.850000 0.015466 0.011286 0.136831
chr1:343958 343958 2663 0.050000 0.000000 0.023581 -inf
chr1:344138 344138 2665 0.950000 0.023581 0.000000 inf
chr1:344396 344396 2667 0.950000 0.023581 0.000000 inf
chr1:344695 344695 2669 0.100000 0.064121 0.014592 0.642898
chr1:345389 345389 2674 0.250000 0.032498 0.014520 0.349888
chr1:345621 345621 2676 0.050000 0.000000 0.023564 -inf
chr1:345646 345646 2677 0.150000 0.026448 0.016385 0.207943
chr1:345700 345700 2678 0.100000 0.064121 0.014568 0.643594
chr1:345878 345878 2680 0.100000 0.064121 0.014568 0.643594
chr1:345896 345896 2681 0.150000 0.022032 0.016385 0.128609
chr1:345928 345928 2682 0.850000 0.016385 0.022032 -0.128609
chr1:346024 346024 2684 0.050000 0.000000 0.019946 -inf
chr1:346213 346213 2686 0.250000 0.019587 0.012976 0.178839
chr1:346773 346773 2690 0.150000 0.026513 0.016037 0.218337
chr1:347302 347302 2693 0.350000 0.033323 0.011106 0.477203
chr1:347655 347655 2697 0.250000 0.046934 0.012430 0.577001
chr1:347702 347702 2698 0.700000 0.018995 0.009980 0.279524
chr1:347928 347928 2701 0.200000 0.014568 0.014832 -0.007820
chr1:348336 348336 2704 0.450000 0.017072 0.012655 0.130006
chr1:348414 348414 2705 0.050000 0.000000 0.019432 -inf
chr1:348535 348535 2707 0.700000 0.016299 0.008714 0.271910
chr1:348831 348831 2708 0.250000 0.019587 0.010219 0.282540
chr1:348839 348839 2709 0.650000 0.013139 0.006698 0.292612
chr1:349228 349228 2714 0.250000 0.038333 0.007547 0.705790
chr1:349381 349381 2715 0.050000 0.000000 0.017018 -inf
chr1:349767 349767 2719 0.450000 0.012909 0.009293 0.142749
chr1:349843 349843 2720 0.700000 0.011830 0.008982 0.119582
chr1:350639 350639 2721 0.450000 0.013665 0.010042 0.133792
chr1:351261 351261 2729 0.250000 0.013996 0.008829 0.200120
chr1:351323 351323 2730 0.250000 0.013996 0.008829 0.200120
chr1:351529 351529 2731 0.300000 0.027834 0.008338 0.523545
chr1:351587 351587 2733 0.300000 0.027834 0.008338 0.523545
chr1:351757 351757 2734 0.450000 0.012909 0.009886 0.115855
chr1:352121 352121 2736 0.250000 0.040656 0.007921 0.710359
chr1:352168 352168 2737 0.700000 0.009053 0.028034 -0.490889
chr1:352434 352434 2739 0.050000 0.000000 0.011965 -inf
chr1:352515 352515 2740 0.050000 0.000000 0.011966 -inf
chr1:352640 352640 2741 0.300000 0.028034 0.008654 0.510457
chr1:352725 352725 2742 0.050000 0.000000 0.012595 -inf
chr1:353621 353621 2747 0.150000 0.016859 0.006902 0.387859
chr1:353981 353981 2750 0.550000 0.009818 0.012625 -0.109232
chr1:354045 354045 2752 0.250000 0.040656 0.008134 0.698806
chr1:354098 354098 2753 0.100000 0.064121 0.006200 1.014609
chr1:354261 354261 2755 0.300000 0.027809 0.008632 0.508079
chr1:354377 354377 2756 0.150000 0.016859 0.007605 0.345721
chr1:354671 354671 2760 0.150000 0.016859 0.007605 0.345721
chr1:354800 354800 2762 0.050000 0.000000 0.012692 -inf
chr1:355107 355107 2767 0.550000 0.010986 0.012699 -0.062937
chr1:355210 355210 2768 0.550000 0.010986 0.012699 -0.062937
chr1:355268 355268 2769 0.100000 0.038245 0.006245 0.787047
chr1:355735 355735 2772 0.250000 0.040656 0.007668 0.724448
chr1:355743 355743 2773 0.550000 0.010986 0.013883 -0.101619
chr1:355933 355933 2775 0.400000 0.015393 0.008178 0.274682
chr1:356342 356342 2776 0.200000 0.015651 0.008813 0.249407
chr1:356374 356374 2777 0.800000 0.008813 0.015651 -0.249407
chr1:356478 356478 2778 0.800000 0.008813 0.015651 -0.249407
chr1:356700 356700 2781 0.200000 0.048663 0.008146 0.776265
chr1:356893 356893 2783 0.050000 0.000000 0.013570 -inf
chr1:357113 357113 2785 0.150000 0.029830 0.009634 0.490830
chr1:357854 357854 2789 0.050000 0.000000 0.013833 -inf
chr1:358009 358009 2792 0.150000 0.029830 0.009927 0.477855
chr1:358405 358405 2793 0.500000 0.014695 0.014830 -0.003960
chr1:358714 358714 2797 0.150000 0.029830 0.009270 0.507570
chr1:359268 359268 2802 0.050000 0.000000 0.014312 -inf
chr1:359316 359316 2803 0.900000 0.008791 0.024096 -0.437924
chr1:359832 359832 2805 0.500000 0.014100 0.016159 -0.059211
chr1:360821 360821 2818 0.250000 0.021077 0.010846 0.288559
chr1:361567 361567 2823 0.250000 0.021321 0.011121 0.282671
chr1:361623 361623 2825 0.100000 0.024096 0.011130 0.335448
chr1:362346 362346 2830 0.150000 0.029830 0.011129 0.428209
chr1:362377 362377 2831 0.500000 0.017225 0.017031 0.004919
chr1:363039 363039 2836 0.250000 0.053917 0.011242 0.680869
chr1:363334 363334 2839 0.050000 0.000000 0.015071 -inf
chr1:363816 363816 2842 0.250000 0.055473 0.011242 0.693228
chr1:364081 364081 2845 0.050000 0.000000 0.015474 -inf
chr1:364353 364353 2847 0.600000 0.013774 0.026684 -0.287179
chr1:364506 364506 2848 0.400000 0.016627 0.013515 0.090021
chr1:365066 365066 2853 0.050000 0.000000 0.014897 -inf
chr1:365622 365622 2856 0.150000 0.029830 0.009863 0.480662
chr1:366196 366196 2857 0.150000 0.144865 0.014931 0.986867
chr1:366728 366728 2861 0.600000 0.011199 0.027695 -0.393212
chr1:367247 367247 2865 0.200000 0.081164 0.010400 0.892320
chr1:367833 367833 2870 0.050000 0.000000 0.018899 -inf
chr1:368109 368109 2871 0.150000 0.029830 0.011561 0.411673
chr1:368798 368798 2876 0.100000 0.016694 0.008641 0.286010
chr1:369583 369583 2883 0.150000 0.029830 0.012199 0.388315
chr1:370300 370300 2886 0.600000 0.012491 0.025961 -0.317740
chr1:370792 370792 2890 0.600000 0.012491 0.025961 -0.317740
chr1:371261 371261 2892 0.400000 0.025961 0.012491 0.317740
chr1:372271 372271 2898 0.100000 0.016694 0.010459 0.203067
chr1:372339 372339 2899 0.850000 0.013614 0.029830 -0.340680
chr1:372442 372442 2900 0.050000 0.000000 0.018863 -inf
chr1:372545 372545 2901 0.050000 0.000000 0.017600 -inf
chr1:373276 373276 2908 0.300000 0.012660 0.011990 0.023599
chr1:373708 373708 2910 0.450000 0.011929 0.017397 -0.163892
chr1:373770 373770 2911 0.600000 0.012070 0.025249 -0.320548
chr1:373810 373810 2912 0.050000 0.000000 0.015914 -inf
chr1:373952 373952 2913 0.100000 0.015043 0.007250 0.316994
chr1:374711 374711 2917 0.600000 0.011586 0.025249 -0.338320
chr1:375402 375402 2923 0.250000 0.060483 0.009449 0.806244
chr1:375902 375902 2928 0.150000 0.144865 0.016792 0.935866
chr1:376365 376365 2931 0.150000 0.029830 0.010444 0.455802
chr1:376451 376451 2933 0.700000 0.010527 0.041283 -0.593475
chr1:376781 376781 2935 0.250000 0.060483 0.010836 0.746749
chr1:377002 377002 2936 0.200000 0.082629 0.019884 0.618626
chr1:377350 377350 2941 0.150000 0.029830 0.009764 0.485034
chr1:378027 378027 2944 0.100000 0.015043 0.008705 0.237537
chr1:378945 378945 2953 0.200000 0.082629 0.021021 0.594475
chr1:379490 379490 2957 0.350000 0.032566 0.010876 0.476289
chr1:379665 379665 2958 0.050000 0.000000 0.018778 -inf
chr1:379741 379741 2959 0.200000 0.023356 0.012737 0.263335
chr1:379772 379772 2960 0.200000 0.023356 0.012737 0.263335
chr1:379992 379992 2964 0.050000 0.000000 0.014312 -inf
chr1:380159 380159 2967 0.250000 0.014244 0.013208 0.032769
chr1:380396 380396 2969 0.050000 0.000000 0.014453 -inf
chr1:380400 380400 2970 0.050000 0.000000 0.015098 -inf
chr1:380551 380551 2971 0.150000 0.021221 0.010390 0.310152
chr1:380726 380726 2972 0.200000 0.012815 0.011744 0.037885
chr1:381640 381640 2977 0.750000 0.013208 0.008159 0.209215
chr1:381879 381879 2980 0.050000 0.000000 0.014246 -inf
chr1:381905 381905 2981 0.250000 0.008429 0.013208 -0.195063
chr1:381981 381981 2982 0.250000 0.008429 0.013208 -0.195063
chr1:381989 381989 2983 0.150000 0.029170 0.008442 0.538481
chr1:382084 382084 2984 0.050000 0.000000 0.013322 -inf
chr1:382115 382115 2985 0.650000 0.014063 0.006279 0.350189
chr1:382272 382272 2987 0.250000 0.008954 0.011462 -0.107264
chr1:382665 382665 2990 0.050000 0.000000 0.013483 -inf
chr1:382814 382814 2991 0.200000 0.081164 0.007029 1.062451
chr1:382879 382879 2992 0.550000 0.011188 0.017207 -0.186947
chr1:385002 385002 3006 0.200000 0.082629 0.013356 0.791441
chr1:385115 385115 3009 0.600000 0.010256 0.021199 -0.315335
chr1:385201 385201 3010 0.200000 0.082629 0.013642 0.782250
chr1:385649 385649 3012 0.300000 0.037683 0.007943 0.676150
chr1:385746 385746 3014 0.050000 0.000000 0.013235 -inf
chr1:385833 385833 3015 0.350000 0.028213 0.008037 0.545347
chr1:386252 386252 3019 0.150000 0.030395 0.007824 0.589351
chr1:386309 386309 3021 0.050000 0.000000 0.013274 -inf
chr1:386861 386861 3022 0.050000 0.000000 0.013445 -inf
chr1:386963 386963 3023 0.600000 0.007459 0.021209 -0.453819
chr1:386981 386981 3024 0.700000 0.006614 0.031805 -0.682050
chr1:387205 387205 3025 0.150000 0.134381 0.011904 1.052638
chr1:387226 387226 3026 0.050000 0.000000 0.011340 -inf
chr1:387289 387289 3027 0.400000 0.016905 0.008148 0.316958
chr1:387373 387373 3028 0.100000 0.015511 0.004225 0.564830
chr1:387509 387509 3029 0.250000 0.020262 0.006141 0.518419
chr1:387605 387605 3031 0.400000 0.020942 0.008174 0.408566
chr1:387965 387965 3035 0.400000 0.020942 0.008174 0.408566
chr1:388559 388559 3039 0.050000 0.000000 0.014101 -inf
chr1:389446 389446 3043 0.200000 0.076788 0.017028 0.654142
chr1:389718 389718 3044 0.200000 0.076788 0.017028 0.654142
chr1:389970 389970 3046 0.300000 0.033595 0.018368 0.262227
chr1:392842 392842 3063 0.700000 0.018368 0.033595 -0.262227
chr1:393228 393228 3066 0.050000 0.000000 0.016314 -inf
chr1:394494 394494 3075 0.150000 0.032371 0.009775 0.520056
chr1:395165 395165 3080 0.650000 0.015923 0.012049 0.121062
chr1:395211 395211 3081 0.050000 0.000000 0.019285 -inf
chr1:395248 395248 3082 0.050000 0.000000 0.019112 -inf
chr1:396154 396154 3089 0.200000 0.076788 0.019999 0.584286
chr1:396498 396498 3090 0.050000 0.000000 0.018752 -inf
chr1:397408 397408 3096 0.050000 0.000000 0.018617 -inf
chr1:397909 397909 3101 0.050000 0.000000 0.018679 -inf
chr1:398488 398488 3103 0.050000 0.000000 0.020003 -inf
chr1:398528 398528 3104 0.050000 0.000000 0.019489 -inf
chr1:399972 399972 3110 0.100000 0.377184 0.018745 1.303664
chr1:400031 400031 3112 0.200000 0.092808 0.020415 0.657638
chr1:400262 400262 3114 0.050000 0.000000 0.020254 -inf
chr1:400653 400653 3122 0.200000 0.092808 0.020961 0.646169
chr1:400901 400901 3124 0.700000 0.022279 0.045211 -0.307343
chr1:401214 401214 3125 0.250000 0.061614 0.022986 0.428222
chr1:403125 403125 3134 0.050000 0.000000 0.019210 -inf
chr1:403378 403378 3136 0.750000 0.023828 0.061614 -0.412591
chr1:404451 404451 3143 0.200000 0.092808 0.023134 0.603327
chr1:405333 405333 3150 0.650000 0.019868 0.016658 0.076517
chr1:405379 405379 3151 0.050000 0.000000 0.020199 -inf
chr1:405469 405469 3152 0.750000 0.024306 0.055768 -0.360680
chr1:405598 405598 3154 0.050000 0.000000 0.019434 -inf
chr1:405832 405832 3156 0.050000 0.000000 0.019434 -inf
chr1:406605 406605 3163 0.850000 0.013030 0.008505 0.185269
chr1:407109 407109 3164 0.050000 0.000000 0.020070 -inf
chr1:407251 407251 3165 0.100000 0.016268 0.013240 0.089431
chr1:407417 407417 3167 0.800000 0.014276 0.004627 0.489267
chr1:407532 407532 3168 0.600000 0.021680 0.010979 0.295504
chr1:408678 408678 3175 0.100000 0.016113 0.012518 0.109635
chr1:409723 409723 3180 0.550000 0.018057 0.011222 0.206583
chr1:409913 409913 3182 0.450000 0.018238 0.010602 0.235594
chr1:410063 410063 3183 0.200000 0.092808 0.025483 0.561341
chr1:411106 411106 3188 0.200000 0.092808 0.025483 0.561341
chr1:411111 411111 3189 0.550000 0.019582 0.010736 0.260993
chr1:411383 411383 3191 0.600000 0.016717 0.012180 0.137519
chr1:411385 411385 3192 0.100000 0.054802 0.010308 0.725633
chr1:412339 412339 3199 0.800000 0.012061 0.006626 0.260133
chr1:412876 412876 3203 0.050000 0.000000 0.016488 -inf
chr1:413433 413433 3206 0.050000 0.000000 0.019253 -inf
chr1:413873 413873 3208 0.050000 0.000000 0.019611 -inf
chr1:414521 414521 3209 0.050000 0.000000 0.018791 -inf
chr1:415606 415606 3217 0.600000 0.017536 0.015451 0.054978
chr1:416033 416033 3219 0.050000 0.000000 0.017723 -inf
chr1:416219 416219 3222 0.050000 0.000000 0.020166 -inf
chr1:417052 417052 3225 0.050000 0.000000 0.018189 -inf
chr1:417759 417759 3228 0.150000 0.061533 0.013086 0.672303
chr1:418667 418667 3233 0.050000 0.000000 0.021955 -inf
chr1:418941 418941 3235 0.050000 0.000000 0.020169 -inf
chr1:419019 419019 3236 0.050000 0.000000 0.021758 -inf
chr1:419147 419147 3237 0.300000 0.013848 0.017144 -0.092725
chr1:419261 419261 3238 0.050000 0.000000 0.018186 -inf
chr1:419447 419447 3239 0.200000 0.077838 0.019281 0.606058
chr1:420170 420170 3245 0.100000 0.024092 0.010356 0.366653
chr1:420333 420333 3246 0.050000 0.000000 0.017842 -inf
chr1:420787 420787 3251 0.050000 0.000000 0.017678 -inf
chr1:421085 421085 3253 0.850000 0.011311 0.008336 0.132543
chr1:421358 421358 3257 0.050000 0.000000 0.018240 -inf
chr1:421902 421902 3263 0.050000 0.000000 0.018372 -inf
chr1:422045 422045 3265 0.300000 0.015609 0.016532 -0.024935
chr1:422282 422282 3268 0.250000 0.049454 0.023292 0.326999
chr1:422840 422840 3272 0.450000 0.032757 0.009939 0.517964
chr1:423019 423019 3273 0.050000 0.000000 0.020013 -inf
chr1:423735 423735 3274 0.200000 0.023057 0.011959 0.285088
chr1:424148 424148 3275 0.350000 0.013302 0.011716 0.055130
chr1:424323 424323 3277 0.350000 0.013302 0.011716 0.055130
chr1:425139 425139 3281 0.200000 0.023057 0.009434 0.388103
chr1:425625 425625 3283 0.300000 0.035902 0.008786 0.611317
chr1:425804 425804 3284 0.200000 0.012207 0.009510 0.108436
chr1:426380 426380 3287 0.150000 0.153625 0.013608 1.052665
chr1:426818 426818 3290 0.100000 0.033509 0.008040 0.619911
chr1:426838 426838 3291 0.350000 0.016413 0.009730 0.227078
chr1:426921 426921 3292 0.200000 0.014574 0.007742 0.274695
chr1:427001 427001 3294 0.300000 0.035902 0.007324 0.690352
chr1:427736 427736 3299 0.050000 0.000000 0.013199 -inf
chr1:427736 427736 3300 0.350000 0.016413 0.010312 0.201868
chr1:428224 428224 3302 0.200000 0.014574 0.008304 0.244280
chr1:428264 428264 3303 0.300000 0.037614 0.017188 0.340114
chr1:428493 428493 3304 0.050000 0.000000 0.013889 -inf
chr1:428898 428898 3306 0.400000 0.010071 0.010528 -0.019270
chr1:429390 429390 3312 0.100000 0.054802 0.007144 0.884859
chr1:429681 429681 3314 0.700000 0.008051 0.037214 -0.664843
chr1:429870 429870 3316 0.300000 0.037214 0.008051 0.664843
chr1:429878 429878 3317 0.400000 0.009713 0.012663 -0.115187
chr1:429901 429901 3318 0.300000 0.040958 0.016959 0.382949
chr1:430303 430303 3322 0.400000 0.009713 0.012491 -0.109237
chr1:430352 430352 3323 0.100000 0.034020 0.007052 0.683405
chr1:430771 430771 3327 0.150000 0.158686 0.013574 1.067844
chr1:431589 431589 3332 0.050000 0.000000 0.014700 -inf
chr1:431707 431707 3333 0.250000 0.036839 0.007852 0.671304
chr1:431945 431945 3335 0.350000 0.009565 0.008332 0.059923
chr1:431987 431987 3336 0.100000 0.038037 0.004495 0.927440
chr1:432114 432114 3338 0.600000 0.007242 0.008924 -0.090702
chr1:432165 432165 3339 0.300000 0.012510 0.005931 0.324098
chr1:432372 432372 3340 0.250000 0.015584 0.005945 0.418536
chr1:432468 432468 3341 0.600000 0.006333 0.009431 -0.172968
chr1:432729 432729 3342 0.300000 0.012081 0.005632 0.331394
chr1:432754 432754 3343 0.150000 0.158686 0.009940 1.203136
chr1:433768 433768 3350 0.250000 0.015584 0.006323 0.391722
chr1:433924 433924 3351 0.050000 0.000000 0.011584 -inf
chr1:434122 434122 3352 0.150000 0.008567 0.003993 0.331484
chr1:434219 434219 3353 0.500000 0.008801 0.004504 0.290905
chr1:434410 434410 3355 0.050000 0.000000 0.010620 -inf
chr1:434553 434553 3356 0.050000 0.000000 0.010772 -inf
chr1:434607 434607 3357 0.250000 0.008065 0.005133 0.196192
chr1:435383 435383 3363 0.400000 0.005987 0.006879 -0.060326
chr1:435935 435935 3366 0.100000 0.019530 0.004360 0.651247
chr1:436033 436033 3367 0.050000 0.000000 0.012202 -inf
chr1:436147 436147 3369 0.050000 0.000000 0.011974 -inf
chr1:436428 436428 3372 0.300000 0.028631 0.012481 0.360588
chr1:436710 436710 3376 0.200000 0.012357 0.004943 0.397936
chr1:436860 436860 3377 0.050000 0.000000 0.012657 -inf
chr1:436960 436960 3379 0.050000 0.000000 0.012460 -inf
chr1:437877 437877 3382 0.150000 0.160121 0.011560 1.141496
chr1:437966 437966 3384 0.050000 0.000000 0.012799 -inf
chr1:438142 438142 3385 0.400000 0.006130 0.006089 0.002937
chr1:438602 438602 3388 0.250000 0.009092 0.004290 0.326157
chr1:438636 438636 3389 0.050000 0.000000 0.012482 -inf
chr1:438914 438914 3390 0.050000 0.000000 0.004932 -inf
chr1:438915 438915 3391 0.500000 0.005872 0.005970 -0.007150
chr1:439548 439548 3395 0.350000 0.004657 0.004393 0.025270
chr1:439703 439703 3398 0.500000 0.007510 0.007070 0.026224
chr1:440192 440192 3400 0.200000 0.035884 0.006449 0.745384
chr1:441172 441172 3404 0.450000 0.009758 0.007078 0.139432
chr1:442252 442252 3407 0.150000 0.018151 0.007086 0.408501
chr1:442457 442457 3410 0.050000 0.000000 0.008202 -inf
chr1:443523 443523 3424 0.250000 0.012570 0.007446 0.227397
chr1:443632 443632 3426 0.100000 0.017685 0.007296 0.384535
chr1:443705 443705 3428 0.100000 0.013444 0.007480 0.254618
chr1:444046 444046 3430 0.350000 0.010009 0.009749 0.011427
chr1:444786 444786 3435 0.300000 0.010537 0.008787 0.078866
chr1:444798 444798 3436 0.200000 0.035884 0.010013 0.554358
chr1:445100 445100 3437 0.100000 0.017685 0.005835 0.481519
chr1:445192 445192 3438 0.400000 0.010180 0.005093 0.300759
chr1:445208 445208 3440 0.200000 0.035884 0.006363 0.751244
chr1:445311 445311 3441 0.600000 0.006773 0.007860 -0.064628
chr1:445797 445797 3445 0.300000 0.009173 0.005320 0.236651
chr1:446044 446044 3447 0.400000 0.011483 0.007013 0.214114
chr1:446068 446068 3448 0.600000 0.007013 0.011483 -0.214114
chr1:446274 446274 3450 0.500000 0.009111 0.008727 0.018684
chr1:447031 447031 3453 0.200000 0.014464 0.004810 0.478184
chr1:447136 447136 3454 0.150000 0.028838 0.006375 0.655449
chr1:447427 447427 3457 0.100000 0.014389 0.005224 0.440038
chr1:448142 448142 3459 0.650000 0.007500 0.011759 -0.195319
chr1:448162 448162 3460 0.300000 0.014854 0.007319 0.307364
chr1:448324 448324 3462 0.600000 0.009297 0.008934 0.017315
chr1:448959 448959 3465 0.100000 0.018294 0.005173 0.548595
chr1:448985 448985 3466 0.700000 0.007960 0.014854 -0.270916
chr1:449045 449045 3467 0.300000 0.014854 0.007960 0.270916
chr1:449089 449089 3468 0.700000 0.007960 0.014854 -0.270916
chr1:449443 449443 3472 0.250000 0.016908 0.006936 0.387003
chr1:449724 449724 3473 0.300000 0.015847 0.007960 0.299039
chr1:449741 449741 3474 0.100000 0.018294 0.006096 0.477282
chr1:449752 449752 3475 0.250000 0.008942 0.007809 0.058840
chr1:450211 450211 3479 0.100000 0.014921 0.006415 0.366609
chr1:450441 450441 3480 0.050000 0.000000 0.006954 -inf
chr1:450901 450901 3482 0.050000 0.000000 0.006781 -inf
chr1:451321 451321 3484 0.100000 0.008243 0.006415 0.108881
chr1:451586 451586 3488 0.100000 0.008243 0.006415 0.108881
chr1:451929 451929 3491 0.050000 0.000000 0.006900 -inf
chr1:452090 452090 3492 0.150000 0.019087 0.007227 0.421810
chr1:452390 452390 3493 0.800000 0.007938 0.004871 0.212132
chr1:452428 452428 3494 0.050000 0.000000 0.006447 -inf
chr1:453430 453430 3502 0.100000 0.027006 0.006015 0.652251
chr1:453795 453795 3505 0.100000 0.014191 0.007191 0.295265
chr1:454156 454156 3509 0.050000 0.000000 0.007336 -inf
chr1:454547 454547 3511 0.050000 0.000000 0.007361 -inf
chr1:454877 454877 3514 0.550000 0.011102 0.010897 0.008091
chr1:455078 455078 3515 0.050000 0.000000 0.010327 -inf
chr1:457354 457354 3528 0.250000 0.022042 0.010862 0.307355
chr1:457866 457866 3532 0.250000 0.022042 0.010862 0.307355
chr1:458356 458356 3533 0.100000 0.015708 0.011284 0.143653
chr1:459059 459059 3537 0.900000 0.010197 0.010942 -0.030638
chr1:459430 459430 3539 0.550000 0.014725 0.009431 0.193481
chr1:459554 459554 3540 0.800000 0.010764 0.010555 0.008515
chr1:459715 459715 3542 0.100000 0.017176 0.009258 0.268416
chr1:459821 459821 3543 0.750000 0.010000 0.013230 -0.121571
chr1:460564 460564 3549 0.750000 0.010000 0.013230 -0.121571
chr1:461010 461010 3553 0.700000 0.011041 0.009259 0.076435
chr1:461160 461160 3554 0.250000 0.013230 0.010137 0.115669
chr1:461346 461346 3555 0.050000 0.000000 0.006569 -inf
chr1:461528 461528 3557 0.100000 0.022936 0.006823 0.526523
chr1:461713 461713 3558 0.550000 0.013985 0.005434 0.410521
chr1:462359 462359 3566 0.100000 0.012568 0.006706 0.272794
chr1:462855 462855 3571 0.050000 0.000000 0.006316 -inf
chr1:463000 463000 3573 0.250000 0.014371 0.008522 0.226933
chr1:463032 463032 3574 0.200000 0.008141 0.008417 -0.014456
chr1:463356 463356 3577 0.050000 0.000000 0.006430 -inf
chr1:463645 463645 3580 0.200000 0.014005 0.007452 0.274014
chr1:463662 463662 3581 0.250000 0.016400 0.008378 0.291709
chr1:463884 463884 3583 0.550000 0.013985 0.005978 0.369112
chr1:463971 463971 3584 0.200000 0.016528 0.007841 0.323862
chr1:464343 464343 3586 0.250000 0.011080 0.008860 0.097104
chr1:464762 464762 3589 0.100000 0.012637 0.005923 0.329136
chr1:465294 465294 3594 0.100000 0.012821 0.006681 0.283080
chr1:465416 465416 3596 0.200000 0.010491 0.008337 0.099784
chr1:465555 465555 3598 0.150000 0.012549 0.005834 0.332657
chr1:465558 465558 3599 0.250000 0.011080 0.010192 0.036264
chr1:465916 465916 3600 0.550000 0.015991 0.005265 0.482452
chr1:466628 466628 3602 0.100000 0.013039 0.006766 0.284933
chr1:466707 466707 3603 0.150000 0.018758 0.007674 0.388168
chr1:466877 466877 3605 0.500000 0.016038 0.003753 0.630761
chr1:467129 467129 3607 0.550000 0.016363 0.004245 0.586041
chr1:467323 467323 3608 0.450000 0.019721 0.003605 0.738048
chr1:467357 467357 3609 0.050000 0.000000 0.006030 -inf
chr1:467490 467490 3611 0.200000 0.010899 0.007000 0.192302
chr1:467959 467959 3615 0.100000 0.020216 0.005811 0.541446
chr1:468040 468040 3617 0.250000 0.007392 0.008567 -0.064087
chr1:468083 468083 3618 0.050000 0.000000 0.006136 -inf
chr1:468244 468244 3620 0.550000 0.014041 0.003895 0.556858
chr1:468254 468254 3621 0.100000 0.008278 0.006352 0.114998
chr1:468289 468289 3623 0.100000 0.020109 0.004814 0.620870
chr1:468500 468500 3625 0.100000 0.020216 0.006593 0.486617
chr1:469133 469133 3629 0.050000 0.000000 0.006802 -inf
chr1:469146 469146 3630 0.150000 0.025150 0.007728 0.512480
chr1:469580 469580 3635 0.050000 0.000000 0.006507 -inf
chr1:469601 469601 3636 0.500000 0.015114 0.003559 0.628059
chr1:469629 469629 3637 0.200000 0.006135 0.006485 -0.024117
chr1:469697 469697 3638 0.050000 0.000000 0.005274 -inf
chr1:470019 470019 3639 0.150000 0.025150 0.006048 0.618923
chr1:470030 470030 3640 0.550000 0.013196 0.004259 0.491163
chr1:470110 470110 3641 0.050000 0.000000 0.005759 -inf
chr1:470964 470964 3643 0.250000 0.010604 0.007935 0.125931
chr1:471190 471190 3645 0.450000 0.011993 0.004415 0.434031
chr1:471491 471491 3647 0.100000 0.025425 0.006828 0.570984
chr1:471879 471879 3650 0.100000 0.012291 0.006995 0.244801
chr1:472093 472093 3651 0.200000 0.007335 0.008280 -0.052596
chr1:472105 472105 3652 0.100000 0.036242 0.004858 0.872788
chr1:472300 472300 3654 0.050000 0.000000 0.004836 -inf
chr1:472356 472356 3655 0.250000 0.011849 0.005707 0.317308
chr1:472386 472386 3656 0.550000 0.009379 0.004622 0.307290
chr1:472629 472629 3657 0.100000 0.012407 0.004390 0.451210
chr1:472710 472710 3658 0.450000 0.009856 0.003497 0.449968
chr1:472851 472851 3659 0.400000 0.011278 0.003503 0.507863
chr1:473624 473624 3663 0.100000 0.013401 0.003933 0.532411
chr1:473636 473636 3664 0.050000 0.000000 0.004440 -inf
chr1:473736 473736 3665 0.050000 0.000000 0.004459 -inf
chr1:473823 473823 3667 0.400000 0.012500 0.003885 0.507530
chr1:474228 474228 3670 0.400000 0.012500 0.003885 0.507530
chr1:474549 474549 3671 0.400000 0.012500 0.003885 0.507530
chr1:474607 474607 3672 0.400000 0.012500 0.003885 0.507530
chr1:474707 474707 3675 0.600000 0.003885 0.012500 -0.507530
chr1:474874 474874 3678 0.050000 0.000000 0.004307 -inf
chr1:475150 475150 3681 0.500000 0.004733 0.008203 -0.238849
chr1:475239 475239 3682 0.500000 0.006008 0.008235 -0.136964
chr1:475360 475360 3684 0.550000 0.004476 0.009903 -0.344846
chr1:475695 475695 3685 0.100000 0.010595 0.004006 0.422414
chr1:475710 475710 3686 0.450000 0.005999 0.007349 -0.088142
chr1:476282 476282 3689 0.050000 0.000000 0.004386 -inf
chr1:476386 476386 3691 0.050000 0.000000 0.004493 -inf
chr1:476416 476416 3692 0.050000 0.000000 0.004778 -inf
chr1:476979 476979 3696 0.600000 0.004279 0.013286 -0.492018
chr1:477003 477003 3697 0.600000 0.004279 0.013286 -0.492018
chr1:477010 477010 3698 0.500000 0.005790 0.008323 -0.157598
chr1:477048 477048 3699 0.300000 0.016499 0.003449 0.679758
chr1:477244 477244 3701 0.100000 0.004776 0.002810 0.230277
chr1:477274 477274 3702 0.050000 0.000000 0.003387 -inf
chr1:477292 477292 3703 0.600000 0.003373 0.010020 -0.472878
chr1:477301 477301 3704 0.300000 0.008998 0.004042 0.347604
chr1:477822 477822 3709 0.400000 0.006116 0.004620 0.121787
chr1:477916 477916 3710 0.400000 0.010119 0.006404 0.198659
chr1:477985 477985 3711 0.100000 0.020750 0.003690 0.749947
chr1:478496 478496 3715 0.550000 0.007717 0.008011 -0.016268
chr1:478509 478509 3716 0.400000 0.010119 0.007259 0.144283
chr1:478743 478743 3720 0.350000 0.008462 0.006004 0.149035
chr1:479643 479643 3729 0.400000 0.010657 0.007259 0.166789
chr1:480043 480043 3732 0.550000 0.007717 0.008678 -0.050976
chr1:480260 480260 3735 0.400000 0.010657 0.007325 0.162838
chr1:480433 480433 3737 0.100000 0.009344 0.005170 0.257025
chr1:480444 480444 3738 0.050000 0.000000 0.006153 -inf
chr1:480468 480468 3739 0.250000 0.011350 0.006375 0.250541
chr1:480755 480755 3743 0.700000 0.007111 0.008576 -0.081360
chr1:481302 481302 3745 0.100000 0.020169 0.004362 0.664971
chr1:481666 481666 3748 0.050000 0.000000 0.005818 -inf
chr1:481756 481756 3749 0.650000 0.007605 0.004596 0.218698
chr1:481848 481848 3753 0.600000 0.008740 0.003334 0.418492
chr1:481960 481960 3754 0.650000 0.008981 0.004355 0.314339
chr1:482174 482174 3755 0.150000 0.006174 0.005726 0.032714
chr1:482814 482814 3761 0.700000 0.007948 0.003766 0.324429
chr1:483050 483050 3762 0.300000 0.003766 0.007948 -0.324429
chr1:483102 483102 3763 0.150000 0.005262 0.005677 -0.032970
chr1:483654 483654 3767 0.050000 0.000000 0.005291 -inf
chr1:484308 484308 3772 0.050000 0.000000 0.005311 -inf
chr1:484792 484792 3773 0.200000 0.005567 0.006619 -0.075207
chr1:484975 484975 3774 0.050000 0.000000 0.005303 -inf
chr1:485035 485035 3775 0.050000 0.000000 0.004891 -inf
chr1:485430 485430 3778 0.300000 0.008552 0.004116 0.317641
chr1:485630 485630 3780 0.050000 0.000000 0.005461 -inf
chr1:485884 485884 3781 0.300000 0.004144 0.008436 -0.308719
chr1:485958 485958 3782 0.650000 0.009284 0.003203 0.462214
chr1:486071 486071 3785 0.700000 0.008145 0.004145 0.293288
chr1:486087 486087 3786 0.300000 0.004145 0.008145 -0.293288
chr1:486386 486386 3791 0.050000 0.000000 0.005058 -inf
chr1:486770 486770 3792 0.100000 0.019876 0.004456 0.649372
chr1:486967 486967 3793 0.700000 0.007017 0.005109 0.137806
chr1:487055 487055 3794 0.300000 0.005109 0.007017 -0.137806
chr1:487086 487086 3795 0.150000 0.009308 0.004017 0.365005
chr1:487105 487105 3796 0.050000 0.000000 0.004032 -inf
chr1:487394 487394 3800 0.050000 0.000000 0.004239 -inf
chr1:487637 487637 3803 0.750000 0.005748 0.006236 -0.035383
chr1:487809 487809 3805 0.050000 0.000000 0.004534 -inf
chr1:488439 488439 3812 0.250000 0.006266 0.006285 -0.001272
chr1:488612 488612 3813 0.750000 0.006285 0.006266 0.001272
chr1:488764 488764 3814 0.250000 0.006266 0.006285 -0.001272
chr1:488830 488830 3815 0.250000 0.006266 0.006285 -0.001272
chr1:488981 488981 3816 0.050000 0.000000 0.004418 -inf
chr1:489142 489142 3818 0.050000 0.000000 0.004315 -inf
chr1:489181 489181 3819 0.200000 0.005094 0.005731 -0.051143
chr1:489755 489755 3824 0.050000 0.000000 0.004490 -inf
chr1:489926 489926 3825 0.750000 0.006505 0.003618 0.254821
chr1:490182 490182 3826 0.200000 0.003788 0.005649 -0.173587
chr1:490261 490261 3827 0.700000 0.007083 0.001720 0.614639
chr1:490286 490286 3828 0.150000 0.006464 0.004807 0.128647
chr1:490818 490818 3833 0.300000 0.006583 0.004378 0.177153
chr1:490952 490952 3835 0.200000 0.007793 0.003657 0.328515
chr1:492254 492254 3847 0.150000 0.022154 0.002638 0.924105
chr1:492522 492522 3853 0.150000 0.022154 0.002707 0.913047
