chr1:36874 36874 327 0.040000 0.036222 0.011434 0.500789
chr1:38387 38387 335 0.045000 0.031394 0.011736 0.427344
chr1:38459 38459 336 0.010000 0.027562 0.010279 0.428372
chr1:39577 39577 349 0.010000 0.054427 0.010391 0.719142
chr1:43638 43638 376 0.035000 0.054578 0.012132 0.653082
chr1:46605 46605 392 0.575000 0.017870 0.010331 0.237979
chr1:48219 48219 404 0.010000 0.054267 0.008321 0.814351
chr1:50547 50547 431 0.610000 0.016442 0.009048 0.259420
chr1:52208 52208 446 0.595000 0.014953 0.009169 0.212403
chr1:54206 54206 468 0.010000 0.078695 0.007037 1.048564
chr1:61792 61792 532 0.010000 0.077288 0.006710 1.061375
chr1:62527 62527 540 0.290000 0.015183 0.009297 0.213008
chr1:64503 64503 552 0.770000 0.009693 0.032913 -0.530927
chr1:65143 65143 561 0.560000 0.010661 0.017978 -0.226934
chr1:65467 65467 567 0.470000 0.013790 0.014062 -0.008474
chr1:68276 68276 589 0.545000 0.010879 0.017942 -0.217276
chr1:69345 69345 596 0.435000 0.015399 0.013088 0.070613
chr1:69935 69935 602 0.010000 0.248273 0.009601 1.412601
chr1:70186 70186 605 0.540000 0.012549 0.016846 -0.127879
chr1:70776 70776 609 0.465000 0.016622 0.013514 0.089878
chr1:71371 71371 614 0.010000 0.075951 0.009203 0.916621
chr1:71861 71861 619 0.595000 0.014169 0.021623 -0.183578
chr1:71907 71907 620 0.405000 0.021623 0.014169 0.183578
chr1:72379 72379 624 0.405000 0.021623 0.014091 0.185974
chr1:72512 72512 625 0.595000 0.014091 0.021623 -0.185974
chr1:72796 72796 629 0.405000 0.021623 0.014476 0.174256
chr1:75328 75328 649 0.325000 0.021060 0.010122 0.318165
chr1:75996 75996 657 0.325000 0.020329 0.010064 0.305352
chr1:76447 76447 663 0.325000 0.019437 0.010104 0.284157
chr1:76938 76938 665 0.475000 0.014444 0.010889 0.122711
chr1:77376 77376 668 0.385000 0.020629 0.009355 0.343431
chr1:79670 79670 693 0.380000 0.017657 0.010827 0.212412
chr1:79692 79692 694 0.380000 0.017657 0.010827 0.212412
chr1:80141 80141 696 0.010000 0.071001 0.006087 1.066838
chr1:80231 80231 697 0.380000 0.017704 0.010827 0.213553
chr1:80943 80943 701 0.010000 0.071001 0.006722 1.023743
chr1:81684 81684 706 0.555000 0.011096 0.015388 -0.142019
chr1:83133 83133 715 0.600000 0.013599 0.011552 0.070831
chr1:83477 83477 719 0.205000 0.022332 0.009975 0.350002
chr1:83744 83744 720 0.990000 0.006740 0.071001 -1.022598
chr1:83770 83770 721 0.010000 0.071001 0.006740 1.022598
chr1:83823 83823 723 0.390000 0.011509 0.013277 -0.062079
chr1:85313 85313 732 0.305000 0.020365 0.011953 0.231413
chr1:86259 86259 739 0.350000 0.016933 0.012831 0.120484
chr1:86804 86804 741 0.020000 0.064677 0.009707 0.823647
chr1:87861 87861 744 0.010000 0.071001 0.007732 0.962991
chr1:88258 88258 746 0.630000 0.013204 0.015756 -0.076737
chr1:89722 89722 760 0.625000 0.011780 0.014275 -0.083421
chr1:90439 90439 768 0.625000 0.010767 0.014460 -0.128080
chr1:90606 90606 771 0.290000 0.021810 0.009468 0.362400
chr1:90837 90837 774 0.010000 0.344010 0.008934 1.585516
chr1:91510 91510 780 0.025000 0.044609 0.008424 0.723908
chr1:92438 92438 786 0.375000 0.016018 0.010598 0.179403
chr1:92601 92601 789 0.625000 0.010598 0.016930 -0.203450
chr1:92748 92748 793 0.010000 0.248273 0.007401 1.525655
chr1:92758 92758 794 0.250000 0.018459 0.008330 0.345568
chr1:93649 93649 805 0.010000 0.075951 0.007866 0.984796
chr1:95536 95536 819 0.100000 0.042064 0.012719 0.519475
chr1:95560 95560 820 0.010000 0.023248 0.008103 0.457724
chr1:95609 95609 821 0.010000 0.075951 0.008699 0.941068
chr1:96246 96246 825 0.010000 0.075951 0.008718 0.940104
chr1:96504 96504 828 0.010000 0.071001 0.008539 0.919870
chr1:96827 96827 830 0.130000 0.018807 0.009472 0.297878
chr1:99012 99012 840 0.585000 0.013522 0.021923 -0.209838
chr1:99372 99372 843 0.585000 0.013582 0.021698 -0.203465
chr1:99423 99423 844 0.015000 0.044365 0.007342 0.781201
chr1:99758 99758 848 0.415000 0.021698 0.013412 0.208923
chr1:100539 100539 851 0.010000 0.023739 0.008587 0.441639
chr1:101110 101110 856 0.745000 0.012891 0.026827 -0.318293
chr1:101283 101283 857 0.255000 0.026827 0.012891 0.318293
chr1:101549 101549 858 0.255000 0.026827 0.012891 0.318293
chr1:101603 101603 860 0.065000 0.030179 0.008762 0.537091
chr1:102010 102010 864 0.665000 0.013588 0.015610 -0.060248
chr1:102082 102082 865 0.785000 0.011194 0.035483 -0.501013
chr1:102336 102336 866 0.215000 0.035483 0.011194 0.501013
chr1:102352 102352 867 0.095000 0.043919 0.010731 0.611999
chr1:102460 102460 869 0.215000 0.035483 0.010975 0.509612
chr1:102581 102581 870 0.785000 0.010975 0.035483 -0.509612
chr1:103018 103018 873 0.215000 0.035483 0.011182 0.501485
chr1:103212 103212 875 0.215000 0.035483 0.011182 0.501485
chr1:103311 103311 876 0.215000 0.035483 0.011182 0.501485
chr1:104653 104653 884 0.015000 0.073072 0.008817 0.918411
chr1:105136 105136 890 0.215000 0.028567 0.011002 0.414396
chr1:105620 105620 895 0.015000 0.044383 0.007845 0.752651
chr1:105679 105679 896 0.585000 0.018095 0.011386 0.201188
chr1:108295 108295 913 0.010000 0.076020 0.009509 0.902789
chr1:109784 109784 920 0.580000 0.017943 0.012042 0.173184
chr1:110295 110295 926 0.015000 0.116273 0.009522 1.086744
chr1:110305 110305 927 0.580000 0.015811 0.011600 0.134496
chr1:110585 110585 929 0.115000 0.021916 0.008278 0.422833
chr1:110630 110630 931 0.305000 0.017173 0.011991 0.155966
chr1:111345 111345 937 0.010000 0.248273 0.009757 1.405629
chr1:113852 113852 954 0.455000 0.021356 0.012213 0.242681
chr1:114037 114037 955 0.130000 0.021405 0.011273 0.278460
chr1:114252 114252 958 0.035000 0.029284 0.009555 0.486409
chr1:114700 114700 962 0.650000 0.014255 0.016307 -0.058417
chr1:114843 114843 963 0.650000 0.014255 0.016307 -0.058417
chr1:115032 115032 967 0.350000 0.016307 0.014255 0.058417
chr1:115786 115786 974 0.035000 0.029284 0.009120 0.506618
chr1:116510 116510 980 0.115000 0.029419 0.011176 0.420341
chr1:116522 116522 981 0.020000 0.044299 0.009839 0.653452
chr1:116675 116675 983 0.630000 0.016473 0.016009 0.012403
chr1:117081 117081 986 0.630000 0.016382 0.016009 0.010001
chr1:117853 117853 992 0.340000 0.027618 0.010811 0.407308
chr1:118132 118132 997 0.370000 0.016497 0.017564 -0.027199
chr1:118435 118435 1000 0.370000 0.016497 0.017527 -0.026282
chr1:118986 118986 1006 0.370000 0.016497 0.017890 -0.035208
chr1:119356 119356 1008 0.630000 0.017668 0.016497 0.029770
chr1:119411 119411 1010 0.450000 0.022334 0.011280 0.296636
chr1:119731 119731 1013 0.450000 0.022334 0.011309 0.295533
chr1:119996 119996 1016 0.010000 0.200821 0.008481 1.374372
chr1:120271 120271 1018 0.110000 0.029457 0.009409 0.495633
chr1:120392 120392 1020 0.630000 0.014205 0.014933 -0.021724
chr1:120824 120824 1026 0.630000 0.013459 0.014933 -0.045124
chr1:122268 122268 1033 0.370000 0.014933 0.012291 0.084565
chr1:122844 122844 1037 0.370000 0.017557 0.012275 0.155430
chr1:122923 122923 1038 0.015000 0.087384 0.007228 1.082437
chr1:123572 123572 1043 0.365000 0.017828 0.012602 0.150640
chr1:123785 123785 1044 0.365000 0.017828 0.012602 0.150640
chr1:125301 125301 1057 0.260000 0.020013 0.011341 0.246668
chr1:125467 125467 1060 0.015000 0.032637 0.007353 0.647222
chr1:125993 125993 1062 0.260000 0.020190 0.010402 0.288025
chr1:126527 126527 1066 0.010000 0.096498 0.006348 1.181846
chr1:126615 126615 1069 0.330000 0.027464 0.009525 0.459877
chr1:126774 126774 1071 0.265000 0.024929 0.009747 0.407833
chr1:126816 126816 1073 0.265000 0.024929 0.009720 0.409059
chr1:127388 127388 1082 0.010000 0.096498 0.006745 1.155525
chr1:127662 127662 1085 0.525000 0.009721 0.019139 -0.294192
chr1:127910 127910 1086 0.260000 0.020190 0.010409 0.287733
chr1:128890 128890 1097 0.105000 0.039591 0.008617 0.662222
chr1:129166 129166 1100 0.330000 0.028898 0.008647 0.523974
chr1:129376 129376 1103 0.465000 0.014545 0.011908 0.086863
chr1:129451 129451 1104 0.210000 0.018123 0.009063 0.300955
chr1:129488 129488 1106 0.020000 0.091084 0.008306 1.040068
chr1:129841 129841 1109 0.355000 0.015401 0.010697 0.158294
chr1:129878 129878 1110 0.675000 0.010830 0.029070 -0.428831
chr1:130814 130814 1116 0.675000 0.010830 0.030360 -0.447691
chr1:130903 130903 1117 0.015000 0.087384 0.007459 1.068772
chr1:130910 130910 1118 0.675000 0.010722 0.030360 -0.452045
chr1:130997 130997 1119 0.675000 0.010722 0.030360 -0.452045
chr1:131603 131603 1127 0.325000 0.030360 0.010480 0.461962
chr1:132458 132458 1130 0.545000 0.013669 0.017040 -0.095723
chr1:132565 132565 1132 0.545000 0.013669 0.017040 -0.095723
chr1:132764 132764 1137 0.455000 0.017040 0.013644 0.096533
chr1:133020 133020 1139 0.495000 0.016191 0.013394 0.082390
chr1:133032 133032 1140 0.505000 0.013394 0.016191 -0.082390
chr1:133307 133307 1143 0.495000 0.016191 0.013394 0.082390
chr1:133449 133449 1145 0.505000 0.013394 0.016191 -0.082390
chr1:134399 134399 1153 0.495000 0.016191 0.012805 0.101900
chr1:134489 134489 1155 0.495000 0.016395 0.012805 0.107335
chr1:135087 135087 1158 0.495000 0.017222 0.012805 0.128709
chr1:135217 135217 1159 0.505000 0.012805 0.017222 -0.128709
chr1:135311 135311 1160 0.505000 0.012805 0.017222 -0.128709
chr1:135423 135423 1162 0.495000 0.017222 0.012805 0.128709
chr1:135480 135480 1163 0.495000 0.017222 0.012805 0.128709
chr1:136677 136677 1169 0.195000 0.021071 0.009923 0.327031
chr1:136953 136953 1170 0.540000 0.014387 0.012417 0.063966
chr1:137565 137565 1174 0.010000 0.151483 0.007149 1.326091
chr1:138019 138019 1179 0.865000 0.009004 0.020782 -0.363265
chr1:138073 138073 1181 0.390000 0.014374 0.010807 0.123872
chr1:138124 138124 1182 0.010000 0.121731 0.005982 1.308543
chr1:138272 138272 1183 0.390000 0.014469 0.010807 0.126730
chr1:138332 138332 1185 0.150000 0.065319 0.007563 0.936341
chr1:138443 138443 1188 0.390000 0.014469 0.011180 0.112012
chr1:138901 138901 1194 0.130000 0.022108 0.007881 0.447962
chr1:139289 139289 1196 0.130000 0.022108 0.007854 0.449454
chr1:139387 139387 1197 0.130000 0.022108 0.007854 0.449454
chr1:139405 139405 1198 0.155000 0.062201 0.007615 0.912104
chr1:139473 139473 1199 0.440000 0.018590 0.008346 0.347821
chr1:139835 139835 1202 0.285000 0.029238 0.008099 0.557533
chr1:139922 139922 1203 0.035000 0.015871 0.005722 0.443058
chr1:140047 140047 1206 0.010000 0.039323 0.004998 0.895894
chr1:140367 140367 1211 0.020000 0.030126 0.005975 0.702571
chr1:140912 140912 1213 0.010000 0.143442 0.005941 1.382852
chr1:141072 141072 1214 0.370000 0.016300 0.009077 0.254235
chr1:141402 141402 1217 0.065000 0.084136 0.007938 1.025279
chr1:141618 141618 1218 0.025000 0.030136 0.006481 0.667461
chr1:141750 141750 1219 0.010000 0.094015 0.006214 1.179796
chr1:142194 142194 1220 0.150000 0.067591 0.008541 0.898363
chr1:142625 142625 1222 0.025000 0.030136 0.006203 0.686450
chr1:142705 142705 1223 0.150000 0.067591 0.008548 0.898044
chr1:142708 142708 1224 0.025000 0.030136 0.006121 0.692260
chr1:142718 142718 1225 0.450000 0.014578 0.009217 0.199100
chr1:143461 143461 1231 0.840000 0.008084 0.048794 -0.780750
chr1:143617 143617 1234 0.010000 0.094015 0.006087 1.188764
chr1:143923 143923 1239 0.010000 0.121731 0.006566 1.268118
chr1:144643 144643 1243 0.135000 0.065895 0.008310 0.899248
chr1:145089 145089 1245 0.150000 0.023778 0.008768 0.433252
chr1:145095 145095 1246 0.535000 0.010797 0.014437 -0.126190
chr1:146066 146066 1255 0.740000 0.008291 0.023752 -0.457114
chr1:146599 146599 1257 0.735000 0.008336 0.023166 -0.443918
chr1:147000 147000 1261 0.010000 0.094376 0.005215 1.257607
chr1:147066 147066 1262 0.735000 0.008957 0.023166 -0.412715
chr1:148421 148421 1274 0.395000 0.018065 0.008223 0.341816
chr1:148426 148426 1275 0.265000 0.023166 0.008224 0.449751
chr1:148433 148433 1276 0.200000 0.037575 0.008010 0.671289
chr1:148546 148546 1277 0.200000 0.037575 0.008010 0.671289
chr1:148609 148609 1278 0.265000 0.023166 0.008135 0.454499
chr1:148621 148621 1279 0.395000 0.018065 0.007593 0.376423
chr1:148627 148627 1280 0.035000 0.150866 0.006619 1.357832
chr1:148979 148979 1283 0.755000 0.008672 0.026350 -0.482677
chr1:149158 149158 1286 0.035000 0.050191 0.007027 0.853869
chr1:149442 149442 1287 0.025000 0.042093 0.005934 0.850888
chr1:149467 149467 1288 0.010000 0.040395 0.005038 0.904104
chr1:149972 149972 1292 0.185000 0.037720 0.007830 0.682821
chr1:150023 150023 1294 0.205000 0.014192 0.008581 0.218483
chr1:150444 150444 1298 0.615000 0.010803 0.021043 -0.289579
chr1:150773 150773 1299 0.020000 0.095411 0.008793 1.035471
chr1:151620 151620 1301 0.025000 0.042093 0.007563 0.745483
chr1:151638 151638 1302 0.010000 0.200821 0.008698 1.363392
chr1:152050 152050 1306 0.620000 0.009858 0.021596 -0.340558
chr1:152249 152249 1308 0.465000 0.016457 0.010268 0.204875
chr1:152338 152338 1309 0.100000 0.035098 0.007814 0.652436
chr1:152425 152425 1311 0.075000 0.021061 0.006891 0.485192
chr1:152806 152806 1314 0.465000 0.016457 0.009907 0.220425
chr1:152866 152866 1315 0.535000 0.009907 0.016457 -0.220425
chr1:152911 152911 1316 0.015000 0.135754 0.006371 1.328568
chr1:152984 152984 1317 0.440000 0.018387 0.009337 0.294275
chr1:153510 153510 1321 0.465000 0.016441 0.010046 0.213940
chr1:153540 153540 1322 0.465000 0.016441 0.010046 0.213940
chr1:154009 154009 1326 0.535000 0.010046 0.016441 -0.213940
chr1:154327 154327 1330 0.465000 0.016441 0.010139 0.209962
chr1:154335 154335 1331 0.465000 0.016441 0.010139 0.209962
chr1:154337 154337 1332 0.465000 0.016441 0.010139 0.209962
chr1:154487 154487 1335 0.535000 0.010139 0.016441 -0.209962
chr1:154493 154493 1336 0.465000 0.016441 0.010139 0.209962
chr1:154589 154589 1337 0.465000 0.016441 0.010139 0.209962
chr1:154746 154746 1339 0.325000 0.021135 0.009529 0.345951
chr1:154838 154838 1341 0.010000 0.200821 0.008071 1.395866
chr1:155835 155835 1351 0.100000 0.035098 0.008670 0.607265
chr1:155889 155889 1352 0.295000 0.023332 0.008798 0.423559
chr1:156149 156149 1356 0.375000 0.015191 0.009337 0.211391
chr1:156244 156244 1358 0.375000 0.015191 0.009316 0.212366
chr1:156323 156323 1359 0.100000 0.035098 0.006968 0.702187
chr1:156473 156473 1360 0.115000 0.045315 0.007773 0.765641
chr1:157645 157645 1367 0.470000 0.016304 0.010091 0.208339
chr1:157682 157682 1369 0.020000 0.083697 0.007413 1.052700
chr1:157816 157816 1370 0.020000 0.083697 0.007413 1.052700
chr1:158064 158064 1372 0.375000 0.017345 0.010819 0.204971
chr1:158887 158887 1378 0.135000 0.033317 0.008318 0.602661
chr1:159089 159089 1381 0.375000 0.017692 0.010574 0.223552
chr1:159099 159099 1382 0.865000 0.009059 0.033317 -0.565572
chr1:159267 159267 1384 0.135000 0.033317 0.009059 0.565572
chr1:160945 160945 1391 0.155000 0.025954 0.009471 0.437793
chr1:161383 161383 1398 0.845000 0.009161 0.026338 -0.458652
chr1:161742 161742 1399 0.020000 0.138877 0.008351 1.220897
chr1:161967 161967 1401 0.010000 0.024010 0.005830 0.614710
chr1:161998 161998 1402 0.185000 0.039821 0.008991 0.646280
chr1:162887 162887 1409 0.460000 0.017241 0.006426 0.428617
chr1:162919 162919 1410 0.460000 0.017241 0.006426 0.428617
chr1:163042 163042 1412 0.055000 0.075403 0.007100 1.026112
chr1:163163 163163 1414 0.020000 0.083697 0.006603 1.102992
chr1:163352 163352 1416 0.305000 0.017579 0.009474 0.268456
chr1:164067 164067 1422 0.835000 0.007156 0.025479 -0.551530
chr1:164100 164100 1423 0.165000 0.025479 0.007156 0.551530
chr1:164221 164221 1425 0.530000 0.013168 0.007946 0.219369
chr1:164281 164281 1426 0.835000 0.007529 0.025479 -0.529456
chr1:164361 164361 1428 0.220000 0.015921 0.007651 0.318274
chr1:164898 164898 1432 0.400000 0.011553 0.008292 0.144064
chr1:164929 164929 1433 0.020000 0.138877 0.006401 1.336366
chr1:165098 165098 1434 0.020000 0.083697 0.006186 1.131310
chr1:165412 165412 1436 0.335000 0.019830 0.007169 0.441876
chr1:165584 165584 1444 0.405000 0.011263 0.008121 0.142056
chr1:165618 165618 1445 0.240000 0.024811 0.007089 0.544045
chr1:165815 165815 1447 0.335000 0.016095 0.007187 0.350128
chr1:165898 165898 1448 0.215000 0.013862 0.005989 0.364519
chr1:166089 166089 1450 0.335000 0.016095 0.008243 0.290621
chr1:166494 166494 1454 0.025000 0.047894 0.005543 0.936518
chr1:167081 167081 1457 0.010000 0.094015 0.005536 1.230039
chr1:167550 167550 1460 0.345000 0.016131 0.008958 0.255434
chr1:167693 167693 1462 0.010000 0.200821 0.007416 1.432641
chr1:168163 168163 1467 0.395000 0.014862 0.008123 0.262372
chr1:168267 168267 1468 0.010000 0.094015 0.006232 1.178574
chr1:168273 168273 1469 0.395000 0.014862 0.008085 0.264403
chr1:168293 168293 1470 0.395000 0.014862 0.008085 0.264403
chr1:168581 168581 1473 0.260000 0.027072 0.008488 0.503713
chr1:168646 168646 1474 0.260000 0.027072 0.008488 0.503713
chr1:169758 169758 1479 0.715000 0.008841 0.025944 -0.467550
chr1:170169 170169 1483 0.285000 0.025944 0.008936 0.462922
chr1:170199 170199 1484 0.265000 0.031649 0.009024 0.544959
chr1:170492 170492 1486 0.025000 0.028419 0.006143 0.665260
chr1:170505 170505 1488 0.340000 0.019906 0.009347 0.328323
chr1:170920 170920 1493 0.320000 0.020879 0.006369 0.515622
chr1:171001 171001 1496 0.340000 0.020061 0.009250 0.336222
chr1:171308 171308 1498 0.010000 0.010442 0.004747 0.342355
chr1:171553 171553 1499 0.640000 0.009773 0.018340 -0.273379
chr1:171648 171648 1500 0.030000 0.038716 0.005490 0.848343
chr1:171740 171740 1502 0.640000 0.009624 0.018340 -0.280038
chr1:171826 171826 1504 0.015000 0.018088 0.005377 0.526853
chr1:172517 172517 1505 0.015000 0.018088 0.005377 0.526853
chr1:172970 172970 1511 0.320000 0.020168 0.006685 0.479567
chr1:173226 173226 1517 0.340000 0.020882 0.009507 0.341731
chr1:173294 173294 1518 0.320000 0.020503 0.006327 0.510593
chr1:173318 173318 1519 0.680000 0.006327 0.020503 -0.510593
chr1:173327 173327 1520 0.320000 0.016438 0.009598 0.233653
chr1:173749 173749 1522 0.020000 0.083697 0.007631 1.040140
chr1:174411 174411 1528 0.140000 0.030151 0.008498 0.549996
chr1:174681 174681 1532 0.140000 0.030151 0.008537 0.547988
chr1:176309 176309 1540 0.845000 0.008600 0.027056 -0.497785
chr1:176658 176658 1543 0.010000 0.012986 0.005887 0.343575
chr1:176669 176669 1544 0.020000 0.092469 0.007613 1.084421
chr1:176695 176695 1545 0.260000 0.018943 0.009987 0.278018
chr1:177193 177193 1551 0.215000 0.049013 0.008040 0.785053
chr1:177359 177359 1553 0.025000 0.047894 0.006933 0.839355
chr1:177959 177959 1556 0.260000 0.018943 0.010416 0.259748
chr1:178013 178013 1557 0.370000 0.021831 0.009704 0.352120
chr1:178184 178184 1561 0.370000 0.021831 0.009718 0.351516
chr1:179380 179380 1568 0.370000 0.021822 0.009718 0.351329
chr1:179585 179585 1570 0.370000 0.021822 0.009676 0.353197
chr1:179904 179904 1572 0.685000 0.009623 0.015791 -0.215107
chr1:180085 180085 1573 0.370000 0.021822 0.009790 0.348114
chr1:180121 180121 1574 0.685000 0.009761 0.015791 -0.208938
chr1:180681 180681 1575 0.185000 0.046851 0.007595 0.790187
chr1:181389 181389 1582 0.315000 0.015068 0.010374 0.162094
chr1:181461 181461 1583 0.020000 0.146000 0.007719 1.276809
chr1:182004 182004 1586 0.315000 0.014336 0.010374 0.140470
chr1:182429 182429 1588 0.155000 0.028783 0.007239 0.599451
chr1:182534 182534 1589 0.470000 0.008478 0.013061 -0.187683
chr1:182911 182911 1594 0.555000 0.012167 0.009016 0.130182
chr1:182928 182928 1595 0.120000 0.044513 0.008126 0.738610
chr1:183019 183019 1598 0.010000 0.108890 0.005892 1.266703
chr1:183656 183656 1602 0.575000 0.012056 0.007186 0.224734
chr1:183704 183704 1603 0.130000 0.023530 0.008506 0.441864
chr1:184347 184347 1606 0.130000 0.037988 0.007859 0.684281
chr1:184399 184399 1607 0.130000 0.037988 0.007859 0.684281
chr1:185002 185002 1611 0.240000 0.042349 0.007930 0.727591
chr1:185161 185161 1613 0.130000 0.024079 0.008536 0.450386
chr1:185344 185344 1615 0.130000 0.024079 0.008536 0.450386
chr1:185678 185678 1616 0.010000 0.008978 0.005284 0.230185
chr1:186116 186116 1618 0.130000 0.024079 0.008511 0.451648
chr1:186185 186185 1620 0.295000 0.014893 0.009626 0.189503
chr1:186261 186261 1623 0.130000 0.024079 0.009611 0.398884
chr1:187413 187413 1633 0.110000 0.045309 0.009258 0.689650
chr1:187700 187700 1636 0.405000 0.019988 0.009422 0.326629
chr1:187925 187925 1639 0.895000 0.008453 0.022034 -0.416098
chr1:187932 187932 1640 0.105000 0.022034 0.008453 0.416098
chr1:188057 188057 1641 0.105000 0.022034 0.008453 0.416098
chr1:189518 189518 1654 0.015000 0.080933 0.008746 0.966320
chr1:190407 190407 1662 0.105000 0.022526 0.009081 0.394528
chr1:190679 190679 1667 0.025000 0.038470 0.009156 0.623432
chr1:190868 190868 1669 0.455000 0.017941 0.011744 0.184040
chr1:191050 191050 1672 0.455000 0.017941 0.011194 0.204857
chr1:191840 191840 1678 0.455000 0.018034 0.011601 0.191588
chr1:192288 192288 1684 0.260000 0.026850 0.008693 0.489759
chr1:192659 192659 1686 0.170000 0.033990 0.007903 0.633559
chr1:192717 192717 1687 0.290000 0.021838 0.009357 0.368087
chr1:192931 192931 1689 0.290000 0.021509 0.009357 0.361494
chr1:192979 192979 1690 0.105000 0.067960 0.009460 0.856357
chr1:193059 193059 1692 0.255000 0.019678 0.009043 0.337683
chr1:193176 193176 1694 0.290000 0.021509 0.008251 0.416094
chr1:193518 193518 1696 0.290000 0.021439 0.008251 0.414678
chr1:193660 193660 1698 0.010000 0.195888 0.007000 1.446917
chr1:193816 193816 1702 0.545000 0.009272 0.017137 -0.266745
chr1:193986 193986 1705 0.290000 0.022217 0.008474 0.418592
chr1:194865 194865 1711 0.255000 0.020040 0.009805 0.310462
chr1:195128 195128 1716 0.455000 0.017137 0.010083 0.230319
chr1:195293 195293 1717 0.145000 0.080320 0.008868 0.957013
chr1:195683 195683 1720 0.290000 0.022290 0.008399 0.423866
chr1:195854 195854 1721 0.695000 0.008330 0.020149 -0.383610
chr1:195992 195992 1724 0.255000 0.018973 0.008527 0.347358
chr1:196054 196054 1725 0.270000 0.034606 0.007861 0.643667
chr1:196367 196367 1727 0.255000 0.018973 0.008687 0.339280
chr1:196468 196468 1729 0.015000 0.158575 0.007215 1.342026
chr1:196664 196664 1731 0.010000 0.248273 0.007615 1.513243
chr1:196735 196735 1732 0.095000 0.089376 0.007977 1.049391
chr1:196761 196761 1733 0.010000 0.005881 0.004827 0.085729
chr1:196908 196908 1736 0.010000 0.107415 0.005651 1.278937
chr1:197188 197188 1737 0.695000 0.008931 0.014678 -0.215773
chr1:197250 197250 1738 0.305000 0.014678 0.008931 0.215773
chr1:197768 197768 1739 0.695000 0.008931 0.014678 -0.215773
chr1:197829 197829 1740 0.305000 0.014678 0.008931 0.215773
chr1:197899 197899 1741 0.075000 0.080644 0.007856 1.011394
chr1:198569 198569 1743 0.035000 0.102792 0.007745 1.122942
chr1:198806 198806 1745 0.415000 0.012868 0.009841 0.116467
chr1:198813 198813 1746 0.280000 0.017119 0.008563 0.300857
chr1:198863 198863 1747 0.280000 0.017119 0.008563 0.300857
chr1:200137 200137 1755 0.700000 0.008455 0.031772 -0.574948
chr1:200510 200510 1759 0.405000 0.012714 0.009625 0.120865
chr1:200676 200676 1760 0.700000 0.008749 0.031563 -0.557207
chr1:200680 200680 1761 0.300000 0.031563 0.008749 0.557207
chr1:201246 201246 1767 0.300000 0.031563 0.008648 0.562260
chr1:201257 201257 1768 0.035000 0.042909 0.006231 0.838009
chr1:201421 201421 1769 0.020000 0.092469 0.006727 1.138191
chr1:202295 202295 1773 0.330000 0.027227 0.009173 0.472478
chr1:202736 202736 1775 0.170000 0.042012 0.007832 0.729503
chr1:202749 202749 1776 0.330000 0.027111 0.009527 0.454184
chr1:203185 203185 1781 0.660000 0.009537 0.025732 -0.431084
chr1:203292 203292 1782 0.660000 0.009537 0.025732 -0.431084
chr1:203427 203427 1783 0.035000 0.042909 0.006261 0.835909
chr1:204032 204032 1785 0.345000 0.025005 0.009606 0.415486
chr1:204503 204503 1791 0.655000 0.009628 0.025005 -0.414505
chr1:204844 204844 1794 0.315000 0.030391 0.009251 0.516563
chr1:205636 205636 1801 0.345000 0.024889 0.010264 0.384699
chr1:205727 205727 1802 0.010000 0.102506 0.007414 1.140723
chr1:206443 206443 1805 0.990000 0.007414 0.102506 -1.140723
chr1:206484 206484 1807 0.010000 0.102506 0.007400 1.141499
chr1:206819 206819 1810 0.015000 0.041918 0.007192 0.765552
chr1:206852 206852 1811 0.075000 0.057222 0.009958 0.759393
chr1:207114 207114 1812 0.015000 0.034669 0.007384 0.671622
chr1:207160 207160 1813 0.595000 0.011776 0.010094 0.066937
chr1:207264 207264 1815 0.010000 0.102506 0.007058 1.162063
chr1:207793 207793 1819 0.015000 0.123297 0.008427 1.165273
chr1:207935 207935 1821 0.035000 0.088927 0.009850 0.955596
chr1:208091 208091 1822 0.010000 0.121568 0.007812 1.192031
chr1:208307 208307 1824 0.015000 0.135670 0.008488 1.203682
chr1:209005 209005 1830 0.015000 0.058518 0.007731 0.879058
chr1:209229 209229 1834 0.015000 0.058518 0.007675 0.882196
chr1:210047 210047 1837 0.150000 0.035015 0.009848 0.550915
chr1:210119 210119 1838 0.015000 0.135670 0.009123 1.172325
chr1:210241 210241 1839 0.015000 0.058518 0.008214 0.852749
chr1:210427 210427 1840 0.015000 0.058518 0.008214 0.852749
chr1:210566 210566 1841 0.015000 0.058518 0.008214 0.852749
chr1:210640 210640 1844 0.015000 0.058518 0.008193 0.853855
chr1:210737 210737 1845 0.015000 0.058518 0.008193 0.853855
chr1:211016 211016 1850 0.015000 0.058518 0.008249 0.850899
chr1:211241 211241 1851 0.985000 0.008249 0.058518 -0.850899
chr1:211394 211394 1852 0.985000 0.008249 0.058518 -0.850899
chr1:211513 211513 1854 0.595000 0.012717 0.010453 0.085136
chr1:211527 211527 1855 0.595000 0.012717 0.010453 0.085136
chr1:211542 211542 1856 0.265000 0.039456 0.008451 0.669176
chr1:211549 211549 1857 0.265000 0.039456 0.008451 0.669176
chr1:211701 211701 1858 0.035000 0.088927 0.009002 0.994694
chr1:211749 211749 1859 0.015000 0.058518 0.006742 0.938506
chr1:211861 211861 1860 0.065000 0.024364 0.008549 0.454822
chr1:212002 212002 1861 0.985000 0.006732 0.058518 -0.939126
chr1:212867 212867 1866 0.015000 0.135670 0.007805 1.240136
chr1:213380 213380 1870 0.020000 0.044168 0.006985 0.800970
chr1:213450 213450 1872 0.035000 0.063122 0.009095 0.841362
chr1:213520 213520 1873 0.980000 0.006784 0.044169 -0.813625
chr1:213922 213922 1876 0.020000 0.044169 0.006784 0.813625
chr1:213929 213929 1877 0.590000 0.011787 0.009166 0.109231
chr1:214184 214184 1881 0.035000 0.063122 0.008274 0.882457
chr1:214276 214276 1882 0.200000 0.020420 0.007075 0.460357
chr1:214336 214336 1883 0.100000 0.060047 0.009031 0.822771
chr1:214341 214341 1884 0.590000 0.011820 0.007527 0.195964
chr1:214654 214654 1887 0.020000 0.044169 0.005783 0.882988
chr1:214757 214757 1888 0.390000 0.009463 0.011641 -0.089962
chr1:215074 215074 1891 0.035000 0.063122 0.008213 0.885696
chr1:215202 215202 1892 0.065000 0.025648 0.007900 0.511437
chr1:215602 215602 1894 0.610000 0.011641 0.009664 0.080852
chr1:216477 216477 1897 0.020000 0.044169 0.006966 0.802141
chr1:216639 216639 1900 0.980000 0.006947 0.044169 -0.803339
chr1:216725 216725 1902 0.020000 0.044169 0.006941 0.803689
chr1:216771 216771 1903 0.010000 0.086665 0.006534 1.122640
chr1:217117 217117 1905 0.020000 0.044169 0.006909 0.805704
chr1:217211 217211 1906 0.020000 0.090745 0.008015 1.053894
chr1:217214 217214 1907 0.010000 0.089600 0.006498 1.139507
chr1:217326 217326 1909 0.035000 0.088927 0.008990 0.995286
chr1:217369 217369 1910 0.980000 0.006876 0.044169 -0.807779
chr1:217414 217414 1912 0.620000 0.012256 0.008950 0.136495
chr1:217683 217683 1914 0.020000 0.044169 0.006237 0.850133
chr1:217709 217709 1916 0.095000 0.072308 0.008523 0.928588
chr1:218226 218226 1918 0.020000 0.044169 0.006149 0.856280
chr1:218251 218251 1919 0.620000 0.012256 0.008300 0.169233
chr1:218351 218351 1920 0.020000 0.044169 0.006452 0.835398
chr1:218648 218648 1922 0.020000 0.044169 0.006458 0.835047
chr1:218701 218701 1923 0.020000 0.044169 0.006458 0.835047
chr1:218854 218854 1924 0.150000 0.038916 0.009005 0.635640
chr1:218915 218915 1925 0.020000 0.044168 0.006425 0.837262
chr1:219207 219207 1928 0.980000 0.006425 0.044169 -0.837262
chr1:219247 219247 1929 0.125000 0.113584 0.007991 1.152706
chr1:219455 219455 1930 0.795000 0.009464 0.022529 -0.376646
chr1:219544 219544 1931 0.040000 0.058330 0.008833 0.819802
chr1:219881 219881 1932 0.020000 0.044169 0.006232 0.850500
chr1:219956 219956 1933 0.800000 0.009229 0.023611 -0.407936
chr1:220173 220173 1934 0.020000 0.044168 0.006273 0.847645
chr1:220177 220177 1935 0.020000 0.044168 0.006273 0.847645
chr1:220206 220206 1936 0.010000 0.107089 0.006256 1.233435
chr1:220233 220233 1937 0.010000 0.149086 0.006499 1.360573
chr1:220305 220305 1938 0.540000 0.015297 0.007167 0.329286
chr1:221099 221099 1941 0.020000 0.044168 0.006275 0.847509
chr1:221525 221525 1947 0.165000 0.036375 0.008739 0.619315
chr1:221532 221532 1948 0.225000 0.019223 0.008757 0.341471
chr1:221551 221551 1949 0.590000 0.012801 0.009093 0.148528
chr1:221562 221562 1950 0.980000 0.005632 0.044168 -0.894482
chr1:221671 221671 1951 0.590000 0.012801 0.009143 0.146170
chr1:222072 222072 1956 0.550000 0.015304 0.007163 0.329710
chr1:222123 222123 1957 0.815000 0.008631 0.028306 -0.515814
chr1:222156 222156 1959 0.040000 0.058330 0.008403 0.841465
chr1:222183 222183 1960 0.020000 0.044168 0.005842 0.878571
chr1:222186 222186 1961 0.815000 0.008620 0.028266 -0.515746
chr1:222306 222306 1962 0.010000 0.086665 0.005654 1.185489
chr1:222363 222363 1963 0.225000 0.018828 0.009024 0.319421
chr1:222453 222453 1964 0.150000 0.046477 0.009994 0.667481
chr1:222705 222705 1965 0.165000 0.036375 0.009040 0.604611
chr1:223355 223355 1972 0.020000 0.044168 0.006555 0.828540
chr1:223813 223813 1974 0.285000 0.037345 0.007179 0.716188
chr1:223908 223908 1975 0.130000 0.061312 0.009906 0.791635
chr1:223992 223992 1976 0.165000 0.034865 0.009270 0.575312
chr1:223999 223999 1977 0.740000 0.009763 0.012767 -0.116501
chr1:224052 224052 1978 0.285000 0.037345 0.006625 0.751014
chr1:224060 224060 1979 0.140000 0.051437 0.008624 0.775588
chr1:224354 224354 1982 0.015000 0.135670 0.006655 1.309365
chr1:224409 224409 1984 0.040000 0.058330 0.008492 0.836864
chr1:224671 224671 1986 0.020000 0.044168 0.005837 0.878910
chr1:224881 224881 1988 0.020000 0.044168 0.005837 0.878910
chr1:224899 224899 1989 0.860000 0.008923 0.051437 -0.760744
chr1:225167 225167 1991 0.140000 0.051437 0.008923 0.760744
chr1:225219 225219 1992 0.100000 0.011668 0.006434 0.258538
chr1:225550 225550 1996 0.020000 0.044168 0.005704 0.888946
chr1:225623 225623 1999 0.130000 0.061312 0.009118 0.827664
chr1:225779 225779 2000 0.130000 0.061312 0.009118 0.827664
chr1:225922 225922 2002 0.035000 0.085060 0.006651 1.106842
chr1:226224 226224 2004 0.010000 0.121715 0.005958 1.310211
chr1:226407 226407 2005 0.040000 0.058330 0.008719 0.825408
chr1:226426 226426 2006 0.020000 0.044168 0.005844 0.878383
chr1:226429 226429 2007 0.110000 0.009390 0.006488 0.160550
chr1:227107 227107 2020 0.010000 0.187540 0.006688 1.447776
chr1:227627 227627 2021 0.235000 0.014588 0.006842 0.328801
chr1:227638 227638 2022 0.010000 0.086665 0.004930 1.245021
chr1:227753 227753 2023 0.045000 0.030467 0.005592 0.736246
chr1:227786 227786 2024 0.035000 0.235238 0.008520 1.441079
chr1:227859 227859 2025 0.155000 0.027648 0.005991 0.664148
chr1:228349 228349 2026 0.715000 0.007409 0.010648 -0.157525
chr1:228360 228360 2027 0.810000 0.007058 0.026053 -0.567165
chr1:228374 228374 2028 0.035000 0.235238 0.008485 1.442868
chr1:228481 228481 2030 0.035000 0.235238 0.008485 1.442868
chr1:228508 228508 2032 0.905000 0.007410 0.035863 -0.684811
chr1:228539 228539 2033 0.155000 0.027648 0.005867 0.673232
chr1:228583 228583 2034 0.285000 0.036243 0.006545 0.743331
chr1:228991 228991 2039 0.950000 0.008629 0.129648 -1.176785
chr1:229246 229246 2043 0.285000 0.036243 0.006712 0.732346
chr1:229499 229499 2044 0.250000 0.044897 0.006481 0.840560
chr1:229548 229548 2045 0.905000 0.007493 0.037468 -0.698977
chr1:229872 229872 2047 0.095000 0.037468 0.007493 0.698977
chr1:230036 230036 2048 0.245000 0.027710 0.007262 0.581607
chr1:230227 230227 2050 0.025000 0.073251 0.006830 1.030404
chr1:230245 230245 2051 0.665000 0.008552 0.010982 -0.108585
chr1:230557 230557 2055 0.010000 0.248273 0.007018 1.548741
chr1:230576 230576 2056 0.030000 0.055679 0.006783 0.914243
chr1:231230 231230 2059 0.045000 0.034745 0.006843 0.705663
chr1:231895 231895 2061 0.150000 0.035953 0.006378 0.751034
chr1:232135 232135 2063 0.175000 0.033594 0.007188 0.669655
chr1:232154 232154 2064 0.120000 0.056418 0.008676 0.813079
chr1:232180 232180 2065 0.150000 0.018280 0.006603 0.442237
chr1:232397 232397 2068 0.015000 0.158575 0.006038 1.419331
chr1:232420 232420 2070 0.265000 0.022334 0.007435 0.477667
chr1:232577 232577 2072 0.010000 0.086665 0.005231 1.219243
chr1:233376 233376 2077 0.505000 0.015268 0.007015 0.337745
chr1:233450 233450 2078 0.150000 0.035953 0.007164 0.700573
chr1:234096 234096 2082 0.120000 0.056418 0.009400 0.778283
chr1:234171 234171 2083 0.145000 0.048063 0.007357 0.815127
chr1:234466 234466 2085 0.495000 0.007020 0.014688 -0.320614
chr1:234685 234685 2087 0.150000 0.035953 0.006295 0.756755
chr1:234706 234706 2088 0.360000 0.022630 0.006161 0.565033
chr1:234904 234904 2090 0.240000 0.048231 0.005964 0.907780
chr1:234941 234941 2092 0.495000 0.007251 0.014419 -0.298548
chr1:234962 234962 2094 0.015000 0.135670 0.005590 1.385104
chr1:234997 234997 2095 0.145000 0.048063 0.006792 0.849805
chr1:235396 235396 2100 0.145000 0.044291 0.006493 0.833852
chr1:235661 235661 2102 0.055000 0.043975 0.005595 0.895371
chr1:235667 235667 2103 0.190000 0.010430 0.005992 0.240710
chr1:235729 235729 2104 0.500000 0.014875 0.006692 0.346893
chr1:235819 235819 2107 0.120000 0.056536 0.007759 0.862523
chr1:235844 235844 2108 0.140000 0.048308 0.006560 0.867127
chr1:235933 235933 2109 0.500000 0.015561 0.006692 0.366461
chr1:236089 236089 2110 0.040000 0.064019 0.007075 0.956573
chr1:236231 236231 2111 0.055000 0.043975 0.005681 0.888799
chr1:236629 236629 2114 0.500000 0.006689 0.015561 -0.366663
chr1:236744 236744 2116 0.045000 0.040633 0.007009 0.763223
chr1:236951 236951 2119 0.140000 0.056825 0.007447 0.882571
chr1:237364 237364 2122 0.060000 0.065750 0.006718 0.990661
chr1:237430 237430 2123 0.010000 0.086665 0.005358 1.208831
chr1:237680 237680 2127 0.280000 0.005929 0.008719 -0.167525
chr1:237738 237738 2128 0.280000 0.005929 0.008719 -0.167525
chr1:237796 237796 2129 0.280000 0.005929 0.008719 -0.167525
chr1:237902 237902 2130 0.055000 0.047680 0.006362 0.874725
chr1:238292 238292 2134 0.010000 0.280716 0.006882 1.610535
chr1:238420 238420 2136 0.235000 0.048623 0.006348 0.884197
chr1:238439 238439 2137 0.225000 0.021952 0.006366 0.537593
chr1:238440 238440 2138 0.720000 0.007410 0.006356 0.066659
chr1:238576 238576 2139 0.040000 0.067691 0.007118 0.978151
chr1:238619 238619 2140 0.010000 0.038297 0.003635 1.022664
chr1:238689 238689 2141 0.060000 0.065750 0.005517 1.076217
chr1:238713 238713 2142 0.010000 0.149086 0.004939 1.479826
chr1:238985 238985 2144 0.280000 0.007348 0.007275 0.004324
chr1:239150 239150 2145 0.665000 0.008688 0.007198 0.081724
chr1:239182 239182 2147 0.110000 0.033236 0.004301 0.888041
chr1:239238 239238 2148 0.335000 0.007148 0.007820 -0.039024
chr1:239341 239341 2149 0.140000 0.056825 0.005684 0.999856
chr1:239427 239427 2150 0.170000 0.025169 0.005627 0.650587
chr1:239782 239782 2152 0.695000 0.007270 0.008388 -0.062096
chr1:240048 240048 2156 0.310000 0.008112 0.007621 0.027086
chr1:240624 240624 2158 0.310000 0.008112 0.007621 0.027086
chr1:241011 241011 2161 0.090000 0.015470 0.005166 0.476347
chr1:241150 241150 2163 0.550000 0.010226 0.008396 0.085625
chr1:241504 241504 2165 0.860000 0.006205 0.056825 -0.961823
chr1:241675 241675 2166 0.090000 0.015470 0.004799 0.508334
chr1:241744 241744 2167 0.040000 0.067691 0.006539 1.015038
chr1:241787 241787 2169 0.220000 0.013946 0.005571 0.398543
chr1:241791 241791 2170 0.125000 0.116990 0.006128 1.280838
chr1:242122 242122 2172 0.090000 0.015546 0.005149 0.479915
chr1:242209 242209 2173 0.140000 0.056825 0.006615 0.933998
chr1:242388 242388 2174 0.040000 0.198144 0.008607 1.362132
chr1:242540 242540 2176 0.140000 0.056825 0.006488 0.942418
chr1:242623 242623 2177 0.690000 0.007965 0.007562 0.022543
chr1:242654 242654 2178 0.040000 0.198144 0.008481 1.368542
chr1:242660 242660 2179 0.310000 0.007562 0.008049 -0.027061
chr1:242781 242781 2181 0.090000 0.063786 0.007218 0.946288
chr1:242943 242943 2183 0.310000 0.007633 0.008348 -0.038882
chr1:243001 243001 2184 0.090000 0.015546 0.005006 0.492092
chr1:243370 243370 2186 0.220000 0.014010 0.006433 0.338031
chr1:243375 243375 2187 0.535000 0.011288 0.008824 0.106932
chr1:243395 243395 2188 0.090000 0.063786 0.007395 0.935787
chr1:243652 243652 2190 0.535000 0.011277 0.008824 0.106530
chr1:243674 243674 2191 0.055000 0.047680 0.005677 0.924184
chr1:243720 243720 2192 0.160000 0.051103 0.006596 0.889201
chr1:244092 244092 2195 0.090000 0.063786 0.007832 0.910877
chr1:244168 244168 2197 0.040000 0.198144 0.008433 1.370991
chr1:244199 244199 2199 0.840000 0.006767 0.051103 -0.878051
chr1:244228 244228 2200 0.090000 0.063786 0.007836 0.910640
chr1:244348 244348 2201 0.010000 0.086665 0.004471 1.287391
chr1:244396 244396 2202 0.160000 0.051103 0.006526 0.893789
chr1:244688 244688 2204 0.030000 0.055679 0.005898 0.974998
chr1:244785 244785 2205 0.840000 0.006465 0.051103 -0.897904
chr1:245031 245031 2209 0.160000 0.051103 0.006231 0.913914
chr1:245043 245043 2210 0.160000 0.027011 0.006469 0.620719
chr1:245066 245066 2211 0.065000 0.051445 0.005530 0.968658
chr1:245138 245138 2212 0.160000 0.051103 0.006087 0.924072
chr1:245212 245212 2214 0.055000 0.047680 0.005462 0.941012
chr1:245324 245324 2215 0.840000 0.006295 0.051103 -0.909462
chr1:245362 245362 2216 0.090000 0.063786 0.007915 0.906264
chr1:245611 245611 2218 0.020000 0.146000 0.006502 1.351336
chr1:245769 245769 2220 0.160000 0.053366 0.007313 0.863144
chr1:245774 245774 2221 0.070000 0.070855 0.008743 0.908692
chr1:246158 246158 2224 0.010000 0.070950 0.005148 1.139279
chr1:246493 246493 2228 0.840000 0.007502 0.053366 -0.852098
chr1:246689 246689 2230 0.070000 0.070855 0.008727 0.909527
chr1:246697 246697 2231 0.160000 0.053366 0.007551 0.849258
chr1:246915 246915 2232 0.235000 0.045902 0.007466 0.788762
chr1:247083 247083 2235 0.770000 0.008833 0.029601 -0.525207
chr1:247099 247099 2236 0.230000 0.029601 0.008833 0.525207
chr1:247215 247215 2237 0.085000 0.023672 0.007159 0.519345
chr1:247242 247242 2239 0.230000 0.029601 0.009538 0.491842
chr1:247264 247264 2240 0.230000 0.029601 0.009538 0.491842
chr1:247288 247288 2241 0.020000 0.098392 0.009645 1.008668
chr1:247539 247539 2243 0.720000 0.010672 0.019884 -0.270256
chr1:247582 247582 2244 0.230000 0.029601 0.009718 0.483731
chr1:247627 247627 2245 0.230000 0.029601 0.009718 0.483731
chr1:247674 247674 2247 0.010000 0.191874 0.007587 1.402949
chr1:247823 247823 2248 0.040000 0.069810 0.007490 0.969409
chr1:248152 248152 2251 0.050000 0.030522 0.007415 0.614478
chr1:248180 248180 2252 0.015000 0.101806 0.008047 1.102147
chr1:248239 248239 2253 0.230000 0.029601 0.010728 0.440799
chr1:248699 248699 2256 0.010000 0.191874 0.008261 1.366000
chr1:249363 249363 2259 0.160000 0.053366 0.009579 0.745947
chr1:249391 249391 2260 0.070000 0.069337 0.010893 0.803820
chr1:250508 250508 2266 0.160000 0.053366 0.010168 0.720015
chr1:251315 251315 2275 0.010000 0.011539 0.007896 0.164763
chr1:251647 251647 2279 0.945000 0.009493 0.026972 -0.453501
chr1:252365 252365 2286 0.255000 0.043473 0.010509 0.616658
chr1:253001 253001 2292 0.690000 0.011213 0.028215 -0.400770
chr1:254624 254624 2299 0.420000 0.014510 0.014013 0.015134
chr1:254954 254954 2301 0.255000 0.043999 0.008889 0.694574
chr1:255212 255212 2303 0.150000 0.055332 0.007435 0.871687
chr1:255436 255436 2304 0.010000 0.187540 0.007184 1.416748
chr1:255598 255598 2307 0.355000 0.023629 0.008916 0.423264
chr1:255601 255601 2308 0.015000 0.135670 0.007431 1.261457
chr1:255838 255838 2310 0.100000 0.047617 0.007796 0.785909
chr1:255931 255931 2311 0.165000 0.018181 0.007529 0.382881
chr1:256041 256041 2313 0.725000 0.008667 0.019198 -0.345411
chr1:256755 256755 2316 0.130000 0.065815 0.008555 0.886084
chr1:256808 256808 2317 0.255000 0.043999 0.007795 0.751629
chr1:256874 256874 2318 0.130000 0.065815 0.008123 0.908606
chr1:257185 257185 2320 0.150000 0.088685 0.007434 1.076652
chr1:257193 257193 2321 0.010000 0.185830 0.007808 1.376582
chr1:257346 257346 2323 0.085000 0.026412 0.007733 0.533450
chr1:257359 257359 2324 0.275000 0.016233 0.009508 0.232315
chr1:258004 258004 2334 0.245000 0.021792 0.009213 0.373899
chr1:258110 258110 2336 0.500000 0.009548 0.016128 -0.227695
chr1:258730 258730 2342 0.015000 0.068460 0.007330 0.970357
chr1:258764 258764 2343 0.255000 0.052385 0.007629 0.836729
chr1:258778 258778 2344 0.500000 0.016988 0.009949 0.232374
chr1:258878 258878 2345 0.295000 0.013105 0.010102 0.113024
chr1:258907 258907 2346 0.500000 0.010712 0.016988 -0.200299
chr1:260401 260401 2351 0.050000 0.052067 0.008824 0.770879
chr1:260687 260687 2354 0.235000 0.024190 0.010600 0.358344
chr1:261077 261077 2357 0.190000 0.037400 0.010541 0.549987
chr1:261254 261254 2360 0.100000 0.051920 0.009935 0.718179
chr1:261984 261984 2362 0.825000 0.010474 0.037354 -0.552220
chr1:262291 262291 2363 0.245000 0.047825 0.009992 0.680005
chr1:263014 263014 2368 0.245000 0.047825 0.010058 0.677154
chr1:263316 263316 2371 0.050000 0.052067 0.010081 0.713064
chr1:264520 264520 2378 0.025000 0.070094 0.010728 0.815153
chr1:265925 265925 2382 0.910000 0.010042 0.015803 -0.196943
chr1:266136 266136 2384 0.245000 0.048074 0.010033 0.680461
chr1:266270 266270 2386 0.020000 0.146034 0.010293 1.151923
chr1:267003 267003 2393 0.090000 0.017307 0.009805 0.246773
chr1:267354 267354 2394 0.130000 0.068686 0.011219 0.786924
chr1:268070 268070 2395 0.020000 0.146034 0.010385 1.148047
chr1:268181 268181 2396 0.015000 0.074833 0.009669 0.888733
chr1:268291 268291 2399 0.050000 0.056721 0.009956 0.755660
chr1:268383 268383 2401 0.250000 0.027834 0.010772 0.412265
chr1:268468 268468 2403 0.100000 0.015319 0.010095 0.181142
chr1:269198 269198 2406 0.650000 0.013258 0.015332 -0.063120
chr1:269250 269250 2407 0.240000 0.047642 0.008739 0.736548
chr1:271326 271326 2422 0.560000 0.013698 0.017017 -0.094225
chr1:271414 271414 2423 0.130000 0.039931 0.010095 0.597207
chr1:272720 272720 2435 0.490000 0.017450 0.013274 0.118807
chr1:272840 272840 2436 0.015000 0.025684 0.008737 0.468308
chr1:273532 273532 2440 0.020000 0.146080 0.010638 1.137717
chr1:273714 273714 2441 0.270000 0.023240 0.012080 0.284187
chr1:273732 273732 2442 0.270000 0.023240 0.012080 0.284187
chr1:273847 273847 2443 0.295000 0.020481 0.009935 0.314199
chr1:273875 273875 2444 0.420000 0.022357 0.008992 0.395552
chr1:274199 274199 2445 0.705000 0.010243 0.020481 -0.300945
chr1:274345 274345 2448 0.295000 0.020399 0.009965 0.311123
chr1:274861 274861 2452 0.015000 0.074833 0.007854 0.979007
chr1:274937 274937 2453 0.220000 0.052194 0.007346 0.851546
chr1:274989 274989 2454 0.025000 0.019820 0.006260 0.500541
chr1:275177 275177 2455 0.185000 0.037252 0.008153 0.659826
chr1:275184 275184 2456 0.265000 0.023630 0.009061 0.416269
chr1:275506 275506 2459 0.030000 0.091510 0.009357 0.990353
chr1:275589 275589 2460 0.735000 0.009061 0.023934 -0.421826
chr1:275700 275700 2462 0.285000 0.021096 0.009753 0.335065
chr1:275915 275915 2463 0.450000 0.018722 0.009799 0.281194
chr1:276187 276187 2465 0.735000 0.008954 0.023934 -0.426981
chr1:276339 276339 2469 0.270000 0.022909 0.009522 0.381268
chr1:276376 276376 2470 0.285000 0.020825 0.009939 0.321263
chr1:276526 276526 2473 0.275000 0.022151 0.009667 0.360083
chr1:276587 276587 2474 0.275000 0.022151 0.009667 0.360083
chr1:276636 276636 2475 0.735000 0.008954 0.022860 -0.407070
chr1:276801 276801 2476 0.040000 0.051681 0.006992 0.868708
chr1:276856 276856 2478 0.265000 0.022860 0.008691 0.419979
chr1:277072 277072 2479 0.030000 0.091510 0.009238 0.995903
chr1:277155 277155 2482 0.575000 0.012665 0.011442 0.044095
chr1:277172 277172 2483 0.240000 0.045933 0.007461 0.789349
chr1:277293 277293 2486 0.240000 0.045933 0.007479 0.788309
chr1:277840 277840 2489 0.165000 0.047001 0.008200 0.758312
chr1:278152 278152 2490 0.165000 0.047001 0.008200 0.758312
chr1:278255 278255 2491 0.020000 0.146247 0.008116 1.255761
chr1:278276 278276 2492 0.255000 0.043527 0.007467 0.765617
chr1:278299 278299 2493 0.015000 0.028855 0.006158 0.670816
chr1:278414 278414 2494 0.260000 0.020270 0.009580 0.325488
chr1:278879 278879 2495 0.105000 0.081201 0.009809 0.917958
chr1:278963 278963 2496 0.120000 0.050313 0.008249 0.785278
chr1:279005 279005 2497 0.120000 0.050313 0.008249 0.785278
chr1:279033 279033 2498 0.160000 0.030209 0.006646 0.657602
chr1:279153 279153 2500 0.035000 0.021112 0.004974 0.627800
chr1:279260 279260 2502 0.120000 0.050313 0.007126 0.848814
chr1:279345 279345 2504 0.120000 0.050313 0.007126 0.848814
chr1:279552 279552 2507 0.160000 0.030209 0.006906 0.640887
chr1:279949 279949 2510 0.155000 0.052871 0.006508 0.909768
chr1:280023 280023 2511 0.260000 0.021103 0.008086 0.416628
chr1:280183 280183 2513 0.120000 0.050313 0.007089 0.851105
chr1:280287 280287 2514 0.260000 0.021103 0.008209 0.410045
chr1:280482 280482 2515 0.195000 0.020513 0.007336 0.446557
chr1:280825 280825 2516 0.115000 0.054307 0.007702 0.848236
chr1:281034 281034 2518 0.030000 0.091510 0.008817 1.016139
chr1:281494 281494 2520 0.170000 0.045013 0.006912 0.813735
chr1:281982 281982 2526 0.015000 0.028855 0.005235 0.741307
chr1:281988 281988 2527 0.155000 0.071795 0.007465 0.983074
chr1:282068 282068 2528 0.030000 0.091510 0.008099 1.053042
chr1:282166 282166 2531 0.170000 0.043467 0.006361 0.834618
chr1:282325 282325 2533 0.240000 0.024552 0.006754 0.560513
chr1:282365 282365 2535 0.115000 0.054307 0.006532 0.919803
chr1:282400 282400 2536 0.155000 0.050861 0.005721 0.948950
chr1:282658 282658 2538 0.245000 0.019278 0.007172 0.429447
chr1:282807 282807 2540 0.570000 0.011798 0.009448 0.096465
chr1:283566 283566 2548 0.280000 0.015238 0.008291 0.264324
chr1:283769 283769 2549 0.155000 0.070424 0.007953 0.947175
chr1:284018 284018 2552 0.545000 0.013628 0.009846 0.141159
chr1:284316 284316 2556 0.020000 0.146315 0.007514 1.289413
chr1:284924 284924 2561 0.195000 0.025211 0.007430 0.530589
chr1:285056 285056 2562 0.545000 0.013848 0.010322 0.127641
chr1:286110 286110 2576 0.035000 0.022379 0.006005 0.571350
chr1:286304 286304 2577 0.195000 0.027758 0.008116 0.534028
chr1:286321 286321 2578 0.090000 0.062671 0.008389 0.873361
chr1:286341 286341 2579 0.035000 0.022379 0.005942 0.575888
chr1:287075 287075 2586 0.175000 0.027051 0.007945 0.532105
chr1:287472 287472 2589 0.035000 0.022379 0.006157 0.560474
chr1:287702 287702 2591 0.175000 0.027051 0.007987 0.529800
chr1:287777 287777 2592 0.245000 0.029856 0.007750 0.585748
chr1:287783 287783 2593 0.150000 0.033035 0.007580 0.639301
chr1:287834 287834 2594 0.175000 0.024533 0.007682 0.504258
chr1:288691 288691 2601 0.245000 0.029737 0.006974 0.629812
chr1:288832 288832 2602 0.595000 0.010801 0.010406 0.016192
chr1:288955 288955 2603 0.405000 0.010406 0.010801 -0.016192
chr1:289061 289061 2605 0.180000 0.023349 0.007143 0.514412
chr1:289150 289150 2606 0.050000 0.038828 0.005886 0.819289
chr1:289167 289167 2607 0.595000 0.010801 0.010080 0.030027
chr1:289244 289244 2609 0.225000 0.021549 0.006996 0.488585
chr1:289332 289332 2610 0.405000 0.010160 0.010801 -0.026604
chr1:289459 289459 2611 0.180000 0.022500 0.007179 0.496122
chr1:289506 289506 2612 0.180000 0.022500 0.007179 0.496122
chr1:289568 289568 2613 0.030000 0.038532 0.006493 0.773381
chr1:289698 289698 2614 0.225000 0.021533 0.007405 0.463545
chr1:289862 289862 2615 0.010000 0.127824 0.005586 1.359516
chr1:290102 290102 2618 0.610000 0.010621 0.010958 -0.013564
chr1:290544 290544 2623 0.585000 0.011081 0.010464 0.024903
chr1:290674 290674 2624 0.580000 0.011072 0.010278 0.032318
chr1:290790 290790 2626 0.195000 0.021838 0.007091 0.488489
chr1:290853 290853 2627 0.420000 0.010385 0.011072 -0.027810
chr1:290965 290965 2628 0.205000 0.034090 0.006042 0.751455
chr1:290992 290992 2629 0.805000 0.007344 0.021838 -0.473265
chr1:291300 291300 2630 0.030000 0.038532 0.006295 0.786856
chr1:291349 291349 2631 0.610000 0.010575 0.011500 -0.036405
chr1:291494 291494 2633 0.015000 0.118556 0.005535 1.330795
chr1:291571 291571 2634 0.195000 0.029478 0.007128 0.616543
chr1:291609 291609 2635 0.390000 0.013234 0.010947 0.082384
chr1:291646 291646 2636 0.610000 0.010947 0.013234 -0.082384
chr1:291807 291807 2637 0.390000 0.013234 0.010947 0.082384
chr1:291898 291898 2638 0.390000 0.013234 0.010947 0.082384
chr1:292115 292115 2640 0.215000 0.035845 0.007919 0.655764
chr1:292960 292960 2647 0.610000 0.011582 0.013978 -0.081664
chr1:293010 293010 2648 0.610000 0.011582 0.013978 -0.081664
chr1:293089 293089 2649 0.610000 0.011582 0.013978 -0.081664
chr1:293103 293103 2650 0.610000 0.011582 0.013978 -0.081664
chr1:293119 293119 2651 0.010000 0.071063 0.005365 1.122089
chr1:293213 293213 2652 0.610000 0.011582 0.014077 -0.084724
chr1:293819 293819 2656 0.610000 0.011817 0.014077 -0.075983
chr1:294425 294425 2663 0.390000 0.014260 0.012118 0.070713
chr1:295349 295349 2671 0.390000 0.013964 0.011995 0.066037
chr1:295568 295568 2674 0.390000 0.013964 0.011995 0.066037
chr1:296024 296024 2677 0.390000 0.014147 0.012005 0.071282
chr1:296192 296192 2679 0.075000 0.070488 0.007804 0.955787
chr1:296886 296886 2685 0.390000 0.013546 0.011528 0.070086
chr1:296901 296901 2686 0.220000 0.031950 0.008264 0.587260
chr1:296996 296996 2687 0.160000 0.029658 0.006845 0.636758
chr1:297373 297373 2689 0.010000 0.127998 0.005706 1.350856
chr1:297607 297607 2691 0.010000 0.176688 0.006150 1.458322
chr1:297667 297667 2692 0.035000 0.062900 0.005982 1.021805
chr1:297842 297842 2695 0.220000 0.031371 0.007520 0.620313
chr1:297877 297877 2696 0.390000 0.012826 0.009391 0.135391
chr1:298198 298198 2700 0.010000 0.030396 0.004051 0.875215
chr1:298249 298249 2701 0.590000 0.008330 0.012830 -0.187586
chr1:298379 298379 2702 0.200000 0.028862 0.005698 0.704639
chr1:298390 298390 2703 0.590000 0.009232 0.012830 -0.142914
chr1:298485 298485 2705 0.590000 0.009501 0.012830 -0.130467
chr1:298489 298489 2706 0.190000 0.029998 0.006453 0.667323
chr1:298531 298531 2707 0.030000 0.038532 0.005966 0.810117
chr1:298732 298732 2710 0.200000 0.036297 0.006986 0.715609
chr1:299717 299717 2715 0.160000 0.043571 0.007400 0.769953
chr1:299921 299921 2716 0.155000 0.029746 0.006701 0.647318
chr1:299942 299942 2717 0.420000 0.012792 0.009710 0.119716
chr1:300299 300299 2722 0.025000 0.045714 0.006077 0.876343
chr1:300623 300623 2723 0.580000 0.009710 0.013018 -0.127337
chr1:300743 300743 2724 0.010000 0.030396 0.004441 0.835346
chr1:301408 301408 2729 0.255000 0.024793 0.007968 0.492992
chr1:301736 301736 2731 0.035000 0.039026 0.005559 0.846369
chr1:301764 301764 2732 0.020000 0.094379 0.006199 1.182573
chr1:302045 302045 2733 0.580000 0.009775 0.012948 -0.122068
chr1:302061 302061 2734 0.580000 0.009775 0.012948 -0.122068
chr1:302088 302088 2735 0.120000 0.051613 0.006311 0.912627
chr1:302551 302551 2739 0.015000 0.071172 0.006453 1.042559
chr1:302850 302850 2741 0.155000 0.031413 0.007115 0.644947
chr1:303101 303101 2743 0.010000 0.185830 0.006748 1.439909
chr1:303108 303108 2744 0.040000 0.078980 0.006826 1.063339
chr1:304433 304433 2752 0.110000 0.081485 0.008415 0.986043
chr1:304707 304707 2755 0.015000 0.071172 0.005960 1.077053
chr1:304744 304744 2756 0.250000 0.015971 0.007491 0.328792
chr1:305886 305886 2764 0.225000 0.023573 0.007092 0.521635
chr1:305985 305985 2766 0.195000 0.022398 0.006592 0.531176
chr1:306186 306186 2769 0.385000 0.015557 0.006574 0.374065
chr1:306651 306651 2774 0.355000 0.011361 0.007554 0.177236
chr1:307030 307030 2777 0.170000 0.039532 0.005844 0.830256
chr1:307371 307371 2782 0.095000 0.027566 0.006332 0.638839
chr1:307461 307461 2785 0.010000 0.029652 0.004041 0.865549
chr1:308011 308011 2791 0.290000 0.017592 0.006693 0.419683
chr1:308222 308222 2793 0.240000 0.022393 0.006628 0.528753
chr1:308654 308654 2796 0.270000 0.020599 0.006298 0.514641
chr1:309226 309226 2801 0.075000 0.025457 0.005405 0.673029
chr1:309490 309490 2805 0.105000 0.041359 0.007078 0.766639
chr1:309507 309507 2807 0.210000 0.026738 0.006494 0.614645
chr1:309608 309608 2810 0.080000 0.061578 0.005964 1.013889
chr1:310044 310044 2815 0.015000 0.046996 0.004339 1.034706
chr1:310075 310075 2817 0.480000 0.009861 0.008294 0.075157
chr1:311118 311118 2827 0.270000 0.020172 0.006633 0.483026
chr1:311173 311173 2828 0.170000 0.027795 0.006151 0.655040
chr1:311938 311938 2832 0.010000 0.053978 0.004772 1.053476
chr1:312045 312045 2833 0.135000 0.062713 0.007337 0.931867
chr1:312130 312130 2834 0.120000 0.051573 0.005680 0.958057
chr1:312203 312203 2835 0.075000 0.027795 0.005126 0.734206
chr1:312464 312464 2837 0.230000 0.023690 0.005538 0.631204
chr1:312661 312661 2838 0.120000 0.081592 0.007689 1.025787
chr1:313484 313484 2840 0.120000 0.051573 0.005705 0.956146
chr1:313538 313538 2841 0.480000 0.009604 0.008991 0.028635
chr1:313627 313627 2843 0.160000 0.024397 0.006075 0.603818
chr1:314053 314053 2846 0.480000 0.010236 0.009006 0.055615
chr1:314135 314135 2847 0.095000 0.045834 0.006707 0.834667
chr1:315036 315036 2855 0.075000 0.027795 0.005614 0.694721
chr1:315202 315202 2857 0.300000 0.022195 0.006239 0.551109
chr1:315450 315450 2859 0.480000 0.010375 0.009201 0.052167
chr1:315853 315853 2860 0.070000 0.030542 0.005518 0.743095
chr1:315868 315868 2861 0.120000 0.081592 0.008274 0.993928
chr1:315979 315979 2863 0.120000 0.081592 0.008274 0.993928
chr1:316620 316620 2871 0.130000 0.032319 0.006533 0.694376
chr1:316761 316761 2875 0.610000 0.008134 0.009026 -0.045211
chr1:316893 316893 2876 0.130000 0.056309 0.005736 0.991984
chr1:316968 316968 2877 0.160000 0.027849 0.006199 0.652464
chr1:317278 317278 2882 0.145000 0.038889 0.005544 0.845968
chr1:317311 317311 2883 0.145000 0.038889 0.005544 0.845968
chr1:317453 317453 2885 0.120000 0.081592 0.008008 1.008105
chr1:317960 317960 2889 0.010000 0.139599 0.005081 1.438896
chr1:317992 317992 2890 0.120000 0.081592 0.008030 1.006905
chr1:318158 318158 2894 0.120000 0.047188 0.005563 0.928532
chr1:318624 318624 2899 0.120000 0.081592 0.008234 0.996017
chr1:318644 318644 2900 0.085000 0.027173 0.005750 0.674488
chr1:319238 319238 2903 0.405000 0.012090 0.008442 0.155952
chr1:319756 319756 2907 0.150000 0.032143 0.008454 0.580026
chr1:319777 319777 2908 0.285000 0.022595 0.008739 0.412575
chr1:320274 320274 2909 0.045000 0.042437 0.007768 0.737450
chr1:320454 320454 2910 0.035000 0.065160 0.008096 0.905726
chr1:320886 320886 2912 0.010000 0.008134 0.006301 0.110928
chr1:322228 322228 2919 0.050000 0.023418 0.007625 0.487322
chr1:322978 322978 2921 0.040000 0.028369 0.007579 0.573214
chr1:323055 323055 2922 0.110000 0.054719 0.008261 0.821104
chr1:323597 323597 2923 0.285000 0.020124 0.008702 0.364092
chr1:323742 323742 2925 0.140000 0.021004 0.007363 0.455240
chr1:323963 323963 2926 0.120000 0.087811 0.009612 0.960756
chr1:324785 324785 2932 0.135000 0.021756 0.007293 0.474648
chr1:325526 325526 2939 0.010000 0.139599 0.006997 1.299956
chr1:325754 325754 2941 0.040000 0.028369 0.006989 0.608419
chr1:325834 325834 2942 0.125000 0.083140 0.009662 0.934730
chr1:325921 325921 2944 0.040000 0.028369 0.006776 0.621873
chr1:326369 326369 2946 0.305000 0.020230 0.007717 0.418534
chr1:326623 326623 2948 0.045000 0.100804 0.008764 1.060790
chr1:326844 326844 2949 0.015000 0.062208 0.006331 0.992396
chr1:326845 326845 2950 0.055000 0.016931 0.006484 0.416860
chr1:327279 327279 2956 0.365000 0.011539 0.008334 0.141311
chr1:327300 327300 2958 0.620000 0.008629 0.008826 -0.009807
chr1:327318 327318 2959 0.130000 0.073038 0.006692 1.037977
chr1:327660 327660 2962 0.120000 0.088816 0.007543 1.070927
chr1:327669 327669 2963 0.620000 0.008809 0.008888 -0.003886
chr1:328014 328014 2965 0.100000 0.043555 0.006371 0.834834
chr1:328473 328473 2969 0.160000 0.021077 0.007152 0.469388
chr1:328629 328629 2970 0.200000 0.022378 0.006259 0.553304
chr1:328722 328722 2972 0.200000 0.022378 0.006296 0.550762
chr1:329029 329029 2973 0.635000 0.008120 0.008544 -0.022099
chr1:329056 329056 2974 0.130000 0.039562 0.005589 0.849982
chr1:329141 329141 2978 0.635000 0.008842 0.008578 0.013159
chr1:329337 329337 2980 0.635000 0.008842 0.008598 0.012176
chr1:329725 329725 2985 0.150000 0.034279 0.006441 0.726077
chr1:329912 329912 2986 0.630000 0.008798 0.008982 -0.008988
chr1:330231 330231 2988 0.630000 0.008798 0.008924 -0.006173
chr1:330323 330323 2989 0.630000 0.008798 0.008924 -0.006173
chr1:330406 330406 2990 0.170000 0.019323 0.006630 0.464545
chr1:330653 330653 2993 0.630000 0.008798 0.008347 0.022869
chr1:330737 330737 2994 0.630000 0.008798 0.008347 0.022869
chr1:330799 330799 2996 0.370000 0.008417 0.008798 -0.019241
chr1:330848 330848 2997 0.170000 0.019323 0.006778 0.454937
chr1:330892 330892 2999 0.140000 0.066643 0.006884 0.985906
chr1:331043 331043 3003 0.015000 0.135769 0.005952 1.358140
chr1:331833 331833 3015 0.465000 0.010283 0.006537 0.196731
chr1:331864 331864 3017 0.630000 0.007189 0.008266 -0.060648
chr1:332118 332118 3019 0.315000 0.013039 0.006591 0.296283
chr1:332189 332189 3021 0.115000 0.035017 0.005212 0.827259
chr1:332270 332270 3023 0.495000 0.008817 0.007835 0.051302
chr1:332405 332405 3024 0.035000 0.022675 0.004796 0.674706
chr1:332699 332699 3030 0.570000 0.008117 0.007333 0.044113
chr1:332740 332740 3031 0.430000 0.007333 0.008117 -0.044113
chr1:332832 332832 3033 0.570000 0.008117 0.007333 0.044113
chr1:332877 332877 3034 0.570000 0.008117 0.007333 0.044113
chr1:332980 332980 3035 0.430000 0.007333 0.008117 -0.044113
chr1:333056 333056 3037 0.430000 0.007333 0.008117 -0.044113
chr1:333058 333058 3038 0.125000 0.047122 0.005512 0.931919
chr1:333572 333572 3042 0.080000 0.053819 0.006205 0.938168
chr1:333646 333646 3043 0.315000 0.013545 0.006472 0.320782
chr1:334187 334187 3044 0.155000 0.059092 0.006996 0.926677
chr1:334303 334303 3045 0.430000 0.007784 0.007982 -0.010925
chr1:334356 334356 3046 0.130000 0.042399 0.005143 0.916166
chr1:334723 334723 3050 0.015000 0.040034 0.004348 0.964100
chr1:335362 335362 3053 0.190000 0.023305 0.006147 0.578776
chr1:335657 335657 3055 0.010000 0.280093 0.006742 1.618504
chr1:335800 335800 3056 0.050000 0.094356 0.007829 1.081051
chr1:335856 335856 3057 0.115000 0.029869 0.006338 0.673272
chr1:335884 335884 3058 0.430000 0.007566 0.007914 -0.019535
chr1:336237 336237 3061 0.015000 0.135769 0.005318 1.407085
chr1:336243 336243 3062 0.225000 0.018756 0.004522 0.617847
chr1:336469 336469 3063 0.190000 0.022556 0.005122 0.643793
chr1:336852 336852 3066 0.380000 0.013300 0.005411 0.390546
chr1:337096 337096 3070 0.225000 0.018756 0.004376 0.632081
chr1:337175 337175 3071 0.305000 0.011103 0.006024 0.265558
chr1:337312 337312 3073 0.885000 0.005751 0.030216 -0.720483
chr1:337493 337493 3075 0.050000 0.094356 0.007212 1.116702
chr1:337639 337639 3076 0.120000 0.027690 0.005762 0.681743
chr1:337651 337651 3077 0.655000 0.006104 0.010456 -0.233719
chr1:337800 337800 3078 0.320000 0.011762 0.005799 0.307146
chr1:338003 338003 3081 0.155000 0.059092 0.006655 0.948414
chr1:338052 338052 3083 0.530000 0.007324 0.008768 -0.078160
chr1:338188 338188 3084 0.190000 0.024346 0.005631 0.635832
chr1:338928 338928 3088 0.185000 0.019409 0.006575 0.470091
chr1:339484 339484 3091 0.200000 0.022598 0.005654 0.601760
chr1:339596 339596 3092 0.180000 0.020273 0.006646 0.484371
chr1:339825 339825 3093 0.180000 0.020273 0.006646 0.484371
chr1:340246 340246 3094 0.015000 0.054763 0.005054 1.034882
chr1:340431 340431 3098 0.180000 0.021190 0.006527 0.511400
chr1:340637 340637 3099 0.240000 0.027971 0.006122 0.659803
chr1:340875 340875 3101 0.200000 0.021066 0.004162 0.704240
chr1:340969 340969 3103 0.240000 0.027971 0.006063 0.664050
chr1:341086 341086 3104 0.490000 0.007977 0.007717 0.014378
chr1:341437 341437 3106 0.105000 0.032581 0.006307 0.713122
chr1:341450 341450 3107 0.025000 0.027016 0.004711 0.758483
chr1:341494 341494 3108 0.010000 0.009229 0.003728 0.393731
chr1:341966 341966 3110 0.140000 0.039468 0.005425 0.861850
chr1:342182 342182 3112 0.240000 0.027971 0.007909 0.548598
chr1:342492 342492 3114 0.025000 0.027016 0.006011 0.652689
chr1:342553 342553 3115 0.090000 0.044822 0.007849 0.756691
chr1:343114 343114 3118 0.025000 0.027016 0.006021 0.651959
chr1:343445 343445 3119 0.010000 0.139599 0.006297 1.345773
chr1:343563 343563 3120 0.090000 0.044822 0.008015 0.747582
chr1:343606 343606 3121 0.090000 0.044822 0.008015 0.747582
chr1:343856 343856 3124 0.075000 0.048736 0.007921 0.789093
chr1:344999 344999 3129 0.910000 0.007928 0.044822 -0.752354
chr1:345346 345346 3134 0.505000 0.010189 0.008767 0.065262
chr1:345641 345641 3136 0.505000 0.010189 0.008767 0.065262
chr1:345795 345795 3138 0.090000 0.044610 0.008889 0.700600
chr1:345990 345990 3140 0.075000 0.045498 0.008839 0.711594
chr1:346122 346122 3141 0.020000 0.037186 0.006970 0.727176
chr1:346161 346161 3142 0.075000 0.045498 0.008741 0.716442
chr1:346389 346389 3144 0.025000 0.029053 0.006797 0.630879
chr1:346635 346635 3148 0.075000 0.045498 0.008959 0.705746
chr1:346896 346896 3150 0.075000 0.045498 0.008959 0.705746
chr1:347003 347003 3152 0.010000 0.052814 0.006270 0.925497
chr1:347177 347177 3154 0.900000 0.008423 0.023228 -0.440551
chr1:347283 347283 3155 0.345000 0.012417 0.009555 0.113793
chr1:347933 347933 3159 0.075000 0.046473 0.008397 0.743094
chr1:348608 348608 3165 0.140000 0.043597 0.008179 0.726754
chr1:348655 348655 3166 0.010000 0.139599 0.007077 1.295029
chr1:350064 350064 3176 0.300000 0.031131 0.008626 0.557380
chr1:350263 350263 3177 0.820000 0.008239 0.018635 -0.354448
chr1:350758 350758 3181 0.075000 0.067068 0.008471 0.898563
chr1:351399 351399 3185 0.010000 0.344392 0.009070 1.579445
chr1:351885 351885 3190 0.015000 0.073523 0.007213 1.008286
chr1:352069 352069 3193 0.060000 0.057300 0.007856 0.862932
chr1:352998 352998 3199 0.170000 0.021182 0.007407 0.456307
chr1:353015 353015 3200 0.620000 0.006788 0.018757 -0.441433
chr1:353145 353145 3202 0.450000 0.010207 0.009426 0.034560
chr1:353193 353193 3203 0.010000 0.139599 0.005399 1.412566
chr1:353524 353524 3205 0.800000 0.006003 0.023791 -0.598009
chr1:353825 353825 3208 0.220000 0.051495 0.006158 0.922300
chr1:354126 354126 3210 0.085000 0.037356 0.006573 0.754630
chr1:354201 354201 3211 0.080000 0.037866 0.007532 0.701315
chr1:354353 354353 3212 0.660000 0.008500 0.008770 -0.013593
chr1:354382 354382 3213 0.340000 0.008770 0.008500 0.013593
chr1:354594 354594 3214 0.085000 0.048944 0.005876 0.920596
chr1:354750 354750 3216 0.660000 0.008500 0.009437 -0.045407
chr1:354816 354816 3217 0.080000 0.037866 0.007097 0.727192
chr1:355112 355112 3219 0.360000 0.010480 0.008299 0.101350
chr1:355368 355368 3220 0.160000 0.019869 0.006335 0.496430
chr1:355805 355805 3222 0.220000 0.051495 0.005754 0.951824
chr1:355892 355892 3223 0.220000 0.051495 0.005754 0.951824
chr1:356094 356094 3224 0.560000 0.009457 0.009045 0.019350
chr1:356256 356256 3225 0.080000 0.037866 0.006925 0.737809
chr1:356844 356844 3227 0.570000 0.009802 0.009168 0.029017
chr1:356851 356851 3228 0.570000 0.009802 0.009168 0.029017
chr1:356916 356916 3230 0.310000 0.028426 0.006032 0.673284
chr1:357365 357365 3232 0.430000 0.009567 0.010203 -0.027952
chr1:357940 357940 3237 0.190000 0.028987 0.007109 0.610413
chr1:358615 358615 3241 0.570000 0.010264 0.010338 -0.003142
chr1:358617 358617 3242 0.080000 0.037866 0.008001 0.675119
chr1:358768 358768 3244 0.260000 0.015216 0.007810 0.289631
chr1:359167 359167 3250 0.440000 0.010497 0.010017 0.020305
chr1:359331 359331 3252 0.670000 0.010641 0.010179 0.019293
chr1:359352 359352 3253 0.080000 0.037866 0.008370 0.655528
chr1:359576 359576 3256 0.670000 0.010641 0.010695 -0.002201
chr1:360653 360653 3259 0.470000 0.015444 0.008196 0.275161
chr1:360889 360889 3261 0.020000 0.093341 0.007794 1.078338
chr1:360994 360994 3262 0.530000 0.008207 0.016103 -0.292736
chr1:361319 361319 3266 0.330000 0.010999 0.009833 0.048691
chr1:361327 361327 3267 0.250000 0.017134 0.008115 0.324570
chr1:361391 361391 3268 0.075000 0.041562 0.007777 0.727906
chr1:361483 361483 3269 0.675000 0.009820 0.010730 -0.038486
chr1:361825 361825 3271 0.080000 0.052461 0.006916 0.879980
chr1:361868 361868 3272 0.675000 0.009820 0.012355 -0.099737
chr1:361981 361981 3273 0.675000 0.009820 0.012355 -0.099737
chr1:361995 361995 3274 0.325000 0.012355 0.009820 0.099737
chr1:362156 362156 3276 0.250000 0.019805 0.008261 0.379742
chr1:362260 362260 3277 0.270000 0.015150 0.008611 0.245363
chr1:362531 362531 3279 0.250000 0.019805 0.008166 0.384765
chr1:362652 362652 3280 0.250000 0.019805 0.008166 0.384765
chr1:362662 362662 3281 0.010000 0.030650 0.005185 0.771647
chr1:362929 362929 3283 0.240000 0.050213 0.006343 0.898530
chr1:363155 363155 3285 0.025000 0.035993 0.005688 0.801231
chr1:363162 363162 3286 0.160000 0.020655 0.006999 0.470012
chr1:363341 363341 3290 0.330000 0.027828 0.008201 0.530636
chr1:364252 364252 3296 0.585000 0.010390 0.013229 -0.104906
chr1:364377 364377 3297 0.330000 0.027828 0.008815 0.499235
chr1:365246 365246 3303 0.010000 0.136498 0.007064 1.286059
chr1:365567 365567 3304 0.400000 0.013582 0.010206 0.124102
chr1:365643 365643 3306 0.345000 0.025918 0.007970 0.512153
chr1:365754 365754 3307 0.400000 0.013582 0.010281 0.120937
chr1:365760 365760 3308 0.655000 0.008234 0.025918 -0.497985
chr1:365832 365832 3309 0.655000 0.008234 0.025918 -0.497985
chr1:366096 366096 3310 0.075000 0.044657 0.008040 0.744640
chr1:366170 366170 3311 0.050000 0.086828 0.008985 0.985144
chr1:366225 366225 3312 0.095000 0.040910 0.008107 0.702950
chr1:366568 366568 3315 0.640000 0.010685 0.010219 0.019370
chr1:366806 366806 3320 0.190000 0.032009 0.007792 0.613605
chr1:366811 366811 3321 0.095000 0.040910 0.008042 0.706451
chr1:366874 366874 3322 0.640000 0.010685 0.011073 -0.015477
chr1:367075 367075 3323 0.905000 0.008105 0.040910 -0.703066
chr1:367343 367343 3325 0.300000 0.018959 0.007718 0.390343
chr1:367369 367369 3326 0.300000 0.016475 0.009348 0.246122
chr1:367497 367497 3328 0.640000 0.011045 0.011244 -0.007758
chr1:367631 367631 3330 0.015000 0.096831 0.006436 1.177383
chr1:367761 367761 3331 0.640000 0.010721 0.011245 -0.020739
chr1:368048 368048 3333 0.060000 0.019504 0.006870 0.453130
chr1:368151 368151 3335 0.250000 0.045697 0.007583 0.780041
chr1:368512 368512 3338 0.015000 0.055244 0.006514 0.928422
chr1:369014 369014 3343 0.255000 0.044074 0.007087 0.793734
chr1:369386 369386 3344 0.650000 0.009267 0.010498 -0.054134
chr1:369447 369447 3345 0.015000 0.039484 0.005476 0.857928
chr1:369496 369496 3346 0.650000 0.009283 0.010435 -0.050835
chr1:369592 369592 3349 0.060000 0.019161 0.005965 0.506782
chr1:369657 369657 3350 0.255000 0.044074 0.006268 0.847078
chr1:369921 369921 3353 0.650000 0.011509 0.010301 0.048139
chr1:370102 370102 3354 0.060000 0.019161 0.007087 0.431930
chr1:370335 370335 3358 0.035000 0.037044 0.006899 0.729914
chr1:370395 370395 3360 0.940000 0.007393 0.024332 -0.517337
chr1:370642 370642 3361 0.645000 0.011773 0.011381 0.014713
chr1:370721 370721 3362 0.085000 0.049039 0.007799 0.798496
chr1:370875 370875 3364 0.645000 0.012544 0.011381 0.042259
chr1:370918 370918 3366 0.645000 0.012544 0.011381 0.042259
chr1:371488 371488 3371 0.060000 0.024332 0.009013 0.431294
chr1:372284 372284 3379 0.755000 0.011789 0.020729 -0.245081
chr1:372605 372605 3382 0.625000 0.015522 0.010459 0.171448
chr1:373807 373807 3394 0.170000 0.034720 0.012197 0.454312
chr1:374705 374705 3399 0.225000 0.023673 0.013411 0.246809
chr1:374803 374803 3400 0.775000 0.013411 0.023673 -0.246809
chr1:374870 374870 3401 0.775000 0.013411 0.023673 -0.246809
chr1:375203 375203 3402 0.775000 0.013411 0.023673 -0.246809
chr1:375291 375291 3404 0.775000 0.013411 0.023673 -0.246809
chr1:375387 375387 3405 0.775000 0.013411 0.023673 -0.246809
chr1:375416 375416 3406 0.775000 0.013411 0.023673 -0.246809
chr1:375590 375590 3407 0.165000 0.037318 0.012583 0.472151
chr1:376019 376019 3413 0.225000 0.021024 0.012710 0.218559
chr1:376088 376088 3415 0.165000 0.038062 0.012184 0.494693
chr1:376989 376989 3423 0.010000 0.162378 0.009346 1.239883
chr1:377152 377152 3425 0.760000 0.012827 0.018024 -0.147742
chr1:377360 377360 3426 0.235000 0.019740 0.012840 0.186802
chr1:377403 377403 3427 0.080000 0.056221 0.009171 0.787474
chr1:377494 377494 3429 0.235000 0.019740 0.012236 0.207723
chr1:377608 377608 3430 0.235000 0.019740 0.012236 0.207723
chr1:377678 377678 3431 0.690000 0.013184 0.012453 0.024763
chr1:377760 377760 3433 0.305000 0.013130 0.012968 0.005399
chr1:378089 378089 3435 0.690000 0.013109 0.012484 0.021220
chr1:378358 378358 3441 0.690000 0.013187 0.012484 0.023777
chr1:378444 378444 3442 0.165000 0.035070 0.011198 0.495778
chr1:379426 379426 3446 0.065000 0.068736 0.010908 0.799429
chr1:379875 379875 3449 0.065000 0.068736 0.010908 0.799429
chr1:380388 380388 3455 0.210000 0.049180 0.009190 0.728468
chr1:381578 381578 3461 0.205000 0.050972 0.008733 0.766157
chr1:382074 382074 3466 0.060000 0.037883 0.008153 0.667146
chr1:382425 382425 3470 0.015000 0.090453 0.007966 1.055187
chr1:384748 384748 3484 0.090000 0.042439 0.008841 0.681270
chr1:384790 384790 3485 0.435000 0.018391 0.007741 0.375820
chr1:384827 384827 3486 0.090000 0.054015 0.008973 0.779592
chr1:384885 384885 3487 0.090000 0.054015 0.008973 0.779592
chr1:385001 385001 3489 0.090000 0.054052 0.008973 0.779892
chr1:385025 385025 3492 0.090000 0.054933 0.009018 0.784701
chr1:385064 385064 3493 0.090000 0.054933 0.009018 0.784701
chr1:385538 385538 3497 0.090000 0.054933 0.009206 0.775743
chr1:385996 385996 3501 0.565000 0.009354 0.018483 -0.295771
chr1:387069 387069 3504 0.010000 0.083608 0.007920 1.023512
chr1:388876 388876 3508 0.295000 0.016630 0.011375 0.164920
chr1:389403 389403 3510 0.580000 0.007970 0.020887 -0.418427
chr1:389542 389542 3512 0.580000 0.008522 0.020887 -0.389336
chr1:389581 389581 3513 0.580000 0.008522 0.020887 -0.389336
chr1:390058 390058 3518 0.010000 0.162520 0.007207 1.353126
chr1:390059 390059 3519 0.010000 0.162520 0.007207 1.353126
chr1:390358 390358 3522 0.015000 0.096831 0.007335 1.120624
chr1:391270 391270 3529 0.420000 0.019073 0.009573 0.299390
chr1:391697 391697 3534 0.485000 0.014806 0.010716 0.140416
chr1:392412 392412 3541 0.515000 0.010809 0.015160 -0.146910
chr1:393105 393105 3545 0.455000 0.017629 0.010325 0.232345
chr1:393309 393309 3546 0.415000 0.016700 0.009953 0.224775
chr1:393385 393385 3547 0.300000 0.028137 0.007369 0.581868
chr1:393642 393642 3550 0.045000 0.053420 0.006974 0.884245
chr1:393719 393719 3552 0.610000 0.009158 0.017959 -0.292483
chr1:394404 394404 3553 0.015000 0.096831 0.007159 1.131178
chr1:394876 394876 3558 0.390000 0.018797 0.008507 0.344332
chr1:394937 394937 3560 0.015000 0.090498 0.007000 1.111551
chr1:395150 395150 3563 0.010000 0.074848 0.006922 1.033976
chr1:396700 396700 3573 0.340000 0.018073 0.009416 0.283163
chr1:397662 397662 3578 0.420000 0.013819 0.010507 0.118984
chr1:398778 398778 3586 0.045000 0.037207 0.007774 0.679992
chr1:399034 399034 3589 0.105000 0.031055 0.009289 0.524176
chr1:400100 400100 3594 0.420000 0.013990 0.010331 0.131682
chr1:400292 400292 3595 0.810000 0.010499 0.019346 -0.265432
chr1:400342 400342 3596 0.810000 0.010499 0.019346 -0.265432
chr1:400410 400410 3597 0.010000 0.164239 0.007484 1.341320
chr1:401088 401088 3606 0.195000 0.018705 0.009956 0.273867
chr1:401139 401139 3609 0.195000 0.018705 0.009956 0.273867
chr1:401153 401153 3610 0.805000 0.009956 0.018705 -0.273867
chr1:401430 401430 3611 0.430000 0.013110 0.008988 0.163975
chr1:402052 402052 3614 0.780000 0.009391 0.014373 -0.184827
chr1:402365 402365 3620 0.105000 0.035460 0.008311 0.630068
chr1:402691 402691 3622 0.780000 0.009439 0.014635 -0.190472
chr1:402704 402704 3623 0.220000 0.014635 0.009439 0.190472
chr1:403045 403045 3626 0.335000 0.022661 0.007135 0.501888
chr1:403443 403443 3628 0.220000 0.014635 0.009691 0.179014
chr1:403547 403547 3629 0.235000 0.012466 0.009695 0.109161
chr1:404721 404721 3641 0.335000 0.010862 0.009821 0.043753
chr1:404750 404750 3642 0.665000 0.009821 0.010862 -0.043753
chr1:405512 405512 3649 0.185000 0.028122 0.008074 0.541941
chr1:406108 406108 3654 0.385000 0.009936 0.011286 -0.055331
chr1:406260 406260 3656 0.610000 0.011348 0.009956 0.056825
chr1:406276 406276 3657 0.350000 0.022673 0.006432 0.547187
chr1:406467 406467 3659 0.610000 0.009833 0.009969 -0.005965
chr1:406471 406471 3660 0.610000 0.009833 0.009969 -0.005965
chr1:406654 406654 3661 0.100000 0.061176 0.006228 0.992231
chr1:406691 406691 3663 0.350000 0.022673 0.007254 0.494930
chr1:406933 406933 3665 0.390000 0.011793 0.011558 0.008747
chr1:406986 406986 3666 0.610000 0.011558 0.011793 -0.008747
chr1:407345 407345 3668 0.610000 0.011558 0.012050 -0.018083
chr1:407528 407528 3670 0.390000 0.012050 0.011558 0.018083
chr1:408170 408170 3676 0.155000 0.028593 0.009624 0.472909
chr1:408631 408631 3680 0.845000 0.009715 0.028593 -0.468827
chr1:408887 408887 3682 0.155000 0.028593 0.009715 0.468827
chr1:409430 409430 3686 0.155000 0.028593 0.009671 0.470793
chr1:409535 409535 3687 0.150000 0.029830 0.009574 0.493573
chr1:409557 409557 3688 0.150000 0.029830 0.009574 0.493573
chr1:409633 409633 3691 0.850000 0.009574 0.031004 -0.510338
chr1:409878 409878 3694 0.850000 0.009612 0.031004 -0.508595
chr1:409919 409919 3696 0.150000 0.031004 0.009627 0.507944
chr1:410011 410011 3697 0.220000 0.026692 0.008633 0.490232
chr1:410386 410386 3699 0.150000 0.031004 0.008338 0.570341
chr1:410582 410582 3702 0.150000 0.031004 0.008379 0.568228
chr1:410746 410746 3703 0.490000 0.010477 0.011252 -0.030983
chr1:410765 410765 3704 0.225000 0.026058 0.007190 0.559186
chr1:411378 411378 3708 0.360000 0.022108 0.008538 0.413170
chr1:411565 411565 3710 0.850000 0.008347 0.031004 -0.569888
chr1:411633 411633 3711 0.850000 0.008347 0.031004 -0.569888
chr1:412087 412087 3713 0.150000 0.031004 0.008309 0.571880
chr1:412523 412523 3714 0.355000 0.012888 0.009340 0.139834
chr1:412852 412852 3715 0.355000 0.012888 0.009340 0.139834
chr1:413041 413041 3718 0.010000 0.019822 0.004649 0.629821
chr1:413069 413069 3719 0.335000 0.024240 0.007260 0.523585
chr1:413278 413278 3720 0.645000 0.008536 0.012888 -0.178928
chr1:413283 413283 3721 0.205000 0.029280 0.007079 0.616630
chr1:413462 413462 3723 0.645000 0.008536 0.012515 -0.166183
chr1:413628 413628 3727 0.645000 0.008536 0.013206 -0.189495
chr1:413974 413974 3730 0.205000 0.031287 0.007209 0.637491
chr1:413993 413993 3732 0.230000 0.024820 0.007423 0.524202
chr1:414220 414220 3734 0.230000 0.024820 0.007423 0.524202
chr1:414221 414221 3735 0.485000 0.010225 0.008869 0.061806
chr1:414222 414222 3736 0.460000 0.011395 0.008417 0.131520
chr1:414787 414787 3742 0.485000 0.010010 0.008819 0.055030
chr1:414801 414801 3743 0.460000 0.011395 0.008300 0.137601
chr1:415333 415333 3748 0.310000 0.021421 0.006714 0.503836
chr1:415397 415397 3749 0.485000 0.010283 0.009520 0.033485
chr1:415608 415608 3752 0.225000 0.023947 0.006778 0.548166
chr1:415772 415772 3753 0.460000 0.012123 0.009104 0.124401
chr1:415915 415915 3754 0.060000 0.020366 0.006226 0.514669
chr1:415976 415976 3755 0.060000 0.020366 0.006226 0.514669
chr1:416190 416190 3757 0.500000 0.010520 0.010049 0.019860
chr1:416377 416377 3759 0.500000 0.010510 0.010049 0.019451
chr1:416921 416921 3765 0.305000 0.021483 0.007083 0.481872
chr1:416943 416943 3766 0.500000 0.010534 0.010274 0.010837
chr1:417328 417328 3769 0.460000 0.011856 0.009063 0.116680
chr1:417423 417423 3772 0.460000 0.011037 0.008851 0.095875
chr1:417558 417558 3773 0.155000 0.029466 0.006630 0.647841
chr1:418087 418087 3777 0.460000 0.010179 0.008941 0.056352
chr1:418587 418587 3785 0.465000 0.013227 0.008089 0.213547
chr1:419296 419296 3789 0.155000 0.030270 0.007180 0.624900
chr1:419312 419312 3790 0.010000 0.011294 0.004255 0.423957
chr1:419395 419395 3791 0.465000 0.013227 0.007811 0.228764
chr1:419403 419403 3792 0.500000 0.008844 0.011227 -0.103605
chr1:419667 419667 3799 0.465000 0.013178 0.007826 0.226310
chr1:419873 419873 3802 0.500000 0.011224 0.008369 0.127479
chr1:419907 419907 3804 0.500000 0.007804 0.011224 -0.157834
chr1:420099 420099 3806 0.295000 0.019599 0.006885 0.454299
chr1:420152 420152 3808 0.500000 0.011283 0.008351 0.130645
chr1:420267 420267 3809 0.010000 0.011342 0.003902 0.463337
chr1:420350 420350 3810 0.500000 0.008351 0.011266 -0.130005
chr1:420360 420360 3812 0.490000 0.011839 0.008381 0.150011
chr1:420779 420779 3817 0.500000 0.007978 0.011377 -0.154134
chr1:421625 421625 3826 0.500000 0.008326 0.010410 -0.097040
chr1:421635 421635 3827 0.500000 0.008326 0.010410 -0.097040
chr1:422084 422084 3833 0.500000 0.008348 0.011479 -0.138304
chr1:422803 422803 3840 0.490000 0.011958 0.008624 0.141950
chr1:422804 422804 3841 0.010000 0.012901 0.004985 0.412916
chr1:423118 423118 3845 0.010000 0.124497 0.006298 1.295957
chr1:424488 424488 3852 0.585000 0.011277 0.011907 -0.023615
chr1:425823 425823 3862 0.325000 0.010884 0.010028 0.035612
chr1:426160 426160 3863 0.325000 0.010884 0.010028 0.035612
chr1:426193 426193 3864 0.640000 0.011099 0.009075 0.087414
chr1:426402 426402 3867 0.325000 0.010884 0.008660 0.099268
chr1:427156 427156 3876 0.460000 0.007899 0.013640 -0.237231
chr1:427421 427421 3879 0.015000 0.097040 0.006576 1.168990
chr1:428004 428004 3890 0.035000 0.022655 0.006196 0.563057
chr1:428327 428327 3893 0.210000 0.015991 0.008517 0.273580
chr1:429562 429562 3897 0.385000 0.019623 0.009074 0.334964
chr1:433307 433307 3918 0.385000 0.020385 0.009445 0.334096
chr1:433518 433518 3920 0.385000 0.020385 0.009388 0.336758
chr1:434267 434267 3925 0.010000 0.066926 0.007526 0.949011
chr1:434363 434363 3927 0.015000 0.039830 0.007753 0.710734
chr1:436353 436353 3942 0.015000 0.039830 0.007946 0.700065
chr1:438270 438270 3957 0.015000 0.040791 0.010803 0.577014
chr1:439620 439620 3965 0.160000 0.016623 0.012613 0.119873
chr1:440609 440609 3973 0.160000 0.015668 0.012446 0.099987
chr1:440626 440626 3975 0.840000 0.012446 0.015668 -0.099987
chr1:440903 440903 3978 0.585000 0.011393 0.026435 -0.365557
chr1:441038 441038 3980 0.415000 0.026435 0.009654 0.437482
chr1:442372 442372 3990 0.395000 0.027680 0.010115 0.437188
chr1:442429 442429 3992 0.500000 0.012432 0.017798 -0.155825
chr1:443010 443010 3996 0.010000 0.026607 0.008202 0.511054
chr1:443121 443121 3999 0.395000 0.028050 0.010454 0.428664
chr1:446593 446593 4029 0.770000 0.011960 0.011376 0.021732
chr1:447204 447204 4039 0.010000 0.050258 0.008245 0.784993
chr1:447532 447532 4041 0.760000 0.013246 0.011092 0.077058
chr1:449065 449065 4054 0.015000 0.037208 0.009641 0.586517
chr1:453001 453001 4087 0.015000 0.013796 0.007839 0.245494
chr1:457593 457593 4126 0.010000 0.065272 0.008482 0.886256
chr1:457963 457963 4131 0.010000 0.074404 0.008879 0.923239
chr1:459894 459894 4148 0.460000 0.022529 0.010905 0.315126
chr1:466266 466266 4189 0.010000 0.229430 0.014603 1.196195
chr1:467751 467751 4200 0.700000 0.016049 0.015225 0.022873
chr1:467816 467816 4201 0.700000 0.016049 0.015225 0.022873
chr1:472094 472094 4233 0.015000 0.115605 0.013218 0.941802
