chr1:67026 67026 486 0.100000 0.054282 0.026982 0.303588
chr1:95878 95878 678 0.500000 0.100016 0.023937 0.621000
chr1:96796 96796 685 0.500000 0.100016 0.023824 0.623048
chr1:98633 98633 696 0.500000 0.100016 0.024192 0.616393
chr1:99285 99285 698 0.100000 0.066695 0.027843 0.379370
chr1:99874 99874 702 0.100000 0.060285 0.028714 0.322121
chr1:102672 102672 725 0.100000 0.056746 0.027174 0.319782
chr1:103225 103225 728 0.900000 0.027174 0.056746 -0.319782
chr1:103271 103271 729 0.100000 0.056746 0.027174 0.319782
chr1:103451 103451 732 0.100000 0.056746 0.027174 0.319782
chr1:103717 103717 734 0.900000 0.026326 0.056746 -0.333553
chr1:104200 104200 736 0.100000 0.056746 0.026326 0.333553
chr1:104372 104372 739 0.900000 0.026513 0.056291 -0.326975
chr1:105059 105059 744 0.100000 0.056291 0.026513 0.326975
chr1:105123 105123 745 0.100000 0.066695 0.025609 0.415701
chr1:105266 105266 746 0.900000 0.025672 0.056291 -0.340978
chr1:105685 105685 749 0.900000 0.026155 0.056291 -0.332890
chr1:106391 106391 756 0.100000 0.056126 0.026366 0.328121
chr1:106520 106520 760 0.100000 0.056126 0.026494 0.326018
chr1:106721 106721 764 0.100000 0.056126 0.026329 0.328735
chr1:107102 107102 766 0.100000 0.056126 0.026329 0.328735
chr1:108107 108107 774 0.100000 0.072955 0.025699 0.453142
chr1:108340 108340 777 0.100000 0.057389 0.026605 0.333871
chr1:108532 108532 778 0.100000 0.057389 0.026605 0.333871
chr1:108615 108615 780 0.900000 0.026346 0.057389 -0.338115
chr1:116469 116469 852 0.500000 0.106708 0.022482 0.676368
chr1:117319 117319 856 0.100000 0.057556 0.029851 0.285137
chr1:118154 118154 860 0.100000 0.057556 0.029814 0.285671
chr1:120312 120312 880 0.900000 0.031038 0.056167 -0.257586
chr1:120406 120406 882 0.900000 0.031038 0.056167 -0.257586
chr1:127443 127443 924 0.900000 0.033312 0.057983 -0.240707
chr1:127690 127690 926 0.900000 0.033312 0.057983 -0.240707
chr1:127997 127997 930 0.100000 0.057983 0.033910 0.232977
chr1:128548 128548 934 0.100000 0.057983 0.033850 0.233743
chr1:128843 128843 937 0.850000 0.041751 0.027873 0.175476
chr1:129261 129261 939 0.850000 0.039222 0.031100 0.100764
chr1:131882 131882 957 0.150000 0.033344 0.042524 -0.105624
chr1:134910 134910 988 0.150000 0.033344 0.049175 -0.168728
chr1:135425 135425 991 0.100000 0.078916 0.038626 0.310284
chr1:135543 135543 994 0.150000 0.033344 0.049666 -0.173047
chr1:135781 135781 995 0.850000 0.049666 0.033344 0.173047
chr1:135961 135961 997 0.850000 0.049666 0.033344 0.173047
chr1:136368 136368 999 0.150000 0.033344 0.049666 -0.173047
chr1:136631 136631 1003 0.150000 0.033344 0.049666 -0.173047
chr1:137283 137283 1009 0.850000 0.049666 0.034975 0.152302
chr1:137668 137668 1012 0.100000 0.078916 0.037146 0.327249
chr1:138193 138193 1013 0.150000 0.034975 0.051143 -0.165029
chr1:138383 138383 1014 0.850000 0.051143 0.034975 0.165029
chr1:138425 138425 1016 0.850000 0.051143 0.034975 0.165029
chr1:138440 138440 1017 0.850000 0.051143 0.034975 0.165029
chr1:138783 138783 1020 0.850000 0.051143 0.034975 0.165029
chr1:138785 138785 1021 0.150000 0.034975 0.051143 -0.165029
chr1:139275 139275 1024 0.150000 0.034975 0.051143 -0.165029
chr1:139579 139579 1026 0.100000 0.061950 0.042211 0.166620
chr1:139680 139680 1028 0.850000 0.051143 0.035802 0.154875
chr1:140368 140368 1033 0.150000 0.035802 0.051143 -0.154875
chr1:140595 140595 1036 0.850000 0.051143 0.035802 0.154875
chr1:140662 140662 1037 0.850000 0.051143 0.035802 0.154875
chr1:140791 140791 1040 0.100000 0.061995 0.044021 0.148695
chr1:140813 140813 1041 0.900000 0.044021 0.061995 -0.148695
chr1:141473 141473 1046 0.100000 0.057300 0.044021 0.114492
chr1:142048 142048 1050 0.900000 0.044021 0.057300 -0.114492
chr1:142556 142556 1054 0.900000 0.045590 0.057300 -0.099281
chr1:142579 142579 1055 0.100000 0.057300 0.045590 0.099281
chr1:142899 142899 1058 0.100000 0.057300 0.045590 0.099281
chr1:143174 143174 1061 0.900000 0.045590 0.057300 -0.099281
chr1:143275 143275 1063 0.900000 0.045590 0.057300 -0.099281
chr1:144132 144132 1074 0.100000 0.059725 0.045590 0.117282
chr1:144378 144378 1076 0.100000 0.059725 0.045590 0.117282
chr1:144719 144719 1082 0.100000 0.059725 0.045873 0.114596
chr1:144726 144726 1083 0.100000 0.059725 0.045873 0.114596
chr1:144847 144847 1086 0.900000 0.045873 0.059725 -0.114596
chr1:145031 145031 1087 0.100000 0.059725 0.045873 0.114596
chr1:145166 145166 1089 0.100000 0.059725 0.045873 0.114596
chr1:145167 145167 1090 0.900000 0.045873 0.059725 -0.114596
chr1:147378 147378 1104 0.100000 0.059167 0.044414 0.124552
chr1:150067 150067 1128 0.100000 0.125683 0.041917 0.476881
chr1:150210 150210 1130 0.500000 0.122524 0.032873 0.571380
chr1:155113 155113 1181 0.500000 0.122524 0.031788 0.585951
chr1:161181 161181 1224 0.500000 0.117086 0.031518 0.569952
chr1:165932 165932 1265 0.200000 0.079871 0.052668 0.180840
chr1:167450 167450 1281 0.100000 0.086577 0.043176 0.302156
chr1:168770 168770 1290 0.200000 0.079586 0.046914 0.229531
chr1:169358 169358 1296 0.800000 0.043621 0.079586 -0.261136
chr1:169780 169780 1301 0.200000 0.079586 0.043567 0.261675
chr1:171302 171302 1312 0.200000 0.079586 0.044663 0.250884
chr1:172046 172046 1315 0.250000 0.057697 0.048712 0.073519
chr1:172113 172113 1316 0.250000 0.057697 0.048712 0.073519
chr1:172839 172839 1321 0.100000 0.089468 0.033407 0.427836
chr1:173367 173367 1325 0.100000 0.089468 0.032690 0.437257
chr1:173505 173505 1327 0.500000 0.102616 0.025990 0.596410
chr1:174356 174356 1332 0.150000 0.031143 0.037015 -0.075019
chr1:176319 176319 1348 0.100000 0.097653 0.030694 0.502631
chr1:176667 176667 1351 0.850000 0.034649 0.032188 0.031992
chr1:177179 177179 1355 0.100000 0.097653 0.031498 0.491405
chr1:177837 177837 1368 0.100000 0.097653 0.031498 0.491405
chr1:178178 178178 1370 0.100000 0.091185 0.031781 0.457750
chr1:178629 178629 1373 0.900000 0.031781 0.091185 -0.457750
chr1:178741 178741 1374 0.100000 0.091185 0.031781 0.457750
chr1:179169 179169 1377 0.100000 0.091185 0.031781 0.457750
chr1:179173 179173 1378 0.100000 0.097653 0.031411 0.492606
chr1:179744 179744 1384 0.350000 0.044637 0.055254 -0.092671
chr1:180377 180377 1389 0.550000 0.080856 0.030572 0.422388
chr1:180586 180586 1391 0.100000 0.091185 0.032029 0.454378
chr1:180901 180901 1395 0.100000 0.091185 0.032029 0.454378
chr1:181004 181004 1396 0.350000 0.048714 0.055639 -0.057725
chr1:181105 181105 1397 0.100000 0.097653 0.030998 0.498355
chr1:181619 181619 1401 0.350000 0.048714 0.055608 -0.057484
chr1:182055 182055 1404 0.400000 0.038824 0.064748 -0.222125
chr1:182382 182382 1408 0.400000 0.038824 0.064806 -0.222515
chr1:182566 182566 1409 0.550000 0.080891 0.031804 0.405422
chr1:182684 182684 1411 0.400000 0.038824 0.064782 -0.222354
chr1:183264 183264 1418 0.400000 0.038824 0.065366 -0.226249
chr1:183407 183407 1422 0.400000 0.038824 0.065260 -0.225549
chr1:183561 183561 1423 0.550000 0.081550 0.031789 0.409148
chr1:184151 184151 1426 0.400000 0.038824 0.065385 -0.226374
chr1:184416 184416 1429 0.400000 0.148272 0.020006 0.869905
chr1:184610 184610 1431 0.550000 0.084318 0.031576 0.426568
chr1:184626 184626 1432 0.400000 0.038416 0.067096 -0.242187
chr1:184839 184839 1436 0.400000 0.038416 0.067096 -0.242187
chr1:185020 185020 1437 0.550000 0.084318 0.031558 0.426817
chr1:185180 185180 1439 0.550000 0.084318 0.031558 0.426817
chr1:186109 186109 1442 0.450000 0.031659 0.084318 -0.425420
chr1:195424 195424 1515 0.650000 0.068474 0.029977 0.358735
chr1:195722 195722 1519 0.900000 0.033235 0.074334 -0.349584
chr1:196506 196506 1522 0.900000 0.032921 0.074334 -0.353715
chr1:197388 197388 1528 0.650000 0.068474 0.030934 0.345088
chr1:197755 197755 1530 0.850000 0.037891 0.029742 0.105171
chr1:197771 197771 1531 0.150000 0.029742 0.037891 -0.105171
chr1:198438 198438 1538 0.150000 0.151618 0.036068 0.623623
chr1:198534 198534 1540 0.850000 0.038415 0.029742 0.111129
chr1:198566 198566 1541 0.850000 0.038415 0.029742 0.111129
chr1:198709 198709 1543 0.850000 0.038415 0.029742 0.111129
chr1:198940 198940 1544 0.850000 0.038415 0.029742 0.111129
chr1:200034 200034 1552 0.100000 0.074334 0.034242 0.336622
chr1:200066 200066 1553 0.150000 0.030512 0.039338 -0.110340
chr1:200520 200520 1556 0.150000 0.151618 0.037102 0.611359
chr1:203297 203297 1573 0.500000 0.104313 0.025333 0.614660
chr1:203512 203512 1575 0.150000 0.151618 0.036507 0.618378
chr1:203709 203709 1578 0.450000 0.030842 0.086019 -0.445455
chr1:205518 205518 1585 0.450000 0.031286 0.087809 -0.448193
chr1:205795 205795 1590 0.350000 0.049688 0.060826 -0.087833
chr1:205796 205796 1591 0.450000 0.032962 0.087809 -0.425528
chr1:205880 205880 1592 0.550000 0.087809 0.032962 0.425528
chr1:205891 205891 1593 0.550000 0.087809 0.032962 0.425528
chr1:206047 206047 1594 0.450000 0.032962 0.087809 -0.425528
chr1:206067 206067 1595 0.550000 0.087809 0.032962 0.425528
chr1:206505 206505 1599 0.450000 0.032962 0.087809 -0.425528
chr1:206569 206569 1600 0.350000 0.049688 0.059487 -0.078169
chr1:206788 206788 1602 0.450000 0.032465 0.087809 -0.432119
chr1:207208 207208 1603 0.450000 0.032465 0.087809 -0.432119
chr1:207264 207264 1605 0.550000 0.087809 0.032465 0.432119
chr1:207385 207385 1606 0.550000 0.087809 0.032465 0.432119
chr1:207451 207451 1608 0.550000 0.087809 0.032465 0.432119
chr1:207515 207515 1609 0.550000 0.087809 0.032465 0.432119
chr1:210507 210507 1634 0.900000 0.034026 0.079508 -0.368594
chr1:210785 210785 1635 0.550000 0.090157 0.034266 0.420139
chr1:214853 214853 1651 0.150000 0.034772 0.043360 -0.095852
chr1:214980 214980 1652 0.100000 0.081070 0.038512 0.323267
chr1:215182 215182 1656 0.100000 0.081070 0.038512 0.323267
chr1:215387 215387 1657 0.150000 0.151618 0.043235 0.544913
chr1:215488 215488 1659 0.100000 0.081070 0.037547 0.334287
chr1:215853 215853 1663 0.850000 0.042455 0.031235 0.133287
chr1:216475 216475 1667 0.150000 0.031235 0.042455 -0.133287
chr1:216669 216669 1668 0.850000 0.042455 0.031235 0.133287
chr1:217909 217909 1673 0.100000 0.067524 0.037226 0.258617
chr1:217938 217938 1674 0.100000 0.067524 0.037226 0.258617
chr1:218009 218009 1675 0.100000 0.067524 0.037226 0.258617
chr1:218444 218444 1680 0.100000 0.067588 0.036255 0.270497
chr1:218504 218504 1681 0.150000 0.151618 0.043260 0.544670
chr1:220233 220233 1693 0.600000 0.090086 0.026361 0.533702
chr1:220844 220844 1703 0.200000 0.080418 0.053699 0.175384
chr1:221756 221756 1709 0.550000 0.103478 0.023362 0.646344
chr1:221968 221968 1712 0.600000 0.085699 0.027589 0.492245
chr1:222742 222742 1725 0.200000 0.080418 0.045485 0.247482
chr1:223242 223242 1730 0.550000 0.103478 0.023852 0.637322
chr1:225989 225989 1749 0.150000 0.048275 0.041235 0.068457
chr1:226102 226102 1750 0.200000 0.080418 0.047211 0.231309
chr1:226632 226632 1753 0.350000 0.035989 0.074011 -0.313132
chr1:226669 226669 1755 0.150000 0.033417 0.040210 -0.080368
chr1:227612 227612 1763 0.650000 0.074011 0.036125 0.311491
chr1:228018 228018 1771 0.300000 0.040352 0.060777 -0.177874
chr1:229749 229749 1782 0.850000 0.050022 0.034037 0.167207
chr1:233643 233643 1800 0.850000 0.050022 0.034037 0.167207
chr1:235466 235466 1810 0.150000 0.031505 0.050022 -0.200778
chr1:235550 235550 1811 0.700000 0.076748 0.015851 0.685016
chr1:235974 235974 1812 0.150000 0.031505 0.048464 -0.187032
chr1:237195 237195 1818 0.100000 0.071991 0.041570 0.238498
chr1:237387 237387 1820 0.100000 0.071991 0.041522 0.238994
chr1:240578 240578 1841 0.900000 0.042343 0.066705 -0.197381
chr1:245027 245027 1881 0.900000 0.040024 0.067183 -0.224938
chr1:245315 245315 1884 0.750000 0.061299 0.010994 0.746308
chr1:246762 246762 1889 0.900000 0.041217 0.067183 -0.212180
chr1:248402 248402 1902 0.200000 0.147866 0.030989 0.678664
chr1:249534 249534 1908 0.750000 0.046733 0.011929 0.593027
chr1:249709 249709 1909 0.150000 0.032385 0.035915 -0.044940
chr1:250000 250000 1911 0.700000 0.057864 0.008883 0.813857
chr1:250143 250143 1914 0.750000 0.046293 0.010271 0.653889
chr1:250313 250313 1917 0.200000 0.016598 0.040160 -0.383729
chr1:251454 251454 1933 0.750000 0.048195 0.012592 0.582921
chr1:251469 251469 1934 0.900000 0.031731 0.077441 -0.387482
chr1:251475 251475 1935 0.100000 0.077441 0.031731 0.387482
chr1:251502 251502 1936 0.900000 0.031731 0.077441 -0.387482
chr1:251527 251527 1937 0.100000 0.077441 0.031731 0.387482
chr1:252845 252845 1944 0.100000 0.077441 0.031982 0.384065
chr1:253402 253402 1947 0.900000 0.031982 0.077441 -0.384065
chr1:254854 254854 1959 0.900000 0.035831 0.077441 -0.334710
chr1:255156 255156 1962 0.100000 0.077441 0.035831 0.334710
chr1:255242 255242 1964 0.100000 0.077441 0.035831 0.334710
chr1:256222 256222 1972 0.100000 0.077441 0.036279 0.329321
chr1:256737 256737 1976 0.900000 0.036279 0.077441 -0.329321
chr1:257121 257121 1979 0.900000 0.036279 0.077441 -0.329321
chr1:259628 259628 1994 0.750000 0.057173 0.018060 0.500465
chr1:262190 262190 2009 0.100000 0.080061 0.040392 0.297122
chr1:263874 263874 2024 0.700000 0.063662 0.021457 0.472302
chr1:264650 264650 2031 0.900000 0.041974 0.080061 -0.280440
chr1:265194 265194 2035 0.100000 0.080061 0.041974 0.280440
chr1:265351 265351 2037 0.900000 0.041974 0.080061 -0.280440
chr1:266462 266462 2045 0.150000 0.042177 0.048130 -0.057342
chr1:266570 266570 2047 0.900000 0.042879 0.080061 -0.271173
chr1:267733 267733 2054 0.100000 0.080061 0.042879 0.271173
chr1:270393 270393 2072 0.700000 0.060872 0.021749 0.446977
chr1:270824 270824 2076 0.100000 0.080061 0.041066 0.289937
chr1:274310 274310 2101 0.100000 0.077104 0.041590 0.268081
chr1:275171 275171 2107 0.700000 0.060872 0.026385 0.363052
chr1:275206 275206 2108 0.700000 0.060872 0.026385 0.363052
chr1:275917 275917 2111 0.200000 0.073050 0.034079 0.331129
chr1:277068 277068 2119 0.150000 0.043100 0.028424 0.180796
chr1:277165 277165 2122 0.200000 0.073050 0.034958 0.320072
chr1:278669 278669 2134 0.800000 0.035624 0.073050 -0.311874
chr1:278754 278754 2136 0.200000 0.073050 0.035624 0.311874
chr1:279463 279463 2139 0.500000 0.097763 0.024025 0.609515
chr1:279589 279589 2140 0.800000 0.036641 0.073050 -0.299649
chr1:281585 281585 2148 0.200000 0.073050 0.032384 0.353289
chr1:281628 281628 2149 0.200000 0.073050 0.032384 0.353289
chr1:282658 282658 2162 0.200000 0.073050 0.032785 0.347945
chr1:282886 282886 2163 0.350000 0.082220 0.027669 0.472979
chr1:287605 287605 2193 0.200000 0.114280 0.025879 0.645018
chr1:287667 287667 2195 0.200000 0.114280 0.025879 0.645018
chr1:288225 288225 2200 0.500000 0.043462 0.047575 -0.039270
chr1:288505 288505 2205 0.200000 0.114280 0.026841 0.629175
chr1:289282 289282 2215 0.200000 0.114280 0.025339 0.654178
chr1:289741 289741 2219 0.200000 0.114280 0.025611 0.649552
chr1:290133 290133 2221 0.150000 0.059360 0.021877 0.433511
chr1:290238 290238 2222 0.350000 0.082742 0.028896 0.456884
chr1:290334 290334 2223 0.200000 0.114280 0.025157 0.657317
chr1:290601 290601 2225 0.200000 0.114280 0.025157 0.657317
chr1:290681 290681 2226 0.200000 0.114280 0.025157 0.657317
chr1:291156 291156 2231 0.500000 0.072125 0.028513 0.403045
chr1:291325 291325 2232 0.800000 0.026267 0.114280 -0.638555
chr1:293643 293643 2243 0.100000 0.077191 0.018931 0.610398
chr1:293670 293670 2244 0.500000 0.072125 0.029946 0.381744
chr1:293933 293933 2246 0.300000 0.051840 0.033235 0.193069
chr1:294073 294073 2247 0.200000 0.114280 0.024853 0.662597
chr1:294342 294342 2250 0.200000 0.114280 0.024853 0.662597
chr1:294882 294882 2253 0.100000 0.077191 0.017630 0.641319
chr1:295178 295178 2256 0.200000 0.114280 0.025122 0.657924
chr1:295370 295370 2259 0.550000 0.059680 0.031859 0.272600
chr1:295433 295433 2260 0.100000 0.051544 0.018674 0.440954
chr1:295799 295799 2263 0.200000 0.114280 0.023957 0.678541
chr1:295888 295888 2264 0.100000 0.047723 0.018869 0.402995
chr1:296168 296168 2268 0.550000 0.059680 0.029443 0.306840
chr1:296289 296289 2270 0.200000 0.114280 0.024587 0.667271
chr1:297361 297361 2280 0.500000 0.072125 0.028387 0.404962
chr1:298519 298519 2290 0.200000 0.114280 0.026078 0.641705
chr1:298910 298910 2293 0.800000 0.026251 0.114280 -0.638834
chr1:299250 299250 2295 0.200000 0.114280 0.025096 0.658375
chr1:300219 300219 2302 0.100000 0.062368 0.018311 0.532244
chr1:300232 300232 2303 0.800000 0.025462 0.114280 -0.652086
chr1:300530 300530 2308 0.200000 0.114280 0.024548 0.667960
chr1:300562 300562 2309 0.200000 0.114280 0.024548 0.667960
chr1:300632 300632 2310 0.200000 0.114280 0.024548 0.667960
chr1:301073 301073 2313 0.200000 0.114280 0.024548 0.667960
chr1:301173 301173 2314 0.100000 0.051893 0.018369 0.451013
chr1:301657 301657 2316 0.250000 0.069279 0.025946 0.426529
chr1:302242 302242 2320 0.100000 0.062368 0.017932 0.541329
chr1:302324 302324 2321 0.750000 0.026644 0.069279 -0.414996
chr1:302425 302425 2322 0.200000 0.114280 0.023753 0.682258
chr1:302837 302837 2326 0.750000 0.026644 0.069173 -0.414330
chr1:303257 303257 2329 0.350000 0.082742 0.025894 0.504527
chr1:304705 304705 2344 0.750000 0.029911 0.069752 -0.367722
chr1:305596 305596 2350 0.200000 0.114280 0.027505 0.618562
chr1:305787 305787 2353 0.800000 0.027529 0.114280 -0.618188
chr1:305871 305871 2354 0.200000 0.114280 0.027529 0.618188
chr1:305926 305926 2355 0.750000 0.030503 0.069110 -0.355200
chr1:306725 306725 2358 0.750000 0.030503 0.069110 -0.355200
chr1:307017 307017 2359 0.250000 0.069110 0.030503 0.355200
chr1:307197 307197 2363 0.800000 0.027183 0.114280 -0.623676
chr1:307709 307709 2365 0.100000 0.062368 0.019533 0.504187
chr1:308308 308308 2368 0.800000 0.028233 0.114280 -0.607219
chr1:308531 308531 2369 0.200000 0.114280 0.028233 0.607219
chr1:308671 308671 2370 0.750000 0.031700 0.068766 -0.336315
chr1:310166 310166 2382 0.100000 0.064970 0.022424 0.461999
chr1:313433 313433 2405 0.100000 0.066273 0.026571 0.396924
chr1:317767 317767 2431 0.100000 0.081511 0.029057 0.447963
chr1:318358 318358 2436 0.100000 0.070059 0.031449 0.347850
chr1:319180 319180 2440 0.350000 0.080172 0.039189 0.310863
chr1:319888 319888 2444 0.400000 0.096658 0.034849 0.443042
chr1:319919 319919 2445 0.400000 0.096658 0.034849 0.443042
chr1:320606 320606 2452 0.350000 0.080172 0.035299 0.356262
chr1:320674 320674 2453 0.650000 0.035299 0.080172 -0.356262
chr1:323105 323105 2480 0.400000 0.061301 0.041050 0.174160
chr1:324080 324080 2488 0.500000 0.059599 0.041560 0.156569
chr1:324090 324090 2489 0.200000 0.115401 0.026953 0.631605
chr1:324743 324743 2495 0.450000 0.061728 0.035879 0.235644
chr1:325262 325262 2498 0.500000 0.041560 0.047320 -0.056371
chr1:325475 325475 2501 0.500000 0.043557 0.047320 -0.035984
chr1:326719 326719 2506 0.500000 0.041818 0.047375 -0.054188
chr1:327525 327525 2510 0.500000 0.047179 0.044308 0.027267
chr1:327673 327673 2511 0.500000 0.047179 0.044308 0.027267
chr1:327907 327907 2515 0.200000 0.115401 0.027909 0.616464
chr1:328684 328684 2521 0.500000 0.044619 0.047152 -0.023976
chr1:328787 328787 2523 0.500000 0.047152 0.044619 0.023976
chr1:328997 328997 2525 0.200000 0.116067 0.028456 0.610529
chr1:329441 329441 2529 0.100000 0.071534 0.021174 0.528716
chr1:329705 329705 2531 0.150000 0.222361 0.025179 0.946013
chr1:329761 329761 2534 0.400000 0.065749 0.031016 0.326297
chr1:329931 329931 2538 0.200000 0.111357 0.029103 0.582776
chr1:331343 331343 2551 0.400000 0.063458 0.024159 0.419403
chr1:332681 332681 2563 0.500000 0.041198 0.043329 -0.021901
chr1:334330 334330 2580 0.900000 0.021652 0.048282 -0.348299
chr1:334424 334424 2581 0.100000 0.048282 0.021652 0.348299
chr1:334482 334482 2582 0.150000 0.089713 0.024528 0.563186
chr1:335513 335513 2592 0.250000 0.039481 0.030153 0.117057
chr1:340200 340200 2633 0.250000 0.039481 0.031088 0.103799
chr1:340415 340415 2636 0.400000 0.063458 0.031907 0.298595
chr1:344695 344695 2669 0.100000 0.163772 0.024938 0.817373
chr1:345646 345646 2677 0.150000 0.067858 0.027380 0.394167
chr1:345700 345700 2678 0.100000 0.163772 0.023910 0.835661
chr1:345878 345878 2680 0.100000 0.163772 0.023910 0.835661
chr1:345896 345896 2681 0.150000 0.056467 0.027380 0.314361
chr1:345928 345928 2682 0.850000 0.027380 0.056467 -0.314361
chr1:346213 346213 2686 0.250000 0.042065 0.028193 0.173787
chr1:346773 346773 2690 0.150000 0.060948 0.027032 0.353086
chr1:347302 347302 2693 0.350000 0.079813 0.024320 0.516109
chr1:347702 347702 2698 0.800000 0.031336 0.031785 -0.006182
chr1:347928 347928 2701 0.200000 0.031785 0.031336 0.006182
chr1:348336 348336 2704 0.450000 0.052120 0.037337 0.144863
chr1:348831 348831 2708 0.250000 0.042065 0.028335 0.171595
chr1:349228 349228 2714 0.250000 0.107184 0.018273 0.768317
chr1:349767 349767 2719 0.450000 0.048724 0.030897 0.197830
chr1:350639 350639 2721 0.550000 0.031323 0.048724 -0.191881
chr1:351529 351529 2731 0.300000 0.072415 0.021086 0.535838
chr1:351587 351587 2733 0.300000 0.072415 0.021086 0.535838
chr1:351757 351757 2734 0.450000 0.048724 0.030855 0.198422
chr1:352121 352121 2736 0.300000 0.072415 0.021802 0.521343
chr1:352168 352168 2737 0.700000 0.021802 0.072415 -0.521343
chr1:352640 352640 2741 0.300000 0.072415 0.022011 0.517188
chr1:353981 353981 2750 0.550000 0.035766 0.041385 -0.063370
chr1:354045 354045 2752 0.250000 0.107184 0.019178 0.747332
chr1:354098 354098 2753 0.100000 0.163772 0.015452 1.025261
chr1:354261 354261 2755 0.300000 0.072161 0.023509 0.487069
chr1:355107 355107 2767 0.550000 0.038502 0.041459 -0.032136
chr1:355210 355210 2768 0.550000 0.038502 0.041459 -0.032136
chr1:355735 355735 2772 0.250000 0.107184 0.020656 0.715075
chr1:355743 355743 2773 0.550000 0.038502 0.043856 -0.056543
chr1:355933 355933 2775 0.550000 0.038502 0.043856 -0.056543
chr1:356700 356700 2781 0.250000 0.107184 0.020783 0.712416
chr1:358405 358405 2793 0.550000 0.039478 0.044260 -0.049654
chr1:359316 359316 2803 0.900000 0.017128 0.051891 -0.481389
chr1:359832 359832 2805 0.500000 0.045269 0.038582 0.069413
chr1:360821 360821 2818 0.300000 0.041618 0.029570 0.148424
chr1:361567 361567 2823 0.300000 0.041618 0.029570 0.148424
chr1:361623 361623 2825 0.100000 0.051891 0.019349 0.428432
chr1:362377 362377 2831 0.500000 0.047993 0.039454 0.085080
chr1:363039 363039 2836 0.250000 0.108792 0.022478 0.684834
chr1:363816 363816 2842 0.250000 0.115358 0.022478 0.710286
chr1:364353 364353 2847 0.600000 0.030737 0.059697 -0.288294
chr1:364506 364506 2848 0.550000 0.042176 0.050008 -0.073972
chr1:366728 366728 2861 0.600000 0.027745 0.060624 -0.339465
chr1:367247 367247 2865 0.250000 0.115358 0.021661 0.726362
chr1:368798 368798 2876 0.100000 0.056476 0.018397 0.487120
chr1:370300 370300 2886 0.600000 0.030382 0.057851 -0.279691
chr1:370792 370792 2890 0.600000 0.030382 0.057851 -0.279691
chr1:371261 371261 2892 0.400000 0.057851 0.030382 0.279691
chr1:372271 372271 2898 0.100000 0.056476 0.020215 0.446186
chr1:373276 373276 2908 0.300000 0.041641 0.032193 0.111766
chr1:373708 373708 2910 0.600000 0.026793 0.057139 -0.328914
chr1:373770 373770 2911 0.600000 0.026793 0.057139 -0.328914
chr1:373952 373952 2913 0.100000 0.059599 0.017314 0.536837
chr1:374711 374711 2917 0.600000 0.026451 0.057139 -0.334483
chr1:375402 375402 2923 0.250000 0.115430 0.018601 0.792772
chr1:376451 376451 2933 0.750000 0.019521 0.115430 -0.771820
chr1:376781 376781 2935 0.250000 0.115430 0.019521 0.771820
chr1:378027 378027 2944 0.100000 0.059599 0.018558 0.506721
chr1:379490 379490 2957 0.400000 0.059567 0.026580 0.350447
chr1:381989 381989 2983 0.150000 0.083805 0.016678 0.701114
chr1:382814 382814 2991 0.200000 0.156134 0.014978 1.018058
chr1:382879 382879 2992 0.550000 0.031051 0.041381 -0.124728
chr1:385115 385115 3009 0.600000 0.021027 0.049990 -0.376117
chr1:385649 385649 3012 0.350000 0.065603 0.016611 0.596513
chr1:385833 385833 3015 0.350000 0.065603 0.016246 0.606187
chr1:387289 387289 3027 0.400000 0.030999 0.014424 0.332267
chr1:387373 387373 3028 0.100000 0.027813 0.007239 0.584551
chr1:387509 387509 3029 0.250000 0.035657 0.016502 0.334612
chr1:387605 387605 3031 0.400000 0.035215 0.014883 0.374046
chr1:387965 387965 3035 0.400000 0.035215 0.014883 0.374046
chr1:394494 394494 3075 0.150000 0.081474 0.019045 0.631242
chr1:407251 407251 3165 0.100000 0.019164 0.013610 0.148624
chr1:407417 407417 3167 0.900000 0.013610 0.019164 -0.148624
chr1:408678 408678 3175 0.100000 0.019164 0.013687 0.146169
chr1:412339 412339 3199 0.900000 0.013473 0.020449 -0.181219
chr1:417759 417759 3228 0.150000 0.089837 0.017173 0.718619
chr1:420170 420170 3245 0.150000 0.010769 0.014440 -0.127389
chr1:422840 422840 3272 0.450000 0.048857 0.035255 0.141709
chr1:424148 424148 3275 0.350000 0.021830 0.022841 -0.019663
chr1:424323 424323 3277 0.350000 0.021830 0.022841 -0.019663
chr1:425625 425625 3283 0.300000 0.042685 0.016075 0.424119
chr1:425804 425804 3284 0.200000 0.013484 0.011576 0.066260
chr1:426818 426818 3290 0.100000 0.039144 0.009437 0.617840
chr1:426838 426838 3291 0.350000 0.076780 0.018129 0.626870
chr1:426921 426921 3292 0.200000 0.015851 0.009809 0.208441
chr1:427001 427001 3294 0.300000 0.042685 0.014613 0.465527
chr1:427736 427736 3300 0.350000 0.076780 0.018711 0.613158
chr1:428224 428224 3302 0.200000 0.015851 0.010414 0.182436
chr1:428898 428898 3306 0.500000 0.046852 0.023786 0.294406
chr1:429681 429681 3314 0.700000 0.015727 0.043990 -0.446708
chr1:429870 429870 3316 0.300000 0.043990 0.015727 0.446708
chr1:429878 429878 3317 0.400000 0.029685 0.036367 -0.088170
chr1:430303 430303 3322 0.400000 0.029685 0.036194 -0.086108
chr1:430352 430352 3323 0.100000 0.041589 0.008926 0.668334
chr1:431707 431707 3333 0.250000 0.046712 0.013076 0.552967
chr1:431945 431945 3335 0.350000 0.036637 0.028622 0.107229
chr1:431987 431987 3336 0.150000 0.089976 0.010264 0.942812
chr1:432114 432114 3338 0.600000 0.017111 0.022460 -0.118126
chr1:432372 432372 3340 0.250000 0.032504 0.012358 0.420003
chr1:432468 432468 3341 0.600000 0.016128 0.023001 -0.154171
chr1:432729 432729 3342 0.350000 0.036657 0.026603 0.139228
chr1:433768 433768 3350 0.250000 0.032504 0.012982 0.398596
chr1:434122 434122 3352 0.250000 0.032504 0.012720 0.407473
chr1:434219 434219 3353 0.500000 0.037874 0.022041 0.235100
chr1:434607 434607 3357 0.250000 0.033749 0.012520 0.430652
chr1:435383 435383 3363 0.500000 0.024106 0.037780 -0.195141
chr1:435935 435935 3366 0.100000 0.035089 0.007565 0.666363
chr1:436033 436033 3367 0.100000 0.050193 0.007976 0.798850
chr1:436428 436428 3372 0.500000 0.038390 0.025667 0.174835
chr1:437966 437966 3384 0.100000 0.031488 0.009958 0.499976
chr1:438142 438142 3385 0.650000 0.031456 0.036694 -0.066894
chr1:438602 438602 3388 0.350000 0.036694 0.031456 0.066894
chr1:438915 438915 3391 0.600000 0.013542 0.017084 -0.100907
chr1:439548 439548 3395 0.500000 0.014874 0.025977 -0.242155
chr1:439703 439703 3398 0.500000 0.025977 0.014874 0.242155
chr1:441172 441172 3404 0.450000 0.019532 0.022023 -0.052141
chr1:443705 443705 3428 0.100000 0.021912 0.009979 0.341606
chr1:444046 444046 3430 0.350000 0.013943 0.017077 -0.088045
chr1:444786 444786 3435 0.300000 0.014084 0.015749 -0.048523
chr1:445192 445192 3438 0.400000 0.015482 0.014295 0.034635
chr1:446274 446274 3450 0.500000 0.016890 0.012223 0.140460
chr1:447427 447427 3457 0.100000 0.020925 0.008445 0.394074
chr1:448324 448324 3462 0.600000 0.019412 0.012139 0.203888
chr1:450211 450211 3479 0.100000 0.023382 0.010769 0.336702
chr1:450901 450901 3482 0.100000 0.016688 0.010769 0.190215
chr1:451321 451321 3484 0.100000 0.016688 0.010769 0.190215
chr1:451586 451586 3488 0.100000 0.016688 0.010769 0.190215
chr1:452090 452090 3492 0.150000 0.027861 0.011876 0.370323
chr1:452390 452390 3493 0.900000 0.011543 0.028457 -0.391854
chr1:453430 453430 3502 0.100000 0.038810 0.010233 0.578956
chr1:453795 453795 3505 0.100000 0.028457 0.011665 0.387279
chr1:454877 454877 3514 0.650000 0.021688 0.019997 0.035255
chr1:458356 458356 3533 0.100000 0.028457 0.014743 0.285592
chr1:459430 459430 3539 0.600000 0.025165 0.014697 0.233574
chr1:459715 459715 3542 0.100000 0.028457 0.015127 0.274417
chr1:461528 461528 3557 0.100000 0.028457 0.010839 0.419195
chr1:461713 461713 3558 0.550000 0.026730 0.012181 0.341329
chr1:462359 462359 3566 0.100000 0.024429 0.010153 0.381290
chr1:463032 463032 3574 0.200000 0.010415 0.012932 -0.094017
chr1:463356 463356 3577 0.100000 0.024429 0.010418 0.370110
chr1:463884 463884 3583 0.550000 0.026730 0.012471 0.331102
chr1:464762 464762 3589 0.100000 0.021249 0.010025 0.326246
chr1:465294 465294 3594 0.100000 0.024429 0.010801 0.354432
chr1:465416 465416 3596 0.200000 0.012587 0.013053 -0.015780
chr1:465916 465916 3600 0.550000 0.028464 0.013149 0.335388
chr1:466628 466628 3602 0.100000 0.024429 0.010767 0.355810
chr1:466877 466877 3605 0.550000 0.028464 0.008022 0.550016
chr1:467129 467129 3607 0.550000 0.028464 0.008022 0.550016
chr1:467490 467490 3611 0.200000 0.013485 0.010453 0.110595
chr1:467959 467959 3615 0.100000 0.028457 0.008549 0.522249
chr1:468244 468244 3620 0.550000 0.025959 0.007357 0.547564
chr1:468254 468254 3621 0.100000 0.016626 0.009019 0.265644
chr1:468500 468500 3625 0.100000 0.028910 0.010110 0.456298
chr1:469629 469629 3637 0.200000 0.007568 0.012123 -0.204646
chr1:471491 471491 3647 0.100000 0.033429 0.010781 0.491469
chr1:471879 471879 3650 0.100000 0.020403 0.010948 0.270366
chr1:472093 472093 3651 0.200000 0.008555 0.013219 -0.189008
chr1:472629 472629 3657 0.100000 0.021494 0.008261 0.415265
chr1:473624 473624 3663 0.100000 0.023046 0.009237 0.397086
chr1:473736 473736 3665 0.100000 0.033095 0.009520 0.541103
chr1:475695 475695 3685 0.100000 0.022661 0.008398 0.431104
chr1:477244 477244 3701 0.100000 0.019016 0.008529 0.348189
chr1:477985 477985 3711 0.100000 0.033095 0.008817 0.574445
chr1:480433 480433 3737 0.100000 0.029051 0.010553 0.439774
chr1:481302 481302 3745 0.100000 0.034127 0.008775 0.589840
