id	pos	p1	ihh12
10:1895732:A:G	1895732	0.320893	4066.86
10:1897339:G:A	1897339	0.0897876	3346.18
10:1897462:C:G	1897462	0.0607433	3863.1
10:1897631:T:C	1897631	0.0680824	3787.14
10:1897896:G:A	1897896	0.0985322	3652.79
10:1898298:A:AT	1898298	0.182386	3317.17
10:1898434:C:T	1898434	0.197064	3647.99
10:1899021:T:A	1899021	0.539819	5042.2
10:1899069:C:A	1899069	0.649438	5025
10:1899111:TA:T	1899111	0.705653	5163.54
10:1899176:C:T	1899176	0.123517	5420.56
10:1899522:C:T	1899522	0.535603	6949.1
10:1901142:T:C	1901142	0.759213	6018.35
10:1901577:A:T	1901577	0.130387	5702.26
10:1901647:A:G	1901647	0.685821	6415.53
10:1902531:AT:A	1902531	0.758276	5609.74
10:1902713:A:G	1902713	0.532948	5604.95
10:1902909:G:T	1902909	0.682698	5474.52
10:1903102:T:C	1903102	0.537008	5408.1
10:1903193:C:T	1903193	0.5901	5482.3
10:1904087:T:TAC	1904087	0.753123	4728.49
10:1904116:G:GCACATGCAC	1904116	0.757808	4718.68
10:1904138:G:A	1904138	0.592442	4907.07
10:1904178:AC:A	1904178	0.0726109	5072.26
10:1904905:G:GTCTATCTA	1904904	0.0776077	4569.87
10:1905285:G:GGT	1905285	0.124766	5470.42
10:1905651:G:A	1905651	0.544347	5378.72
10:1905712:C:G	1905712	0.0551218	5415.56
10:1905870:G:A	1905870	0.54341	5349.14
10:1906584:G:A	1906584	0.133823	5264.86
10:1906670:A:G	1906670	0.785759	6515.33
10:1906819:C:CTA	1906819	0.574172	6752.53
10:1906907:G:A	1906907	0.0527795	7027.78
10:1908027:C:G	1908027	0.0526234	5908.32
10:1908304:T:TAG	1908304	0.648657	5657.64
10:1908318:A:G	1908318	0.79341	6119.94
10:1909217:C:T	1909217	0.620237	6091.45
10:1909529:G:T	1909529	0.617114	5797.37
10:1909960:A:G	1909960	0.0774516	5471.67
10:1910743:T:C	1910743	0.616802	5119.22
10:1910892:T:C	1910892	0.676765	5063.64
10:1911331:A:G	1911331	0.666615	4629.3
10:1911355:G:T	1911355	0.676296	4616.82
10:1911632:A:C	1911632	0.6193	4406.14
10:1912565:C:T	1912565	0.675828	3567.38
10:1912890:G:C	1912890	0.678482	3244.95
10:1912925:G:A	1912925	0.621643	3241.65
10:1912999:A:T	1912999	0.0565272	3279.45
10:1913405:G:C	1913405	0.677701	2984.39
10:1913809:G:A	1913809	0.0757339	2710.72
10:1914046:A:T	1914046	0.620862	2571.93
10:1914476:GTCTA:G	1914476	0.0726109	2207.25
10:1914489:T:TTATC	1914489	0.0601187	2250.87
10:1914526:TATCTATC:T	1914526	0.185353	2693.53
10:1914530:TATC:T	1914530	0.182854	3297.79
10:1914533:CATCT:C	1914533	0.0693317	5157.37
10:1914538:A:G	1914538	0.441599	5588.51
10:1914542:A:G	1914542	0.0565272	6000.94
10:1914634:T:C	1914634	0.17817	5992.07
10:1914660:A:G	1914660	0.503904	7084.79
10:1914752:C:A	1914752	0.502967	6993.2
10:1914753:A:C	1914753	0.503592	6993
10:1914894:T:G	1914894	0.115084	6990.71
10:1915170:G:A	1915170	0.0515303	6806.8
10:1915414:T:C	1915414	0.752811	6603.66
10:1915656:T:C	1915656	0.503279	6781.98
10:1915751:A:G	1915751	0.0565272	6705.64
10:1915994:C:T	1915994	0.502967	6487.66
10:1916047:C:T	1916047	0.0541849	6566.4
10:1916236:A:T	1916236	0.115084	6590.08
10:1916674:C:CTA	1916674	0.677233	6233.67
10:1917037:T:C	1917037	0.115084	6202.59
10:1917173:T:C	1917173	0.502967	6274.79
10:1917273:G:A	1917273	0.0607433	6209.72
10:1917675:G:GT	1917675	0.49797	6121.56
10:1917862:G:A	1917862	0.503123	5984.47
10:1918532:G:A	1918532	0.11649	5449.79
10:1918775:C:T	1918775	0.056371	5285.5
10:1918952:TA:T	1918952	0.501405	5297
10:1919051:G:C	1919051	0.50203	5201.92
10:1919104:T:G	1919104	0.502967	5152.26
10:1919154:C:CT	1919154	0.114772	5229.57
10:1920283:G:A	1920283	0.502498	4418.68
10:1920314:G:A	1920314	0.788413	4606
10:1920874:C:T	1920874	0.267958	5271.19
10:1921099:G:GTTC	1921099	0.552311	5648.96
10:1921198:C:T	1921198	0.12664	5562.57
10:1921213:T:G	1921213	0.552311	5999.85
10:1921629:G:C	1921629	0.552155	5584.18
10:1922254:C:T	1922254	0.497814	5028.46
10:1922743:T:C	1922743	0.551374	4763.81
10:1923501:T:C	1923501	0.177077	4613.21
10:1923743:G:A	1923743	0.569176	4884.25
10:1924157:A:G	1924157	0.568707	4478.79
10:1924644:GA:G	1924644	0.0607433	4097.34
10:1924669:T:A	1924669	0.664585	4230.08
10:1925521:T:C	1925521	0.518894	3568.35
10:1925534:GATGTGCACT:G	1925534	0.0861961	3690.28
10:1925661:C:T	1925661	0.176921	3616.19
10:1925701:CTTTT:C	1925701	0.266552	3662.56
10:1925739:G:A	1925739	0.131793	4197.95
10:1926236:T:C	1926236	0.0854154	4072.86
10:1926613:G:C	1926613	0.0612117	3792.44
10:1926646:A:G	1926646	0.654435	3776.93
10:1926829:A:G	1926829	0.740006	3628.44
10:1927087:T:A	1927087	0.654435	3416.56
10:1927095:G:A	1927095	0.0549656	3697.42
10:1927179:G:A	1927179	0.525297	3651.74
10:1927361:A:G	1927361	0.745472	3510.55
10:1927370:C:T	1927370	0.533885	3779.76
10:1927680:C:G	1927680	0.0579325	3596.59
10:1927810:G:A	1927810	0.669738	3561.47
10:1928138:C:CAAAT	1928138	0.662086	3252.31
10:1928143:C:T	1928143	0.574953	3270.91
10:1928261:C:T	1928261	0.291849	3268.16
10:1928395:C:G	1928395	0.662242	3806.17
10:1928698:G:A	1928698	0.488757	3593.59
10:1929023:A:G	1929023	0.662086	3392.77
10:1929282:C:G	1929282	0.0613679	3181.98
10:1929297:T:C	1929297	0.489382	3299.2
10:1929517:T:C	1929517	0.670987	3341.78
10:1929826:G:T	1929826	0.623048	3100.74
10:1930126:A:G	1930126	0.624297	2801.75
10:1930463:G:A	1930463	0.660837	2494.09
10:1930547:AT:A	1930547	0.48782	2508.14
10:1930739:TAAAC:T	1930739	0.0777639	2549.43
10:1930743:C:T	1930743	0.884916	2551.91
10:1930870:T:G	1930870	0.139444	2690.71
10:1930913:C:T	1930913	0.660369	2922.2
10:1931051:C:T	1931051	0.622111	2805.1
10:1931176:G:A	1931176	0.78123	2797.6
10:1931797:G:A	1931797	0.62539	2341.1
10:1931853:C:CTATT	1931853	0.628201	2297.2
10:1932107:G:C	1932107	0.565116	2221.15
10:1932298:G:T	1932298	0.28451	2321.22
10:1932462:T:TAGAG	1932462	0.586352	2273.53
10:1932661:G:A	1932661	0.285915	2508.56
10:1932841:A:C	1932841	0.375859	2431.73
10:1932861:A:G	1932861	0.286696	2484.38
10:1932948:G:T	1932948	0.689881	3020.47
10:1932978:T:TG	1932978	0.0521549	3049.35
10:1932995:T:A	1932995	0.611024	3133.63
10:1933278:C:G	1933278	0.694722	3067.75
10:1933323:T:C	1933323	0.289819	4142.2
10:1933560:C:T	1933560	0.27436	4344.17
10:1933768:CG:C	1933768	0.0821362	4403.6
10:1933938:A:T	1933938	0.0883823	4236.39
10:1933951:C:CA	1933951	0.0776077	4284.97
10:1934205:G:A	1934205	0.754372	4158.87
10:1934208:T:C	1934208	0.754216	4157.67
10:1934628:G:C	1934628	0.0882261	3916.79
10:1934682:A:G	1934682	0.344316	3944.79
10:1934837:G:A	1934837	0.286227	4013.21
10:1934847:C:T	1934847	0.07995	4032.92
10:1934941:G:A	1934941	0.218613	4190.52
10:1935229:C:T	1935229	0.286227	4022.68
10:1935466:G:A	1935466	0.0824485	3932.55
10:1935492:G:T	1935492	0.0883823	3907.93
10:1935674:C:CGTGT	1935674	0.326359	3759.31
10:1935764:G:A	1935764	0.0733916	4920.22
10:1935776:G:C	1935776	0.0830731	4953.5
10:1935920:A:T	1935920	0.40787	4903.76
10:1936312:CA:C	1936312	0.0712055	4594.9
10:1936463:ATG:A	1936461	0.0869769	4467.51
10:1936484:TGC:T	1936484	0.440662	4459.64
10:1936486:C:T	1936486	0.205653	4750.84
10:1936493:ACATGTACGT:A	1936493	0.103373	5507.59
10:1936510:TGCGCATGTA:T	1936510	0.63273	5519.36
10:1936541:AGAT:A	1936541	0.072767	5654.17
10:1936657:A:C	1936657	0.344472	5558.89
10:1936758:G:A	1936758	0.767021	5553.7
10:1936962:T:C	1936962	0.0649594	6870.28
10:1937057:C:T	1937057	0.343848	6787.53
10:1937094:T:C	1937094	0.0824485	6856.79
10:1937095:G:T	1937095	0.0627733	6861.3
10:1937147:C:A	1937147	0.146627	6825.16
10:1937348:G:A	1937348	0.0618364	6709.3
10:1937497:A:T	1937497	0.0627733	6560.66
10:1937736:T:C	1937736	0.142723	6384.91
10:1937852:G:C	1937852	0.343379	6374.13
10:1938151:GT:G	1938151	0.917552	7104.44
10:1938158:A:AAAG	1938158	0.917552	7097.44
10:1938280:C:T	1938280	0.0616802	7462.14
10:1938309:C:T	1938309	0.0721424	7442.5
10:1938425:G:A	1938425	0.0943161	7345.45
10:1938529:T:C	1938529	0.104934	7252.49
10:1938534:T:C	1938534	0.168957	7271.46
10:1938564:A:G	1938564	0.0936914	7296.75
10:1938628:C:T	1938628	0.0943161	7233.31
10:1938795:CATCACTAG:C	1938795	0.0565272	7314.08
10:1939059:A:T	1939059	0.169269	7115.39
10:1939060:AT:A	1939060	0.169269	7114.39
10:1939485:C:T	1939485	0.143348	6742.3
10:1939635:A:C	1939635	0.0588695	6771.12
10:1939771:T:G	1939771	0.121487	6773.57
10:1939789:G:A	1939789	0.121487	6755.57
10:1940134:A:G	1940134	0.121955	6413
10:1940198:A:G	1940198	0.231106	7007.6
10:1940213:G:C	1940213	0.230793	6992.65
10:1940333:T:C	1940333	0.231106	6874.81
10:1942237:C:T	1942237	0.230637	4975.71
10:1943321:T:G	1943321	0.230637	3900.71
10:1943391:T:TGTAA	1943391	0.128045	3912.39
10:1943677:T:C	1943677	0.0666771	4233.99
10:1943709:C:T	1943709	0.112586	4343.43
10:1943908:T:C	1943908	0.230637	4186.44
10:1944128:G:T	1944128	0.11243	4065.24
10:1944157:G:T	1944157	0.0618364	4074.07
10:1944479:G:A	1944479	0.0599625	3757.67
10:1944594:T:C	1944594	0.0507495	3655.83
10:1944713:T:C	1944713	0.0594941	3585.99
10:1944722:T:C	1944722	0.0594941	3576.99
10:1944728:C:T	1944728	0.0594941	3570.99
10:1944945:G:T	1944945	0.230637	3427.25
10:1945142:A:G	1945142	0.230637	3230.25
10:1945229:T:C	1945229	0.0507495	3407.58
10:1945759:C:CA	1945759	0.735634	3025.38
10:1946183:G:A	1946183	0.0594941	3199.67
10:1946404:G:A	1946404	0.0612117	3068.5
10:1946502:C:T	1946502	0.256715	3106.52
10:1946795:T:A	1946795	0.468145	2907.27
10:1946988:A:G	1946988	0.259213	2854.97
10:1946992:G:A	1946992	0.167083	2975.88
10:1947044:T:A	1947044	0.398657	3237.98
10:1947884:CTTTTTTT:C	1947884	0.485634	3738.1
10:1948093:G:A	1948093	0.253748	5041.93
10:1948140:C:T	1948140	0.0610556	5619.19
10:1948167:G:A	1948167	0.0772954	5703.46
10:1948950:G:C	1948950	0.0790131	5229.95
10:1949031:A:G	1949031	0.407558	5400.82
10:1950346:A:C	1950346	0.162555	6185.22
10:1950452:G:T	1950452	0.161618	6084.87
10:1950679:C:T	1950679	0.062461	6097.88
10:1951392:G:T	1951392	0.062461	5387.39
10:1951932:G:A	1951932	0.171455	4938.27
10:1952399:A:G	1952399	0.0658963	5349.24
10:1952401:A:G	1952401	0.0658963	5347.24
10:1952405:G:C	1952405	0.0660525	5343.27
10:1952595:G:A	1952595	0.441443	5321.8
10:1953308:G:T	1953308	0.195191	5847.85
10:1953463:C:CG	1953463	0.0637102	6159.68
10:1953538:CAA:C	1953538	0.1802	6251.42
10:1953697:G:A	1953697	0.187227	7161.39
10:1953701:A:ACT	1953701	0.159432	7473.33
10:1953757:T:C	1953757	0.127733	7516.21
10:1954704:T:TCA	1954704	0.763429	6783.04
10:1954864:T:C	1954864	0.0771393	6710.77
10:1955081:T:A	1955081	0.107433	6587.54
10:1955456:T:G	1955456	0.761868	6323.43
10:1955591:A:G	1955591	0.729232	6201.01
10:1955701:AG:A	1955701	0.501874	6173.07
10:1955702:G:A	1955702	0.259369	6438.07
10:1955765:A:G	1955765	0.132886	6844.03
10:1955908:G:GT	1955908	0.60634	6848.08
10:1956547:A:G	1956547	0.111337	6877.55
10:1957680:A:AT	1957680	0.169269	5879.7
10:1957707:G:A	1957707	0.596502	6380.55
10:1957874:C:T	1957874	0.750468	6671.3
10:1958560:C:T	1958560	0.132417	6197.51
10:1959657:A:G	1959657	0.752498	5667.97
10:1959720:C:T	1959720	0.109307	5728.88
10:1960295:G:A	1960295	0.596814	5339.2
10:1960433:G:A	1960433	0.893192	5315.76
10:1960715:A:G	1960715	0.750468	6415.28
10:1960861:T:C	1960861	0.598376	6317.11
10:1961056:G:C	1961056	0.749844	6162.61
10:1961174:G:A	1961174	0.59822	6131.87
10:1961602:A:G	1961602	0.772017	6111.24
10:1962853:C:T	1962853	0.462055	5626.11
10:1963359:A:G	1963359	0.08604	5231.01
10:1963410:A:G	1963410	0.501405	5298.39
10:1963457:G:C	1963457	0.156933	5835.46
10:1963464:C:A	1963464	0.156933	5828.46
10:1963696:T:G	1963696	0.0721424	5854.98
10:1963698:TGTTTTCTCC:T	1963698	0.0721424	5852.98
10:1963769:G:T	1963769	0.140849	5809.43
10:1963848:T:TA	1963848	0.0765147	7403.52
10:1963849:T:A	1963849	0.0766708	7402.55
10:1964015:T:G	1964015	0.380231	7317.47
10:1964025:A:C	1964025	0.191443	7612.4
10:1964447:AT:A	1964447	0.215334	7285.68
10:1964572:G:C	1964572	0.668645	8628.19
10:1965464:T:G	1965464	0.577452	8088.34
10:1965819:G:A	1965819	0.0829169	7898.98
10:1965948:AGCT:A	1965948	0.555122	7833.23
10:1965957:ATT:A	1965957	0.583229	8041.31
10:1966617:C:A	1966617	0.0832292	7927.4
10:1967027:G:A	1967027	0.0822923	7523.04
10:1967174:G:A	1967174	0.0826046	7377.78
10:1967981:C:A	1967981	0.134603	6799.18
10:1969039:T:G	1969039	0.696752	6257.4
10:1970746:T:A	1970746	0.339475	6337.98
10:1971172:TG:T	1971172	0.547314	6537.43
10:1971895:G:A	1971895	0.589475	5975.82
10:1972071:TTC:T	1972071	0.145846	6415.91
10:1973660:A:C	1973660	0.335572	5525.83
10:1973820:G:GT	1973820	0.579794	5844.87
10:1974003:G:A	1974003	0.550125	5864
10:1974070:C:A	1974070	0.550125	5797
10:1974430:G:GT	1974430	0.406152	5704.77
10:1976159:C:T	1976159	0.549032	4394.08
10:1976691:C:CT	1976691	0.489538	4001.83
10:1976758:C:T	1976758	0.150999	4633.09
10:1976783:A:T	1976783	0.340568	4863.33
10:1976989:G:C	1976989	0.548407	5296.01
10:1977172:A:G	1977172	0.579638	5129.14
10:1977179:C:T	1977179	0.548407	5231.16
10:1978860:C:T	1978860	0.148657	3794.81
10:1978924:C:G	1978924	0.328857	3827.47
10:1978961:C:A	1978961	0.545909	4938.84
10:1979171:A:AT	1979171	0.757964	4790.57
10:1979326:T:C	1979326	0.546377	5959.24
10:1980129:T:C	1980129	0.530137	5505.68
10:1980239:G:A	1980239	0.51421	5420.07
10:1980506:G:A	1980506	0.525453	5476.18
10:1980527:T:A	1980527	0.525297	5461.35
10:1980700:T:C	1980700	0.525141	5387.64
10:1980882:T:C	1980882	0.712836	5390.45
10:1981371:C:T	1981371	0.485166	6081.4
10:1981705:C:G	1981705	0.674891	5855.95
10:1981979:T:C	1981979	0.484697	6053.59
10:1982075:G:C	1982075	0.484697	5957.59
10:1982397:T:C	1982397	0.500937	5689.18
10:1982469:G:T	1982469	0.504841	5632.84
10:1983044:C:T	1983044	0.5203	5118.03
10:1983400:G:A	1983400	0.154279	4886.73
10:1983452:G:C	1983452	0.509369	5717.37
10:1983678:T:G	1983678	0.486259	5629.5
10:1983679:G:T	1983679	0.486259	5628.5
10:1983685:CT:C	1983685	0.486259	5622.5
10:1983895:T:C	1983895	0.486571	5417.7
10:1984214:T:C	1984214	0.126015	5224.57
10:1984852:A:T	1984852	0.48376	5766.06
10:1984889:A:T	1984889	0.482667	5753.68
10:1984994:C:T	1984994	0.485946	5695.92
10:1985069:T:C	1985069	0.486571	5630.48
10:1985087:G:A	1985087	0.486571	5612.48
10:1985394:T:C	1985394	0.486571	5305.48
10:1985557:C:T	1985557	0.484385	5149.11
10:1986961:C:CTT	1986958	0.0505934	3836.1
10:1987220:T:C	1987220	0.488913	3759.44
10:1987241:C:T	1987241	0.496252	3827.69
10:1987672:A:G	1987672	0.148657	4240.07
10:1987751:A:G	1987751	0.623673	6232
10:1987800:T:C	1987800	0.623517	6183.07
10:1988145:T:G	1988145	0.603841	5863.14
10:1988561:T:C	1988561	0.629138	5534.02
10:1989336:G:A	1989336	0.683167	4823.64
10:1989337:C:G	1989337	0.683167	4822.64
10:1989702:G:T	1989702	0.624453	4739.64
10:1989825:G:A	1989825	0.601655	4658.21
10:1991388:C:T	1991388	0.626483	3156.3
10:1991620:A:T	1991620	0.324172	2991.97
10:1991643:A:AAGAT	1991643	0.626015	3844.79
10:1992303:C:T	1992303	0.605559	3205.68
10:1992612:A:G	1992612	0.682542	2978.54
10:1993193:G:T	1993193	0.626952	2471.59
10:1993477:T:TCAAAA	1993477	0.583385	2213.75
10:1993576:TGATA:T	1993576	0.100874	2253.92
10:1993621:G:GATAA	1993621	0.327139	3212.97
10:1993780:A:C	1993780	0.682074	5276.13
10:1994025:C:CT	1994025	0.621018	5281.72
10:1994136:T:TACACAC	1994136	0.122111	5676.02
10:1994899:G:T	1994899	0.325265	5710.07
10:1996239:A:G	1996239	0.609619	6656.46
10:1997185:CA:C	1997185	0.556683	5866.18
10:1997321:G:T	1997321	0.0537164	6453.06
10:1998543:G:A	1998543	0.60634	5314.69
10:1998867:T:G	1998867	0.682074	5055.27
10:1999428:A:G	1999428	0.602904	4538.63
10:1999445:A:G	1999445	0.683011	4559.45
10:1999516:G:GC	1999516	0.624141	4663.84
10:1999758:T:A	1999758	0.928482	4537.17
10:1999980:C:T	1999980	0.606964	5287.71
10:2001080:A:G	2001080	0.607277	4189.2
10:2001230:T:C	2001230	0.053248	4137.77
10:2001494:T:TA	2001494	0.620394	4149.34
10:2003044:CAA:C	2003044	0.376952	3181.86
10:2003627:T:C	2003627	0.30075	3636.24
10:2004259:C:T	2004259	0.46752	3831.81
10:2004585:C:T	2004585	0.117739	3564.51
10:2004766:A:C	2004766	0.605247	3466.19
10:2004905:G:C	2004905	0.467833	3484.38
10:2005192:C:A	2005192	0.101811	3435.46
10:2005452:C:CTT	2005452	0.684572	4169.45
10:2005637:A:G	2005637	0.685353	3985.25
10:2006267:C:T	2006267	0.467052	3536.16
10:2006637:C:T	2006637	0.683791	3614.45
10:2006709:A:G	2006709	0.683791	3542.45
10:2007090:T:C	2007090	0.683791	3161.45
10:2007397:A:G	2007397	0.685821	2856.49
10:2007474:C:T	2007474	0.136946	2905.57
10:2008085:G:A	2008085	0.656621	2512.53
10:2008109:G:A	2008109	0.103841	2678.58
10:2008833:C:T	2008833	0.47158	2177.51
10:2008854:T:C	2008854	0.686914	2608.35
10:2009159:C:T	2009159	0.148189	2476.07
10:2009963:C:T	2009963	0.661774	2514.7
10:2010066:A:T	2010066	0.807933	2882.67
10:2011202:C:T	2011202	0.334478	1931
10:2011249:C:T	2011249	0.472673	1903.62
10:2011328:T:C	2011328	0.807152	2171.6
10:2012462:C:T	2012462	0.119457	1493.72
10:2012512:G:C	2012512	0.472517	1749.84
10:2013397:C:A	2013397	0.469082	870.942
10:2013923:C:T	2013923	0.165678	572.834
10:2013955:C:G	2013955	0.646471	583.837
10:2014215:C:G	2014215	0.786227	465.242
10:2014409:G:C	2014409	0.209244	345.18
10:2014549:A:G	2014549	0.772642	696.898
10:2014621:A:T	2014621	0.764522	657.749
10:2014624:T:TG	2014624	0.413492	764.253
10:2014854:T:C	2014854	0.668488	738.507
10:2015049:G:T	2015049	0.52233	668.726
10:2015085:C:T	2015085	0.13148	966.493
10:2015113:CTT:C	2015113	0.147876	993.325
10:2015116:T:TTC	2015115	0.0835415	1458.49
10:2015209:TTC:T	2015209	0.142567	1897.34
10:2015227:CTCTT:C	2015227	0.160369	1930.34
10:2015237:CTTT:C	2015237	0.0854154	2931.66
10:2015377:G:A	2015377	0.0549656	3015.52
10:2015464:G:A	2015464	0.147408	2962.22
10:2015618:G:A	2015618	0.131949	3579.97
10:2015650:T:C	2015650	0.538726	3801.98
10:2015871:G:A	2015871	0.126952	3970.47
10:2016171:T:C	2016171	0.502186	5290.31
10:2016385:T:C	2016385	0.504685	5081.71
10:2017613:G:T	2017613	0.115865	4002.06
10:2017797:T:G	2017797	0.504528	3865.07
10:2018043:G:GT	2018043	0.379606	3712.55
10:2018071:A:G	2018071	0.0501249	3822.27
10:2018253:A:G	2018253	0.0629294	3812.94
10:2018841:C:T	2018841	0.50203	3280.76
10:2019181:AT:A	2019181	0.0733916	3041.05
10:2019252:AAAGGAAGGA:A	2019252	0.157402	2999.4
10:2019262:AGG:A	2019262	0.0847908	4626.9
10:2019265:AAGGAAGGAA:A	2019265	0.0787008	4685.03
10:2019495:C:A	2019495	0.380075	4721.33
10:2019618:A:G	2019618	0.377889	4605.43
10:2019767:G:A	2019767	0.502498	4499.82
10:2019987:G:A	2019987	0.37742	4328.65
10:2020203:T:G	2020203	0.504372	4387.92
10:2020866:G:A	2020866	0.700187	3937.79
10:2021507:C:T	2021507	0.493754	4203.08
10:2021593:G:A	2021593	0.0847908	4172.35
10:2021612:T:C	2021612	0.379138	4278.63
10:2022009:G:A	2022009	0.494222	4100.03
10:2022040:T:C	2022040	0.503435	4070.2
10:2022076:G:A	2022076	0.503435	4038.69
10:2022105:C:T	2022105	0.494535	4025.75
10:2022900:C:T	2022900	0.0847908	3450.48
10:2022931:T:A	2022931	0.378826	3469.34
10:2022996:T:A	2022996	0.490162	3559.62
10:2023504:A:G	2023504	0.0990006	3164.74
10:2023506:C:G	2023506	0.499688	3549.88
10:2023898:G:A	2023898	0.37055	3345.56
10:2024044:T:C	2024044	0.635384	3851.91
10:2024173:G:A	2024173	0.635228	3727.86
10:2024378:T:A	2024378	0.634291	3527.86
10:2024684:G:A	2024684	0.636165	3231.41
10:2024855:G:A	2024855	0.699719	3071.49
10:2024866:A:G	2024866	0.635384	3117.71
10:2024871:A:T	2024871	0.635384	3112.71
10:2025042:G:T	2025042	0.684416	2955.65
10:2025055:T:C	2025055	0.63679	2960.38
10:2025197:G:A	2025197	0.636009	2840.98
10:2025242:G:A	2025242	0.683948	2834.29
10:2025329:A:G	2025329	0.158339	2941.23
10:2025535:T:C	2025535	0.158339	2735.23
10:2025884:T:C	2025884	0.636009	2505.73
10:2025980:A:G	2025980	0.635696	2413.94
10:2025992:C:T	2025992	0.373985	2441.9
10:2026180:A:G	2026180	0.635853	2356.85
10:2026266:A:C	2026266	0.635853	2270.85
10:2026342:C:T	2026342	0.635853	2194.85
10:2026358:C:A	2026358	0.375234	2209.68
10:2026502:C:CTT	2026502	0.587914	2200.25
10:2026657:G:T	2026657	0.635853	2101.85
10:2026742:T:G	2026742	0.635853	2016.85
10:2026787:G:A	2026787	0.260462	1996.74
10:2026827:C:T	2026827	0.231418	2052.82
10:2026864:A:C	2026864	0.700187	2627.09
10:2026959:GA:G	2026959	0.620081	2665.19
10:2026961:A:G	2026961	0.616177	2684.18
10:2027144:G:A	2027144	0.635853	2647.38
10:2027212:T:C	2027212	0.158182	2668.69
10:2027814:T:C	2027814	0.636009	2300.83
10:2027827:C:A	2027827	0.629294	2289.28
10:2027838:G:A	2027838	0.636321	2285.58
10:2027850:C:A	2027850	0.635853	2276.41
10:2028167:A:C	2028167	0.635853	1959.41
10:2028168:T:C	2028168	0.7005	1986.02
10:2028458:G:A	2028458	0.374141	1846.65
10:2028539:T:C	2028539	0.635072	1980.42
10:2028587:T:C	2028587	0.635072	1932.42
10:2028730:T:A	2028730	0.628513	1800.28
10:2028935:TCACACACC:T	2028935	0.626796	1595.98
10:2029105:A:AT	2029105	0.369457	1489.03
10:2029115:AT:A	2029115	0.0758901	1755.55
10:2029116:T:A	2029116	0.333229	1972.43
10:2029122:T:A	2029122	0.138195	2771.78
10:2029342:T:C	2029342	0.628513	3794.66
10:2029401:T:C	2029401	0.373204	3751.46
10:2029408:T:C	2029408	0.158339	3902.81
10:2029446:A:G	2029446	0.628513	4176.26
10:2029650:C:T	2029650	0.627108	3972.83
10:2029856:C:T	2029856	0.628513	3770.74
10:2029857:C:T	2029857	0.628513	3769.74
10:2030302:T:C	2030302	0.628513	3324.74
10:2030443:T:A	2030443	0.628513	3183.74
10:2030447:A:G	2030447	0.628513	3179.74
10:2030469:A:C	2030469	0.223766	3215.74
10:2030513:G:A	2030513	0.0541849	3205.12
10:2030567:T:C	2030567	0.255465	3163.23
10:2030671:G:T	2030671	0.627264	3357.07
10:2030674:G:C	2030674	0.681449	3355.98
10:2030708:G:A	2030708	0.0541849	3326.32
10:2030753:G:A	2030753	0.627264	3380.95
10:2030884:A:G	2030884	0.62664	3250.11
10:2031004:A:T	2031004	0.627264	3136.47
10:2031169:C:G	2031169	0.62945	2972.59
10:2031286:G:T	2031286	0.62945	2855.59
10:2031401:T:C	2031401	0.627264	2750.43
10:2031517:C:T	2031517	0.371955	2661.43
10:2031543:G:A	2031543	0.627264	2877.93
10:2031652:G:A	2031652	0.0591818	2775.95
10:2031669:G:T	2031669	0.627264	3043.28
10:2031733:G:A	2031733	0.627577	2979.3
10:2031746:T:A	2031746	0.627264	2968.92
10:2031797:C:T	2031797	0.627264	2917.92
10:2031828:A:G	2031828	0.681449	2889.89
10:2031855:G:C	2031855	0.627264	2993.96
10:2031885:T:C	2031885	0.627264	2963.96
10:2031891:C:T	2031891	0.627264	2957.96
10:2032005:G:A	2032005	0.627264	2843.96
10:2032136:CAA:C	2032136	0.624297	2713.53
10:2032197:T:C	2032197	0.627264	2670.58
10:2032215:G:A	2032215	0.140849	2659.91
10:2032231:C:T	2032231	0.158182	3852.14
10:2032244:T:C	2032244	0.627264	3924.77
10:2032264:A:G	2032264	0.627264	3904.77
10:2032420:A:G	2032420	0.372111	3784.72
10:2032430:A:T	2032430	0.22361	3829.1
10:2032607:G:A	2032607	0.62742	3830.53
10:2032788:T:C	2032788	0.627264	3651.23
10:2032993:C:A	2032993	0.252186	3502.43
10:2033086:GT:G	2033086	0.627264	4406.33
10:2033440:T:C	2033440	0.627264	4052.33
10:2034015:T:A	2034015	0.0529357	3508.38
10:2034059:C:T	2034059	0.62742	3561.42
10:2034145:G:C	2034145	0.627264	3475.78
10:2034446:T:C	2034446	0.627889	3175.24
10:2034465:G:A	2034465	0.625703	3158.48
10:2034801:A:G	2034801	0.627264	2827.71
10:2034940:A:G	2034940	0.627264	2688.71
10:2035057:G:A	2035057	0.681137	2578.75
10:2035078:G:A	2035078	0.62742	2616.39
10:2035228:A:C	2035228	0.20534	2693.64
10:2035618:C:T	2035618	0.20534	2305.67
10:2035931:T:C	2035931	0.683167	2150.48
10:2035938:T:C	2035938	0.628826	2144.09
10:2035941:A:ATTTC	2035941	0.678014	2151.76
10:2035951:C:T	2035951	0.682854	2147.21
10:2036152:C:A	2036152	0.646159	2048.45
10:2036402:G:A	2036402	0.237352	1882.36
10:2036511:A:G	2036511	0.105403	1803.73
10:2036515:C:A	2036515	0.647564	1994.28
10:2036577:G:A	2036577	0.433323	2037.19
10:2037094:A:T	2037094	0.204247	1649.2
10:2037207:G:C	2037207	0.696908	1567.85
10:2037214:A:AATG	2037214	0.430824	1629.8
10:2037230:C:A	2037230	0.43223	1614.27
10:2037544:C:T	2037544	0.695034	1424.16
10:2037605:T:G	2037605	0.697533	1365.42
10:2037733:T:C	2037733	0.214397	1369.97
10:2037741:A:AAAAAACGTG	2037741	0.644753	1364.16
10:2037743:T:A	2037743	0.645378	1363.87
10:2037744:C:T	2037744	0.214397	1432.91
10:2037777:AATT:A	2037777	0.214241	1400.56
10:2037799:G:A	2037799	0.204247	1385.1
10:2038010:A:C	2038010	0.316209	1263.47
10:2038015:A:G	2038015	0.431449	1397.68
10:2038077:G:T	2038077	0.431449	1335.68
10:2038275:T:A	2038275	0.645846	1351.92
10:2038316:G:A	2038316	0.0585572	1354.7
10:2038535:G:A	2038535	0.0602748	1136.91
10:2038851:A:G	2038851	0.64569	879.229
10:2038858:C:T	2038858	0.431449	1061.19
10:2039032:G:T	2039032	0.431449	887.188
10:2039183:G:A	2039183	0.431449	736.188
10:2039269:A:C	2039269	0.431918	650.385
10:2039357:G:A	2039357	0.0608994	621.257
10:2039418:T:C	2039418	0.301843	592.84
10:2039558:A:C	2039558	0.317146	513.042
10:2039577:A:G	2039577	0.21471	602.624
10:2039730:C:T	2039730	0.21268	452.073
10:2039731:A:G	2039731	0.699875	487.752
10:2039839:G:A	2039839	0.661305	480.413
10:2039849:G:A	2039849	0.449407	524.856
10:2040113:C:T	2040113	0.483604	553.636
10:2040163:G:A	2040163	0.379763	742.438
10:2040208:A:AG	2040208	0.704872	1230.46
10:2040243:G:A	2040243	0.272017	1970.88
10:2040575:C:T	2040575	0.440194	2274.22
10:2040780:G:A	2040780	0.479076	2263.8
10:2040873:C:T	2040873	0.489694	2199.72
10:2041215:A:T	2041215	0.656152	2093.38
10:2041248:A:G	2041248	0.654591	2064.38
10:2041345:G:A	2041345	0.0882261	2224.25
10:2041488:A:G	2041488	0.554497	2174.62
10:2041490:G:C	2041490	0.554497	2172.62
10:2041511:A:G	2041511	0.639288	2184.79
10:2041530:TAC:T	2041530	0.191755	2502.76
10:2041535:G:A	2041535	0.189725	2499.02
10:2041815:T:C	2041815	0.522017	2735.9
10:2041941:A:G	2041941	0.562461	2655.11
10:2042038:C:CT	2042038	0.325422	2723.13
10:2042487:CT:C	2042487	0.0865084	3166.03
10:2042503:G:A	2042503	0.566989	3369.23
10:2042532:C:T	2042532	0.0594941	3383.9
10:2042581:A:C	2042581	0.486259	3432.55
10:2042912:T:C	2042912	0.521081	3118.03
10:2043021:G:GTT	2043021	0.0680824	3016.49
10:2043029:C:T	2043029	0.5203	3064.44
10:2043042:T:C	2043042	0.520924	3052.48
10:2043168:A:T	2043168	0.521081	2926.71
10:2043213:C:T	2043213	0.524984	2882.27
10:2043246:G:A	2043246	0.103685	2865.31
10:2043284:G:A	2043284	0.521081	3100.16
10:2043477:C:T	2043477	0.431293	2937.84
10:2043556:A:C	2043556	0.580418	2936.02
10:2043631:C:T	2043631	0.0588695	3023.99
10:2043684:G:A	2043684	0.421768	3244.81
10:2043708:T:C	2043708	0.501405	3640.46
10:2043876:G:A	2043876	0.519675	3771.73
10:2044178:G:GATAA	2044178	0.519675	3469.73
10:2044307:T:C	2044307	0.519675	3340.73
10:2044570:C:A	2044570	0.518738	3078.07
10:2044668:T:C	2044668	0.520144	2986.5
10:2044729:A:G	2044729	0.722517	3126.73
10:2045052:A:G	2045052	0.0872892	2848.63
10:2045284:G:C	2045284	0.722829	2891.09
10:2045458:G:C	2045458	0.519988	3481.8
10:2045765:A:G	2045765	0.519831	3176.22
10:2046199:C:T	2046199	0.519831	2742.22
10:2046333:G:A	2046333	0.603685	2623.82
10:2046402:T:C	2046402	0.519831	2688.45
10:2046710:T:G	2046710	0.536696	2401.2
10:2046932:T:C	2046932	0.5901	2220.12
10:2047042:G:A	2047042	0.5901	2110.12
10:2047205:TA:T	2047205	0.161774	2151.19
10:2047206:A:T	2047206	0.357901	2154.07
10:2047230:T:C	2047230	0.519675	2648.35
10:2047363:A:AC	2047363	0.524672	2518.16
10:2047589:T:A	2047589	0.5203	2295.44
10:2047632:G:T	2047632	0.5203	2252.44
10:2047647:C:A	2047647	0.5203	2237.44
10:2047788:A:G	2047788	0.524984	2097.96
10:2047974:C:A	2047974	0.520144	1919.45
10:2047983:G:A	2047983	0.520144	1910.45
10:2048002:CAA:C	2048002	0.520144	1891.99
10:2048178:T:A	2048178	0.5203	1716.31
10:2048357:C:T	2048357	0.179575	1619.98
10:2048738:C:A	2048738	0.519988	1677.33
10:2048804:C:T	2048804	0.5203	1612.86
10:2048896:A:G	2048896	0.519519	1534.53
10:2049025:C:T	2049025	0.0810431	1429.49
10:2049129:T:C	2049129	0.520456	1337.64
10:2049179:A:G	2049179	0.0829169	1295.43
10:2049199:C:A	2049199	0.48782	1468.84
10:2049253:A:G	2049253	0.590881	1508.02
10:2049291:C:T	2049291	0.156465	1528.8
10:2049412:C:T	2049412	0.522486	1926.37
10:2049450:A:G	2049450	0.520456	1898.3
10:2049513:C:T	2049513	0.514366	1837.51
10:2049562:G:A	2049562	0.519831	1796.34
10:2049879:C:T	2049879	0.520456	1502.06
10:2050256:C:CA	2050256	0.533729	1155.96
10:2050282:G:A	2050282	0.537477	1137.52
10:2050293:G:C	2050293	0.537477	1126.52
10:2050300:A:G	2050300	0.537477	1119.52
10:2050582:C:G	2050582	0.0882261	862.805
10:2050608:T:C	2050608	0.542161	870.693
10:2050633:T:G	2050633	0.180044	859.136
10:2050694:G:A	2050694	0.537477	984.06
10:2050726:C:A	2050726	0.537477	952.06
10:2050750:T:C	2050750	0.537477	928.06
10:2050769:A:G	2050769	0.590725	912.397
10:2050802:A:G	2050802	0.542161	913.225
10:2050916:T:C	2050916	0.44925	854.079
10:2050956:T:C	2050956	0.453935	815.841
10:2051014:A:G	2051014	0.453935	757.841
10:2051161:C:CTGCCTCCTA	2051161	0.399594	626.265
10:2051212:C:A	2051212	0.602748	585.486
10:2051224:T:A	2051224	0.39975	672.044
10:2051297:AGTC:A	2051297	0.270768	687.495
10:2051391:G:C	2051391	0.422548	692.626
10:2051798:A:C	2051798	0.180668	501.474
10:2051803:C:T	2051803	0.109931	697.69
10:2051981:G:T	2051981	0.196908	595.541
10:2052041:C:T	2052041	0.205965	538.537
10:2052237:A:G	2052237	0.377108	1330.27
10:2052390:G:A	2052390	0.0673017	1871.34
10:2052394:G:A	2052394	0.0671455	1867.49
10:2052441:G:A	2052441	0.255309	1866.97
10:2052645:G:A	2052645	0.207683	2085.97
10:2052922:G:A	2052922	0.507183	2423.21
10:2052962:C:A	2052962	0.0515303	2721.58
10:2053022:C:A	2053022	0.501874	2688.05
10:2053122:T:C	2053122	0.189413	3227.52
10:2053123:A:G	2053123	0.0662086	3341.83
10:2053143:G:T	2053143	0.220331	3500.58
10:2053236:A:G	2053236	0.238445	3562.49
10:2053272:T:C	2053272	0.238445	3526.49
10:2053386:A:C	2053386	0.238132	3413.19
10:2053399:T:A	2053399	0.238132	3400.19
10:2053508:T:C	2053508	0.238601	3291.65
10:2053532:A:G	2053532	0.238601	3267.65
10:2053643:G:C	2053643	0.238445	3157.29
10:2053854:T:C	2053854	0.249532	2972.81
10:2053860:C:T	2053860	0.0605871	2978.56
10:2054050:C:A	2054050	0.249063	2966.31
10:2054136:C:T	2054136	0.0544972	2888.35
10:2054205:G:A	2054205	0.249375	2831.9
10:2054316:A:G	2054316	0.507808	2750.93
10:2054352:C:T	2054352	0.249219	2845.36
10:2054472:A:C	2054472	0.0576202	2746.22
10:2054710:G:A	2054710	0.249063	2531.64
10:2054838:T:A	2054838	0.507808	2459.99
10:2054906:C:T	2054906	0.0544972	2534.36
10:2054980:T:C	2054980	0.249063	2593.06
10:2054999:C:T	2054999	0.249063	2574.06
10:2055077:G:A	2055077	0.209557	2621.69
10:2055384:A:AT	2055384	0.191599	2324.43
10:2055490:C:G	2055490	0.718457	2327.65
10:2055516:T:C	2055516	0.209713	2497.43
10:2055529:C:T	2055529	0.356808	2491.01
10:2055559:T:G	2055559	0.209557	2483.19
10:2055589:G:C	2055589	0.209244	2453.21
10:2055593:C:A	2055593	0.2094	2450.29
10:2055629:T:C	2055629	0.2094	2415.38
10:2055632:T:C	2055632	0.359307	2423.95
10:2055719:G:GAA	2055719	0.20331	2465.72
10:2055732:G:GAA	2055732	0.209244	2473.61
10:2055861:T:G	2055861	0.209557	2346.53
10:2056150:A:T	2056150	0.333698	2107.56
10:2056163:A:G	2056163	0.209557	2197.08
10:2056173:TTG:T	2056173	0.209244	2187.13
10:2056228:A:T	2056228	0.132417	2145.53
10:2056272:A:C	2056272	0.209557	2174.06
10:2056483:T:C	2056483	0.209557	1963.06
10:2056487:G:A	2056487	0.356808	2006.9
10:2056553:ATG:A	2056553	0.333542	1968.99
10:2056616:T:C	2056616	0.359463	2001.44
10:2056625:T:A	2056625	0.0652717	2011.05
10:2056821:C:A	2056821	0.35837	1967.44
10:2056846:G:A	2056846	0.209557	2341.39
10:2056897:G:A	2056897	0.333542	2305.97
10:2056940:T:C	2056940	0.209557	2514.94
10:2057033:T:C	2057033	0.209557	2421.94
10:2057105:T:G	2057105	0.2094	2349.97
10:2057220:A:G	2057220	0.209557	2235.44
10:2057239:T:A	2057239	0.209557	2216.44
10:2057291:C:T	2057291	0.209557	2164.44
10:2057353:T:C	2057353	0.209557	2102.44
10:2057400:T:C	2057400	0.209557	2055.44
10:2057476:C:T	2057476	0.0565272	1992.99
10:2057654:T:A	2057654	0.209557	1832.66
10:2057724:C:T	2057724	0.334166	1830.04
10:2057760:A:G	2057760	0.0566833	1802.4
10:2057874:G:A	2057874	0.33401	1864.19
10:2057934:T:C	2057934	0.209557	2326.91
10:2058180:C:T	2058180	0.054341	2093.81
10:2058185:G:A	2058185	0.209557	2188.99
10:2058494:G:A	2058494	0.209557	1879.99
10:2058563:C:A	2058563	0.209557	1810.99
10:2058942:G:A	2058942	0.108994	1470.26
10:2058986:GA:G	2058986	0.209557	1619.37
10:2059017:T:A	2059017	0.55075	1619.72
10:2059060:T:C	2059060	0.067614	2077.59
10:2059143:C:G	2059143	0.209557	2081.08
10:2059154:G:A	2059154	0.209557	2070.08
10:2059352:C:CAG	2059352	0.0554341	1900.97
10:2059367:T:C	2059367	0.360556	1967.44
10:2059500:G:T	2059500	0.210025	1895.42
10:2059633:C:G	2059633	0.2094	1764.45
10:2059669:C:T	2059669	0.152873	1736.08
10:2059688:T:A	2059688	0.209557	2318.45
10:2059721:A:G	2059721	0.2094	2285.47
10:2059773:C:G	2059773	0.209557	2234.18
10:2059888:T:G	2059888	0.209557	2119.18
10:2059893:G:A	2059893	0.209557	2114.18
10:2060064:G:A	2060064	0.209713	1943.28
10:2060239:T:C	2060239	0.146002	1817.83
10:2060443:A:G	2060443	0.2094	2002.14
10:2060472:A:G	2060472	0.0651156	1996.75
10:2060783:A:G	2060783	0.209244	1972.77
10:2061288:C:T	2061288	0.209244	1469.07
10:2061808:C:A	2061808	0.100406	1026.94
10:2062005:T:C	2062005	0.234229	922.96
10:2062173:C:G	2062173	0.234229	754.96
10:2062221:G:A	2062221	0.634291	773.686
10:2062278:G:A	2062278	0.209557	1266.22
10:2062745:CA:C	2062745	0.343223	1317.36
10:2063411:A:G	2063411	0.0790131	1023.98
10:2063433:G:A	2063433	0.876796	1175.62
10:2064013:C:T	2064013	0.0587133	776.625
10:2064224:C:A	2064224	0.181761	588.115
10:2064276:A:G	2064276	0.161149	566.663
10:2064357:G:C	2064357	0.454872	615.792
10:2064425:C:A	2064425	0.27233	605.506
10:2064474:C:T	2064474	0.123048	919.398
10:2064475:C:T	2064475	0.123048	918.398
10:2064644:A:G	2064644	0.355403	1075.74
10:2065618:A:G	2065618	0.440194	1394.5
10:2065841:C:T	2065841	0.0529357	3215.15
10:2065896:C:A	2065896	0.896939	3320.87
10:2065916:A:G	2065916	0.0594941	3319.29
10:2065952:A:ATAGCTGC	2065952	0.903966	3368.78
10:2065988:A:C	2065988	0.299032	3379.86
10:2066385:A:G	2066385	0.903498	3378.7
10:2066419:C:A	2066419	0.888663	3359.91
10:2066420:C:A	2066420	0.880231	3374.43
10:2066566:C:T	2066566	0.0665209	3341.33
10:2066637:C:T	2066637	0.0651156	3301.32
10:2066829:T:TAAAAA	2066829	0.231262	3130.31
10:2066840:AG:A	2066840	0.336352	3244.22
10:2066841:G:A	2066841	0.319644	3477.12
10:2066843:AAG:A	2066843	0.100094	4743.28
10:2066844:AG:A	2066844	0.0724547	5120.74
10:2067431:A:C	2067431	0.902249	4734.84
10:2067742:TTTTATTTA:T	2067742	0.339319	4510.57
10:2067975:A:G	2067975	0.909275	5266.36
10:2068216:T:C	2068216	0.065584	5091.39
10:2068438:T:A	2068438	0.0671455	5781.14
10:2068488:G:C	2068488	0.0651156	5950.47
10:2068761:A:G	2068761	0.909744	5698.66
10:2068836:G:A	2068836	0.0651156	5672
10:2069153:AT:A	2069153	0.0651156	5355
10:2069238:T:C	2069238	0.909744	5386.41
10:2069980:C:T	2069980	0.146471	4908.24
10:2070279:A:T	2070279	0.0626171	4698.03
10:2070499:G:C	2070499	0.0763585	4497.81
10:2070603:G:T	2070603	0.0644909	4658.82
10:2070980:T:A	2070980	0.147408	4391.6
10:2070997:A:G	2070997	0.147564	4374.92
10:2071235:G:A	2071235	0.140225	5058.86
10:2071391:A:G	2071391	0.898345	5709.98
10:2071504:T:A	2071504	0.894441	5621.03
10:2071761:A:G	2071761	0.0671455	5465.63
10:2072220:A:T	2072220	0.887102	5216.09
10:2072289:C:G	2072289	0.662242	5292.04
10:2072856:A:C	2072856	0.888507	6932.59
10:2073309:T:C	2073309	0.874453	6514.22
10:2073472:T:C	2073472	0.874141	6351.87
10:2073591:T:C	2073591	0.0607433	6261.03
10:2073930:A:G	2073930	0.873985	5999.64
10:2074102:AC:A	2074102	0.854154	5838.73
10:2074372:GT:G	2074372	0.225484	5718.08
10:2074525:C:A	2074525	0.875078	6661.95
10:2074590:G:A	2074590	0.0596502	6711.42
10:2074681:GT:G	2074681	0.624297	6700.55
10:2075343:T:C	2075343	0.890693	6368.3
10:2075420:C:T	2075420	0.0605871	6489.92
10:2075695:T:C	2075695	0.888351	6425.43
10:2075943:A:G	2075943	0.874453	6188.27
10:2076440:GA:G	2076440	0.887883	5714.46
10:2076996:C:G	2076996	0.627108	5240.3
10:2077148:C:G	2077148	0.874297	5138.49
10:2077217:G:T	2077217	0.180668	5273.27
10:2077332:C:T	2077332	0.519207	5480.28
10:2078213:G:A	2078213	0.238445	5538.13
10:2078825:T:C	2078825	0.238601	4926.73
10:2078859:G:T	2078859	0.873673	5465.89
10:2079322:T:C	2079322	0.898345	5179.98
10:2081720:C:T	2081720	0.151468	3213.03
10:2081869:A:G	2081869	0.0610556	3405.93
10:2082032:G:GT	2082032	0.517333	3306.49
10:2082033:G:GT	2082033	0.492036	3357.78
10:2082968:A:T	2082968	0.0601187	3555.72
10:2083017:C:T	2083017	0.230325	3518.52
10:2083168:C:T	2083168	0.0613679	5108.09
10:2083285:T:C	2083285	0.896783	5054.59
10:2083359:T:C	2083359	0.184572	5048.86
10:2083381:T:G	2083381	0.0699563	5460.44
10:2083822:T:C	2083822	0.881636	5101.66
10:2083872:C:T	2083872	0.733916	5085.75
10:2084130:A:G	2084130	0.881793	5254.55
10:2084632:C:A	2084632	0.873517	4771.47
10:2084988:G:T	2084988	0.0612117	4905.73
10:2085722:AAC:A	2085721	0.0652717	4176.32
10:2085740:GAC:G	2085739	0.166615	4195.26
10:2086161:C:T	2086161	0.0685509	3828.14
10:2086488:C:CA	2086488	0.171924	3584.68
10:2086757:A:C	2086757	0.517021	3543.3
10:2086872:G:T	2086872	0.0593379	4173.76
10:2087531:G:A	2087531	0.152249	3562.43
10:2087726:A:G	2087726	0.0593379	3743.86
10:2087821:G:A	2087821	0.0560587	3766.26
10:2088170:G:A	2088170	0.0560587	3417.26
10:2089169:T:A	2089169	0.137102	2488.39
10:2089245:A:G	2089245	0.060431	2517.71
10:2089718:G:T	2089718	0.897876	2291.14
10:2089762:A:G	2089762	0.873204	2266.59
10:2089895:A:C	2089895	0.0685509	2465
10:2090173:G:T	2090173	0.184884	2274.85
10:2091254:G:A	2091254	0.0685509	1848.41
10:2091336:A:G	2091336	0.89772	1803.14
10:2091384:C:CA	2091384	0.402405	2009.08
10:2091817:T:C	2091817	0.0821362	2244.58
10:2091883:A:G	2091883	0.0682386	2198.85
10:2092165:T:A	2092165	0.0523111	1975.97
10:2092412:G:A	2092412	0.161774	1923.38
10:2092465:C:A	2092465	0.0654279	1994.32
10:2092466:T:C	2092466	0.0654279	1993.32
10:2092575:A:G	2092575	0.0737039	1895.96
10:2092701:C:CA	2092701	0.110087	1829.81
10:2092932:T:C	2092932	0.210025	1786.04
10:2092993:G:T	2092993	0.880231	1918.5
10:2093014:C:T	2093014	0.914428	2079.53
10:2093167:G:A	2093167	0.133042	2366.64
10:2093452:A:G	2093452	0.129606	2400.22
10:2093456:GT:G	2093456	0.0874453	2406.54
10:2093498:G:GAA	2093497	0.0616802	2515.16
10:2093616:G:T	2093616	0.10837	2437.64
10:2093730:A:G	2093730	0.121955	2339.16
10:2093869:G:T	2093869	0.420206	2926.13
10:2096305:C:T	2096305	0.112742	1354.23
10:2096724:T:C	2096724	0.0741724	1096.51
10:2097182:GGATA:G	2097182	0.0735478	720.801
10:2097215:G:A	2097215	0.155215	886.019
10:2097219:GATAGATAGA:G	2097219	0.157245	884.127
10:2097223:G:A	2097223	0.237352	1476.13
10:2097227:G:A	2097227	0.270144	2324.32
10:2097231:A:G	2097231	0.279669	2374.41
10:2097762:G:GTAGA	2097762	0.21549	3842.01
10:2097791:T:C	2097791	0.0821362	6375.1
10:2098599:A:T	2098599	0.233136	5818.41
10:2098614:C:T	2098614	0.0813554	6149.32
10:2100599:C:T	2100599	0.074797	4638.24
10:2101114:T:C	2101114	0.232511	4328.75
10:2101405:CA:C	2101405	0.182854	4304.5
10:2102168:C:T	2102168	0.12055	3849.99
10:2102254:C:G	2102254	0.91396	4187.12
10:2102694:A:T	2102694	0.0749532	3895.82
10:2103028:TA:T	2103028	0.437383	3783.39
10:2103915:G:C	2103915	0.87055	3024.09
10:2104065:C:T	2104065	0.438788	3018.07
10:2104423:A:T	2104423	0.914272	2933.13
10:2104616:G:GCA	2104616	0.0972829	2933.41
10:2104949:AG:A	2104949	0.11649	2796.74
10:2104978:G:T	2104978	0.0836977	2966.6
10:2105024:G:A	2105024	0.0843223	2921.35
10:2105309:A:G	2105309	0.0815116	2713.57
10:2105543:C:T	2105543	0.104934	2494.41
10:2105627:G:A	2105627	0.0807308	2439.93
10:2105669:C:T	2105669	0.150375	2459.01
10:2105676:G:A	2105676	0.446908	2481.22
10:2105883:A:G	2105883	0.608526	2351.44
10:2105912:C:G	2105912	0.0619925	2372.29
10:2105946:T:C	2105946	0.519207	2365
10:2106060:T:G	2106060	0.101499	2318.12
10:2106136:G:A	2106136	0.853841	2889.35
10:2106186:G:T	2106186	0.0810431	2919.77
10:2106208:G:A	2106208	0.791693	2928.52
10:2106238:G:A	2106238	0.534822	3095.56
10:2106456:A:G	2106456	0.446752	3004.47
10:2106538:C:T	2106538	0.104622	3290.47
10:2106769:G:T	2106769	0.914428	3237.75
10:2107066:A:G	2107066	0.755621	3250.97
10:2107322:A:T	2107322	0.755309	2995.74
10:2107685:G:A	2107685	0.194097	2704.64
10:2107767:G:A	2107767	0.755309	3925.34
10:2107793:G:A	2107793	0.104622	4074.92
10:2108060:C:T	2108060	0.111961	3875.87
10:2108099:G:A	2108099	0.0815116	3853.3
10:2108254:A:G	2108254	0.11446	3750.25
10:2108531:G:T	2108531	0.215646	3510.67
10:2108662:C:G	2108662	0.111961	4024.83
10:2108864:A:G	2108864	0.754216	3907.23
10:2109005:T:C	2109005	0.755153	3772.2
10:2109134:G:A	2109134	0.798095	3657.92
10:2109160:C:T	2109160	0.666146	3957.44
10:2109180:G:T	2109180	0.55075	4096.71
10:2110314:C:A	2110314	0.755153	3633.92
10:2110342:G:A	2110342	0.755153	3605.92
10:2111090:GT:G	2111090	0.755153	2857.92
10:2111585:T:A	2111585	0.755778	2363.68
10:2111777:C:A	2111777	0.0836977	2222.53
10:2111947:T:C	2111947	0.114304	2092.87
10:2112018:T:C	2112018	0.755153	2143.96
10:2112257:C:T	2112257	0.665522	1934.02
10:2112374:C:T	2112374	0.755153	2277.63
10:2112598:G:T	2112598	0.755153	2053.63
10:2112668:A:G	2112668	0.114928	1996.82
10:2112723:G:A	2112723	0.757964	3263.13
10:2112858:T:C	2112858	0.755153	3129.98
10:2112979:C:T	2112979	0.804809	3041.23
10:2113000:T:A	2113000	0.0619925	3108.68
10:2113023:A:G	2113023	0.0813554	3203.11
10:2113309:C:G	2113309	0.751874	4095.29
10:2114394:G:A	2114394	0.618832	4166.34
10:2114796:T:C	2114796	0.115553	4327.74
10:2114965:T:G	2114965	0.855715	5837.51
10:2115256:C:T	2115256	0.102748	5692.83
10:2115389:G:A	2115389	0.431761	5731.85
10:2115729:G:A	2115729	0.66599	5699.14
10:2115909:A:G	2115909	0.66599	5519.14
10:2116204:T:C	2116204	0.6599	5232.62
10:2116330:C:T	2116330	0.879919	5249.28
10:2116373:C:A	2116373	0.424266	5574.58
10:2116378:T:C	2116378	0.0744847	5603.82
10:2116864:C:T	2116864	0.423798	5316.69
10:2117113:G:C	2117113	0.665834	5252.54
10:2117307:C:G	2117307	0.172861	5181.3
10:2117509:G:A	2117509	0.623985	5078.38
10:2117773:C:T	2117773	0.0673017	4990.11
10:2117876:C:A	2117876	0.466427	5654.38
10:2117881:G:C	2117881	0.173485	5717.8
10:2117951:A:C	2117951	0.851187	5854.76
10:2118195:C:G	2118195	0.666615	5841.93
10:2118325:C:T	2118325	0.658651	5731.17
10:2118355:A:G	2118355	0.669425	5703.39
10:2118533:T:C	2118533	0.658651	5533.14
10:2118637:A:G	2118637	0.658182	5429.24
10:2118751:G:A	2118751	0.465178	5356.59
10:2118872:G:A	2118872	0.669269	5431.88
10:2118944:G:C	2118944	0.0651156	5368.03
10:2118988:T:C	2118988	0.658651	5392.76
10:2119054:T:C	2119054	0.669269	5331.62
10:2119147:C:A	2119147	0.170362	5292.88
10:2119416:T:C	2119416	0.658339	5367.59
10:2119417:G:A	2119417	0.658339	5366.59
10:2119640:G:A	2119640	0.146471	5178.61
10:2119696:A:G	2119696	0.658495	5146.97
10:2119785:C:G	2119785	0.466896	5074.74
10:2119804:C:G	2119804	0.65787	5137.2
10:2119811:C:T	2119811	0.65787	5130.2
10:2119814:C:T	2119814	0.65787	5127.2
10:2119819:T:TA	2119819	0.65787	5122.2
10:2119923:C:T	2119923	0.658495	5027.64
10:2119942:G:A	2119942	0.172861	5013.08
10:2119954:T:C	2119954	0.658495	5193.1
10:2119958:A:AT	2119958	0.658495	5189.1
10:2119994:T:C	2119994	0.658495	5153.1
10:2120154:A:G	2120154	0.660525	4993.5
10:2120191:G:T	2120191	0.658963	4959.6
10:2120366:T:C	2120366	0.658963	4784.6
10:2120451:C:T	2120451	0.146315	4743.75
10:2120622:A:G	2120622	0.679575	4901.2
10:2120678:A:G	2120678	0.661305	4856.79
10:2120925:G:A	2120925	0.169269	4673.13
10:2120929:G:A	2120929	0.0944722	4773.54
10:2120993:G:A	2120993	0.668801	4905.85
10:2121047:A:AT	2121047	0.669738	4857.28
10:2121374:A:G	2121374	0.662711	4565.19
10:2121487:T:TAATA	2121487	0.0804185	4529.73
10:2121999:A:T	2121999	0.668645	4512.92
10:2122055:C:G	2122055	0.906933	4531.92
10:2122194:C:T	2122194	0.424735	4655.49
10:2122265:T:A	2122265	0.17005	5049.74
10:2122539:C:T	2122539	0.173173	5444.78
10:2122556:C:T	2122556	0.106184	5487.57
10:2122824:T:C	2122824	0.146783	5617.01
10:2123159:T:C	2123159	0.144597	5285.01
10:2123248:A:G	2123248	0.468457	5440.83
10:2123477:T:A	2123477	0.658182	5288.66
10:2123580:C:T	2123580	0.268894	5355.51
10:2123686:C:T	2123686	0.680824	6077.66
10:2125013:G:T	2125013	0.651936	4864.45
10:2125055:TATATC:T	2125055	0.126327	4892.55
10:2125533:A:G	2125533	0.64366	6228.03
10:2125584:G:A	2125584	0.477826	6217.72
10:2125801:A:G	2125801	0.644129	6451.5
10:2125927:C:T	2125927	0.642099	6331.52
10:2126206:G:T	2126206	0.0935353	6289.81
10:2126831:T:C	2126831	0.0943161	5667.78
10:2127090:A:G	2127090	0.681605	5777.31
10:2127519:C:A	2127519	0.173173	5697.94
10:2128441:C:G	2128441	0.651468	4980.87
10:2128771:GAA:G	2128771	0.175515	4741.35
10:2129035:A:G	2129035	0.642099	4961.53
10:2129294:G:A	2129294	0.651156	4727.45
10:2129408:A:G	2129408	0.848064	5007.15
10:2130687:G:A	2130687	0.413804	4387.75
10:2130745:G:A	2130745	0.0640225	4754.21
10:2130962:C:T	2130962	0.186914	4932.89
10:2131099:T:TA	2131099	0.186602	4797.31
10:2131691:C:T	2131691	0.21674	4245.95
10:2132440:CCGGGGT:C	2132440	0.460806	3774.38
10:2132558:TCAA:T	2132558	0.190194	3847.76
10:2132559:CAAA:C	2132559	0.443004	4275.31
10:2132997:C:T	2132997	0.453935	4073.73
10:2133054:C:G	2133054	0.453935	4016.73
10:2133100:C:G	2133100	0.453935	3970.75
10:2133139:C:G	2133139	0.452686	3933.13
10:2133286:G:A	2133286	0.453935	3786.49
10:2133419:C:T	2133419	0.451437	3653.95
10:2133470:T:C	2133470	0.45456	3606.46
10:2133508:T:C	2133508	0.453935	3571.45
10:2133525:C:G	2133525	0.453935	3554.45
10:2133763:A:G	2133763	0.453935	3316.45
10:2133863:C:T	2133863	0.453935	3216.45
10:2133957:C:T	2133957	0.188476	3208.98
10:2134000:G:T	2134000	0.169113	3552.92
10:2134482:C:T	2134482	0.4505	4081.97
10:2134612:C:A	2134612	0.0627733	3972.05
10:2134750:T:C	2134750	0.454716	4693.59
10:2135333:C:T	2135333	0.450656	4144.77
10:2135638:G:A	2135638	0.453154	3870.01
10:2135668:C:T	2135668	0.642255	3870.84
10:2135839:C:G	2135839	0.189257	3749.02
10:2135936:T:C	2135936	0.412399	3914.22
10:2136092:CT:C	2136092	0.451437	4150.47
10:2136274:G:T	2136274	0.161774	4055.2
10:2136316:A:G	2136316	0.056371	5121.67
10:2136321:G:C	2136321	0.452998	5492.85
10:2136560:T:C	2136560	0.453154	5254.05
10:2136963:C:T	2136963	0.452374	4851.4
10:2137006:G:A	2137006	0.453154	4815.78
10:2137132:G:A	2137132	0.452998	4689.84
10:2137359:A:G	2137359	0.454247	4464.9
10:2137527:C:A	2137527	0.454403	4298.65
10:2137658:A:C	2137658	0.454403	4167.65
10:2137792:A:C	2137792	0.454247	4033.68
10:2137833:T:G	2137833	0.454403	3993.3
10:2138138:G:A	2138138	0.452998	3690.36
10:2138592:A:C	2138592	0.454247	3238.05
10:2139489:G:A	2139489	0.452842	2344.8
10:2139788:A:G	2139788	0.849938	2098.32
10:2139891:T:C	2139891	0.452686	2394.28
10:2139926:A:C	2139926	0.453935	2364.53
10:2140670:T:G	2140670	0.452842	1623.36
10:2140729:G:A	2140729	0.452842	1564.36
10:2140913:T:A	2140913	0.188944	1470.46
10:2141113:T:C	2141113	0.467989	1409.75
10:2141342:G:C	2141342	0.467989	1181.56
10:2141534:TA:T	2141534	0.705497	1063.29
10:2141551:G:A	2141551	0.160212	1184.42
10:2141606:A:G	2141606	0.682074	1360.79
10:2141720:C:T	2141720	0.0949407	1451.05
10:2142029:T:C	2142029	0.901936	1405.04
10:2142405:A:G	2142405	0.0666771	1186.73
10:2142485:C:G	2142485	0.467052	1909.83
10:2142694:T:C	2142694	0.450031	1720.46
10:2142959:C:T	2142959	0.485322	1879.95
10:2143006:G:T	2143006	0.753123	2812.03
10:2143209:G:A	2143209	0.0505934	2927.75
10:2143260:ATGCAGTGAA:A	2143260	0.0593379	3009.64
10:2143645:G:A	2143645	0.37055	2782.55
10:2143944:C:T	2143944	0.761243	3020.23
10:2143987:C:CA	2143987	0.103217	3280.54
10:2144120:A:G	2144120	0.839319	3318.87
10:2144272:A:G	2144272	0.872736	3654.02
10:2144654:G:A	2144654	0.0579325	3620.58
10:2144706:G:A	2144706	0.330418	3621.72
10:2144714:TG:T	2144714	0.330575	3615.39
10:2144849:T:C	2144849	0.819644	3835.88
10:2145398:T:A	2145398	0.302936	4112.88
10:2145446:T:C	2145446	0.43426	4081.66
10:2145543:T:C	2145543	0.302936	4241.34
10:2145801:T:C	2145801	0.263585	4058.06
10:2145845:C:T	2145845	0.296377	4268.52
10:2146019:A:T	2146019	0.302155	4109.43
10:2146094:G:T	2146094	0.301374	4044.21
10:2146156:A:C	2146156	0.300437	3994.17
10:2146217:G:T	2146217	0.299969	3936.46
10:2146292:C:T	2146292	0.0916615	3874.54
10:2146344:G:A	2146344	0.292005	3891.29
10:2146496:T:C	2146496	0.290131	3744.63
10:2146512:G:T	2146512	0.283573	3728.91
10:2146538:G:C	2146538	0.290131	3866.04
10:2146582:G:T	2146582	0.290131	3822.04
10:2146622:A:G	2146622	0.290287	3782.45
10:2146637:G:A	2146637	0.290287	3767.45
10:2146664:C:T	2146664	0.0569956	3760.18
10:2146806:C:T	2146806	0.299188	3640.23
10:2146854:C:G	2146854	0.304497	3604.58
10:2146870:T:C	2146870	0.444566	3599.45
10:2146943:C:A	2146943	0.304809	3877.73
10:2146961:T:C	2146961	0.304809	3859.73
10:2147065:T:C	2147065	0.127264	3849.35
10:2147097:A:T	2147097	0.104778	3855.56
10:2147136:A:G	2147136	0.130231	3817.77
10:2147143:C:T	2147143	0.105871	3867.94
10:2147311:C:T	2147311	0.195503	3799.32
10:2147391:T:C	2147391	0.126952	4758.06
10:2147777:G:A	2147777	0.236259	4644.81
10:2147832:A:C	2147832	0.881636	5123.84
10:2148656:G:T	2148656	0.250625	4424.06
10:2148679:T:C	2148679	0.829482	5379.2
10:2148745:A:C	2148745	0.829482	5313.2
10:2148813:T:C	2148813	0.871487	5333.2
10:2149033:T:C	2149033	0.12133	5279.08
10:2149589:T:C	2149589	0.292786	4832.16
10:2149788:A:T	2149788	0.880231	5320.56
10:2149835:A:G	2149835	0.120706	5606.89
10:2150370:AGACTATTTC:A	2150370	0.826983	5275.27
10:2151310:A:G	2151310	0.115084	5169.81
10:2152867:C:G	2152867	0.114616	3619.01
10:2153267:G:A	2153267	0.511243	3484.53
10:2153284:C:A	2153284	0.0893192	3528.48
10:2153653:C:A	2153653	0.0643348	3821.29
10:2153670:AT:A	2153670	0.511399	3974.46
10:2154242:G:A	2154242	0.881168	3831.39
10:2154909:T:G	2154909	0.292786	3572.79
10:2155249:C:T	2155249	0.292786	3232.79
10:2155266:G:A	2155266	0.289819	3744.21
10:2156017:G:A	2156017	0.0562149	3514.78
10:2156971:T:C	2156971	0.451749	2798.15
10:2157187:T:A	2157187	0.292473	2736.69
10:2157281:C:T	2157281	0.761555	2959.19
10:2157772:C:T	2157772	0.761555	2468.19
10:2157874:T:C	2157874	0.309806	2446.23
10:2157910:A:G	2157910	0.309806	2410.23
10:2158025:G:A	2158025	0.254528	2337.2
10:2158044:G:T	2158044	0.74797	2785.01
10:2158398:G:A	2158398	0.381324	2817.38
10:2158440:G:A	2158440	0.11321	3377.47
10:2159184:C:T	2159184	0.8807	2929.81
10:2159269:T:G	2159269	0.151156	2957.89
10:2159628:A:G	2159628	0.151312	2599.17
10:2159901:A:G	2159901	0.880543	2464.74
10:2159971:C:T	2159971	0.11524	2544.22
10:2160427:C:T	2160427	0.103685	2132.28
10:2160428:G:A	2160428	0.119613	2496.12
10:2160631:T:C	2160631	0.602904	2394.63
10:2160850:A:G	2160850	0.151156	2441.37
10:2161396:CAT:C	2161396	0.115709	2033.7
10:2161418:G:T	2161418	0.240943	2153.22
10:2162099:A:G	2162099	0.150531	1709.23
10:2162101:A:T	2162101	0.304029	1743.32
10:2162127:C:T	2162127	0.600874	2139.61
10:2162400:T:G	2162400	0.11524	2110.6
10:2162520:A:G	2162520	0.878826	2313.54
10:2163311:A:G	2163311	0.878201	1523.28
10:2163510:T:C	2163510	0.150062	1495.93
10:2163664:G:C	2163664	0.063554	1459.41
10:2163754:G:A	2163754	0.257027	1489.04
10:2163817:G:A	2163817	0.0501249	1551.35
10:2164411:G:A	2164411	0.143348	1048.05
10:2164439:A:C	2164439	0.878826	1239.01
10:2164473:G:A	2164473	0.137102	1378.93
10:2164519:T:TA	2164519	0.275141	1709.67
10:2164810:T:TA	2164810	0.412711	1868.07
10:2164997:G:A	2164997	0.115709	1857.54
10:2165487:G:T	2165487	0.302623	1446.56
10:2165530:A:T	2165530	0.423641	1604.96
10:2165816:C:T	2165816	0.727826	2012.33
10:2166158:C:T	2166158	0.0621487	1725.81
10:2166325:T:C	2166325	0.728607	1616.29
10:2166484:G:A	2166484	0.155215	1624.72
10:2167047:ATACT:A	2167047	0.664897	1402.9
10:2167158:GT:G	2167158	0.0643348	1488.93
10:2167170:G:GT	2167170	0.109619	1496.43
10:2167337:A:G	2167337	0.0608994	1430.43
10:2167930:T:C	2167930	0.0883823	1019.64
10:2167998:G:A	2167998	0.792005	1215.57
10:2168021:A:C	2168021	0.109463	1200.17
10:2168038:G:A	2168038	0.789819	1364.38
10:2168726:G:A	2168726	0.143973	957.218
10:2168747:G:C	2168747	0.888663	1077.41
10:2169063:C:T	2169063	0.245003	1043.3
10:2169162:T:C	2169162	0.113835	1430.79
10:2169843:A:G	2169843	0.628201	1053.12
10:2170573:G:A	2170573	0.166302	779.305
10:2171061:C:A	2171061	0.728295	463.839
10:2171093:C:A	2171093	0.290912	915.812
10:2171105:T:C	2171105	0.201124	2298.18
10:2171106:T:A	2171106	0.205653	2300.92
10:2171266:T:C	2171266	0.224391	3105
10:2171587:C:T	2171587	0.751249	3461.98
10:2172500:G:A	2172500	0.12867	3272.8
10:2172794:G:C	2172794	0.100562	3774.03
10:2172997:T:C	2172997	0.0538726	4849.25
10:2173318:T:G	2173318	0.0925984	5462.45
10:2173737:G:A	2173737	0.462523	5274.28
10:2174384:GA:G	2174384	0.123673	5077.84
10:2175653:C:T	2175653	0.221268	3982.31
10:2176027:C:T	2176027	0.289819	3694.77
10:2176045:C:CA	2176045	0.232042	3709.85
10:2176050:A:T	2176050	0.301218	3855.22
10:2176052:A:T	2176052	0.0694878	3984.37
10:2176222:GA:G	2176222	0.167864	4062.79
10:2176350:C:G	2176350	0.160369	4167.36
10:2176415:T:TA	2176415	0.756558	4115.73
10:2176426:C:T	2176426	0.155684	4603.55
10:2176449:T:C	2176449	0.220331	4679.45
10:2177149:C:T	2177149	0.155215	4136.18
10:2177264:T:C	2177264	0.155684	4030.09
10:2177413:G:A	2177413	0.251405	3950.56
10:2177520:C:G	2177520	0.150687	3984.02
10:2177736:T:C	2177736	0.227514	3836.81
10:2177756:GAGTATCGCA:G	2177756	0.221268	3820.88
10:2178007:C:A	2178007	0.149438	3638.99
10:2178071:A:G	2178071	0.16396	3579.97
10:2178141:T:TA	2178141	0.237196	3645.06
10:2178311:A:G	2178311	0.679731	3582.76
10:2178616:C:CT	2178616	0.433011	3354.2
10:2178630:T:TCTTC	2178630	0.233916	3726.6
10:2178762:C:CCCTCTCTT	2178762	0.158651	3743.51
10:2179010:CA:C	2179010	0.217208	3739.99
10:2179102:A:T	2179102	0.759838	4032.1
10:2179746:TTA:T	2179746	0.401624	3861.91
10:2180019:C:A	2180019	0.377733	4016.77
10:2180352:C:T	2180352	0.277483	4114.94
10:2180738:A:G	2180738	0.127264	4253.47
10:2181371:G:A	2181371	0.752811	4558.6
10:2181819:T:C	2181819	0.752811	4110.6
10:2182596:T:TA	2182596	0.689881	3484.84
10:2183077:A:T	2183077	0.386165	3653.66
10:2183780:C:T	2183780	0.0858838	3048.49
10:2183870:G:T	2183870	0.286852	3186.08
10:2183888:G:A	2183888	0.286696	3168.5
10:2183933:G:A	2183933	0.190818	3540.98
10:2184511:A:T	2184511	0.128201	3743.69
10:2184666:A:C	2184666	0.777327	4109.48
10:2185552:C:T	2185552	0.669113	3688.79
10:2186102:G:A	2186102	0.381324	3475.77
10:2187012:G:A	2187012	0.391006	3214.68
10:2187775:C:G	2187775	0.741099	2904.5
10:2188229:C:CGTAT	2188229	0.278888	3129.26
10:2188684:T:A	2188684	0.255465	4270.56
10:2189845:G:A	2189845	0.111805	3431.82
10:2190576:T:C	2190576	0.0827608	2808.16
10:2190608:A:ACTAT	2190608	0.298095	2975.41
10:2190670:T:C	2190670	0.740787	4017.44
10:2191444:A:G	2191444	0.0640225	3445.38
10:2192026:G:C	2192026	0.666146	3106.59
10:2193147:T:C	2193147	0.744847	2343.68
10:2193249:A:G	2193249	0.135384	2657.07
10:2193315:T:A	2193315	0.27639	3420.78
10:2194493:C:T	2194493	0.192067	2585.4
10:2194573:T:C	2194573	0.283417	2770.16
10:2195594:T:C	2195594	0.106652	1910.65
10:2195746:C:A	2195746	0.187383	1968.03
10:2195771:G:GC	2195771	0.272486	2720.98
10:2196014:G:A	2196014	0.216427	3576.44
10:2196048:A:AAAAC	2196048	0.102124	4393.7
10:2196980:G:A	2196980	0.101655	3465.2
10:2198892:T:A	2198892	0.101499	1554.19
10:2199317:A:G	2199317	0.275921	1219.45
10:2199881:T:C	2199881	0.101655	913.115
10:2199925:TAC:T	2199925	0.38757	996.012
10:2199929:C:T	2199929	0.237352	1769.03
10:2200505:G:C	2200505	0.284354	1812.25
10:2200827:G:C	2200827	0.712055	1829.37
10:2200897:A:G	2200897	0.101968	2336.23
10:2201137:T:TTATC	2201137	0.354466	2287.12
10:2201365:A:G	2201365	0.0724547	4326.81
10:2202122:G:T	2202122	0.101031	3767.84
10:2202224:T:A	2202224	0.317614	3766.26
10:2202252:G:A	2202252	0.191599	4246.9
10:2203194:C:CT	2203194	0.706277	3978.81
10:2203568:G:GA	2203568	0.101499	3897.58
10:2203731:C:CA	2203731	0.558089	3758.06
10:2203746:C:A	2203746	0.100718	4291.89
10:2205050:C:CA	2205050	0.194097	3336.73
10:2205058:A:T	2205058	0.257027	4387.54
10:2205244:G:C	2205244	0.748907	4661.64
10:2206034:A:G	2206034	0.748907	3873.88
10:2206573:GTTT:G	2206573	0.253748	3483.34
10:2206811:C:T	2206811	0.756246	3640.55
10:2206997:G:T	2206997	0.748907	3539.77
10:2207034:T:C	2207034	0.0649594	4030.98
10:2207254:G:GA	2207254	0.108057	4319.01
10:2207497:C:T	2207497	0.0652717	4833.32
10:2207545:G:A	2207545	0.101187	4808.18
10:2207659:C:T	2207659	0.0804185	4979.28
10:2208113:C:T	2208113	0.0804185	4532.19
10:2208362:G:A	2208362	0.0802623	4283.23
10:2208393:C:G	2208393	0.0741724	4256.64
10:2208471:A:C	2208471	0.318082	4221.94
10:2208743:T:TAG	2208743	0.276546	5171.69
10:2208816:A:G	2208816	0.0804185	5700.34
10:2209012:GAGTA:G	2209012	0.0804185	5504.34
10:2210033:CAG:C	2210033	0.0804185	4483.34
10:2210133:G:A	2210133	0.0810431	4383.94
10:2210799:C:T	2210799	0.106652	3891.85
10:2211584:A:G	2211584	0.132886	3251.66
10:2211680:G:T	2211680	0.0741724	3246.46
10:2211779:GAT:G	2211779	0.0648032	3156.02
10:2212073:G:A	2212073	0.194878	2926.11
10:2212185:GA:G	2212185	0.140849	3042.82
10:2212306:C:T	2212306	0.268114	3306.91
10:2212908:A:G	2212908	0.10228	3073.93
10:2213585:T:C	2213585	0.738757	2530.11
10:2213778:G:C	2213778	0.0740162	2549.83
10:2213937:AT:A	2213937	0.0646471	2395.05
10:2213969:T:C	2213969	0.193785	2384.42
10:2214045:A:G	2214045	0.270924	2361.61
10:2214205:C:T	2214205	0.104778	2419.6
10:2214258:C:A	2214258	0.193473	2433.35
10:2214537:C:T	2214537	0.221268	2583.19
10:2215092:C:T	2215092	0.752342	2648.55
10:2215329:T:C	2215329	0.138507	2729.49
10:2216319:A:C	2216319	0.10228	2084.02
10:2216880:A:G	2216880	0.753592	1645.58
10:2217129:C:A	2217129	0.425047	1880.1
10:2217134:G:A	2217134	0.199563	2145.38
10:2217240:T:C	2217240	0.209713	2421.78
10:2218003:G:GA	2218003	0.124141	2149.51
10:2218580:T:C	2218580	0.625234	1950.21
10:2219377:C:T	2219377	0.18629	1656.36
10:2219795:G:C	2219795	0.215178	1685.69
10:2220011:C:CATATAT	2220011	0.182386	1956.11
10:2220022:A:ATATG	2220022	0.0652717	2437.37
10:2220931:A:T	2220931	0.072767	1827.16
10:2221726:A:ATG	2221726	0.0861961	1158.3
10:2221941:G:A	2221941	0.206277	1153.92
10:2222161:A:C	2222161	0.753904	1178.09
10:2222644:G:A	2222644	0.224079	969.349
10:2222924:T:C	2222924	0.102748	1143.6
10:2223005:G:C	2223005	0.209557	1361.18
10:2223143:T:C	2223143	0.133354	1303.64
10:2223686:T:C	2223686	0.210337	1006.45
10:2223758:C:T	2223758	0.75203	1042.48
10:2224089:CT:C	2224089	0.132573	758.809
10:2224157:T:TC	2224157	0.753279	733.264
10:2224318:T:C	2224318	0.208932	721.908
10:2224503:C:A	2224503	0.0713616	696.478
10:2224582:GT:G	2224582	0.21143	685.552
10:2224591:T:G	2224591	0.108682	945.043
10:2224607:T:G	2224607	0.0969706	1151.16
10:2224899:T:A	2224898	0.111181	1502.58
10:2225120:G:A	2225120	0.152092	1518.73
10:2225239:C:T	2225239	0.656309	1768.71
10:2225426:A:G	2225426	0.0580887	2507.54
10:2225543:A:G	2225543	0.0782324	2518.27
10:2225966:C:T	2225966	0.109151	2249.49
10:2226051:C:A	2226051	0.260306	2174.4
10:2226053:T:C	2226053	0.888819	2197.23
10:2226068:T:G	2226068	0.109151	2246.39
10:2226162:G:T	2226162	0.375703	2206.92
10:2226370:T:G	2226370	0.374453	2005.41
10:2226408:G:A	2226408	0.110556	1972.43
10:2226419:C:CAA	2226419	0.37461	2078.65
10:2226425:C:T	2226425	0.887883	2114.68
10:2226825:G:A	2226825	0.37461	2002.67
10:2226926:C:G	2226926	0.0772954	1917.26
10:2227043:T:C	2227043	0.37461	2049.25
10:2227049:G:A	2227049	0.0836977	2057.54
10:2227215:T:C	2227215	0.375078	1925.37
10:2227324:G:C	2227324	0.374141	1819.32
10:2227366:C:A	2227366	0.263898	1900.99
10:2227471:T:C	2227471	0.264522	1797.65
10:2227739:C:T	2227739	0.349469	1575.53
10:2227781:G:A	2227781	0.678014	1808.66
10:2228210:T:G	2228210	0.944254	1724.11
10:2228254:A:T	2228254	0.382886	1685.72
10:2228310:T:C	2228310	0.55762	1648.15
10:2228411:G:GT	2228411	0.819488	1659.98
10:2228618:A:T	2228618	0.0886946	1686.46
10:2228917:G:A	2228917	0.263273	1922.61
10:2229015:C:CA	2229015	0.111649	1839.37
10:2229065:T:C	2229065	0.263429	1961.33
10:2229157:G:T	2229157	0.944254	1935.02
10:2229175:G:A	2229175	0.214397	1931.98
10:2229299:C:T	2229299	0.211118	1817.29
10:2229300:T:C	2229300	0.927233	2265.97
10:2229344:G:A	2229344	0.926296	2224.02
10:2229345:C:A	2229345	0.0838538	2232.45
10:2229365:C:A	2229365	0.262336	2582.24
10:2229402:C:A	2229402	0.906309	2559.24
10:2229494:C:T	2229494	0.26218	2598.75
10:2229509:T:C	2229509	0.262336	2585.79
10:2229561:CT:C	2229561	0.940194	3250.9
10:2229802:C:T	2229802	0.927389	3066.53
10:2230132:C:T	2230132	0.927701	2738.41
10:2230916:T:C	2230916	0.345721	2283.63
10:2232528:G:A	2232528	0.139444	878.099
10:2232615:A:T	2232615	0.344472	1141.93
10:2232707:T:C	2232707	0.106964	1090.95
10:2232807:G:C	2232807	0.234385	1137.29
10:2232820:C:G	2232820	0.345721	1128.06
10:2232828:T:C	2232828	0.234385	1424.22
10:2232855:CTTTTTT:C	2232851	0.0593379	1557.59
10:2233650:T:G	2233650	0.0782324	799.024
10:2233731:C:T	2233731	0.178326	792.934
10:2233846:A:C	2233846	0.885696	839.269
10:2233870:A:G	2233870	0.524516	869.52
10:2234368:G:GA	2234368	0.888507	447.084
10:2234401:C:T	2234401	0.227514	447.19
10:2234404:T:C	2234404	0.0782324	504.537
10:2234505:G:A	2234505	0.5292	415.87
10:2234575:A:G	2234575	0.0782324	565.943
10:2234630:ATC:A	2234630	0.513273	572.127
10:2234642:CTA:C	2234642	0.367739	582.822
10:2234644:A:C	2234644	0.0991568	866.289
10:2234865:T:C	2234865	0.234072	781.068
10:2235041:T:C	2235041	0.227514	614.12
10:2235386:A:AATCTATCT	2235385	0.288882	335.056
10:2235402:A:ATCTG	2235402	0.228451	626.697
10:2235579:C:T	2235579	0.08401	589.903
10:2235580:C:T	2235580	0.797002	721.126
10:2235984:ATCTCTCTCT:A	2235984	0.143036	417.383
10:2236025:TATAC:T	2236025	0.142255	379.824
10:2236043:TATATATATA:T	2236043	0.0838538	660.835
10:2236076:ATATATCTCT:A	2236076	0.250781	665.246
10:2236138:ACT:A	2236138	0.75609	831.311
10:2236149:C:A	2236149	0.226577	969.149
10:2236160:TATA:T	2236160	0.0621487	1748
10:2236187:TTCTCTC:T	2236187	0.0619925	1829.62
10:2236222:T:G	2236222	0.108838	1930.62
10:2236225:T:TAG	2236224	0.076827	2944.25
10:2236750:T:A	2236750	0.345721	2986.9
10:2236765:A:T	2236765	0.797158	3108.97
10:2236792:C:T	2236792	0.567458	3095.88
10:2236851:A:T	2236851	0.797158	3278.93
10:2237010:T:C	2237010	0.187383	3170.94
10:2237186:A:T	2237186	0.797158	3280.1
10:2237274:AAT:A	2237274	0.797158	3192.1
10:2237480:CTTTT:C	2237480	0.0594941	3003.87
10:2237591:G:A	2237591	0.797158	3079.23
10:2237610:C:T	2237610	0.140693	3081.85
10:2237769:A:G	2237769	0.796846	3406.4
10:2237774:TTCTG:T	2237774	0.0885384	3527.18
10:2237983:G:A	2237983	0.219394	3377.67
10:2238262:A:C	2238262	0.34619	3232.88
10:2238311:G:A	2238311	0.0885384	3467.33
10:2238414:A:G	2238414	0.888351	3690.44
10:2238467:C:G	2238467	0.571518	3729.28
10:2238590:G:A	2238590	0.749844	3832.79
10:2238784:A:G	2238784	0.79669	3681.02
10:2239155:T:C	2239155	0.0879138	3570.89
10:2239325:T:C	2239325	0.225172	3724.74
10:2239971:C:T	2239971	0.225172	3078.74
10:2240018:T:G	2240018	0.79669	3089.12
10:2240302:T:C	2240302	0.22158	3070.79
10:2240807:C:T	2240807	0.0822923	2627.75
10:2240894:C:T	2240894	0.225484	2806.18
10:2240895:A:G	2240895	0.745003	2895.21
10:2241381:C:T	2241381	0.225172	2730.97
10:2241406:G:C	2241406	0.0894753	2727.32
10:2241643:C:T	2241643	0.225172	2759.34
10:2241847:C:T	2241847	0.797158	2620.7
10:2242009:A:G	2242009	0.222829	2511.68
10:2242171:C:CT	2242171	0.787789	2722.16
10:2242187:T:A	2242187	0.0802623	2800.12
10:2242286:A:C	2242286	0.888507	2911.05
10:2243139:T:C	2243139	0.186758	2205.65
10:2243266:C:T	2243266	0.0579325	2662.77
10:2243616:C:G	2243616	0.863991	2712.03
10:2243859:G:A	2243859	0.422236	2531.32
10:2243884:C:T	2243884	0.368988	2745.17
10:2243940:C:T	2243940	0.644909	2995.5
10:2244238:G:T	2244238	0.859307	3128.39
10:2244301:C:A	2244301	0.615084	5001.54
10:2244707:A:G	2244707	0.928014	4684.56
10:2244745:G:A	2244745	0.275609	4764.05
10:2245155:C:T	2245155	0.316521	4476.01
10:2245173:T:G	2245173	0.341661	4489.65
10:2245263:T:C	2245263	0.292161	4435.17
10:2245281:A:C	2245281	0.343691	4536.58
10:2245653:G:C	2245653	0.316521	4523.66
10:2245671:T:C	2245671	0.316521	4505.66
10:2245750:A:ATG	2245750	0.316521	4426.66
10:2245815:T:C	2245815	0.939881	4451.55
10:2245882:A:G	2245882	0.943317	4447
10:2246162:GA:G	2246162	0.101968	4517.26
10:2246215:G:A	2246215	0.0510618	4688.02
10:2246337:C:CA	2246337	0.167083	4581.42
10:2246423:A:T	2246423	0.315896	4779.79
10:2246487:C:T	2246487	0.10837	4727.96
10:2246547:G:A	2246547	0.315584	4915.55
10:2247174:C:G	2247174	0.292473	4334.42
10:2247635:G:A	2247635	0.291849	3874.11
10:2247837:C:T	2247837	0.211274	3724.46
10:2247921:T:C	2247921	0.315896	3770.01
10:2248050:C:T	2248050	0.282792	3685.46
10:2248186:T:G	2248186	0.0893192	3906.75
10:2248298:C:A	2248298	0.590568	3809.88
10:2248372:C:T	2248372	0.0893192	3746.13
10:2248424:A:C	2248424	0.590568	3886.96
10:2249328:T:C	2249328	0.11446	3080.28
10:2249380:G:A	2249380	0.590412	4524.72
10:2249438:T:G	2249438	0.31574	4718.89
10:2249464:C:T	2249464	0.0509057	4729.33
10:2249775:A:T	2249775	0.292317	4489.13
10:2249986:A:G	2249986	0.186446	4345.9
10:2250096:A:G	2250096	0.328076	4756.01
10:2250323:A:C	2250323	0.0893192	4680.01
10:2250490:C:T	2250490	0.298251	4607.11
10:2250668:C:A	2250668	0.0843223	4541.16
10:2250946:T:C	2250946	0.290912	4364.95
10:2251177:C:A	2251177	0.589788	4264.23
10:2251564:C:A	2251564	0.291068	3988.65
10:2251603:G:A	2251603	0.344628	3960.24
10:2251615:C:T	2251615	0.290756	4192.41
10:2251795:G:C	2251795	0.209557	4090.6
10:2252012:T:TA	2252012	0.39366	4018.63
10:2252156:A:G	2252156	0.07995	3982.31
10:2252334:T:C	2252334	0.108838	3973.52
10:2252560:G:A	2252560	0.209869	3808.98
10:2252592:C:T	2252592	0.291849	3879.28
10:2252690:T:C	2252690	0.590256	3875.01
10:2253045:C:A	2253045	0.291693	3702.37
10:2253236:A:G	2253236	0.934572	3856.84
10:2253394:T:C	2253394	0.588382	3837.65
10:2253410:T:C	2253410	0.58807	3822.26
10:2253989:C:T	2253989	0.187695	3396.65
10:2254176:A:G	2254176	0.101187	3572.09
10:2254214:G:A	2254214	0.108526	3679.63
10:2254225:A:G	2254225	0.581043	4013.85
10:2254267:A:G	2254267	0.586665	4047.2
10:2254988:G:A	2254988	0.0516864	6013.78
10:2255081:TAA:T	2255081	0.332761	6023.26
10:2255118:A:AAC	2255118	0.30965	6168.55
10:2255171:C:A	2255171	0.419894	7083.05
10:2255335:T:C	2255335	0.053248	8845.93
10:2256224:T:A	2256224	0.131168	8092.17
10:2256399:C:A	2256399	0.855403	8221.49
10:2256427:G:A	2256427	0.849313	8207.19
10:2256633:A:C	2256633	0.848532	8002.69
10:2257187:TA:T	2257187	0.357901	7643.52
10:2257508:C:T	2257508	0.357745	7322.66
10:2257616:C:CA	2257616	0.292942	7385.81
10:2258004:GT:G	2258004	0.846502	7344.92
10:2258141:C:T	2258141	0.357901	7320.87
10:2258154:T:C	2258154	0.913335	7331.91
10:2258441:C:T	2258441	0.357901	7208
10:2258492:G:A	2258492	0.295753	7200.63
10:2258606:T:C	2258606	0.357901	7509.78
10:2258692:C:T	2258692	0.136633	7451.98
10:2258845:A:C	2258845	0.357901	7542.01
10:2258877:T:C	2258877	0.357901	7510.01
10:2259509:GT:G	2259509	0.848844	7010.03
10:2259905:G:T	2259905	0.357745	7066.38
10:2259949:G:A	2259949	0.136633	7069.08
10:2260274:A:G	2260274	0.357589	7034.66
10:2260537:A:G	2260537	0.357901	6771.94
10:2261172:G:T	2261172	0.357589	6143.31
10:2261468:C:G	2261468	0.12867	5980.5
10:2261555:G:GT	2261555	0.0560587	5919.19
