10:1898298:A:AT	1898298	0.182386	11046.9	9334.15	0.0731643
10:1899069:C:A	1899069	0.649438	8512.88	14337.3	-0.226392
10:1899111:TA:T	1899111	0.705653	7173.1	19844.5	-0.441932
10:1901647:A:G	1901647	0.685821	10122.8	17944.1	-0.248622
10:1902909:G:T	1902909	0.682698	9625.5	17749.1	-0.265754
10:1903193:C:T	1903193	0.5901	12899.5	11469.4	0.0510312
10:1904138:G:A	1904138	0.592442	12774	11565.6	0.0431607
10:1904905:G:GTCTATCTA	1904904	0.0776077	9062.71	6432.88	0.148852
10:1905651:G:A	1905651	0.544347	14305.3	9731.12	0.167334
10:1905870:G:A	1905870	0.54341	14454.8	9781.52	0.169607
10:1906670:A:G	1906670	0.785759	8141.03	33030.5	-0.608235
10:1906819:C:CTA	1906819	0.574172	15248.6	10765.6	0.151189
10:1908304:T:TAG	1908304	0.648657	12557	14488.6	-0.0621403
10:1909217:C:T	1909217	0.620237	14047.5	14244	-0.00603531
10:1909529:G:T	1909529	0.617114	14163.2	13942.5	0.00682259
10:1910743:T:C	1910743	0.616802	14105.8	14387.7	-0.00859523
10:1910892:T:C	1910892	0.676765	11716.3	18559.5	-0.199775
10:1911331:A:G	1911331	0.666615	12064.8	17489.7	-0.161264
10:1911355:G:T	1911355	0.676296	11737.6	18506.2	-0.197739
10:1911632:A:C	1911632	0.6193	14024.7	14309.9	-0.0087406
10:1912565:C:T	1912565	0.675828	11779.3	18471.9	-0.195392
10:1912890:G:C	1912890	0.678482	11692.3	18711.4	-0.204208
10:1912925:G:A	1912925	0.621643	13917.1	14369.6	-0.0138965
10:1913405:G:C	1913405	0.677701	11192.7	18693.4	-0.222754
10:1914046:A:T	1914046	0.620862	13329.5	14036.8	-0.022455
10:1914489:T:TTATC	1914489	0.0601187	20809.4	6304.52	0.518609
10:1914526:TATCTATC:T	1914526	0.185353	24012.9	5829.09	0.614844
10:1914530:TATC:T	1914530	0.182854	23939.7	5073.96	0.673773
10:1914538:A:G	1914538	0.441599	15580	7732.99	0.30422
10:1914634:T:C	1914634	0.17817	23837.6	6442.8	0.568189
10:1914660:A:G	1914660	0.503904	13413.6	9435.1	0.152799
10:1914752:C:A	1914752	0.502967	13463	9400.39	0.155996
10:1914753:A:C	1914753	0.503592	13431.4	9423.92	0.153891
10:1915414:T:C	1915414	0.752811	7241.35	28016.4	-0.587592
10:1915656:T:C	1915656	0.503279	13464.6	9677.64	0.143424
10:1915994:C:T	1915994	0.502967	13434.4	9666.88	0.142933
10:1916674:C:CTA	1916674	0.677233	8904.64	18341.5	-0.313818
10:1917173:T:C	1917173	0.502967	13895	10004.5	0.142662
10:1917675:G:GT	1917675	0.49797	14093.7	10149.5	0.142582
10:1917862:G:A	1917862	0.503123	13942.5	10348.7	0.129454
10:1918952:TA:T	1918952	0.501405	13942	10094.2	0.140256
10:1919051:G:C	1919051	0.50203	13919.4	10117.7	0.13854
10:1919104:T:G	1919104	0.502967	13875.9	10149.9	0.135798
10:1920283:G:A	1920283	0.502498	13887.5	10702	0.113158
10:1920314:G:A	1920314	0.788413	6824.01	34405.8	-0.702592
10:1920874:C:T	1920874	0.267958	31478.1	7071.63	0.648489
10:1921099:G:GTTC	1921099	0.552311	10690.2	13416.6	-0.098659
10:1921213:T:G	1921213	0.552311	10927.9	13416.6	-0.0891073
10:1921629:G:C	1921629	0.552155	10933.8	13408	-0.0885942
10:1922254:C:T	1922254	0.497814	12797.3	11101.5	0.0617363
10:1922743:T:C	1922743	0.551374	11114.6	13390	-0.0808852
10:1923501:T:C	1923501	0.177077	22842.4	7890.61	0.461631
10:1923743:G:A	1923743	0.569176	11114.1	13866.7	-0.0960982
10:1924157:A:G	1924157	0.568707	11136	13844.4	-0.0945436
10:1924669:T:A	1924669	0.664585	8854.7	17563.3	-0.297431
10:1925521:T:C	1925521	0.518894	13053	10208.8	0.106735
10:1925661:C:T	1925661	0.176921	22939.5	7068.27	0.511271
10:1925701:CTTTT:C	1925701	0.266552	33297.4	5952.75	0.747693
10:1926646:A:G	1926646	0.654435	8783.68	16101.5	-0.26319
10:1926829:A:G	1926829	0.740006	6851.51	26677.6	-0.59036
10:1927087:T:A	1927087	0.654435	8783.68	15680.8	-0.251692
10:1927179:G:A	1927179	0.525297	12785.2	9430.13	0.132192
10:1927361:A:G	1927361	0.745472	6670.79	26597.8	-0.600668
10:1927370:C:T	1927370	0.533885	12399.8	10179.2	0.0856976
10:1927810:G:A	1927810	0.669738	8412.78	17059.2	-0.307021
10:1928138:C:CAAAT	1928138	0.662086	8586.08	16381.6	-0.280561
10:1928143:C:T	1928143	0.574953	10937.8	11567.8	-0.0243209
10:1928261:C:T	1928261	0.291849	30437.6	6007.64	0.704707
10:1928395:C:G	1928395	0.662242	8756.78	16397.1	-0.272423
10:1928698:G:A	1928698	0.488757	14600.6	8735.93	0.223063
10:1929023:A:G	1929023	0.662086	8724.03	16372.5	-0.273397
10:1929297:T:C	1929297	0.489382	14580.6	8662.72	0.226121
10:1929517:T:C	1929517	0.670987	8654.61	17120.7	-0.296275
10:1929826:G:T	1929826	0.623048	9871.1	13270.3	-0.128516
10:1930126:A:G	1930126	0.624297	9831.76	13355.8	-0.13304
10:1930463:G:A	1930463	0.660837	8908.88	16151.7	-0.258394
10:1930547:AT:A	1930547	0.48782	14661.8	8623.86	0.230485
10:1930739:TAAAC:T	1930739	0.0777639	29701.5	6296.95	0.673648
10:1930743:C:T	1930743	0.884916	6009.31	20714.7	-0.537455
10:1930870:T:G	1930870	0.139444	33464.3	6000.71	0.746379
10:1930913:C:T	1930913	0.660369	8771.34	13043.6	-0.172331
10:1931051:C:T	1931051	0.622111	9811.21	10969.8	-0.0484771
10:1931176:G:A	1931176	0.78123	6383.82	26877.8	-0.624312
10:1931797:G:A	1931797	0.62539	9647.46	10445.6	-0.0345189
10:1931853:C:CTATT	1931853	0.628201	9558.22	10471.2	-0.0396176
10:1932107:G:C	1932107	0.565116	10000.9	10239.8	-0.0102558
10:1932298:G:T	1932298	0.28451	31541.8	4625.98	0.833682
10:1932462:T:TAGAG	1932462	0.586352	9643.57	9677.72	-0.00153489
10:1932661:G:A	1932661	0.285915	29717.1	4819.12	0.790038
10:1932841:A:C	1932841	0.375859	8238.44	9520.34	-0.0628076
10:1932861:A:G	1932861	0.286696	29271	4514.11	0.811866
10:1932948:G:T	1932948	0.689881	6961.58	14356.9	-0.314353
10:1932995:T:A	1932995	0.611024	9220.33	9341.96	-0.00569135
10:1933278:C:G	1933278	0.694722	6999.37	14282.4	-0.309743
10:1933323:T:C	1933323	0.289819	12734.5	8315.64	0.185085
10:1933560:C:T	1933560	0.27436	13993.3	8462.75	0.218409
10:1933768:CG:C	1933768	0.0821362	11815.3	6258.86	0.27595
10:1933938:A:T	1933938	0.0883823	9835.29	6333.55	0.19114
10:1933951:C:CA	1933951	0.0776077	25260.3	6010.23	0.623547
10:1934205:G:A	1934205	0.754372	7752.7	11236.5	-0.161177
10:1934208:T:C	1934208	0.754216	7755.06	11233.9	-0.160947
10:1934628:G:C	1934628	0.0882261	10680.9	6065.98	0.245708
10:1934682:A:G	1934682	0.344316	28827.1	4222.92	0.834188
10:1934837:G:A	1934837	0.286227	13371.2	7786.91	0.234805
10:1934941:G:A	1934941	0.218613	18122.3	6726.14	0.430448
10:1935229:C:T	1935229	0.286227	12250.2	7905.21	0.190231
10:1935466:G:A	1935466	0.0824485	12437.8	5770.26	0.333547
10:1935492:G:T	1935492	0.0883823	10471.3	5837.83	0.25375
10:1935674:C:CGTGT	1935674	0.326359	29999	3773.81	0.900327
10:1935764:G:A	1935764	0.0733916	31295	5649.99	0.743427
10:1935776:G:C	1935776	0.0830731	12386.6	5866.49	0.324574
10:1935920:A:T	1935920	0.40787	6056.47	12160.5	-0.302733
10:1936312:CA:C	1936312	0.0712055	33205	5706.59	0.764827
10:1936463:ATG:A	1936461	0.0869769	35107.3	5742.8	0.786274
10:1936484:TGC:T	1936484	0.440662	19398.3	4611.42	0.623928
10:1936486:C:T	1936486	0.205653	17431.5	6870.84	0.404324
10:1936493:ACATGTACGT:A	1936493	0.103373	16100.8	6185.01	0.415508
10:1936510:TGCGCATGTA:T	1936510	0.63273	11813.9	6257.22	0.276012
10:1936541:AGAT:A	1936541	0.072767	31312.6	5911.52	0.72402
10:1936657:A:C	1936657	0.344472	31927	4425.88	0.858159
10:1936758:G:A	1936758	0.767021	7935.52	14306.9	-0.25597
10:1936962:T:C	1936962	0.0649594	39128	6565.42	0.775225
10:1937057:C:T	1937057	0.343848	32038.8	5806.35	0.741773
10:1937094:T:C	1937094	0.0824485	13640.2	7022.32	0.288341
10:1937095:G:T	1937095	0.0627733	42038.5	6659.37	0.800215
10:1937147:C:A	1937147	0.146627	10852.5	8014.63	0.131648
10:1937348:G:A	1937348	0.0618364	43606.6	6718.33	0.812291
10:1937497:A:T	1937497	0.0627733	42024.9	6730.64	0.795451
10:1937736:T:C	1937736	0.142723	7288.08	8013.19	-0.0411927
10:1937852:G:C	1937852	0.343379	32111.7	5848.45	0.739622
10:1938151:GT:G	1938151	0.917552	9225	13536.8	-0.16655
10:1938158:A:AAAG	1938158	0.917552	9225	13536.8	-0.16655
10:1938280:C:T	1938280	0.0616802	43825.2	9197.63	0.678048
10:1938309:C:T	1938309	0.0721424	32032.1	9393.34	0.532765
10:1938534:T:C	1938534	0.168957	8572.16	11725.4	-0.136037
10:1938795:CATCACTAG:C	1938795	0.0565272	9502.42	9221.12	0.0130507
10:1939059:A:T	1939059	0.169269	9437.32	11749.5	-0.0951717
10:1939060:AT:A	1939060	0.169269	9437.32	11749.5	-0.0951717
10:1939485:C:T	1939485	0.143348	11929.4	11107.7	0.0309934
10:1939635:A:C	1939635	0.0588695	11326.5	9346.52	0.0834473
10:1939771:T:G	1939771	0.121487	13670.2	10373.5	0.119851
10:1939789:G:A	1939789	0.121487	13670.2	10373.5	0.119851
10:1940134:A:G	1940134	0.121955	13517.6	10383.8	0.114542
10:1940198:A:G	1940198	0.231106	9153.18	13154.4	-0.157501
10:1940213:G:C	1940213	0.230793	9176.84	13143.8	-0.156029
10:1940333:T:C	1940333	0.231106	9162.37	13154.4	-0.157065
10:1942237:C:T	1942237	0.230637	9187.78	13144.6	-0.155538
10:1943321:T:G	1943321	0.230637	9175.7	13135.1	-0.155795
10:1943391:T:TGTAA	1943391	0.128045	36230.3	8860.08	0.611634
10:1943677:T:C	1943677	0.0666771	37567.6	8529.56	0.643887
10:1943709:C:T	1943709	0.112586	15028	9384.2	0.204504
10:1943908:T:C	1943908	0.230637	7319.63	12223	-0.222688
10:1944128:G:T	1944128	0.11243	15059	9512.29	0.199511
10:1944594:T:C	1944594	0.0507495	13735.7	8369.82	0.215136
10:1944945:G:T	1944945	0.230637	7044.87	12214.6	-0.239008
10:1945142:A:G	1945142	0.230637	7044.87	12214.6	-0.239008
10:1945229:T:C	1945229	0.0507495	13735.7	8395.97	0.213781
10:1945759:C:CA	1945759	0.735634	11084.2	7356.07	0.17806
10:1946404:G:A	1946404	0.0612117	44083.7	7127.89	0.791317
10:1946502:C:T	1946502	0.256715	14962.1	9177.93	0.212246
10:1946795:T:A	1946795	0.468145	18768.8	5559.63	0.52839
10:1946988:A:G	1946988	0.259213	14586.3	8388.29	0.240272
10:1946992:G:A	1946992	0.167083	22963.6	6283.84	0.562815
10:1947044:T:A	1947044	0.398657	25181.6	4043.98	0.794273
10:1947884:CTTTTTTT:C	1947884	0.485634	20310.4	5016.43	0.607324
10:1948093:G:A	1948093	0.253748	13207.7	10516.1	0.098971
10:1948140:C:T	1948140	0.0610556	31458.8	7237.39	0.638161
10:1948167:G:A	1948167	0.0772954	43574.3	7416.11	0.769055
10:1948950:G:C	1948950	0.0790131	23116	7435.17	0.492623
10:1949031:A:G	1949031	0.407558	6530.92	16639.4	-0.406165
10:1950346:A:C	1950346	0.162555	19580	10187.4	0.283749
10:1950452:G:T	1950452	0.161618	19775.5	10148.7	0.289716
10:1950679:C:T	1950679	0.062461	36594.7	8363.8	0.641014
10:1951392:G:T	1951392	0.062461	36532.8	8363.42	0.6403
10:1951932:G:A	1951932	0.171455	18178.4	10529.1	0.237167
10:1952399:A:G	1952399	0.0658963	32104.9	8452.47	0.579587
10:1952401:A:G	1952401	0.0658963	32104.9	8452.47	0.579587
10:1952405:G:C	1952405	0.0660525	31953.6	8452.59	0.57753
10:1952595:G:A	1952595	0.441443	25201.1	5455.92	0.664552
10:1953308:G:T	1953308	0.195191	13716.9	10146.1	0.130958
10:1953463:C:CG	1953463	0.0637102	38675.8	7831.08	0.693618
10:1953538:CAA:C	1953538	0.1802	13693	9658.39	0.151594
10:1953697:G:A	1953697	0.187227	16502.2	10462.5	0.197907
10:1953701:A:ACT	1953701	0.159432	9372.33	10323.2	-0.0419648
10:1953757:T:C	1953757	0.127733	12622.3	9726.37	0.113187
10:1954704:T:TCA	1954704	0.763429	11030	15316.2	-0.142579
10:1954864:T:C	1954864	0.0771393	32744.9	8441.03	0.588749
10:1955081:T:A	1955081	0.107433	37718.9	8649.81	0.639553
10:1955456:T:G	1955456	0.761868	10902	15177.2	-0.143685
10:1955591:A:G	1955591	0.729232	11700.3	12139.6	-0.0160078
10:1955701:AG:A	1955701	0.501874	22561	5473.5	0.615093
10:1955702:G:A	1955702	0.259369	9965.14	11628.9	-0.0670537
10:1955765:A:G	1955765	0.132886	26441	9077.55	0.46431
10:1955908:G:GT	1955908	0.60634	16402.8	7727.44	0.326883
10:1956547:A:G	1956547	0.111337	36500.7	9333.29	0.592267
10:1957680:A:AT	1957680	0.169269	20401.9	10244.6	0.299175
10:1957707:G:A	1957707	0.596502	17038.4	7456.65	0.358886
10:1957874:C:T	1957874	0.750468	11528.9	14817.6	-0.108987
10:1958560:C:T	1958560	0.132417	30273.9	9426.09	0.506737
10:1959657:A:G	1959657	0.752498	12016.2	15010.5	-0.0966282
10:1959720:C:T	1959720	0.109307	21187	9254.22	0.35973
10:1960295:G:A	1960295	0.596814	17870.7	7141.26	0.398367
10:1960433:G:A	1960433	0.893192	8809.5	34043.7	-0.587086
10:1960715:A:G	1960715	0.750468	11669.1	17957.1	-0.187199
10:1960861:T:C	1960861	0.598376	17810.5	8149.63	0.339538
10:1961056:G:C	1961056	0.749844	11596.7	17890.4	-0.188285
10:1961174:G:A	1961174	0.59822	17817.9	8291.19	0.33224
10:1961602:A:G	1961602	0.772017	11390.6	21556.2	-0.277025
10:1962853:C:T	1962853	0.462055	26668.3	7635.83	0.543138
10:1963359:A:G	1963359	0.08604	26039.9	8615.03	0.480382
10:1963410:A:G	1963410	0.501405	21756.3	8102.17	0.428984
10:1963457:G:C	1963457	0.156933	21245.7	8632.42	0.391138
10:1963464:C:A	1963464	0.156933	21245.7	8632.42	0.391138
10:1963696:T:G	1963696	0.0721424	36273.7	7600.78	0.678734
10:1963698:TGTTTTCTCC:T	1963698	0.0721424	36273.7	7600.78	0.678734
10:1963769:G:T	1963769	0.140849	20995.4	8450.59	0.395238
10:1963848:T:TA	1963848	0.0765147	34056.7	8316.52	0.612261
10:1963849:T:A	1963849	0.0766708	33918.9	8316.75	0.610489
10:1964015:T:G	1964015	0.380231	28465.2	8015.71	0.550372
10:1964025:A:C	1964025	0.191443	23039.5	9421.73	0.388342
10:1964447:AT:A	1964447	0.215334	19120.7	9926.44	0.28471
10:1964572:G:C	1964572	0.668645	12774.1	18407.7	-0.158669
10:1965464:T:G	1965464	0.577452	16746.8	12142.5	0.139625
10:1965819:G:A	1965819	0.0829169	31553	8385.24	0.575525
10:1965948:AGCT:A	1965948	0.555122	17980.1	11016.5	0.212749
10:1965957:ATT:A	1965957	0.583229	16763.7	12448	0.129271
10:1966617:C:A	1966617	0.0832292	31399.7	9511.01	0.518699
10:1967027:G:A	1967027	0.0822923	31885	9497	0.526001
10:1967174:G:A	1967174	0.0826046	31810.5	9503.27	0.524697
10:1967981:C:A	1967981	0.134603	26575.2	9747.1	0.4356
10:1969039:T:G	1969039	0.696752	11695	21687.7	-0.268213
10:1970746:T:A	1970746	0.339475	35418.4	7976.87	0.647397
10:1971172:TG:T	1971172	0.547314	17009.6	11463.1	0.171393
10:1971895:G:A	1971895	0.589475	14863.1	13260.6	0.0495487
10:1972071:TTC:T	1972071	0.145846	24535.8	9296.52	0.421479
10:1973660:A:C	1973660	0.335572	36161.7	7941.07	0.65837
10:1973820:G:GT	1973820	0.579794	14961.3	13569.9	0.042393
10:1974003:G:A	1974003	0.550125	16639.6	12341.5	0.129775
10:1974070:C:A	1974070	0.550125	16639.6	12341.5	0.129775
10:1974430:G:GT	1974430	0.406152	25617.5	8583.79	0.474859
10:1976159:C:T	1976159	0.549032	16228.8	12286	0.120876
10:1976691:C:CT	1976691	0.489538	17856.9	9702.28	0.264932
10:1976758:C:T	1976758	0.150999	23125	8539.11	0.432669
10:1976783:A:T	1976783	0.340568	34941.8	6377.67	0.738683
10:1976989:G:C	1976989	0.548407	16795.7	11052	0.181756
10:1977172:A:G	1977172	0.579638	14814.6	12986.2	0.0572078
10:1977179:C:T	1977179	0.548407	16809	11149.4	0.178289
10:1978860:C:T	1978860	0.148657	23886.9	9032.16	0.422369
10:1978924:C:G	1978924	0.328857	35798.2	6228.2	0.759499
10:1978961:C:A	1978961	0.545909	17656.4	10703.4	0.217379
10:1979171:A:AT	1979171	0.757964	9665.82	27271.7	-0.450474
10:1979326:T:C	1979326	0.546377	17628.2	12796.4	0.139122
10:1980129:T:C	1980129	0.530137	18471.8	12368.9	0.174179
10:1980239:G:A	1980239	0.51421	19376.1	11633.3	0.221565
10:1980506:G:A	1980506	0.525453	18739.7	12275.3	0.18373
10:1980527:T:A	1980527	0.525297	18753.1	12272.2	0.18415
10:1980700:T:C	1980700	0.525141	18606.7	12237.6	0.181974
10:1980882:T:C	1980882	0.712836	10626.8	22530.9	-0.326377
10:1981371:C:T	1981371	0.485166	20769.4	10383.7	0.301073
10:1981705:C:G	1981705	0.674891	11129.6	20936.5	-0.274424
10:1981979:T:C	1981979	0.484697	20903.9	10674.2	0.291889
10:1982075:G:C	1982075	0.484697	20903.9	10674.2	0.291889
10:1982397:T:C	1982397	0.500937	19409.9	11316.9	0.234295
10:1982469:G:T	1982469	0.504841	19125.7	11470.4	0.222041
10:1983044:C:T	1983044	0.5203	18061.6	12235.7	0.169126
10:1983400:G:A	1983400	0.154279	21102.8	9330.23	0.354447
10:1983452:G:C	1983452	0.509369	18849.4	12872.1	0.165649
10:1983678:T:G	1983678	0.486259	20834.3	12003.3	0.239479
10:1983679:G:T	1983679	0.486259	20834.3	12003.3	0.239479
10:1983685:CT:C	1983685	0.486259	20834.3	12003.3	0.239479
10:1983895:T:C	1983895	0.486571	20820.4	12017.6	0.238673
10:1984214:T:C	1984214	0.126015	33681	8691.29	0.5883
10:1984852:A:T	1984852	0.48376	21342.2	11787.8	0.257804
10:1984889:A:T	1984889	0.482667	21437.5	11763.1	0.26065
10:1984994:C:T	1984994	0.485946	21246.7	11898	0.251816
10:1985069:T:C	1985069	0.486571	21217.8	11926.2	0.250198
10:1985087:G:A	1985087	0.486571	21217.8	11926.2	0.250198
10:1985394:T:C	1985394	0.486571	21217.8	11926.2	0.250198
10:1985557:C:T	1985557	0.484385	21371.2	11838.2	0.256544
10:1986961:C:CTT	1986958	0.0505934	16588.7	8371.21	0.297025
10:1987220:T:C	1987220	0.488913	20910.6	11565.6	0.257199
10:1987241:C:T	1987241	0.496252	20493.2	11633.5	0.245898
10:1987672:A:G	1987672	0.148657	22910.6	8881.86	0.411533
10:1987751:A:G	1987751	0.623673	14174.9	16439.5	-0.064369
10:1987800:T:C	1987800	0.623517	14174.2	16426.1	-0.0640342
10:1988145:T:G	1988145	0.603841	15364.5	14935.6	0.0122977
10:1988561:T:C	1988561	0.629138	13992.6	16829.2	-0.0801644
10:1989336:G:A	1989336	0.683167	12037.6	21621.1	-0.254336
10:1989337:C:G	1989337	0.683167	12037.6	21621.1	-0.254336
10:1989702:G:T	1989702	0.624453	14174.5	16363	-0.0623541
10:1989825:G:A	1989825	0.601655	15434.6	14598.2	0.0241943
10:1991388:C:T	1991388	0.626483	13978	16513.3	-0.0723876
10:1991620:A:T	1991620	0.324172	31587.6	7406.38	0.629911
10:1991643:A:AAGAT	1991643	0.626015	12012.9	16476.9	-0.137228
10:1992303:C:T	1992303	0.605559	13022.7	14931.8	-0.0594108
10:1992612:A:G	1992612	0.682542	10265.1	21542.1	-0.321925
10:1993193:G:T	1993193	0.626952	11969.2	16009.6	-0.126316
10:1993477:T:TCAAAA	1993477	0.583385	13448.9	12878.2	0.0188326
10:1993576:TGATA:T	1993576	0.100874	28623.1	7038.34	0.609247
10:1993621:G:GATAA	1993621	0.327139	13865.4	7155.73	0.287279
10:1993780:A:C	1993780	0.682074	7470	21574.7	-0.460625
10:1994025:C:CT	1994025	0.621018	8834.69	16178.3	-0.262742
10:1994136:T:TACACAC	1994136	0.122111	19579	6651.46	0.468874
10:1994899:G:T	1994899	0.325265	22542.5	7696.44	0.466712
10:1996239:A:G	1996239	0.609619	11792	15654.9	-0.123064
10:1997185:CA:C	1997185	0.556683	13113	11986.2	0.0390236
10:1997321:G:T	1997321	0.0537164	25024.9	7173.57	0.542637
10:1998543:G:A	1998543	0.60634	12304.8	14901.5	-0.0831531
10:1998867:T:G	1998867	0.682074	9781.09	21428	-0.340595
10:1999428:A:G	1999428	0.602904	12435.6	14006.5	-0.0516633
10:1999445:A:G	1999445	0.683011	9703.38	21492.9	-0.345371
10:1999516:G:GC	1999516	0.624141	11464.4	16121.8	-0.148062
10:1999758:T:A	1999758	0.928482	6635.03	43271.1	-0.814355
10:1999980:C:T	1999980	0.606964	12277.4	14807.5	-0.0813765
10:2001080:A:G	2001080	0.607277	12246.8	14820.5	-0.0828429
10:2001230:T:C	2001230	0.053248	25335.3	6920.78	0.563571
10:2001494:T:TA	2001494	0.620394	11518.3	16209.5	-0.148381
10:2003044:CAA:C	2003044	0.376952	16112.3	8425.75	0.281548
10:2003627:T:C	2003627	0.30075	18422.9	7000.12	0.420252
10:2004259:C:T	2004259	0.46752	10476.5	10092.4	0.0162248
10:2004585:C:T	2004585	0.117739	30517.9	5393.06	0.75272
10:2004766:A:C	2004766	0.605247	6917.1	15299.7	-0.344759
10:2004905:G:C	2004905	0.467833	10464.3	10035.1	0.0181883
10:2005192:C:A	2005192	0.101811	28369.1	5395.05	0.72085
10:2005452:C:CTT	2005452	0.684572	6584.66	22038.4	-0.524645
10:2005637:A:G	2005637	0.685353	6570.98	22091.9	-0.526603
10:2006267:C:T	2006267	0.467052	12424	9446.27	0.119001
10:2006637:C:T	2006637	0.683791	6807.5	21676.5	-0.503001
10:2006709:A:G	2006709	0.683791	6807.5	21676.5	-0.503001
10:2007090:T:C	2007090	0.683791	6807.5	21676.5	-0.503001
10:2007397:A:G	2007397	0.685821	6770.31	22029.3	-0.512392
10:2007474:C:T	2007474	0.136946	26236.7	6094.55	0.633967
10:2008085:G:A	2008085	0.656621	7200.89	18583.2	-0.411733
10:2008109:G:A	2008109	0.103841	41894.3	4911.29	0.93096
10:2008833:C:T	2008833	0.47158	12281.9	7832.47	0.195366
10:2008854:T:C	2008854	0.686914	6802.69	17314.5	-0.405729
10:2009159:C:T	2009159	0.148189	34481.2	4594.35	0.875358
10:2009963:C:T	2009963	0.661774	6745.86	14551.2	-0.333862
10:2010066:A:T	2010066	0.807933	5275.42	28856.4	-0.737985
10:2011202:C:T	2011202	0.334478	10042.3	7382.23	0.133644
10:2011249:C:T	2011249	0.472673	10925.9	7283.61	0.17611
10:2011328:T:C	2011328	0.807152	5184.72	28647.9	-0.742368
10:2012462:C:T	2012462	0.119457	35194.3	5048.12	0.843342
10:2012512:G:C	2012512	0.472517	10928.9	7944.86	0.138491
10:2013397:C:A	2013397	0.469082	11004.2	7849.95	0.146691
10:2013923:C:T	2013923	0.165678	19215.3	5119.12	0.574451
10:2013955:C:G	2013955	0.646471	6768.55	11427.8	-0.227467
10:2014215:C:G	2014215	0.786227	4845.43	23176.7	-0.679719
10:2014409:G:C	2014409	0.209244	19616.5	3868.5	0.70508
10:2014549:A:G	2014549	0.772642	3799.11	20475.9	-0.73156
10:2014621:A:T	2014621	0.764522	3604.87	19214.8	-0.726747
10:2014624:T:TG	2014624	0.413492	7456.93	5471.37	0.134464
10:2014854:T:C	2014854	0.668488	3638.33	11240.7	-0.489893
10:2015049:G:T	2015049	0.52233	4968.63	7157.13	-0.158502
10:2015085:C:T	2015085	0.13148	26075.6	3280.21	0.900332
10:2015113:CTT:C	2015113	0.147876	14675.3	3306.26	0.64725
10:2015116:T:TTC	2015115	0.0835415	5864.69	2878.85	0.309026
10:2015209:TTC:T	2015209	0.142567	19460.5	3190.69	0.785269
10:2015227:CTCTT:C	2015227	0.160369	4373	3070.6	0.153555
10:2015237:CTTT:C	2015237	0.0854154	17747.6	2863.67	0.792216
10:2015377:G:A	2015377	0.0549656	24626	2614.4	0.974021
10:2015464:G:A	2015464	0.147408	15492.8	3015.48	0.710773
10:2015618:G:A	2015618	0.131949	8025.13	3863	0.317528
10:2015650:T:C	2015650	0.538726	5358.54	8338.62	-0.192047
10:2015871:G:A	2015871	0.126952	31247.3	3153.84	0.995973
10:2016171:T:C	2016171	0.502186	6197.14	10333.4	-0.222051
10:2016385:T:C	2016385	0.504685	6150.19	10429.7	-0.229382
10:2017613:G:T	2017613	0.115865	10675.9	4684.74	0.357717
10:2017797:T:G	2017797	0.504528	5727.5	10433.2	-0.260453
10:2018043:G:GT	2018043	0.379606	9421.53	6913.16	0.134445
10:2018071:A:G	2018071	0.0501249	18717.3	3635.08	0.711729
10:2018253:A:G	2018253	0.0629294	21955.6	3779.24	0.764141
10:2018841:C:T	2018841	0.50203	5696.24	10351.9	-0.259433
10:2019181:AT:A	2019181	0.0733916	16331.2	3771.07	0.636554
10:2019252:AAAGGAAGGA:A	2019252	0.157402	4570.54	4415.7	0.0149672
10:2019262:AGG:A	2019262	0.0847908	12125.9	4481.76	0.432267
10:2019265:AAGGAAGGAA:A	2019265	0.0787008	14024.4	4463.24	0.497235
10:2019495:C:A	2019495	0.380075	10205.2	6539.77	0.193259
10:2019618:A:G	2019618	0.377889	10328.9	6481.44	0.202383
10:2019767:G:A	2019767	0.502498	6349.82	10206.4	-0.20611
10:2019987:G:A	2019987	0.37742	10346.9	6396.11	0.208894
10:2020203:T:G	2020203	0.504372	6784.06	10260.6	-0.179682
10:2020866:G:A	2020866	0.700187	4905.99	17732.1	-0.558034
10:2021507:C:T	2021507	0.493754	7014.49	9884.38	-0.148953
10:2021593:G:A	2021593	0.0847908	14324.2	4418.98	0.510747
10:2021612:T:C	2021612	0.379138	9070.84	6447.53	0.148254
10:2022009:G:A	2022009	0.494222	6282.09	9904.75	-0.19774
10:2022040:T:C	2022040	0.503435	6060.35	10233.3	-0.227517
10:2022076:G:A	2022076	0.503435	6060.37	10241.7	-0.227872
10:2022105:C:T	2022105	0.494535	6275.2	9918.17	-0.198804
10:2022900:C:T	2022900	0.0847908	14324.2	4644.64	0.489117
10:2022931:T:A	2022931	0.378826	8908.88	6729.45	0.121844
10:2022996:T:A	2022996	0.490162	6127.86	10056.2	-0.215123
10:2023504:A:G	2023504	0.0990006	12016.3	4624.59	0.414697
10:2023506:C:G	2023506	0.499688	6555.76	10250.8	-0.194134
10:2023898:G:A	2023898	0.37055	9911.27	6571.99	0.178432
10:2024044:T:C	2024044	0.635384	5842.17	14039.4	-0.380776
10:2024173:G:A	2024173	0.635228	5846.17	14043.4	-0.380599
10:2024378:T:A	2024378	0.634291	5862.15	13932.5	-0.375974
10:2024684:G:A	2024684	0.636165	5843.57	14073.3	-0.381717
10:2024855:G:A	2024855	0.699719	4910.24	17711.8	-0.55716
10:2024866:A:G	2024866	0.635384	5851.78	12219.1	-0.319752
10:2024871:A:T	2024871	0.635384	5851.78	12219.1	-0.319752
10:2025042:G:T	2025042	0.684416	5119.74	15727.7	-0.487418
10:2025055:T:C	2025055	0.63679	5821.24	12281.5	-0.324236
10:2025197:G:A	2025197	0.636009	5844.95	12297.4	-0.323033
10:2025242:G:A	2025242	0.683948	5174.51	15770.4	-0.483973
10:2025329:A:G	2025329	0.158339	21998.9	4547.63	0.684615
10:2025535:T:C	2025535	0.158339	21998.9	4547.63	0.684615
10:2025884:T:C	2025884	0.636009	5484.73	12638.9	-0.362554
10:2025980:A:G	2025980	0.635696	5487.45	12621.9	-0.361753
10:2025992:C:T	2025992	0.373985	9888.67	5403.59	0.262455
10:2026180:A:G	2026180	0.635853	5136.02	12632.6	-0.390868
10:2026266:A:C	2026266	0.635853	5136.02	12632.6	-0.390868
10:2026342:C:T	2026342	0.635853	5136.02	12632.6	-0.390868
10:2026358:C:A	2026358	0.375234	9828.16	5411.66	0.259142
10:2026502:C:CTT	2026502	0.587914	5633.98	9774.65	-0.239286
10:2026657:G:T	2026657	0.635853	4993.94	12632.6	-0.403051
10:2026742:T:G	2026742	0.635853	4993.94	12632.6	-0.403051
10:2026787:G:A	2026787	0.260462	10353.3	5005.61	0.315622
10:2026827:C:T	2026827	0.231418	17577.6	3934.09	0.650116
10:2026864:A:C	2026864	0.700187	4281.8	17806	-0.61894
10:2026959:GA:G	2026959	0.620081	5265.56	11450.8	-0.337392
10:2026961:A:G	2026961	0.616177	5332.86	11306.4	-0.326364
10:2027144:G:A	2027144	0.635853	5219.47	12467	-0.378135
10:2027212:T:C	2027212	0.158182	22045.7	4312.45	0.708599
10:2027814:T:C	2027814	0.636009	5359.3	12474.4	-0.366913
10:2027827:C:A	2027827	0.629294	5446.81	12035.7	-0.34433
10:2027838:G:A	2027838	0.636321	5325.05	12482.2	-0.369967
10:2027850:C:A	2027850	0.635853	5332.88	12469.6	-0.368891
10:2028167:A:C	2028167	0.635853	5332.88	12469.6	-0.368891
10:2028168:T:C	2028168	0.7005	4530.98	17655.8	-0.590697
10:2028458:G:A	2028458	0.374141	9428	5389.31	0.242886
10:2028539:T:C	2028539	0.635072	5108.02	12424.5	-0.386027
10:2028587:T:C	2028587	0.635072	5108.02	12424.5	-0.386027
10:2028730:T:A	2028730	0.628513	5221.37	12038.7	-0.362796
10:2028935:TCACACACC:T	2028935	0.626796	5226.43	11930.3	-0.358446
10:2029105:A:AT	2029105	0.369457	8215.61	5177.77	0.200497
10:2029115:AT:A	2029115	0.0758901	5103.93	3555.28	0.157031
10:2029116:T:A	2029116	0.333229	10937.2	3807.66	0.45825
10:2029122:T:A	2029122	0.138195	24977.7	3380.91	0.868518
10:2029342:T:C	2029342	0.628513	5844.04	10216.1	-0.242572
10:2029401:T:C	2029401	0.373204	12273.6	4784.37	0.409148
10:2029408:T:C	2029408	0.158339	22196	4213.91	0.72159
10:2029446:A:G	2029446	0.628513	6342.33	10216.1	-0.207036
10:2029650:C:T	2029650	0.627108	6366.81	10141.1	-0.202163
10:2029856:C:T	2029856	0.628513	6345.18	10216.1	-0.206841
10:2029857:C:T	2029857	0.628513	6345.18	10216.1	-0.206841
10:2030302:T:C	2030302	0.628513	6345.18	10216.1	-0.206841
10:2030443:T:A	2030443	0.628513	6345.18	10216.1	-0.206841
10:2030447:A:G	2030447	0.628513	6345.18	10216.1	-0.206841
10:2030469:A:C	2030469	0.223766	12969	4854.17	0.426793
10:2030513:G:A	2030513	0.0541849	24789.9	3795.44	0.815013
10:2030567:T:C	2030567	0.255465	10675.6	5161.59	0.315609
10:2030671:G:T	2030671	0.627264	6273.9	9832.55	-0.195129
10:2030674:G:C	2030674	0.681449	5159.19	13521.4	-0.418438
10:2030708:G:A	2030708	0.0541849	24643.9	3898.82	0.800775
10:2030753:G:A	2030753	0.627264	6273.11	10066.3	-0.205388
10:2030884:A:G	2030884	0.62664	6278.54	10033.2	-0.203579
10:2031004:A:T	2031004	0.627264	6277.64	10066.3	-0.205075
10:2031169:C:G	2031169	0.62945	6236.21	10142.9	-0.21124
10:2031286:G:T	2031286	0.62945	6236.21	10142.9	-0.21124
10:2031401:T:C	2031401	0.627264	6277.64	10053.9	-0.204539
10:2031517:C:T	2031517	0.371955	12371.1	4874.71	0.404459
10:2031543:G:A	2031543	0.627264	6177.16	10053.9	-0.211547
10:2031652:G:A	2031652	0.0591818	18909.3	3806.97	0.696096
10:2031669:G:T	2031669	0.627264	6328.38	10053.9	-0.201043
10:2031733:G:A	2031733	0.627577	6322.13	10063.1	-0.201867
10:2031746:T:A	2031746	0.627264	6328.38	10052.8	-0.200992
10:2031797:C:T	2031797	0.627264	6328.38	10052.8	-0.200992
10:2031828:A:G	2031828	0.681449	5205.15	13502.8	-0.413991
10:2031855:G:C	2031855	0.627264	6328.38	10090.7	-0.202627
10:2031885:T:C	2031885	0.627264	6328.38	10090.7	-0.202627
10:2031891:C:T	2031891	0.627264	6328.38	10090.7	-0.202627
10:2032005:G:A	2032005	0.627264	6328.38	10090.7	-0.202627
10:2032136:CAA:C	2032136	0.624297	6360.7	9933.86	-0.193613
10:2032197:T:C	2032197	0.627264	6334.14	10090.7	-0.202232
10:2032215:G:A	2032215	0.140849	32298.7	3715.77	0.939135
10:2032231:C:T	2032231	0.158182	22190.3	4264.74	0.716271
10:2032244:T:C	2032244	0.627264	6130.62	11174.2	-0.260712
10:2032264:A:G	2032264	0.627264	6130.62	11174.2	-0.260712
10:2032420:A:G	2032420	0.372111	12708.6	5682.44	0.349565
10:2032430:A:T	2032430	0.22361	12993.8	5551.62	0.369317
10:2032607:G:A	2032607	0.62742	6247.81	11180.3	-0.252726
10:2032788:T:C	2032788	0.627264	6250.8	11177.8	-0.252421
10:2032993:C:A	2032993	0.252186	11223.4	5964.86	0.274525
10:2033086:GT:G	2033086	0.627264	7474.66	11177.8	-0.174766
10:2033440:T:C	2033440	0.627264	7474.66	11177.8	-0.174766
10:2034015:T:A	2034015	0.0529357	25641.9	4483.83	0.757302
10:2034059:C:T	2034059	0.62742	7472.15	10998	-0.167868
10:2034145:G:C	2034145	0.627264	7475.84	10990.2	-0.167345
10:2034446:T:C	2034446	0.627889	7457.03	11017.4	-0.169511
10:2034465:G:A	2034465	0.625703	7522.17	10894.1	-0.160848
10:2034801:A:G	2034801	0.627264	7470.72	10983.7	-0.167388
10:2034940:A:G	2034940	0.627264	7470.72	10983.7	-0.167388
10:2035057:G:A	2035057	0.681137	6180.41	14823.1	-0.379921
10:2035078:G:A	2035078	0.62742	7467.25	10926.1	-0.165306
10:2035228:A:C	2035228	0.20534	15814.4	5743.62	0.439868
10:2035618:C:T	2035618	0.20534	15810.4	5743.52	0.439765
10:2035931:T:C	2035931	0.683167	5493.61	14950.4	-0.434796
10:2035938:T:C	2035938	0.628826	6578.23	10792.2	-0.215001
10:2035941:A:ATTTC	2035941	0.678014	5487.38	14480.3	-0.421412
10:2035951:C:T	2035951	0.682854	5416.42	14921.3	-0.440094
10:2036152:C:A	2036152	0.646159	6143.52	11753.1	-0.281735
10:2036402:G:A	2036402	0.237352	12038.9	5844.33	0.313852
10:2036511:A:G	2036511	0.105403	11070	4251.47	0.415608
10:2036515:C:A	2036515	0.647564	5709.96	11901.4	-0.318965
10:2036577:G:A	2036577	0.433323	9690.55	6737.36	0.157858
10:2037094:A:T	2037094	0.204247	15830.2	5320.35	0.473546
10:2037207:G:C	2037207	0.696908	4791.12	16020.9	-0.524251
10:2037214:A:AATG	2037214	0.430824	9715.82	6551.68	0.171127
10:2037230:C:A	2037230	0.43223	9649.12	6555.34	0.167892
10:2037544:C:T	2037544	0.695034	4849.9	15548.8	-0.505966
10:2037605:T:G	2037605	0.697533	4817.96	16013.5	-0.521623
10:2037733:T:C	2037733	0.214397	14349.2	5292.36	0.433178
10:2037741:A:AAAAAACGTG	2037741	0.644753	5628.34	12031.5	-0.329941
10:2037743:T:A	2037743	0.645378	5620.52	12104.2	-0.333161
10:2037744:C:T	2037744	0.214397	14296.8	5325.9	0.428847
10:2037777:AATT:A	2037777	0.214241	14325.1	5324.13	0.429849
10:2037799:G:A	2037799	0.204247	15956.9	5011.15	0.503011
10:2038010:A:C	2038010	0.316209	15607.4	4836.17	0.508829
10:2038015:A:G	2038015	0.431449	9100.11	6744.8	0.130078
10:2038077:G:T	2038077	0.431449	9100.11	6744.8	0.130078
10:2038275:T:A	2038275	0.645846	5688.07	12179.7	-0.330671
10:2038316:G:A	2038316	0.0585572	23774.7	3880.13	0.78727
10:2038535:G:A	2038535	0.0602748	22543.2	3892.89	0.762743
10:2038851:A:G	2038851	0.64569	5674.34	12159.4	-0.330995
10:2038858:C:T	2038858	0.431449	9058.4	6885.94	0.119088
10:2039032:G:T	2039032	0.431449	9058.4	6885.94	0.119088
10:2039183:G:A	2039183	0.431449	9058.4	6885.94	0.119088
10:2039269:A:C	2039269	0.431918	9039.46	6886.22	0.118162
10:2039357:G:A	2039357	0.0608994	22044.6	3750.48	0.769214
10:2039418:T:C	2039418	0.301843	8090.58	5930.94	0.134856
10:2039558:A:C	2039558	0.317146	15527.7	4345.01	0.553117
10:2039577:A:G	2039577	0.21471	14389.8	4674.22	0.488345
10:2039730:C:T	2039730	0.21268	14487.1	4656.64	0.492907
10:2039731:A:G	2039731	0.699875	4610.87	13907.9	-0.479479
10:2039839:G:A	2039839	0.661305	5232.26	11324.8	-0.335342
10:2039849:G:A	2039849	0.449407	8040.59	6273.38	0.107787
10:2040113:C:T	2040113	0.483604	4200.41	7186.11	-0.233202
10:2040163:G:A	2040163	0.379763	5318.29	5367.1	-0.00396834
10:2040208:A:AG	2040208	0.704872	3210.32	13147.5	-0.612294
10:2040243:G:A	2040243	0.272017	6313.99	4211.6	0.175857
10:2040575:C:T	2040575	0.440194	6191.25	5345.23	0.0638119
10:2040780:G:A	2040780	0.479076	5364.4	5703.2	-0.0265973
10:2040873:C:T	2040873	0.489694	5173.19	5830.94	-0.0519796
10:2041215:A:T	2041215	0.656152	3493.37	9289.86	-0.424764
10:2041248:A:G	2041248	0.654591	3519.95	9217.86	-0.418094
10:2041345:G:A	2041345	0.0882261	9002.84	2815.94	0.504756
10:2041488:A:G	2041488	0.554497	4040.8	7206.24	-0.251241
10:2041490:G:C	2041490	0.554497	4040.8	7206.24	-0.251241
10:2041511:A:G	2041511	0.639288	3177.01	9499.15	-0.475666
10:2041530:TAC:T	2041530	0.191755	5909.77	3259.57	0.25841
10:2041535:G:A	2041535	0.189725	6209.85	3214.08	0.286024
10:2041815:T:C	2041815	0.522017	5391.25	6301.24	-0.0677361
10:2041941:A:G	2041941	0.562461	4789.96	7598.64	-0.200404
10:2042038:C:CT	2042038	0.325422	10566.4	3484.63	0.481772
10:2042487:CT:C	2042487	0.0865084	9045.02	2873.44	0.498007
10:2042503:G:A	2042503	0.566989	4637.87	8940.07	-0.285023
10:2042532:C:T	2042532	0.0594941	18021.8	2603.86	0.84018
10:2042581:A:C	2042581	0.486259	5917.45	6493.57	-0.0403489
10:2042912:T:C	2042912	0.521081	5252.49	7616.93	-0.161415
10:2043021:G:GTT	2043021	0.0680824	11140.8	2694.29	0.616474
10:2043029:C:T	2043029	0.5203	5289.56	7592.47	-0.156963
10:2043042:T:C	2043042	0.520924	5280.51	7612.05	-0.158825
10:2043168:A:T	2043168	0.521081	5278.22	7616.93	-0.159292
10:2043213:C:T	2043213	0.524984	5201.79	7755.93	-0.173481
10:2043246:G:A	2043246	0.103685	10437.2	2763.11	0.577188
10:2043284:G:A	2043284	0.521081	5241.84	7631.84	-0.163146
10:2043477:C:T	2043477	0.431293	7093.12	5232.11	0.132161
10:2043556:A:C	2043556	0.580418	4356.16	9595.19	-0.34295
10:2043631:C:T	2043631	0.0588695	23671.9	2663.36	0.948803
10:2043684:G:A	2043684	0.421768	8033.03	5292.47	0.181221
10:2043708:T:C	2043708	0.501405	6745.64	7032.74	-0.018101
10:2043876:G:A	2043876	0.519675	6894.13	7919.01	-0.0601913
10:2044178:G:GATAA	2044178	0.519675	6894.13	7919.01	-0.0601913
10:2044307:T:C	2044307	0.519675	6894.13	7919.01	-0.0601913
10:2044570:C:A	2044570	0.518738	6914.17	7888.96	-0.0572796
10:2044668:T:C	2044668	0.520144	6891.32	7924.5	-0.0606693
10:2044729:A:G	2044729	0.722517	3662.12	16562.6	-0.655395
10:2045052:A:G	2045052	0.0872892	19236.3	3121.12	0.789811
10:2045284:G:C	2045284	0.722829	3662.34	16593.6	-0.656181
10:2045458:G:C	2045458	0.519988	6902.48	8232.61	-0.0765321
10:2045765:A:G	2045765	0.519831	6906.22	8231.96	-0.0762627
10:2046199:C:T	2046199	0.519831	6906.22	8231.96	-0.0762627
10:2046333:G:A	2046333	0.603685	5234.44	11303	-0.334325
10:2046402:T:C	2046402	0.519831	6906.22	7933.75	-0.0602378
10:2046710:T:G	2046710	0.536696	6533.43	8676.98	-0.123227
10:2046932:T:C	2046932	0.5901	5601.38	10869.7	-0.287922
10:2047042:G:A	2047042	0.5901	5601.38	10869.7	-0.287922
10:2047205:TA:T	2047205	0.161774	10986.4	3862.95	0.453938
10:2047206:A:T	2047206	0.357901	10078.1	5082.97	0.297261
10:2047230:T:C	2047230	0.519675	6498.68	8298.85	-0.106193
10:2047363:A:AC	2047363	0.524672	6382.15	8622.74	-0.130678
10:2047589:T:A	2047589	0.5203	6488.93	8399.3	-0.11207
10:2047632:G:T	2047632	0.5203	6488.93	8399.3	-0.11207
10:2047647:C:A	2047647	0.5203	6488.93	8399.3	-0.11207
10:2047788:A:G	2047788	0.524984	6377.54	8628.72	-0.131293
10:2047974:C:A	2047974	0.520144	6488.66	8311.28	-0.107513
10:2047983:G:A	2047983	0.520144	6488.66	8311.28	-0.107513
10:2048002:CAA:C	2048002	0.520144	6487.48	8311.27	-0.107591
10:2048178:T:A	2048178	0.5203	6484.4	8411.85	-0.113021
10:2048357:C:T	2048357	0.179575	22431.3	3210.95	0.844221
10:2048738:C:A	2048738	0.519988	5642.35	8306.56	-0.167961
10:2048804:C:T	2048804	0.5203	5590.81	8396.34	-0.176615
10:2048896:A:G	2048896	0.519519	5629.47	8280.78	-0.167604
10:2049025:C:T	2049025	0.0810431	15958	3021.96	0.722688
10:2049129:T:C	2049129	0.520456	5183.36	8305.67	-0.204763
10:2049179:A:G	2049179	0.0829169	15405.6	2984.21	0.712848
10:2049199:C:A	2049199	0.48782	5984.88	7247.95	-0.0831596
10:2049253:A:G	2049253	0.590881	4090.33	10874.9	-0.424666
10:2049291:C:T	2049291	0.156465	12373.8	3049.86	0.608223
10:2049412:C:T	2049412	0.522486	5450.17	7720.01	-0.151208
10:2049450:A:G	2049450	0.520456	5491.12	7693.49	-0.146463
10:2049513:C:T	2049513	0.514366	5554.82	7506.83	-0.130787
10:2049562:G:A	2049562	0.519831	5446.6	7672.83	-0.14883
10:2049879:C:T	2049879	0.520456	5467.35	7705.13	-0.149003
10:2050256:C:CA	2050256	0.533729	5228.37	8341.32	-0.202869
10:2050282:G:A	2050282	0.537477	5173.23	8492.49	-0.215273
10:2050293:G:C	2050293	0.537477	5173.23	8492.49	-0.215273
10:2050300:A:G	2050300	0.537477	5173.23	8492.49	-0.215273
10:2050582:C:G	2050582	0.0882261	18452.2	2820.25	0.815759
10:2050608:T:C	2050608	0.542161	4594.34	8675.72	-0.276083
10:2050633:T:G	2050633	0.180044	22116.6	2656	0.92049
10:2050694:G:A	2050694	0.537477	4358.08	8477.79	-0.288987
10:2050726:C:A	2050726	0.537477	4358.08	8477.79	-0.288987
10:2050750:T:C	2050750	0.537477	4358.08	8477.79	-0.288987
10:2050769:A:G	2050769	0.590725	3379.34	10451.1	-0.490329
10:2050802:A:G	2050802	0.542161	4285.96	8481.01	-0.296399
10:2050916:T:C	2050916	0.44925	5546.32	6131.71	-0.0435768
10:2050956:T:C	2050956	0.453935	5438.59	6235.12	-0.0593585
10:2051014:A:G	2051014	0.453935	5438.59	6235.12	-0.0593585
10:2051161:C:CTGCCTCCTA	2051161	0.399594	6594.6	5105.28	0.111169
10:2051212:C:A	2051212	0.602748	2989.76	10830.1	-0.558997
10:2051224:T:A	2051224	0.39975	6589.57	5050.58	0.115516
10:2051297:AGTC:A	2051297	0.270768	11488	3133.48	0.564218
10:2051391:G:C	2051391	0.422548	5341.84	5517.62	-0.0140607
10:2051798:A:C	2051798	0.180668	21986	2633.18	0.921664
10:2051803:C:T	2051803	0.109931	12513.2	3214.83	0.590212
10:2051981:G:T	2051981	0.196908	6215.56	4148.61	0.175577
10:2052041:C:T	2052041	0.205965	5709.35	4229.28	0.13032
10:2052237:A:G	2052237	0.377108	6960.76	4674.91	0.172883
10:2052390:G:A	2052390	0.0673017	11218.4	3414.1	0.516655
10:2052394:G:A	2052394	0.0671455	11267.8	3413.09	0.518692
10:2052441:G:A	2052441	0.255309	5218.24	4823.58	0.0341546
10:2052645:G:A	2052645	0.207683	7477.06	4011.47	0.270428
10:2052922:G:A	2052922	0.507183	2986.48	7884.81	-0.421631
10:2052962:C:A	2052962	0.0515303	18387.4	2891.16	0.803447
10:2053022:C:A	2053022	0.501874	7781.58	2794.17	0.444815
10:2053122:T:C	2053122	0.189413	9775.2	3805.58	0.409705
10:2053123:A:G	2053123	0.0662086	11750.6	3128.79	0.574683
10:2053143:G:T	2053143	0.220331	8298.8	4274.01	0.28818
10:2053236:A:G	2053236	0.238445	8019.33	4509.89	0.249972
10:2053272:T:C	2053272	0.238445	8019.33	4509.89	0.249972
10:2053386:A:C	2053386	0.238132	8032.75	4507.26	0.250951
10:2053399:T:A	2053399	0.238132	8032.75	4507.26	0.250951
10:2053508:T:C	2053508	0.238601	8003.24	4509.82	0.249106
10:2053532:A:G	2053532	0.238601	8003.24	4509.82	0.249106
10:2053643:G:C	2053643	0.238445	8011.3	4508.85	0.249637
10:2053854:T:C	2053854	0.249532	7501.53	4516.16	0.220381
10:2053860:C:T	2053860	0.0605871	23405.9	2791.08	0.923554
10:2054050:C:A	2054050	0.249063	7527.91	4584.98	0.215337
10:2054136:C:T	2054136	0.0544972	17040.7	2810.8	0.782658
10:2054205:G:A	2054205	0.249375	7509.5	4443.57	0.227879
10:2054316:A:G	2054316	0.507808	7720.16	2678.09	0.459802
10:2054352:C:T	2054352	0.249219	7518.8	3980.29	0.276234
10:2054472:A:C	2054472	0.0576202	15352.4	2681.95	0.757726
10:2054710:G:A	2054710	0.249063	7527.91	3992.58	0.275421
10:2054838:T:A	2054838	0.507808	7721.65	2720.72	0.453027
10:2054906:C:T	2054906	0.0544972	17040.7	2664.32	0.8059
10:2054980:T:C	2054980	0.249063	7527.91	4144.8	0.259171
10:2054999:C:T	2054999	0.249063	7527.91	4144.8	0.259171
10:2055077:G:A	2055077	0.209557	9302.46	3525.7	0.421352
10:2055384:A:AT	2055384	0.191599	10432.1	3366.66	0.491173
10:2055490:C:G	2055490	0.718457	4652.89	4646.61	0.000586394
10:2055516:T:C	2055516	0.209713	9731.27	3505.86	0.443375
10:2055529:C:T	2055529	0.356808	4881.75	5004	-0.0107412
10:2055559:T:G	2055559	0.209557	9745.63	3142.05	0.491597
10:2055589:G:C	2055589	0.209244	9758.28	3139.59	0.492501
10:2055593:C:A	2055593	0.2094	9752.52	3140.82	0.492074
10:2055629:T:C	2055629	0.2094	9753.22	3140.83	0.492104
10:2055632:T:C	2055632	0.359307	4829.22	5043.8	-0.0188814
10:2055719:G:GAA	2055719	0.20331	10156	3199.6	0.501627
10:2055732:G:GAA	2055732	0.209244	9902.12	3246.23	0.484349
10:2055861:T:G	2055861	0.209557	9888.43	3248.69	0.483419
10:2056150:A:T	2056150	0.333698	14878.2	2222.5	0.82571
10:2056163:A:G	2056163	0.209557	9888.43	3091.52	0.504955
10:2056173:TTG:T	2056173	0.209244	9898.73	3089.14	0.505742
10:2056228:A:T	2056228	0.132417	11171	2772.36	0.605242
10:2056272:A:C	2056272	0.209557	9885.67	3090.05	0.50504
10:2056483:T:C	2056483	0.209557	9885.67	3090.05	0.50504
10:2056487:G:A	2056487	0.356808	5136.89	4828.17	0.0269185
10:2056553:ATG:A	2056553	0.333542	14888.9	2138.1	0.842834
10:2056616:T:C	2056616	0.359463	5065.14	4801.66	0.0232
10:2056625:T:A	2056625	0.0652717	12803.3	2440.69	0.71981
10:2056821:C:A	2056821	0.35837	5106.94	4769.87	0.0296544
10:2056846:G:A	2056846	0.209557	9885.67	3232.41	0.485479
10:2056897:G:A	2056897	0.333542	14888.9	2434.06	0.786531
10:2056940:T:C	2056940	0.209557	9885.67	3505.42	0.450265
10:2057033:T:C	2057033	0.209557	9885.67	3505.42	0.450265
10:2057105:T:G	2057105	0.2094	9894.77	3504.08	0.450832
10:2057220:A:G	2057220	0.209557	9884.77	3505.42	0.450226
10:2057239:T:A	2057239	0.209557	9884.77	3505.42	0.450226
10:2057291:C:T	2057291	0.209557	9884.77	3505.42	0.450226
10:2057353:T:C	2057353	0.209557	9884.77	3505.42	0.450226
10:2057400:T:C	2057400	0.209557	9884.77	3505.42	0.450226
10:2057476:C:T	2057476	0.0565272	16656.6	2736.42	0.784404
10:2057654:T:A	2057654	0.209557	9884.77	3369.75	0.467369
10:2057724:C:T	2057724	0.334166	14852.7	2343.3	0.801975
10:2057760:A:G	2057760	0.0566833	16579.1	2536.5	0.815325
10:2057874:G:A	2057874	0.33401	14865.7	2521.22	0.770575
10:2057934:T:C	2057934	0.209557	9884.77	3867.52	0.407533
10:2058180:C:T	2058180	0.054341	17145.6	3003.51	0.756524
10:2058185:G:A	2058185	0.209557	9884.77	3864.74	0.407846
10:2058494:G:A	2058494	0.209557	9884.77	3864.74	0.407846
10:2058563:C:A	2058563	0.209557	9884.77	3864.74	0.407846
10:2058942:G:A	2058942	0.108994	17110.8	3212.31	0.726454
10:2058986:GA:G	2058986	0.209557	8579.81	3864.74	0.346357
10:2059017:T:A	2059017	0.55075	2644.35	9557.24	-0.558013
10:2059060:T:C	2059060	0.067614	14991.8	2925.37	0.709671
10:2059143:C:G	2059143	0.209557	8579.81	3749.82	0.359467
10:2059154:G:A	2059154	0.209557	8579.81	3749.82	0.359467
10:2059352:C:CAG	2059352	0.0554341	16527.8	2877.98	0.759128
10:2059367:T:C	2059367	0.360556	4435.33	5779.79	-0.114986
10:2059500:G:T	2059500	0.210025	8538.45	3653.08	0.368719
10:2059633:C:G	2059633	0.2094	8587.97	3649.13	0.3717
10:2059669:C:T	2059669	0.152873	8489.64	3311.3	0.40889
10:2059688:T:A	2059688	0.209557	8579.89	4247.99	0.305299
10:2059721:A:G	2059721	0.2094	8587.34	4246.33	0.305846
10:2059773:C:G	2059773	0.209557	8579.44	4247.99	0.305276
10:2059888:T:G	2059888	0.209557	8579.44	4247.99	0.305276
10:2059893:G:A	2059893	0.209557	8579.44	4247.99	0.305276
10:2060064:G:A	2060064	0.209713	8567.21	4248.21	0.304634
10:2060239:T:C	2060239	0.146002	6401.04	3684.45	0.239878
10:2060443:A:G	2060443	0.2094	8579.59	4366.63	0.293321
10:2060472:A:G	2060472	0.0651156	13128.7	3404.75	0.586136
10:2060783:A:G	2060783	0.209244	8570.27	4640.42	0.266438
10:2061288:C:T	2061288	0.209244	8560.14	4640.67	0.265901
10:2061808:C:A	2061808	0.100406	19723.5	3778.22	0.717697
10:2062005:T:C	2062005	0.234229	6772.69	4892.99	0.141187
10:2062173:C:G	2062173	0.234229	6772.69	4892.99	0.141187
10:2062221:G:A	2062221	0.634291	2547.7	12785	-0.700553
10:2062278:G:A	2062278	0.209557	8175.33	3775.32	0.335552
10:2062745:CA:C	2062745	0.343223	8951.71	3160.24	0.452187
10:2063411:A:G	2063411	0.0790131	6470.52	2919.94	0.345566
10:2063433:G:A	2063433	0.876796	2988.01	3936.86	-0.119768
10:2064013:C:T	2064013	0.0587133	8738.48	2671	0.514762
10:2064224:C:A	2064224	0.181761	2901.31	2842.35	0.00891678
10:2064276:A:G	2064276	0.161149	8128.57	1961.39	0.617449
10:2064357:G:C	2064357	0.454872	1211.93	3451.45	-0.454526
10:2064425:C:A	2064425	0.27233	4546.49	2127.15	0.329879
10:2064474:C:T	2064474	0.123048	6767.55	1665.11	0.608987
10:2064475:C:T	2064475	0.123048	6767.55	1665.11	0.608987
10:2064644:A:G	2064644	0.355403	5539.84	2171.4	0.406758
10:2065618:A:G	2065618	0.440194	6418.95	3335.54	0.284297
10:2065841:C:T	2065841	0.0529357	11869.4	3006.71	0.596337
10:2065896:C:A	2065896	0.896939	3233.2	17143.4	-0.724465
10:2065916:A:G	2065916	0.0594941	17122.7	2963.68	0.761741
10:2065952:A:ATAGCTGC	2065952	0.903966	3170.92	19967.8	-0.799146
10:2065988:A:C	2065988	0.299032	8443.66	3802.82	0.346425
10:2066385:A:G	2066385	0.903498	3347.84	19967.5	-0.775558
10:2066419:C:A	2066419	0.888663	3432.48	15130.6	-0.64425
10:2066420:C:A	2066420	0.880231	3499.7	13746	-0.594145
10:2066566:C:T	2066566	0.0665209	19610.3	3203.11	0.786912
10:2066637:C:T	2066637	0.0651156	17874	3148.67	0.754095
10:2066829:T:TAAAAA	2066829	0.231262	19563.6	2217.6	0.945566
10:2066840:AG:A	2066840	0.336352	4402.17	4543.7	-0.0137422
10:2066841:G:A	2066841	0.319644	7758.95	3969.53	0.291064
10:2066843:AAG:A	2066843	0.100094	8569.66	3978.62	0.333231
10:2066844:AG:A	2066844	0.0724547	16714.9	4047.68	0.615896
10:2067431:A:C	2067431	0.902249	4268.41	20356.2	-0.678431
10:2067742:TTTTATTTA:T	2067742	0.339319	14433	4048.8	0.552031
10:2067975:A:G	2067975	0.909275	5101.93	24653.8	-0.684149
10:2068216:T:C	2068216	0.065584	38808	4866.66	0.90169
10:2068438:T:A	2068438	0.0671455	20692.1	5639.46	0.564568
10:2068488:G:C	2068488	0.0651156	18959.8	5700.66	0.521908
10:2068761:A:G	2068761	0.909744	5848.59	24902.5	-0.629192
10:2068836:G:A	2068836	0.0651156	18959.8	5685.83	0.523039
10:2069153:AT:A	2069153	0.0651156	18959.8	5685.83	0.523039
10:2069238:T:C	2069238	0.909744	5945.81	24902.5	-0.622033
10:2069980:C:T	2069980	0.146471	15715.7	6228.67	0.401938
10:2070279:A:T	2070279	0.0626171	20172.2	5524.59	0.562454
10:2070499:G:C	2070499	0.0763585	16947.5	5450.95	0.492633
10:2070603:G:T	2070603	0.0644909	19137.9	5551.18	0.53751
10:2070980:T:A	2070980	0.147408	15704.1	6231.03	0.401452
10:2070997:A:G	2070997	0.147564	15674.5	6233.03	0.400494
10:2071235:G:A	2071235	0.140225	22314	5931.26	0.575431
10:2071391:A:G	2071391	0.898345	6171.39	19551.8	-0.500805
10:2071504:T:A	2071504	0.894441	6217.01	19463.5	-0.49564
10:2071761:A:G	2071761	0.0671455	18095.6	5861.85	0.489537
10:2072220:A:T	2072220	0.887102	6381.96	19980.3	-0.495649
10:2072289:C:G	2072289	0.662242	9062.06	7848.34	0.0624492
10:2072856:A:C	2072856	0.888507	7723.74	27218.6	-0.547039
10:2073309:T:C	2073309	0.874453	7929.32	21436.2	-0.431912
10:2073472:T:C	2073472	0.874141	7934.2	21351.9	-0.429933
10:2073591:T:C	2073591	0.0607433	21786.3	6992.25	0.493566
10:2073930:A:G	2073930	0.873985	7830.28	21300.6	-0.434615
10:2074102:AC:A	2074102	0.854154	8275.13	16243.2	-0.292898
10:2074372:GT:G	2074372	0.225484	13540.9	8126.19	0.221761
10:2074525:C:A	2074525	0.875078	7641.17	21956.1	-0.458395
10:2074590:G:A	2074590	0.0596502	24694.5	6850.5	0.556878
10:2074681:GT:G	2074681	0.624297	12040.3	8421.22	0.155261
10:2075343:T:C	2075343	0.890693	7629.28	27529.2	-0.55731
10:2075420:C:T	2075420	0.0605871	24204.7	7155.15	0.529281
10:2075695:T:C	2075695	0.888351	7930.71	26985.9	-0.531825
10:2075943:A:G	2075943	0.874453	8148.87	21044.3	-0.412038
10:2076440:GA:G	2076440	0.887883	7929.08	26809.6	-0.529068
10:2076996:C:G	2076996	0.627108	12357.7	8428.74	0.166176
10:2077148:C:G	2077148	0.874297	7553.61	21402.8	-0.452316
10:2077217:G:T	2077217	0.180668	21785.4	7930.55	0.438862
10:2077332:C:T	2077332	0.519207	16278.2	6041.73	0.430446
10:2078213:G:A	2078213	0.238445	14960.9	9535.11	0.195631
10:2078825:T:C	2078825	0.238601	14944.6	9538.62	0.195
10:2078859:G:T	2078859	0.873673	8646.42	21216.3	-0.389834
10:2079322:T:C	2079322	0.898345	8355.27	31470.4	-0.575942
10:2081720:C:T	2081720	0.151468	27570.1	8633.98	0.504228
10:2081869:A:G	2081869	0.0610556	24250.7	7408.65	0.514984
10:2082032:G:GT	2082032	0.517333	14636.6	6694.51	0.339723
10:2082033:G:GT	2082033	0.492036	15076.6	6166.77	0.388244
10:2082968:A:T	2082968	0.0601187	25920.2	6531.51	0.598625
10:2083017:C:T	2083017	0.230325	26646	5481.67	0.686719
10:2083168:C:T	2083168	0.0613679	25021	6611.57	0.578001
10:2083285:T:C	2083285	0.896783	6804.93	31522.7	-0.6658
10:2083359:T:C	2083359	0.184572	19795.2	7408.33	0.426841
10:2083381:T:G	2083381	0.0699563	22952.9	6779.25	0.529655
10:2083822:T:C	2083822	0.881636	7254.05	26013	-0.55461
10:2083872:C:T	2083872	0.733916	9958.72	7772.75	0.107629
10:2084130:A:G	2084130	0.881793	7597.22	26080.5	-0.535662
10:2084632:C:A	2084632	0.873517	7769.2	22705.9	-0.465763
10:2084988:G:T	2084988	0.0612117	25099.6	7278.36	0.537633
10:2085722:AAC:A	2085721	0.0652717	22354.4	7335.62	0.483926
10:2085740:GAC:G	2085739	0.166615	23551.9	7716.4	0.484612
10:2086161:C:T	2086161	0.0685509	19935.4	6874.01	0.462415
10:2086488:C:CA	2086488	0.171924	22223.9	7796.15	0.454941
10:2086757:A:C	2086757	0.517021	15552.9	5821.41	0.426782
10:2086872:G:T	2086872	0.0593379	26278.8	6905.89	0.580386
10:2087531:G:A	2087531	0.152249	27409.2	7661.67	0.553574
10:2087726:A:G	2087726	0.0593379	26278.8	7375.99	0.551785
10:2087821:G:A	2087821	0.0560587	30759.5	7273.49	0.626236
10:2088170:G:A	2088170	0.0560587	30759.5	7273.49	0.626236
10:2089169:T:A	2089169	0.137102	10409.2	8393.24	0.0934868
10:2089245:A:G	2089245	0.060431	25497.6	7249.71	0.546179
10:2089718:G:T	2089718	0.897876	7389.89	31520.5	-0.629955
10:2089762:A:G	2089762	0.873204	7590.7	20385.1	-0.429032
10:2089895:A:C	2089895	0.0685509	22349.9	7110.61	0.497368
10:2090173:G:T	2090173	0.184884	20768	7703.45	0.43071
10:2091254:G:A	2091254	0.0685509	22253.7	6963.68	0.504564
10:2091336:A:G	2091336	0.89772	7044.53	31370	-0.648662
10:2091384:C:CA	2091384	0.402405	12773	6310.57	0.306224
10:2091817:T:C	2091817	0.0821362	16256.5	5870.85	0.442327
10:2091883:A:G	2091883	0.0682386	21720.2	5716.87	0.579705
10:2092165:T:A	2092165	0.0523111	31275.1	5316.27	0.769591
10:2092412:G:A	2092412	0.161774	7993.48	6418.4	0.0953088
10:2092465:C:A	2092465	0.0654279	22433	5337.65	0.623537
10:2092466:T:C	2092466	0.0654279	22433	5337.65	0.623537
10:2092575:A:G	2092575	0.0737039	21400.4	5417.06	0.596658
10:2092701:C:CA	2092701	0.110087	9977.14	5562.97	0.253699
10:2092932:T:C	2092932	0.210025	5560.93	6868.41	-0.0917091
10:2092993:G:T	2092993	0.880231	4911.42	22922.7	-0.669058
10:2093014:C:T	2093014	0.914428	4628.22	33855.1	-0.864211
10:2093167:G:A	2093167	0.133042	11146.7	5685.06	0.292411
10:2093452:A:G	2093452	0.129606	10349.6	5580.35	0.268264
10:2093456:GT:G	2093456	0.0874453	17803.5	4891.15	0.561094
10:2093498:G:GAA	2093497	0.0616802	28535.4	4821.32	0.772217
10:2093616:G:T	2093616	0.10837	14342	5496.95	0.416487
10:2093730:A:G	2093730	0.121955	12115.5	5675.29	0.329353
10:2093869:G:T	2093869	0.420206	12956.6	4678.24	0.442409
10:2096305:C:T	2096305	0.112742	24177.6	5080.86	0.677477
10:2096724:T:C	2096724	0.0741724	22216.5	4645.71	0.679623
10:2097182:GGATA:G	2097182	0.0735478	30717.7	4200.26	0.864113
10:2097215:G:A	2097215	0.155215	24009.4	3670.64	0.815639
10:2097219:GATAGATAGA:G	2097219	0.157245	23364.4	3677.63	0.802987
10:2097223:G:A	2097223	0.237352	5827.83	3849.03	0.180155
10:2097227:G:A	2097227	0.270144	10311.2	3627.94	0.453651
10:2097231:A:G	2097231	0.279669	9900.97	3710.87	0.426202
10:2097762:G:GTAGA	2097762	0.21549	7734.69	5168.71	0.17506
10:2097791:T:C	2097791	0.0821362	40737.7	5627.19	0.859705
10:2098599:A:T	2098599	0.233136	13659.2	7915.88	0.236925
10:2098614:C:T	2098614	0.0813554	39682.9	6150.93	0.809663
10:2100599:C:T	2100599	0.074797	49030.4	6331.56	0.888955
10:2101114:T:C	2101114	0.232511	13785.2	8329.92	0.218771
10:2101405:CA:C	2101405	0.182854	20605.4	7489.54	0.439525
10:2102168:C:T	2102168	0.12055	34777.6	6319.52	0.740616
10:2102254:C:G	2102254	0.91396	5661.85	38873.4	-0.836694
10:2102694:A:T	2102694	0.0749532	49000.5	5498.89	0.949925
10:2103028:TA:T	2103028	0.437383	16323.9	5523.2	0.470633
10:2103915:G:C	2103915	0.87055	5657.65	21136.7	-0.572401
10:2104065:C:T	2104065	0.438788	16274.6	5246.69	0.491626
10:2104423:A:T	2104423	0.914272	4878.76	39247.1	-0.905497
10:2104616:G:GCA	2104616	0.0972829	32017.1	4897.65	0.815394
10:2104949:AG:A	2104949	0.11649	36594.1	4948.62	0.868928
10:2104978:G:T	2104978	0.0836977	41990.5	4777.96	0.943909
10:2105024:G:A	2105024	0.0843223	41381.6	4782.21	0.937178
10:2105309:A:G	2105309	0.0815116	39453.5	4610.33	0.932353
10:2105543:C:T	2105543	0.104934	24995.9	4969.81	0.701528
10:2105627:G:A	2105627	0.0807308	40650.6	4548.2	0.951227
10:2105669:C:T	2105669	0.150375	18754.9	5646.86	0.521309
10:2105676:G:A	2105676	0.446908	15906.8	4298.95	0.568219
10:2105883:A:G	2105883	0.608526	9309.67	7298.48	0.105702
10:2105912:C:G	2105912	0.0619925	34257.2	3986.57	0.934153
10:2105946:T:C	2105946	0.519207	11901	5920.53	0.303224
10:2106060:T:G	2106060	0.101499	55271	3484.66	1.20034
10:2106136:G:A	2106136	0.853841	4911.53	17368.9	-0.548556
10:2106186:G:T	2106186	0.0810431	40833.9	3773.48	1.03428
10:2106208:G:A	2106208	0.791693	6086.16	12475.2	-0.311704
10:2106238:G:A	2106238	0.534822	10877.7	5742.65	0.277425
10:2106456:A:G	2106456	0.446752	14738.8	4604.57	0.505274
10:2106538:C:T	2106538	0.104622	25981.7	4549.21	0.756731
10:2106769:G:T	2106769	0.914428	4769.04	39279	-0.91573
10:2107066:A:G	2107066	0.755621	7261.66	12445.7	-0.233984
10:2107322:A:T	2107322	0.755309	7267.44	12418.5	-0.232686
10:2107685:G:A	2107685	0.194097	28046.8	4448.41	0.799679
10:2107767:G:A	2107767	0.755309	7240.63	12425.5	-0.234536
10:2107793:G:A	2107793	0.104622	25981.7	5407.51	0.681669
10:2108060:C:T	2108060	0.111961	39593.6	5226.64	0.879403
10:2108099:G:A	2108099	0.0815116	40395.4	4728.19	0.931637
10:2108254:A:G	2108254	0.11446	37884.7	5276.3	0.856134
10:2108531:G:T	2108531	0.215646	16054.6	6750.15	0.376285
10:2108662:C:G	2108662	0.111961	39593.6	5769.36	0.836497
10:2108864:A:G	2108864	0.754216	7810.44	12329.4	-0.198266
10:2109005:T:C	2109005	0.755153	7773.92	12417.8	-0.203404
10:2109134:G:A	2109134	0.798095	7046.72	16048.9	-0.357459
10:2109160:C:T	2109160	0.666146	9128.23	8855.53	0.0131719
10:2109180:G:T	2109180	0.55075	12092.8	7359.75	0.215663
10:2110314:C:A	2110314	0.755153	8290.7	12789.6	-0.188268
10:2110342:G:A	2110342	0.755153	8290.7	12789.6	-0.188268
10:2111090:GT:G	2111090	0.755153	8290.7	12789.6	-0.188268
10:2111585:T:A	2111585	0.755778	8265.04	12833.2	-0.191091
10:2111777:C:A	2111777	0.0836977	41929.6	5568.29	0.876799
10:2111947:T:C	2111947	0.114304	38244.6	5430.32	0.847745
10:2112018:T:C	2112018	0.755153	7606.51	12775.3	-0.225185
10:2112257:C:T	2112257	0.665522	9213.3	8611.02	0.029361
10:2112374:C:T	2112374	0.755153	7885.75	12775.3	-0.209528
10:2112598:G:T	2112598	0.755153	7885.75	12775.3	-0.209528
10:2112668:A:G	2112668	0.114928	37868.1	5534.8	0.835172
10:2112723:G:A	2112723	0.757964	8708.73	12940.3	-0.171991
10:2112858:T:C	2112858	0.755153	8772.14	12662.7	-0.15942
10:2112979:C:T	2112979	0.804809	7815.69	16503.6	-0.324613
10:2113000:T:A	2113000	0.0619925	34180.4	5797.36	0.770548
10:2113023:A:G	2113023	0.0813554	41116.9	5549.56	0.869761
10:2113309:C:G	2113309	0.751874	9500.72	10042.3	-0.0240774
10:2114394:G:A	2114394	0.618832	10826.4	9062.75	0.0772262
10:2114796:T:C	2114796	0.115553	39150.8	6054.45	0.810666
10:2114965:T:G	2114965	0.855715	7620.01	22943.9	-0.478713
10:2115256:C:T	2115256	0.102748	43809.1	6875.07	0.804287
10:2115389:G:A	2115389	0.431761	21392.6	5445.48	0.594229
10:2115729:G:A	2115729	0.66599	10284.2	9464.9	0.0360565
10:2115909:A:G	2115909	0.66599	10284.2	9464.9	0.0360565
10:2116204:T:C	2116204	0.6599	10454.5	9127.26	0.0589624
10:2116330:C:T	2116330	0.879919	6582.46	29039.7	-0.644604
10:2116373:C:A	2116373	0.424266	22235.8	5275.59	0.624781
10:2116378:T:C	2116378	0.0744847	28223.5	6199.68	0.658241
10:2116864:C:T	2116864	0.423798	22273.7	5428.61	0.613104
10:2117113:G:C	2117113	0.665834	10124.9	9957.2	0.0072522
10:2117307:C:G	2117307	0.172861	18639.5	7208.37	0.412597
10:2117509:G:A	2117509	0.623985	11315.6	8054.95	0.147613
10:2117773:C:T	2117773	0.0673017	41427.4	6127.88	0.829978
10:2117876:C:A	2117876	0.466427	18876.4	6413.98	0.468792
10:2117881:G:C	2117881	0.173485	25217.4	7307.49	0.537933
10:2117951:A:C	2117951	0.851187	7303.68	23339	-0.504541
10:2118195:C:G	2118195	0.666615	10792.9	9815.57	0.0412224
10:2118325:C:T	2118325	0.658651	11109.1	9323.22	0.0761127
10:2118355:A:G	2118355	0.669425	10720.8	9974.46	0.0313399
10:2118533:T:C	2118533	0.658651	11109.1	9341.26	0.075273
10:2118637:A:G	2118637	0.658182	11116.3	9316.03	0.0767303
10:2118751:G:A	2118751	0.465178	19025.8	6250	0.483462
10:2118872:G:A	2118872	0.669269	10732.6	9964.75	0.0322397
10:2118944:G:C	2118944	0.0651156	30322.2	6389.97	0.676262
10:2118988:T:C	2118988	0.658651	11113.5	9018.66	0.090709
10:2119054:T:C	2119054	0.669269	10734.9	9593.93	0.0488001
10:2119147:C:A	2119147	0.170362	20622.3	7557.14	0.43598
10:2119416:T:C	2119416	0.658339	11120.5	9413.02	0.0723962
10:2119417:G:A	2119417	0.658339	11120.5	9413.02	0.0723962
10:2119640:G:A	2119640	0.146471	32964.7	6905.02	0.678885
10:2119696:A:G	2119696	0.658495	10844.8	9421.2	0.0611156
10:2119785:C:G	2119785	0.466896	18907.7	6198.43	0.484357
10:2119804:C:G	2119804	0.65787	10856.7	9387.22	0.0631598
10:2119811:C:T	2119811	0.65787	10856.7	9387.22	0.0631598
10:2119814:C:T	2119814	0.65787	10856.7	9387.22	0.0631598
10:2119819:T:TA	2119819	0.65787	10856.7	9387.22	0.0631598
10:2119923:C:T	2119923	0.658495	10849.7	9421.2	0.0613108
10:2119942:G:A	2119942	0.172861	24710.1	7235.55	0.533402
10:2119954:T:C	2119954	0.658495	11068.7	9421.2	0.0699894
10:2119958:A:AT	2119958	0.658495	11068.7	9421.2	0.0699894
10:2119994:T:C	2119994	0.658495	11068.7	9421.2	0.0699894
10:2120154:A:G	2120154	0.660525	11001.5	9527.66	0.0624672
10:2120191:G:T	2120191	0.658963	11056	9436	0.0688092
10:2120366:T:C	2120366	0.658963	11056	9436	0.0688092
10:2120451:C:T	2120451	0.146315	33030.4	6966.1	0.675924
10:2120622:A:G	2120622	0.679575	10715.2	10501	0.00876761
10:2120678:A:G	2120678	0.661305	11370.2	9415.07	0.0819447
10:2120925:G:A	2120925	0.169269	20847.4	7752.47	0.429612
10:2120929:G:A	2120929	0.0944722	50799.3	6690.25	0.880416
10:2120993:G:A	2120993	0.668801	11115	9481.46	0.0690353
10:2121047:A:AT	2121047	0.669738	11083.1	9532.17	0.0654712
10:2121374:A:G	2121374	0.662711	11304.8	9216.46	0.0886982
10:2121487:T:TAATA	2121487	0.0804185	9949.65	6661.99	0.174204
10:2121999:A:T	2121999	0.668645	11201.9	9414.56	0.0754902
10:2122055:C:G	2122055	0.906933	6791.6	34769.4	-0.709225
10:2122194:C:T	2122194	0.424735	22706.7	5780.93	0.594156
10:2122265:T:A	2122265	0.17005	21007.1	7858.13	0.427047
10:2122539:C:T	2122539	0.173173	25371.1	7988.06	0.501899
10:2122556:C:T	2122556	0.106184	42295.2	6021.56	0.846582
10:2122824:T:C	2122824	0.146783	33375.4	7022.81	0.676916
10:2123159:T:C	2123159	0.144597	34174.5	6990.7	0.689181
10:2123248:A:G	2123248	0.468457	17664.3	7348.72	0.380884
10:2123477:T:A	2123477	0.658182	10304.1	10563.5	-0.0107977
10:2123580:C:T	2123580	0.268894	17854.9	8367.75	0.32915
10:2123686:C:T	2123686	0.680824	10398.6	12469.5	-0.0788758
10:2125013:G:T	2125013	0.651936	11548.3	10930	0.0238996
10:2125055:TATATC:T	2125055	0.126327	36405.1	6407.9	0.754447
10:2125533:A:G	2125533	0.64366	13691.5	10461.4	0.116863
10:2125584:G:A	2125584	0.477826	20558.5	7780.16	0.422002
10:2125801:A:G	2125801	0.644129	13741.7	10504.6	0.116662
10:2125927:C:T	2125927	0.642099	13823.3	10412.3	0.123064
10:2126206:G:T	2126206	0.0935353	51336.7	7357.9	0.843675
10:2126831:T:C	2126831	0.0943161	50937.9	7366.12	0.839802
10:2127090:A:G	2127090	0.681605	12296.8	12855.9	-0.0193096
10:2127519:C:A	2127519	0.173173	28452.3	8815.79	0.508856
10:2128441:C:G	2128441	0.651468	13136.9	11471	0.0588925
10:2128771:GAA:G	2128771	0.175515	28054.4	8599.42	0.513533
10:2129035:A:G	2129035	0.642099	13788.7	10899.2	0.102128
10:2129294:G:A	2129294	0.651156	13445.9	11458.1	0.0694794
10:2129408:A:G	2129408	0.848064	8753.15	24032.9	-0.438642
10:2130687:G:A	2130687	0.413804	25587.7	7295.99	0.544948
10:2130745:G:A	2130745	0.0640225	30878.1	7111.82	0.637671
10:2130962:C:T	2130962	0.186914	26277.1	9116.18	0.459765
10:2131099:T:TA	2131099	0.186602	26332.8	9110.7	0.460946
10:2131691:C:T	2131691	0.21674	19882	9726.7	0.310495
10:2132440:CCGGGGT:C	2132440	0.460806	21111.9	8094.64	0.416329
10:2132558:TCAA:T	2132558	0.190194	24570.7	8166.01	0.478408
10:2132559:CAAA:C	2132559	0.443004	22078.5	8003.39	0.440696
10:2132997:C:T	2132997	0.453935	21698.7	8397.07	0.412307
10:2133054:C:G	2133054	0.453935	21698.7	8397.07	0.412307
10:2133100:C:G	2133100	0.453935	21694.3	8393.61	0.412397
10:2133139:C:G	2133139	0.452686	21812.5	8357.93	0.416607
10:2133286:G:A	2133286	0.453935	21693.8	8395.62	0.412282
10:2133419:C:T	2133419	0.451437	21929.8	8320.52	0.420884
10:2133470:T:C	2133470	0.45456	21639.2	8406.87	0.410606
10:2133508:T:C	2133508	0.453935	21698.5	8392.95	0.412516
10:2133525:C:G	2133525	0.453935	21698.5	8392.95	0.412516
10:2133763:A:G	2133763	0.453935	21698.5	8392.95	0.412516
10:2133863:C:T	2133863	0.453935	21698.5	8392.95	0.412516
10:2133957:C:T	2133957	0.188476	25795.6	8125.6	0.50169
10:2134000:G:T	2134000	0.169113	24810.2	7639.48	0.511566
10:2134482:C:T	2134482	0.4505	22005	8591.85	0.408435
10:2134612:C:A	2134612	0.0627733	44365.6	5966.57	0.871322
10:2134750:T:C	2134750	0.454716	20478.6	8714.29	0.371068
10:2135333:C:T	2135333	0.450656	20828	8576.19	0.385354
10:2135638:G:A	2135638	0.453154	20653.4	8659.79	0.377483
10:2135668:C:T	2135668	0.642255	12080.2	12066.7	0.000483398
10:2135839:C:G	2135839	0.189257	25580	7782.76	0.516767
10:2135936:T:C	2135936	0.412399	23999.4	6865.15	0.543551
10:2136092:CT:C	2136092	0.451437	21196.9	8237.09	0.410498
10:2136274:G:T	2136274	0.161774	30182	7576.3	0.60029
10:2136316:A:G	2136316	0.056371	37388.6	6624.35	0.751596
10:2136321:G:C	2136321	0.452998	21197.7	9321.05	0.356824
10:2136560:T:C	2136560	0.453154	21183.5	9326.26	0.356291
10:2136963:C:T	2136963	0.452374	21253.8	9300.37	0.358937
10:2137006:G:A	2137006	0.453154	21199.8	9326.26	0.356623
10:2137132:G:A	2137132	0.452998	21213.9	9321.03	0.357157
10:2137359:A:G	2137359	0.454247	21094	9356.01	0.353068
10:2137527:C:A	2137527	0.454403	21087.4	9361.25	0.35269
10:2137658:A:C	2137658	0.454403	21087.4	9361.25	0.35269
10:2137792:A:C	2137792	0.454247	21101.6	9355.95	0.353228
10:2137833:T:G	2137833	0.454403	21088.5	9361.25	0.352712
10:2138138:G:A	2138138	0.452998	21210.2	9316.96	0.357271
10:2138592:A:C	2138592	0.454247	21097.7	9357.74	0.353064
10:2139489:G:A	2139489	0.452842	21216.7	9309.83	0.357737
10:2139788:A:G	2139788	0.849938	7699.98	20310	-0.421221
10:2139891:T:C	2139891	0.452686	21212.3	8211.77	0.41215
10:2139926:A:C	2139926	0.453935	21110.4	8248.23	0.408136
10:2140670:T:G	2140670	0.452842	21211.2	8218.66	0.411765
10:2140729:G:A	2140729	0.452842	21211.2	8218.66	0.411765
10:2140913:T:A	2140913	0.188944	24030.5	7580.01	0.501094
10:2141113:T:C	2141113	0.467989	19954.1	7260.22	0.439083
10:2141342:G:C	2141342	0.467989	19957.5	7260.2	0.439156
10:2141534:TA:T	2141534	0.705497	10106.9	12695.8	-0.0990391
10:2141551:G:A	2141551	0.160212	30226.2	6817.52	0.646756
10:2141606:A:G	2141606	0.682074	11124.4	10056.4	0.0438349
10:2141720:C:T	2141720	0.0949407	46571.4	6227.48	0.873806
10:2142029:T:C	2142029	0.901936	6461.74	32047.3	-0.695442
10:2142405:A:G	2142405	0.0666771	60636.2	5083.26	1.07659
10:2142485:C:G	2142485	0.467052	16987.9	6629.9	0.408634
10:2142694:T:C	2142694	0.450031	18071.5	5864.49	0.488763
10:2142959:C:T	2142959	0.485322	16010.3	6531.18	0.389408
10:2143006:G:T	2143006	0.753123	8157.19	12476.7	-0.184557
10:2143209:G:A	2143209	0.0505934	28185.1	5666.55	0.696701
10:2143260:ATGCAGTGAA:A	2143260	0.0593379	12480	5557.82	0.351309
10:2143645:G:A	2143645	0.37055	17295.6	4409.24	0.593571
10:2143944:C:T	2143944	0.761243	6612.81	10791.6	-0.212701
10:2143987:C:CA	2143987	0.103217	9843.52	4665.21	0.32428
10:2144120:A:G	2144120	0.839319	5302.08	16789.9	-0.500602
10:2144272:A:G	2144272	0.872736	4981.03	21827	-0.641676
10:2144654:G:A	2144654	0.0579325	19058.3	4635.09	0.614025
10:2144706:G:A	2144706	0.330418	20233.8	3835.49	0.722256
10:2144714:TG:T	2144714	0.330575	20224.8	3835.83	0.722025
10:2144849:T:C	2144849	0.819644	5310.15	15840.9	-0.474673
10:2145398:T:A	2145398	0.302936	13795	6664.6	0.315947
10:2145446:T:C	2145446	0.43426	6865.55	9875.73	-0.157894
10:2145543:T:C	2145543	0.302936	13790.3	6715.71	0.312482
10:2145801:T:C	2145801	0.263585	17212.6	5675.01	0.48188
10:2145845:C:T	2145845	0.296377	14214.8	6674.89	0.328297
10:2146019:A:T	2146019	0.302155	13697.6	6779.3	0.30546
10:2146094:G:T	2146094	0.301374	13790.1	6768.38	0.309083
10:2146156:A:C	2146156	0.300437	13880	6755.5	0.312733
10:2146217:G:T	2146217	0.299969	13923.2	6751.84	0.314317
10:2146292:C:T	2146292	0.0916615	11664.9	4631.56	0.401152
10:2146344:G:A	2146344	0.292005	13533.6	6391.19	0.32583
10:2146496:T:C	2146496	0.290131	13851	6316.04	0.341038
10:2146512:G:T	2146512	0.283573	13684.2	5939.08	0.362501
10:2146538:G:C	2146538	0.290131	13259.5	6316.04	0.322083
10:2146582:G:T	2146582	0.290131	13259.5	6316.04	0.322083
10:2146622:A:G	2146622	0.290287	13228.7	6318.43	0.320909
10:2146637:G:A	2146637	0.290287	13228.7	6318.43	0.320909
10:2146664:C:T	2146664	0.0569956	21168.7	4349.05	0.687301
10:2146806:C:T	2146806	0.299188	12525.1	6527.27	0.283049
10:2146854:C:G	2146854	0.304497	12133.7	6698.63	0.258007
10:2146870:T:C	2146870	0.444566	5787.85	10326.8	-0.25145
10:2146943:C:A	2146943	0.304809	12118.5	6973.36	0.240007
10:2146961:T:C	2146961	0.304809	12118.5	6973.36	0.240007
10:2147065:T:C	2147065	0.127264	10726.5	5072.48	0.325238
10:2147097:A:T	2147097	0.104778	15478.2	4865.3	0.502611
10:2147136:A:G	2147136	0.130231	10935.1	5120.63	0.329501
10:2147143:C:T	2147143	0.105871	15155.4	4914.6	0.48908
10:2147311:C:T	2147311	0.195503	23526.4	4800.69	0.690252
10:2147391:T:C	2147391	0.126952	11564.3	5708.51	0.306598
10:2147777:G:A	2147777	0.236259	7952.84	7125.74	0.047692
10:2147832:A:C	2147832	0.881636	5416.56	31122.7	-0.759354
10:2148656:G:T	2148656	0.250625	19460.2	5317.92	0.563405
10:2148679:T:C	2148679	0.829482	6176.75	17706.1	-0.457362
10:2148745:A:C	2148745	0.829482	6176.75	17706.1	-0.457362
10:2148813:T:C	2148813	0.871487	5388.25	28010.1	-0.715866
10:2149033:T:C	2149033	0.12133	20902.9	5586.87	0.573039
10:2149589:T:C	2149589	0.292786	24401.8	5116.15	0.678478
10:2149788:A:T	2149788	0.880231	5881.32	31906.8	-0.734409
10:2149835:A:G	2149835	0.120706	21090.1	6060.75	0.541552
10:2150370:AGACTATTTC:A	2150370	0.826983	6991.85	18909.3	-0.432084
10:2151310:A:G	2151310	0.115084	23457.5	6786.92	0.538609
10:2152867:C:G	2152867	0.114616	23645.2	6784.3	0.542238
10:2153267:G:A	2153267	0.511243	10908.8	9383.96	0.0653903
10:2153284:C:A	2153284	0.0893192	25195.8	4951.3	0.706609
10:2153653:C:A	2153653	0.0643348	33272.3	4930.54	0.829189
10:2153670:AT:A	2153670	0.511399	10672.5	8755.32	0.0859955
10:2154242:G:A	2154242	0.881168	5441.52	32151.4	-0.77148
10:2154909:T:G	2154909	0.292786	24416.2	5755.88	0.627566
10:2155249:C:T	2155249	0.292786	24416.2	5755.88	0.627566
10:2155266:G:A	2155266	0.289819	16773.2	6161.4	0.434936
10:2156017:G:A	2156017	0.0562149	24908.7	5046.06	0.693399
10:2156971:T:C	2156971	0.451749	10916.4	7815.46	0.145125
10:2157187:T:A	2157187	0.292473	21629.4	5371.19	0.604973
10:2157281:C:T	2157281	0.761555	5671.73	14965.1	-0.421365
10:2157772:C:T	2157772	0.761555	5671.73	14965.1	-0.421365
10:2157874:T:C	2157874	0.309806	15604.7	5371.11	0.463191
10:2157910:A:G	2157910	0.309806	15604.7	5371.11	0.463191
10:2158025:G:A	2158025	0.254528	20035.9	4734.79	0.626507
10:2158044:G:T	2158044	0.74797	5752.69	13424.9	-0.36804
10:2158398:G:A	2158398	0.381324	13375.6	6447.78	0.316902
10:2158440:G:A	2158440	0.11321	16967.6	5373.9	0.499332
10:2159184:C:T	2159184	0.8807	5298.97	31987	-0.780782
10:2159269:T:G	2159269	0.151156	34677.1	4729.3	0.865246
10:2159628:A:G	2159628	0.151312	34607.7	4730.38	0.864277
10:2159901:A:G	2159901	0.880543	4735.69	31906.8	-0.828499
10:2159971:C:T	2159971	0.11524	23106.2	4602.36	0.700747
10:2160427:C:T	2160427	0.103685	19549.3	4431.24	0.644606
10:2160428:G:A	2160428	0.119613	20848.1	4631.18	0.653376
10:2160631:T:C	2160631	0.602904	6857.33	8357.98	-0.085946
10:2160850:A:G	2160850	0.151156	34677.7	4594.91	0.877773
10:2161396:CAT:C	2161396	0.115709	22807.7	4650.52	0.69058
10:2161418:G:T	2161418	0.240943	12734.9	5158.11	0.392506
10:2162099:A:G	2162099	0.150531	34699.8	4266.7	0.910234
10:2162101:A:T	2162101	0.304029	15764.4	4161.37	0.578442
10:2162127:C:T	2162127	0.600874	6559.79	8222.46	-0.0981116
10:2162400:T:G	2162400	0.11524	22842	4487.49	0.70673
10:2162520:A:G	2162520	0.878826	4704.6	31253.5	-0.822376
10:2163311:A:G	2163311	0.878201	4707.11	30947.6	-0.817872
10:2163510:T:C	2163510	0.150062	34831.9	4568.32	0.88222
10:2163664:G:C	2163664	0.063554	31966.5	4152.61	0.886374
10:2163754:G:A	2163754	0.257027	19579.6	4102.54	0.67875
10:2163817:G:A	2163817	0.0501249	23193.7	3743.27	0.792119
10:2164411:G:A	2164411	0.143348	37261.8	3892.68	0.981016
10:2164439:A:C	2164439	0.878826	3936.63	31253.5	-0.899774
10:2164473:G:A	2164473	0.137102	34666.7	3392.53	1.00939
10:2164519:T:TA	2164519	0.275141	13775.1	4036.99	0.533036
10:2164810:T:TA	2164810	0.412711	8038.24	5101.44	0.197468
10:2164997:G:A	2164997	0.115709	17608	3683.45	0.679457
10:2165487:G:T	2165487	0.302623	12971.7	3916.17	0.520136
10:2165530:A:T	2165530	0.423641	7346.77	5144.12	0.154785
10:2165816:C:T	2165816	0.727826	4971.74	8941.85	-0.254919
10:2166158:C:T	2166158	0.0621487	28679.1	3623.09	0.898487
10:2166325:T:C	2166325	0.728607	4967.05	8850.15	-0.250852
10:2166484:G:A	2166484	0.155215	32910.3	3550.09	0.967093
10:2167047:ATACT:A	2167047	0.664897	5822.25	6256.99	-0.0312748
10:2167158:GT:G	2167158	0.0643348	25011.9	3798.61	0.818522
10:2167170:G:GT	2167170	0.109619	19460.5	3991.03	0.688068
10:2167337:A:G	2167337	0.0608994	27371.2	3833.28	0.853724
10:2167930:T:C	2167930	0.0883823	40732.4	3743.34	1.03668
10:2167998:G:A	2167998	0.792005	4460.19	12959.7	-0.463241
10:2168021:A:C	2168021	0.109463	19446.4	3698.06	0.720865
10:2168038:G:A	2168038	0.789819	4548.43	12719	-0.446591
10:2168726:G:A	2168726	0.143973	36091.9	3609.27	0.99999
10:2168747:G:C	2168747	0.888663	3641.03	31357.4	-0.935116
10:2169063:C:T	2169063	0.245003	14375.8	4382.63	0.515898
10:2169162:T:C	2169162	0.113835	17559.5	3957.81	0.647057
10:2169843:A:G	2169843	0.628201	5058.8	7007.28	-0.141502
10:2170573:G:A	2170573	0.166302	26602.8	3431.75	0.889412
10:2171061:C:A	2171061	0.728295	3861.24	4307.36	-0.0474848
10:2171093:C:A	2171093	0.290912	3951.11	3521.54	0.0499857
10:2171105:T:C	2171105	0.201124	13838.7	2821.76	0.690576
10:2171106:T:A	2171106	0.205653	13286.9	2850.45	0.66851
10:2171266:T:C	2171266	0.224391	15564.4	3585.38	0.637597
10:2171587:C:T	2171587	0.751249	4108.16	16437.5	-0.60219
10:2172500:G:A	2172500	0.12867	26193.9	4354.37	0.779275
10:2172794:G:C	2172794	0.100562	34621.4	4227.39	0.913273
10:2172997:T:C	2172997	0.0538726	20509	4527.71	0.656066
10:2173318:T:G	2173318	0.0925984	20993.3	4993.86	0.623643
10:2173737:G:A	2173737	0.462523	9538.55	6445.11	0.170252
10:2174384:GA:G	2174384	0.123673	25820.6	5162.58	0.6991
10:2175653:C:T	2175653	0.221268	11662.8	6052.84	0.284844
10:2176027:C:T	2176027	0.289819	17341.3	4446.89	0.591026
10:2176045:C:CA	2176045	0.232042	10377.3	4984.22	0.318488
10:2176050:A:T	2176050	0.301218	16271	4510.63	0.557178
10:2176052:A:T	2176052	0.0694878	9496.37	3927.99	0.383388
10:2176222:GA:G	2176222	0.167864	15805.6	4548.21	0.54097
10:2176350:C:G	2176350	0.160369	20523.2	4497.29	0.659293
10:2176415:T:TA	2176415	0.756558	4425.04	18029.5	-0.610067
10:2176426:C:T	2176426	0.155684	21693.7	4765.95	0.658185
10:2176449:T:C	2176449	0.220331	14493.3	5298.7	0.436999
10:2177149:C:T	2177149	0.155215	21562.3	4917.31	0.641968
10:2177264:T:C	2177264	0.155684	21421.8	4922.32	0.638686
10:2177413:G:A	2177413	0.251405	11515.7	5582.69	0.314445
10:2177520:C:G	2177520	0.150687	22800.5	4805.49	0.676207
10:2177736:T:C	2177736	0.227514	14258.4	5357.34	0.425121
10:2177756:GAGTATCGCA:G	2177756	0.221268	14959	5277.82	0.452449
10:2178007:C:A	2178007	0.149438	23170.1	4786.68	0.684894
10:2178071:A:G	2178071	0.16396	19386.6	4913.71	0.596094
10:2178141:T:TA	2178141	0.237196	13131.7	5459.05	0.381203
10:2178311:A:G	2178311	0.679731	5413.59	10798.1	-0.299864
10:2178616:C:CT	2178616	0.433011	9715.59	5454.43	0.25072
10:2178630:T:TCTTC	2178630	0.233916	13439	5264.63	0.406997
10:2178762:C:CCCTCTCTT	2178762	0.158651	20066.7	4750.7	0.625718
10:2179010:CA:C	2179010	0.217208	15880.4	5253.98	0.480372
10:2179102:A:T	2179102	0.759838	5178.89	18485.1	-0.552586
10:2179746:TTA:T	2179746	0.401624	8304.62	7608	0.0380495
10:2180019:C:A	2180019	0.377733	9641.48	7520.57	0.107893
10:2180352:C:T	2180352	0.277483	13694.6	6459.54	0.326348
10:2180738:A:G	2180738	0.127264	31488	5545.3	0.75422
10:2181371:G:A	2181371	0.752811	6697.83	18010	-0.42958
10:2181819:T:C	2181819	0.752811	6697.83	18010	-0.42958
10:2182596:T:TA	2182596	0.689881	7380.77	12742.8	-0.237163
10:2183077:A:T	2183077	0.386165	12705.5	7270.69	0.242415
10:2183780:C:T	2183780	0.0858838	34168	5154.49	0.821434
10:2183870:G:T	2183870	0.286852	18366.3	6092.21	0.479246
10:2183888:G:A	2183888	0.286696	18374.5	6090.22	0.479582
10:2183933:G:A	2183933	0.190818	26811.1	5405.65	0.695466
10:2184511:A:T	2184511	0.128201	35424.6	5324.45	0.82303
10:2184666:A:C	2184666	0.777327	6027.75	19545.6	-0.510895
10:2185552:C:T	2185552	0.669113	7342.09	12446.9	-0.229242
10:2186102:G:A	2186102	0.381324	11363.2	7073.93	0.205841
10:2187012:G:A	2187012	0.391006	11486.6	6780.28	0.228944
10:2187775:C:G	2187775	0.741099	5736.52	17705.8	-0.489466
10:2188229:C:CGTAT	2188229	0.278888	10692.8	6212.45	0.235827
10:2188684:T:A	2188684	0.255465	18597.9	6752.02	0.440029
10:2189845:G:A	2189845	0.111805	23149.6	6172.87	0.574056
10:2190576:T:C	2190576	0.0827608	36925.7	5828.83	0.801747
10:2190608:A:ACTAT	2190608	0.298095	14804.6	7235.37	0.310936
10:2190670:T:C	2190670	0.740787	6891.22	17832.7	-0.41292
10:2191444:A:G	2191444	0.0640225	29087.6	5569.82	0.717867
10:2192026:G:C	2192026	0.666146	8233.4	12289	-0.173938
10:2193147:T:C	2193147	0.744847	6852.24	18088.8	-0.421577
10:2193249:A:G	2193249	0.135384	34105	5719.96	0.775425
10:2193315:T:A	2193315	0.27639	15564.7	7089.97	0.341496
10:2194493:C:T	2194493	0.192067	26678.1	6158.53	0.636678
10:2194573:T:C	2194573	0.283417	20079	5807.97	0.538719
10:2195594:T:C	2195594	0.106652	35762.8	5018.93	0.85282
10:2195746:C:A	2195746	0.187383	21596.8	5626.15	0.584179
10:2195771:G:GC	2195771	0.272486	20801.9	5648.84	0.566144
10:2196014:G:A	2196014	0.216427	21829.9	6426.71	0.531064
10:2196048:A:AAAAC	2196048	0.102124	29149.2	6832.64	0.630038
10:2196980:G:A	2196980	0.101655	29497.2	6829.16	0.635413
10:2198892:T:A	2198892	0.101499	29552.5	6827.67	0.636321
10:2199317:A:G	2199317	0.275921	13919.7	7534.27	0.266588
10:2199881:T:C	2199881	0.101655	29466.1	5685.57	0.714549
10:2199925:TAC:T	2199925	0.38757	12282.3	5326.64	0.362827
10:2199929:C:T	2199929	0.237352	18747.7	5079.48	0.567128
10:2200505:G:C	2200505	0.284354	15714.5	5674.3	0.442388
10:2200827:G:C	2200827	0.712055	5207.83	15297.7	-0.46797
10:2200897:A:G	2200897	0.101968	28687.6	4470.38	0.807349
10:2201137:T:TTATC	2201137	0.354466	5724.24	5396.67	0.0255918
10:2202122:G:T	2202122	0.101031	32451.4	4678.41	0.841135
10:2202224:T:A	2202224	0.317614	12173.7	5575.02	0.339175
10:2202252:G:A	2202252	0.191599	19880.6	5047.23	0.595376
10:2203194:C:CT	2203194	0.706277	5180.54	17690.2	-0.533359
10:2203568:G:GA	2203568	0.101499	32550.3	4625.12	0.847432
10:2203731:C:CA	2203731	0.558089	7272.59	8804.71	-0.0830259
10:2203746:C:A	2203746	0.100718	33690.9	4921.69	0.835398
10:2205050:C:CA	2205050	0.194097	11144.9	5304.18	0.322457
10:2205058:A:T	2205058	0.257027	14670	5740.19	0.407503
10:2205244:G:C	2205244	0.748907	4473.55	24586.6	-0.740046
10:2206034:A:G	2206034	0.748907	4474.68	24587.7	-0.739957
10:2206573:GTTT:G	2206573	0.253748	14770	5466.6	0.431664
10:2206811:C:T	2206811	0.756246	4329.32	25631.8	-0.772359
10:2206997:G:T	2206997	0.748907	4403.82	24924	-0.752788
10:2207034:T:C	2207034	0.0649594	29287.2	4633.62	0.800758
10:2207254:G:GA	2207254	0.108057	32169	5024.2	0.80637
10:2207497:C:T	2207497	0.0652717	29808.3	5102.52	0.766553
10:2207545:G:A	2207545	0.101187	35425.6	5092.23	0.842409
10:2207659:C:T	2207659	0.0804185	21145.8	5214.38	0.608021
10:2208113:C:T	2208113	0.0804185	21126.5	5216.72	0.60743
10:2208362:G:A	2208362	0.0802623	21147	5214.99	0.607996
10:2208393:C:G	2208393	0.0741724	24339.9	5150.5	0.674468
10:2208471:A:C	2208471	0.318082	14001.6	6658.18	0.322821
10:2208743:T:TAG	2208743	0.276546	14988.2	7051.5	0.327467
10:2208816:A:G	2208816	0.0804185	21328	6307.88	0.529066
10:2209012:GAGTA:G	2209012	0.0804185	21328	6307.88	0.529066
10:2210033:CAG:C	2210033	0.0804185	21328	6307.88	0.529066
10:2210133:G:A	2210133	0.0810431	21025.2	6312.49	0.52254
10:2210799:C:T	2210799	0.106652	32600.6	6262.69	0.716465
10:2211584:A:G	2211584	0.132886	21855.1	5932.06	0.566348
10:2211680:G:T	2211680	0.0741724	24339.9	5430.47	0.65148
10:2211779:GAT:G	2211779	0.0648032	30214.2	5330.03	0.753481
10:2212073:G:A	2212073	0.194878	12110.8	6542.93	0.2674
10:2212185:GA:G	2212185	0.140849	19121.5	5842.71	0.514908
10:2212306:C:T	2212306	0.268114	13910.6	6524.76	0.328782
10:2212908:A:G	2212908	0.10228	34086.4	5367.73	0.80279
10:2213585:T:C	2213585	0.738757	4469.39	23437.3	-0.719659
10:2213778:G:C	2213778	0.0740162	23871.3	4409.83	0.733455
10:2213937:AT:A	2213937	0.0646471	30276.1	4322.24	0.845391
10:2213969:T:C	2213969	0.193785	12281.4	5277.72	0.366802
10:2214045:A:G	2214045	0.270924	13624.2	5223.56	0.416343
10:2214205:C:T	2214205	0.104778	32733.2	4371.87	0.874321
10:2214258:C:A	2214258	0.193473	12842.4	5171.03	0.395068
10:2214537:C:T	2214537	0.221268	20696.5	4830.12	0.631939
10:2215092:C:T	2215092	0.752342	4515.05	25210.4	-0.746917
10:2215329:T:C	2215329	0.138507	25775.5	4983.7	0.713655
10:2216319:A:C	2216319	0.10228	34557.2	4936.19	0.845146
10:2216880:A:G	2216880	0.753592	4533.41	25421	-0.748767
10:2217129:C:A	2217129	0.425047	9207.85	6861.84	0.127718
10:2217134:G:A	2217134	0.199563	12454.2	5208.17	0.37863
10:2217240:T:C	2217240	0.209713	14259.3	5203.89	0.437769
10:2218003:G:GA	2218003	0.124141	8093.79	4719.95	0.234214
10:2218580:T:C	2218580	0.625234	5046.92	13233.7	-0.418655
10:2219377:C:T	2219377	0.18629	13670.5	5290.68	0.412272
10:2219795:G:C	2219795	0.215178	19969.8	5207.47	0.583747
10:2220011:C:CATATAT	2220011	0.182386	11883.1	5160.65	0.362225
10:2220022:A:ATATG	2220022	0.0652717	26076.7	4631.8	0.750504
10:2221726:A:ATG	2221726	0.0861961	5227.53	4687.61	0.0473453
10:2221941:G:A	2221941	0.206277	10292.7	5173.42	0.298752
10:2222161:A:C	2222161	0.753904	3523.65	22130.1	-0.797991
10:2222644:G:A	2222644	0.224079	15163.5	4025.55	0.575975
10:2223005:G:C	2223005	0.209557	10030.6	4375.54	0.360294
10:2223686:T:C	2223686	0.210337	9961.8	3907.18	0.406475
10:2223758:C:T	2223758	0.75203	3214.91	14845.2	-0.664417
10:2224089:CT:C	2224089	0.132573	19066.2	3083.88	0.791165
10:2224157:T:TC	2224157	0.753279	3119.39	14971.5	-0.681194
10:2224318:T:C	2224318	0.208932	9264.36	3882.81	0.377669
10:2224503:C:A	2224503	0.0713616	22629.8	2742.73	0.916498
10:2224582:GT:G	2224582	0.21143	15724.8	2867.19	0.739128
10:2224591:T:G	2224591	0.108682	26019	2873.01	0.956954
10:2224607:T:G	2224607	0.0969706	12933.4	3025.06	0.63098
10:2224899:T:A	2224898	0.111181	12247.7	3237.37	0.577863
10:2225120:G:A	2225120	0.152092	11715.4	2913.26	0.604379
10:2225239:C:T	2225239	0.656309	3718.1	5465.6	-0.167317
10:2225426:A:G	2225426	0.0580887	15158.9	2566.27	0.771365
10:2226051:C:A	2226051	0.260306	11798.8	2813.55	0.622583
10:2226162:G:T	2226162	0.375703	6706.38	3600.13	0.270169
10:2226370:T:G	2226370	0.374453	6751.27	3593.27	0.273895
10:2226419:C:CAA	2226419	0.37461	6894.36	3595.01	0.282795
10:2226825:G:A	2226825	0.37461	6898.19	3943.68	0.242833
10:2226926:C:G	2226926	0.0772954	13944.1	2366.25	0.770329
10:2227043:T:C	2227043	0.37461	7263.85	3942.99	0.265341
10:2227215:T:C	2227215	0.375078	7129.89	3946.68	0.256851
10:2227324:G:C	2227324	0.374141	7163.2	3939.56	0.259659
10:2227366:C:A	2227366	0.263898	12350.3	3141.72	0.594509
10:2227471:T:C	2227471	0.264522	12293.3	3143.95	0.592192
10:2227739:C:T	2227739	0.349469	6215.52	3588.34	0.238584
10:2227781:G:A	2227781	0.678014	3291.59	5562.73	-0.227883
10:2228254:A:T	2228254	0.382886	6903.93	3260.31	0.325837
10:2228310:T:C	2228310	0.55762	3956.85	5082.83	-0.108755
10:2228411:G:GT	2228411	0.819488	2747.97	12061.1	-0.642373
10:2228917:G:A	2228917	0.263273	12403.2	2766.76	0.651563
10:2229065:T:C	2229065	0.263429	12385.2	2684.07	0.664111
10:2229175:G:A	2229175	0.214397	9441.13	2547.53	0.568905
10:2229299:C:T	2229299	0.211118	9655.19	2535.84	0.580639
10:2229365:C:A	2229365	0.262336	12436.8	3252.17	0.582538
10:2229494:C:T	2229494	0.26218	12446.8	3392.89	0.564487
10:2229509:T:C	2229509	0.262336	12451.1	3395.04	0.564363
10:2230916:T:C	2230916	0.345721	8442.49	4501.76	0.273088
10:2232528:G:A	2232528	0.139444	13859.4	3426.25	0.606925
10:2232615:A:T	2232615	0.344472	8538.1	4468.44	0.281205
10:2232807:G:C	2232807	0.234385	13808.8	2384.01	0.762848
10:2232820:C:G	2232820	0.345721	8497.99	2622.37	0.510623
10:2232828:T:C	2232828	0.234385	13808.8	2696.53	0.709351
10:2232855:CTTTTTT:C	2232851	0.0593379	14382.8	2548.37	0.75158
10:2233650:T:G	2233650	0.0782324	11334.8	2593.85	0.640471
10:2233870:A:G	2233870	0.524516	4123.87	3589.48	0.0602736
10:2234401:C:T	2234401	0.227514	14449.9	2048.68	0.848389
10:2234404:T:C	2234404	0.0782324	11334.8	1944.51	0.765605
10:2234505:G:A	2234505	0.5292	2839.27	4815.86	-0.229468
10:2234575:A:G	2234575	0.0782324	11334.8	1993.45	0.754811
10:2234630:ATC:A	2234630	0.513273	3403.41	2868.35	0.0742824
10:2234642:CTA:C	2234642	0.367739	4457.19	2311.07	0.285249
10:2234865:T:C	2234865	0.234072	12489.5	2035.64	0.787843
10:2235041:T:C	2235041	0.227514	13363	2011.8	0.822319
10:2235386:A:AATCTATCT	2235385	0.288882	3186.26	2239.24	0.153181
10:2235402:A:ATCTG	2235402	0.228451	13170.2	1896.13	0.841723
10:2235580:C:T	2235580	0.797002	2128.27	8911.15	-0.621908
10:2235984:ATCTCTCTCT:A	2235984	0.143036	18127.1	1608.01	1.05204
10:2236025:TATAC:T	2236025	0.142255	17753.3	1583.61	1.04963
10:2236043:TATATATATA:T	2236043	0.0838538	10349	1577.58	0.816906
10:2236076:ATATATCTCT:A	2236076	0.250781	8158.94	1838.31	0.647214
10:2236138:ACT:A	2236138	0.75609	2182.32	6027.5	-0.441218
10:2236149:C:A	2236149	0.226577	7031.39	1839.43	0.582358
10:2236222:T:G	2236222	0.108838	8066.19	2274.14	0.549852
10:2236225:T:TAG	2236224	0.076827	10713.8	2520.17	0.628512
10:2236792:C:T	2236792	0.567458	5734.34	7819.43	-0.134691
10:2237480:CTTTT:C	2237480	0.0594941	6694.84	2772.05	0.382939
10:2238467:C:G	2238467	0.571518	7040.95	8362.06	-0.0746818
10:2238590:G:A	2238590	0.749844	5603.39	9333.52	-0.221594
10:2240895:A:G	2240895	0.745003	5614.53	9441.25	-0.225716
10:2250490:C:T	2250490	0.298251	8235.12	7980.95	0.0136149
